PRT1
116
261
4 0 5 (608 1568 64 ) (608 1440 64 ) (480 1440 64 ) (480 1568 64 ) 
4 1 62 (0 1632 -192 ) (0 1632 -320 ) (0 1600 -320 ) (0 1600 -192 ) 
4 1 5 (384 1600 -320 ) (384 1600 -64 ) (0 1600 -64 ) (0 1600 -320 ) 
4 1 2 (256 1600 -320 ) (0 1600 -320 ) (0 1632 -320 ) (256 1632 -320 ) 
4 2 62 (0 1632 -384 ) (0 1600 -384 ) (0 1600 -320 ) (0 1632 -320 ) 
4 2 5 (256 1600 -320 ) (0 1600 -320 ) (0 1600 -384 ) (256 1600 -384 ) 
4 3 4 (664 1496 64 ) (664 1496 -512 ) (768 1496 -448 ) (768 1496 64 ) 
4 3 5 (664 1600 64 ) (664 1600 -512 ) (664 1496 -512 ) (664 1496 64 ) 
4 4 8 (768 1496 -576 ) (768 1216 -576 ) (664 1216 -576 ) (664 1496 -576 ) 
4 4 6 (664 1216 -576 ) (768 1216 -576 ) (768 1216 -64 ) (664 1216 -64 ) 
4 4 5 (664 1496 -576 ) (664 1216 -576 ) (664 1216 64 ) (664 1496 64 ) 
4 5 74 (0 1600 -512 ) (0 1600 -576 ) (0 1216 -576 ) (0 1216 -512 ) 
4 5 68 (0 1472 -512 ) (0 1216 -512 ) (0 1216 -64 ) (0 1472 -64 ) 
4 5 67 (0 1600 -192 ) (0 1600 -512 ) (0 1472 -512 ) (0 1472 -192 ) 
4 5 66 (0 1600 -128 ) (0 1600 -192 ) (0 1472 -192 ) (0 1472 -128 ) 
4 5 65 (0 1600 -96 ) (0 1600 -128 ) (0 1472 -128 ) (0 1472 -96 ) 
4 5 64 (0 1600 -64 ) (0 1600 -96 ) (0 1472 -96 ) (0 1472 -64 ) 
4 5 60 (0 1216 64 ) (0 1280 64 ) (0 1280 -64 ) (0 1216 -64 ) 
4 5 58 (0 1280 64 ) (0 1408 64 ) (0 1408 -64 ) (0 1280 -64 ) 
4 5 57 (0 1408 64 ) (0 1600 64 ) (0 1600 -64 ) (0 1408 -64 ) 
4 5 12 (0 1216 -576 ) (0 1600 -576 ) (352 1600 -576 ) (352 1216 -576 ) 
4 5 9 (352 1600 -576 ) (664 1600 -576 ) (664 1216 -576 ) (352 1216 -576 ) 
4 5 6 (0 1216 -576 ) (664 1216 -576 ) (664 1216 -64 ) (0 1216 -64 ) 
4 6 74 (0 1216 -512 ) (0 1216 -576 ) (0 1088 -576 ) (0 1088 -512 ) 
4 6 68 (0 1216 -64 ) (0 1216 -512 ) (0 1088 -512 ) (0 1088 -64 ) 
4 6 12 (0 1088 -576 ) (0 1216 -576 ) (352 1216 -576 ) (352 1088 -576 ) 
4 6 8 (664 1216 -576 ) (768 1216 -576 ) (768 1088 -576 ) (664 1088 -576 ) 
4 6 9 (352 1216 -576 ) (664 1216 -576 ) (664 1088 -576 ) (352 1088 -576 ) 
4 6 7 (512 1088 -576 ) (768 1088 -576 ) (768 1088 -64 ) (512 1088 -64 ) 
4 7 46 (512 1024 -576 ) (768 1024 -576 ) (768 1024 -320 ) (512 1024 -320 ) 
4 7 19 (768 1024 -320 ) (768 1024 -64 ) (512 1024 -64 ) (512 1024 -320 ) 
4 7 10 (512 1088 -576 ) (768 1088 -576 ) (768 1024 -576 ) (512 1024 -576 ) 
4 8 10 (664 1088 -608 ) (768 1088 -608 ) (768 1088 -576 ) (664 1088 -576 ) 
4 8 9 (664 1496 -608 ) (664 1088 -608 ) (664 1088 -576 ) (664 1496 -576 ) 
4 9 14 (352 1088 -608 ) (352 1600 -608 ) (384 1600 -608 ) (384 1088 -608 ) 
4 9 12 (352 1600 -608 ) (352 1088 -608 ) (352 1088 -576 ) (352 1600 -576 ) 
4 9 10 (512 1088 -608 ) (664 1088 -608 ) (664 1088 -576 ) (512 1088 -576 ) 
4 10 46 (512 1024 -608 ) (768 1024 -608 ) (768 1024 -576 ) (512 1024 -576 ) 
4 11 63 (0 1600 -576 ) (0 1608 -576 ) (0 1608 -608 ) (0 1600 -608 ) 
4 11 12 (0 1600 -608 ) (352 1600 -608 ) (352 1600 -576 ) (0 1600 -576 ) 
4 12 74 (0 1088 -576 ) (0 1600 -576 ) (0 1600 -608 ) (0 1088 -608 ) 
4 12 14 (0 1088 -608 ) (0 1600 -608 ) (352 1600 -608 ) (352 1088 -608 ) 
4 12 13 (0 1088 -608 ) (352 1088 -608 ) (352 1088 -576 ) (0 1088 -576 ) 
4 13 75 (0 1080 -576 ) (0 1088 -576 ) (0 1088 -608 ) (0 1080 -608 ) 
4 14 74 (0 1088 -608 ) (0 1600 -608 ) (0 1600 -928 ) (0 1088 -928 ) 
4 14 16 (0 1088 -928 ) (0 1600 -928 ) (352 1600 -928 ) (352 1088 -928 ) 
4 14 15 (352 1600 -928 ) (384 1600 -928 ) (384 1088 -928 ) (352 1088 -928 ) 
4 15 16 (352 1600 -1072 ) (352 1088 -1072 ) (352 1088 -928 ) (352 1600 -928 ) 
4 16 76 (0 1088 -928 ) (0 1600 -928 ) (0 1600 -1072 ) (0 1088 -1072 ) 
4 17 20 (384 576 -64 ) (384 704 -64 ) (512 704 -64 ) (512 576 -64 ) 
4 18 25 (448 64 -64 ) (448 128 -64 ) (480 128 -64 ) (480 64 -64 ) 
4 18 24 (480 128 -64 ) (512 128 -64 ) (512 64 -64 ) (480 64 -64 ) 
4 19 46 (512 1024 -320 ) (768 1024 -320 ) (768 832 -320 ) (512 832 -320 ) 
4 19 21 (512 320 -128 ) (512 320 -320 ) (704 320 -320 ) (704 320 -128 ) 
4 19 20 (512 768 -320 ) (512 320 -320 ) (512 320 -64 ) (512 768 -64 ) 
4 20 35 (384 608 -320 ) (384 320 -320 ) (384 320 -64 ) (384 608 -64 ) 
4 20 32 (384 640 -320 ) (384 608 -320 ) (384 608 -224 ) (384 640 -224 ) 
4 20 31 (384 608 -224 ) (384 608 -192 ) (384 640 -192 ) (384 640 -224 ) 
4 20 30 (384 608 -192 ) (384 608 -64 ) (384 640 -64 ) (384 640 -192 ) 
4 20 28 (384 640 -318 ) (384 640 -64 ) (384 768 -64 ) (384 768 -318 ) 
4 20 21 (448 320 -128 ) (448 320 -320 ) (512 320 -320 ) (512 320 -128 ) 
4 21 22 (480 288 -320 ) (640 288 -320 ) (640 288 -128 ) (480 288 -128 ) 
4 22 23 (480 256 -64 ) (480 256 -320 ) (640 256 -320 ) (640 256 -64 ) 
4 23 25 (480 192 -320 ) (480 128 -320 ) (480 128 -64 ) (480 192 -64 ) 
4 23 24 (480 128 -64 ) (480 128 -320 ) (704 128 -320 ) (704 128 -64 ) 
4 24 106 (704 0 -64 ) (640 0 -64 ) (640 0 -320 ) (704 0 -320 ) 
4 24 107 (640 0 -64 ) (480 0 -64 ) (480 0 -320 ) (640 0 -320 ) 
4 24 25 (480 128 -320 ) (480 0 -320 ) (480 0 -64 ) (480 128 -64 ) 
4 25 107 (480 0 -64 ) (416 0 -64 ) (416 0 -320 ) (480 0 -320 ) 
4 25 26 (416 160 -320 ) (416 32 -320 ) (416 32 -64 ) (416 160 -64 ) 
4 26 47 (384 32 -320 ) (384 160 -320 ) (416 160 -320 ) (416 32 -320 ) 
4 27 92 (0 784 -320 ) (0 768 -320 ) (0 768 -262 ) (0 784 -262 ) 
4 27 87 (0 768 -262 ) (0 768 -204 ) (0 784 -204 ) (0 784 -262 ) 
4 27 78 (0 768 -204 ) (0 768 192 ) (0 784 192 ) (0 784 -204 ) 
4 27 48 (32 784 -320 ) (232 784 -320 ) (232 768 -320 ) (32 768 -320 ) 
4 27 52 (0 768 -320 ) (0 784 -320 ) (32 784 -320 ) (32 768 -320 ) 
4 27 29 (0 768 -320 ) (232 768 -320 ) (232 768 192 ) (0 768 192 ) 
4 28 32 (384 640 -318 ) (384 640 -224 ) (256 640 -224 ) (256 640 -318 ) 
4 28 31 (384 640 -224 ) (384 640 -192 ) (256 640 -192 ) (256 640 -224 ) 
4 28 30 (384 640 -192 ) (384 640 -64 ) (256 640 -64 ) (256 640 -192 ) 
4 29 92 (0 768 -262 ) (0 768 -320 ) (0 640 -320 ) (0 640 -262 ) 
4 29 87 (0 768 -204 ) (0 768 -262 ) (0 640 -262 ) (0 640 -204 ) 
4 29 78 (0 768 192 ) (0 768 -204 ) (0 640 -204 ) (0 640 192 ) 
4 29 48 (32 768 -320 ) (232 768 -320 ) (232 640 -320 ) (32 640 -320 ) 
4 29 52 (0 640 -320 ) (0 768 -320 ) (32 768 -320 ) (32 640 -320 ) 
4 29 33 (32 640 -320 ) (232 640 -320 ) (232 640 192 ) (32 640 192 ) 
4 29 34 (0 640 192 ) (0 640 -320 ) (32 640 -320 ) (32 640 192 ) 
4 30 35 (384 608 -192 ) (384 608 -64 ) (256 608 -64 ) (256 608 -192 ) 
4 30 31 (384 608 -192 ) (256 608 -192 ) (256 640 -192 ) (384 640 -192 ) 
4 31 35 (384 608 -224 ) (384 608 -192 ) (256 608 -192 ) (256 608 -224 ) 
4 31 32 (384 608 -224 ) (256 608 -224 ) (256 640 -224 ) (384 640 -224 ) 
4 32 35 (256 608 -320 ) (384 608 -320 ) (384 608 -224 ) (256 608 -224 ) 
5 33 48 (32 640 -320 ) (232 640 -320 ) (232 608 -320 ) (47.001312 608 -320 ) (32 632.002014 -320 ) 
4 33 39 (47.001305 608 -320 ) (232 608 -320 ) (232 608 192 ) (47.001312 608 192 ) 
4 33 34 (32 632.002014 192 ) (32 640 192 ) (32 640 -320 ) (32 632.002014 -320 ) 
4 34 92 (0 640 -262 ) (0 640 -320 ) (0 608 -320 ) (0 608 -262 ) 
4 34 87 (0 640 -204 ) (0 640 -262 ) (0 608 -262 ) (0 608 -204 ) 
4 34 78 (0 640 192 ) (0 640 -204 ) (0 608 -204 ) (0 608 192 ) 
4 34 52 (0 608 -320 ) (0 640 -320 ) (32 640 -320 ) (32 608 -320 ) 
4 34 41 (0 608 192 ) (0 608 -320 ) (32 608 -320 ) (32 608 192 ) 
4 35 36 (256 608 -192 ) (256 608 -320 ) (256 416 -320 ) (256 416 -192 ) 
4 36 37 (254 584 -204 ) (254 584 -320 ) (254 440 -320 ) (254 440 -204 ) 
4 37 38 (240 584 -320 ) (240 440 -320 ) (240 440 -204 ) (240 584 -204 ) 
4 38 43 (232 464 -320 ) (232 416 -320 ) (232 416 -192 ) (232 464 -192 ) 
4 38 42 (232 560 -320 ) (232 464 -320 ) (232 464 -192 ) (232 560 -192 ) 
4 38 39 (232 608 -192 ) (232 608 -320 ) (232 560 -320 ) (232 560 -192 ) 
4 39 48 (47.001305 608 -320 ) (232 608 -320 ) (232 560 -320 ) (77.001389 560 -320 ) 
4 39 42 (77.001389 560 -320 ) (232 560 -320 ) (232 560 192 ) (77.001389 560 192 ) 
4 39 40 (77 560 -320 ) (77 560 192 ) (51.997124 600.004639 192 ) (51.997124 600.004639 -320 ) 
3 40 49 (51.995922 600.008606 -320 ) (77.001389 560 -320 ) (63.998596 560 -320 ) 
4 40 42 (63.998596 560 -320 ) (77.001389 560 -320 ) (77.001389 560 192 ) (63.998596 560 192 ) 
4 41 92 (0 608 -262 ) (0 608 -320 ) (0 560 -320 ) (0 560 -262 ) 
4 41 87 (0 608 -204 ) (0 608 -262 ) (0 560 -262 ) (0 560 -204 ) 
4 41 78 (0 560 192 ) (0 608 192 ) (0 608 -204 ) (0 560 -204 ) 
4 41 52 (0 560 -320 ) (0 608 -320 ) (32 608 -320 ) (32 560 -320 ) 
4 41 45 (0 560 -320 ) (32 560 -320 ) (32 560 192 ) (0 560 192 ) 
4 42 51 (32 560 -320 ) (232 560 -320 ) (232 464 -320 ) (32 464 -320 ) 
4 42 43 (64 464 -320 ) (232 464 -320 ) (232 464 192 ) (64 464 192 ) 
4 42 45 (32 560 192 ) (32 560 -320 ) (32 464 -320 ) (32 464 192 ) 
5 43 53 (232 464 -320 ) (232 240 -320 ) (32 240 -320 ) (32 357.334625 -320 ) (64 464 -320 ) 
4 43 44 (52 424 -320 ) (32 357.332642 -320 ) (32 357.332642 192 ) (52 424 192 ) 
4 43 45 (32 357.334625 -320 ) (32 240 -320 ) (32 240 192 ) (32 357.334625 192 ) 
3 44 54 (32 357.334625 -320 ) (32 392 -320 ) (52 424 -320 ) 
4 44 45 (32 392 -320 ) (32 357.334625 -320 ) (32 357.334625 192 ) (32 392 192 ) 
4 45 92 (0 560 -262 ) (0 560 -320 ) (0 240 -320 ) (0 240 -262 ) 
4 45 87 (0 560 -204 ) (0 560 -262 ) (0 240 -262 ) (0 240 -204 ) 
4 45 78 (0 240 192 ) (0 560 192 ) (0 560 -204 ) (0 240 -204 ) 
4 45 56 (0 240 -320 ) (0 464 -320 ) (32 464 -320 ) (32 240 -320 ) 
4 45 52 (0 464 -320 ) (0 560 -320 ) (32 560 -320 ) (32 464 -320 ) 
4 48 49 (51.997124 600.004578 -388 ) (77 560 -388 ) (77 560 -320 ) (51.997124 600.004578 -320 ) 
5 48 50 (232 560 -388 ) (77.001389 560 -388 ) (32 632.002014 -388 ) (32 784 -388 ) (232 784 -388 ) 
4 48 52 (32 784 -320 ) (32 784 -388 ) (32 632.002014 -388 ) (32 632.002014 -320 ) 
4 48 51 (77.001389 560 -388 ) (232 560 -388 ) (232 560 -320 ) (77.001389 560 -320 ) 
4 49 51 (63.998596 560 -388 ) (77.001389 560 -388 ) (77.001389 560 -320 ) (63.998596 560 -320 ) 
3 49 50 (77.001389 560 -388 ) (63.998596 560 -388 ) (51.995911 600.008667 -388 ) 
4 50 51 (32 560 -388 ) (32 560 -576 ) (232 560 -576 ) (232 560 -388 ) 
4 50 52 (32 784 -388 ) (32 784 -576 ) (32 560 -576 ) (32 560 -388 ) 
4 51 53 (232 464 -388 ) (232 464 -320 ) (64 464 -320 ) (64 464 -388 ) 
4 51 55 (32 464 -576 ) (232 464 -576 ) (232 464 -388 ) (32 464 -388 ) 
4 51 52 (32 560 -576 ) (32 464 -576 ) (32 464 -320 ) (32 560 -320 ) 
4 52 101 (0 784 -370 ) (0 784 -576 ) (0 464 -576 ) (0 464 -370 ) 
4 52 92 (0 464 -320 ) (0 784 -320 ) (0 784 -370 ) (0 464 -370 ) 
4 52 56 (0 464 -576 ) (32 464 -576 ) (32 464 -320 ) (0 464 -320 ) 
4 53 54 (52 424 -388 ) (32 357.332031 -388 ) (32 357.332031 -320 ) (52 424 -320 ) 
5 53 55 (232 240 -388 ) (32 240 -388 ) (32 357.334625 -388 ) (64 464 -388 ) (232 464 -388 ) 
4 53 56 (32 357.334625 -388 ) (32 240 -388 ) (32 240 -320 ) (32 357.334625 -320 ) 
4 54 56 (32 392 -388 ) (32 357.334625 -388 ) (32 357.334625 -320 ) (32 392 -320 ) 
3 54 55 (32 357.334625 -388 ) (32 392 -388 ) (52 424 -388 ) 
4 55 56 (32 464 -388 ) (32 464 -576 ) (32 240 -576 ) (32 240 -388 ) 
4 56 101 (0 464 -370 ) (0 464 -576 ) (0 240 -576 ) (0 240 -370 ) 
4 56 92 (0 240 -320 ) (0 464 -320 ) (0 464 -370 ) (0 240 -370 ) 
4 57 68 (0 1472 -64 ) (0 1408 -64 ) (-96 1408 -64 ) (-96 1472 -64 ) 
4 57 64 (-96 1600 -64 ) (0 1600 -64 ) (0 1472 -64 ) (-96 1472 -64 ) 
4 57 58 (-96 1408 -64 ) (0 1408 -64 ) (0 1408 64 ) (-96 1408 64 ) 
4 58 68 (-96 1408 -64 ) (0 1408 -64 ) (0 1280 -64 ) (-96 1280 -64 ) 
4 58 60 (-96 1280 -64 ) (0 1280 -64 ) (0 1280 64 ) (-96 1280 64 ) 
4 59 70 (-256 1408 -64 ) (-128 1408 -64 ) (-128 1280 -64 ) (-256 1280 -64 ) 
4 60 68 (-96 1280 -64 ) (0 1280 -64 ) (0 1216 -64 ) (-96 1216 -64 ) 
4 61 70 (-176 1136 -64 ) (-272 1136 -64 ) (-272 1232 -64 ) (-176 1232 -64 ) 
4 62 67 (0 1600 -384 ) (0 1600 -192 ) (-192 1600 -192 ) (-192 1600 -384 ) 
4 63 74 (0 1600 -608 ) (0 1600 -576 ) (-160 1600 -576 ) (-160 1600 -608 ) 
4 64 68 (0 1472 -96 ) (0 1472 -64 ) (-96 1472 -64 ) (-96 1472 -96 ) 
4 64 65 (0 1472 -96 ) (-96 1472 -96 ) (-96 1600 -96 ) (0 1600 -96 ) 
4 65 69 (-96 1472 -96 ) (-128 1472 -96 ) (-128 1472 -128 ) (-96 1472 -128 ) 
4 65 68 (0 1472 -128 ) (0 1472 -96 ) (-96 1472 -96 ) (-96 1472 -128 ) 
4 65 66 (0 1472 -128 ) (-128 1472 -128 ) (-128 1600 -128 ) (0 1600 -128 ) 
4 66 69 (-96 1472 -128 ) (-192 1472 -128 ) (-192 1472 -192 ) (-96 1472 -192 ) 
4 66 68 (0 1472 -192 ) (0 1472 -128 ) (-96 1472 -128 ) (-96 1472 -192 ) 
4 66 67 (0 1472 -192 ) (-192 1472 -192 ) (-192 1600 -192 ) (0 1600 -192 ) 
4 67 74 (-192 1600 -512 ) (0 1600 -512 ) (0 1472 -512 ) (-192 1472 -512 ) 
4 67 69 (-320 1472 -512 ) (-96 1472 -512 ) (-96 1472 -192 ) (-320 1472 -192 ) 
4 67 68 (-96 1472 -512 ) (0 1472 -512 ) (0 1472 -192 ) (-96 1472 -192 ) 
4 68 74 (0 1088 -512 ) (-96 1088 -512 ) (-96 1472 -512 ) (0 1472 -512 ) 
4 68 71 (-96 1120 -512 ) (-96 1088 -512 ) (-96 1088 -64 ) (-96 1120 -64 ) 
4 68 70 (-96 1408 -512 ) (-96 1120 -512 ) (-96 1120 -64 ) (-96 1408 -64 ) 
4 68 69 (-96 1472 -96 ) (-96 1472 -512 ) (-96 1408 -512 ) (-96 1408 -96 ) 
4 69 74 (-192 1472 -512 ) (-96 1472 -512 ) (-96 1408 -512 ) (-192 1408 -512 ) 
4 69 70 (-320 1408 -512 ) (-96 1408 -512 ) (-96 1408 -96 ) (-320 1408 -96 ) 
4 70 74 (-192 1408 -512 ) (-96 1408 -512 ) (-96 1120 -512 ) (-192 1120 -512 ) 
4 70 72 (-224 1120 -504 ) (-224 1120 -64 ) (-288 1120 -64 ) (-288 1120 -504 ) 
4 70 71 (-224 1120 -512 ) (-96 1120 -512 ) (-96 1120 -64 ) (-224 1120 -64 ) 
4 70 73 (-320 1120 -512 ) (-288 1120 -512 ) (-288 1120 -64 ) (-320 1120 -64 ) 
4 71 74 (-96 1088 -512 ) (-192 1088 -512 ) (-192 1120 -512 ) (-96 1120 -512 ) 
4 71 72 (-224 1120 -64 ) (-224 1120 -504 ) (-224 1088 -504 ) (-224 1088 -64 ) 
4 72 73 (-288 1120 -64 ) (-288 1120 -504 ) (-288 1088 -504 ) (-288 1088 -64 ) 
4 74 77 (-192 1600 -928 ) (-160 1600 -928 ) (-160 1088 -928 ) (-192 1088 -928 ) 
4 74 76 (-160 1600 -928 ) (0 1600 -928 ) (0 1088 -928 ) (-160 1088 -928 ) 
4 74 75 (0 1088 -608 ) (0 1088 -576 ) (-160 1088 -576 ) (-160 1088 -608 ) 
4 76 77 (-160 1600 -1072 ) (-160 1088 -1072 ) (-160 1088 -928 ) (-160 1600 -928 ) 
4 78 87 (0 240 -204 ) (-176 240 -204 ) (-176 784 -204 ) (0 784 -204 ) 
4 78 84 (-176 240 -166 ) (-176 240 -134 ) (-176 280 -134 ) (-176 280 -166 ) 
4 78 83 (-176 240 -134 ) (-176 240 192 ) (-176 400 192 ) (-176 400 -134 ) 
4 78 85 (-176 400 -204 ) (-176 240 -204 ) (-176 240 -166 ) (-176 400 -166 ) 
4 78 82 (-176 624 -204 ) (-176 400 -204 ) (-176 400 192 ) (-176 624 192 ) 
4 78 80 (-176 744 -134 ) (-176 784 -134 ) (-176 784 -166 ) (-176 744 -166 ) 
4 78 79 (-176 624 -134 ) (-176 624 192 ) (-176 784 192 ) (-176 784 -134 ) 
4 78 81 (-176 784 -204 ) (-176 624 -204 ) (-176 624 -166 ) (-176 784 -166 ) 
4 79 86 (-368 624 -134 ) (-368 624 192 ) (-368 784 192 ) (-368 784 -134 ) 
4 79 82 (-368 624 192 ) (-368 624 -134 ) (-176 624 -134 ) (-176 624 192 ) 
4 79 80 (-368 744 -134 ) (-368 784 -134 ) (-176 784 -134 ) (-176 744 -134 ) 
4 80 86 (-368 744 -134 ) (-368 784 -134 ) (-368 784 -166 ) (-368 744 -166 ) 
4 80 81 (-368 744 -166 ) (-368 784 -166 ) (-176 784 -166 ) (-176 744 -166 ) 
4 81 88 (-308 784 -204 ) (-236 784 -204 ) (-236 624 -204 ) (-308 624 -204 ) 
4 81 87 (-236 784 -204 ) (-176 784 -204 ) (-176 624 -204 ) (-236 624 -204 ) 
4 81 90 (-368 624 -204 ) (-368 784 -204 ) (-308 784 -204 ) (-308 624 -204 ) 
4 81 86 (-368 784 -204 ) (-368 624 -204 ) (-368 624 -166 ) (-368 784 -166 ) 
4 81 82 (-368 624 -166 ) (-368 624 -204 ) (-176 624 -204 ) (-176 624 -166 ) 
4 82 88 (-308 624 -204 ) (-236 624 -204 ) (-236 400 -204 ) (-308 400 -204 ) 
4 82 87 (-236 624 -204 ) (-176 624 -204 ) (-176 400 -204 ) (-236 400 -204 ) 
4 82 90 (-368 400 -204 ) (-368 624 -204 ) (-308 624 -204 ) (-308 400 -204 ) 
4 82 86 (-368 624 -204 ) (-368 400 -204 ) (-368 400 192 ) (-368 624 192 ) 
4 82 83 (-368 400 192 ) (-368 400 -134 ) (-176 400 -134 ) (-176 400 192 ) 
4 82 85 (-368 400 -166 ) (-368 400 -204 ) (-176 400 -204 ) (-176 400 -166 ) 
4 83 86 (-368 240 -134 ) (-368 240 192 ) (-368 400 192 ) (-368 400 -134 ) 
4 83 84 (-368 240 -134 ) (-368 280 -134 ) (-176 280 -134 ) (-176 240 -134 ) 
4 84 86 (-368 240 -166 ) (-368 240 -134 ) (-368 280 -134 ) (-368 280 -166 ) 
4 84 85 (-368 240 -166 ) (-368 280 -166 ) (-176 280 -166 ) (-176 240 -166 ) 
4 85 88 (-236 240 -204 ) (-308 240 -204 ) (-308 400 -204 ) (-236 400 -204 ) 
4 85 87 (-176 240 -204 ) (-236 240 -204 ) (-236 400 -204 ) (-176 400 -204 ) 
4 85 90 (-308 240 -204 ) (-368 240 -204 ) (-368 400 -204 ) (-308 400 -204 ) 
4 85 86 (-368 400 -204 ) (-368 240 -204 ) (-368 240 -166 ) (-368 400 -166 ) 
4 86 90 (-368 240 -204 ) (-632 240 -204 ) (-632 784 -204 ) (-368 784 -204 ) 
4 87 92 (0 240 -262 ) (-236 240 -262 ) (-236 784 -262 ) (0 784 -262 ) 
4 87 89 (-236 712 -262 ) (-236 312 -262 ) (-236 312 -258 ) (-236 712 -258 ) 
4 87 88 (-236 784 -204 ) (-236 784 -258 ) (-236 240 -258 ) (-236 240 -204 ) 
4 88 89 (-308 312 -258 ) (-308 712 -258 ) (-236 712 -258 ) (-236 312 -258 ) 
4 88 90 (-308 784 -204 ) (-308 784 -258 ) (-308 240 -258 ) (-308 240 -204 ) 
4 89 94 (-308 312 -262 ) (-308 712 -262 ) (-236 712 -262 ) (-236 312 -262 ) 
4 89 90 (-308 712 -262 ) (-308 312 -262 ) (-308 312 -258 ) (-308 712 -258 ) 
4 90 99 (-308 240 -262 ) (-632 240 -262 ) (-632 256 -262 ) (-308 256 -262 ) 
4 90 97 (-632 256 -262 ) (-632 432 -262 ) (-308 432 -262 ) (-308 256 -262 ) 
4 90 96 (-632 432 -262 ) (-632 784 -262 ) (-308 784 -262 ) (-308 432 -262 ) 
4 91 98 (-776 432 -262 ) (-680 432 -262 ) (-680 256 -262 ) (-776 256 -262 ) 
4 92 101 (0 784 -370 ) (0 240 -370 ) (-236 240 -370 ) (-236 784 -370 ) 
4 92 94 (-236 712 -370 ) (-236 312 -370 ) (-236 312 -262 ) (-236 712 -262 ) 
4 94 102 (-308 312 -370 ) (-308 712 -370 ) (-236 712 -370 ) (-236 312 -370 ) 
4 94 100 (-308 712 -370 ) (-308 312 -370 ) (-308 312 -300 ) (-308 712 -300 ) 
4 94 97 (-308 312 -300 ) (-308 312 -262 ) (-308 432 -262 ) (-308 432 -300 ) 
4 94 96 (-308 432 -262 ) (-308 712 -262 ) (-308 712 -300 ) (-308 432 -300 ) 
4 96 100 (-308 784 -300 ) (-308 432 -300 ) (-632 432 -300 ) (-632 784 -300 ) 
4 96 97 (-632 432 -300 ) (-308 432 -300 ) (-308 432 -262 ) (-632 432 -262 ) 
4 97 100 (-308 432 -300 ) (-308 256 -300 ) (-632 256 -300 ) (-632 432 -300 ) 
4 97 99 (-632 256 -300 ) (-308 256 -300 ) (-308 256 -262 ) (-632 256 -262 ) 
4 99 100 (-308 256 -300 ) (-308 240 -300 ) (-632 240 -300 ) (-632 256 -300 ) 
4 100 104 (-308 784 -370 ) (-308 240 -370 ) (-632 240 -370 ) (-632 784 -370 ) 
4 101 102 (-236 312 -370 ) (-236 712 -370 ) (-236 712 -374 ) (-236 312 -374 ) 
4 101 103 (-236 784 -576 ) (-236 240 -576 ) (-236 240 -374 ) (-236 784 -374 ) 
4 102 104 (-308 712 -374 ) (-308 312 -374 ) (-308 312 -370 ) (-308 712 -370 ) 
4 102 103 (-308 312 -374 ) (-308 712 -374 ) (-236 712 -374 ) (-236 312 -374 ) 
4 103 104 (-308 784 -374 ) (-308 784 -576 ) (-308 240 -576 ) (-308 240 -374 ) 
4 105 107 (512 -64 -64 ) (512 -128 -64 ) (448 -128 -64 ) (448 -64 -64 ) 
4 106 107 (640 0 -320 ) (640 -160 -320 ) (640 -160 -64 ) (640 0 -64 ) 
4 107 110 (640 -160 -320 ) (640 -192 -320 ) (416 -192 -320 ) (416 -160 -320 ) 
4 107 108 (416 -32 -320 ) (416 -192 -320 ) (416 -192 -64 ) (416 -32 -64 ) 
4 108 110 (416 -160 -320 ) (416 -192 -320 ) (384 -192 -320 ) (384 -160 -320 ) 
4 108 109 (416 -32 -320 ) (416 -160 -320 ) (384 -160 -320 ) (384 -32 -320 ) 
4 109 110 (416 -160 -328 ) (416 -160 -320 ) (384 -160 -320 ) (384 -160 -328 ) 
4 111 113 (-928 -2048 0 ) (-928 -2048 128 ) (-1024 -2048 128 ) (-1024 -2048 0 ) 
4 111 112 (-1024 -2048 0 ) (-1024 -2048 128 ) (-1024 -1888 128 ) (-1024 -1888 0 ) 
4 112 114 (-1024 -2048 0 ) (-1024 -2048 128 ) (-1248 -2048 128 ) (-1248 -2048 0 ) 
4 113 114 (-1024 -2048 128 ) (-1024 -2048 0 ) (-1024 -2144 0 ) (-1024 -2144 128 ) 
