PRT1
179
484
4 0 20 (1304 0 -128 ) (1040 0 -128 ) (1040 0 -524 ) (1304 0 -524 ) 
4 0 5 (1304 0 -524 ) (1040 0 -524 ) (1040 48 -524 ) (1304 48 -524 ) 
4 0 2 (1040 0 -454 ) (1040 0 -128 ) (1040 8 -128 ) (1040 8 -454 ) 
4 0 3 (1040 8 -524 ) (1040 0 -524 ) (1040 0 -486 ) (1040 8 -486 ) 
4 0 1 (1040 48 -128 ) (1040 48 -524 ) (1040 8 -524 ) (1040 8 -128 ) 
4 1 9 (1024 48 -486 ) (1024 48 -524 ) (1024 8 -524 ) (1024 8 -486 ) 
4 1 6 (1024 8 -128 ) (1024 48 -128 ) (1024 48 -486 ) (1024 8 -486 ) 
4 1 5 (1024 8 -524 ) (1024 48 -524 ) (1040 48 -524 ) (1040 8 -524 ) 
4 1 2 (1040 8 -454 ) (1040 8 -128 ) (1024 8 -128 ) (1024 8 -454 ) 
4 1 3 (1024 8 -524 ) (1040 8 -524 ) (1040 8 -486 ) (1024 8 -486 ) 
4 2 21 (1040 0 -128 ) (1024 0 -128 ) (1024 0 -454 ) (1040 0 -454 ) 
4 2 7 (1024 0 -454 ) (1024 0 -128 ) (1024 8 -128 ) (1024 8 -454 ) 
4 3 22 (1024 0 -486 ) (1024 0 -524 ) (1040 0 -524 ) (1040 0 -486 ) 
4 3 9 (1024 0 -524 ) (1024 0 -486 ) (1024 8 -486 ) (1024 8 -524 ) 
4 3 5 (1040 0 -524 ) (1024 0 -524 ) (1024 8 -524 ) (1040 8 -524 ) 
4 4 19 (1448 0 -524 ) (1352 0 -524 ) (1352 0 -620 ) (1448 0 -620 ) 
4 5 22 (1040 0 -524 ) (1024 0 -524 ) (1024 0 -896 ) (1040 0 -896 ) 
4 5 20 (1304 0 -896 ) (1304 0 -524 ) (1040 0 -524 ) (1040 0 -896 ) 
4 5 17 (1024 0 -896 ) (1024 0 -694 ) (1024 48 -694 ) (1024 48 -896 ) 
4 5 15 (1024 0 -694 ) (1024 0 -690 ) (1024 48 -690 ) (1024 48 -694 ) 
4 5 12 (1024 0 -690 ) (1024 0 -582 ) (1024 48 -582 ) (1024 48 -690 ) 
4 5 9 (1024 0 -582 ) (1024 0 -524 ) (1024 48 -524 ) (1024 48 -582 ) 
4 6 10 (908 48 -486 ) (980 48 -486 ) (980 8 -486 ) (908 8 -486 ) 
4 6 9 (980 48 -486 ) (1024 48 -486 ) (1024 8 -486 ) (980 8 -486 ) 
4 6 11 (848 8 -486 ) (848 48 -486 ) (908 48 -486 ) (908 8 -486 ) 
4 6 7 (848 8 -128 ) (848 8 -454 ) (1024 8 -454 ) (1024 8 -128 ) 
4 6 8 (848 48 -486 ) (848 8 -486 ) (848 8 -128 ) (848 48 -128 ) 
4 7 27 (1024 0 -454 ) (1024 0 -128 ) (848 0 -128 ) (848 0 -454 ) 
4 7 8 (848 0 -454 ) (848 0 -128 ) (848 8 -128 ) (848 8 -454 ) 
4 8 40 (640 0 -128 ) (440 0 -128 ) (440 0 -486 ) (640 0 -486 ) 
4 8 39 (848 0 -128 ) (640 0 -128 ) (640 0 -486 ) (848 0 -486 ) 
4 8 11 (848 0 -486 ) (440 0 -486 ) (440 48 -486 ) (848 48 -486 ) 
4 9 29 (1024 0 -582 ) (1024 0 -486 ) (980 0 -486 ) (980 0 -582 ) 
4 9 12 (1024 0 -582 ) (980 0 -582 ) (980 48 -582 ) (1024 48 -582 ) 
4 9 10 (980 0 -578 ) (980 0 -486 ) (980 48 -486 ) (980 48 -578 ) 
4 10 30 (980 0 -486 ) (908 0 -486 ) (908 0 -578 ) (980 0 -578 ) 
4 10 11 (908 0 -578 ) (908 0 -486 ) (908 48 -486 ) (908 48 -578 ) 
4 11 40 (640 0 -486 ) (440 0 -486 ) (440 0 -582 ) (640 0 -582 ) 
4 11 39 (848 0 -486 ) (640 0 -486 ) (640 0 -582 ) (848 0 -582 ) 
4 11 31 (908 0 -486 ) (848 0 -486 ) (848 0 -582 ) (908 0 -582 ) 
4 11 14 (908 0 -582 ) (440 0 -582 ) (440 48 -582 ) (908 48 -582 ) 
4 12 33 (1024 0 -690 ) (1024 0 -582 ) (980 0 -582 ) (980 0 -690 ) 
4 12 15 (980 48 -690 ) (1024 48 -690 ) (1024 0 -690 ) (980 0 -690 ) 
4 13 34 (976 0 -582 ) (912 0 -582 ) (912 0 -690 ) (976 0 -690 ) 
4 14 40 (640 0 -582 ) (440 0 -582 ) (440 0 -690 ) (640 0 -690 ) 
4 14 39 (848 0 -582 ) (640 0 -582 ) (640 0 -690 ) (848 0 -690 ) 
4 14 35 (908 0 -582 ) (848 0 -582 ) (848 0 -690 ) (908 0 -690 ) 
4 14 16 (440 0 -690 ) (440 48 -690 ) (908 48 -690 ) (908 0 -690 ) 
4 15 42 (1024 0 -694 ) (1024 0 -690 ) (980 0 -690 ) (980 0 -694 ) 
4 15 17 (1024 0 -694 ) (980 0 -694 ) (980 48 -694 ) (1024 48 -694 ) 
4 16 46 (640 0 -690 ) (440 0 -690 ) (440 0 -694 ) (640 0 -694 ) 
4 16 45 (908 0 -690 ) (640 0 -690 ) (640 0 -694 ) (908 0 -694 ) 
4 16 17 (908 0 -694 ) (440 0 -694 ) (440 48 -694 ) (908 48 -694 ) 
4 17 48 (1024 0 -896 ) (1024 0 -708 ) (440 0 -708 ) (440 0 -896 ) 
4 17 46 (640 0 -694 ) (440 0 -694 ) (440 0 -708 ) (640 0 -708 ) 
4 17 45 (908 0 -694 ) (640 0 -694 ) (640 0 -708 ) (908 0 -708 ) 
4 17 43 (980 0 -694 ) (908 0 -694 ) (908 0 -708 ) (980 0 -708 ) 
4 17 42 (1024 0 -708 ) (1024 0 -694 ) (980 0 -694 ) (980 0 -708 ) 
4 18 86 (0 608 -1024 ) (0 608 -768 ) (0 680 -768 ) (0 680 -1024 ) 
4 18 80 (0 608 -768 ) (0 608 -256 ) (0 610 -256 ) (0 610 -768 ) 
4 18 79 (0 608 -256 ) (0 608 -128 ) (0 610 -128 ) (0 610 -256 ) 
4 18 78 (0 608 -128 ) (0 608 0 ) (0 610 0 ) (0 610 -128 ) 
4 18 77 (0 610 0 ) (0 680 0 ) (0 680 -768 ) (0 610 -768 ) 
4 20 25 (1040 -456 -486 ) (1040 -496 -486 ) (1040 -496 -454 ) (1040 -456 -454 ) 
4 20 24 (1040 -496 -128 ) (1040 -336 -128 ) (1040 -336 -454 ) (1040 -496 -454 ) 
4 20 26 (1040 -336 -486 ) (1040 -336 -896 ) (1040 -496 -896 ) (1040 -496 -486 ) 
4 20 21 (1040 -112 -128 ) (1040 0 -128 ) (1040 0 -454 ) (1040 -112 -454 ) 
4 20 22 (1040 0 -486 ) (1040 0 -896 ) (1040 -112 -896 ) (1040 -112 -486 ) 
4 20 23 (1040 -336 -128 ) (1040 -112 -128 ) (1040 -112 -896 ) (1040 -336 -896 ) 
4 21 27 (1024 0 -128 ) (1024 0 -454 ) (1024 -112 -454 ) (1024 -112 -128 ) 
4 21 23 (1040 -112 -454 ) (1040 -112 -128 ) (1024 -112 -128 ) (1024 -112 -454 ) 
4 22 48 (1024 0 -708 ) (1024 0 -896 ) (1024 -112 -896 ) (1024 -112 -708 ) 
4 22 42 (1024 0 -690 ) (1024 0 -708 ) (1024 -24 -708 ) (1024 -24 -690 ) 
4 22 44 (1024 -24 -708 ) (1024 -112 -708 ) (1024 -112 -690 ) (1024 -24 -690 ) 
4 22 36 (1024 -20 -690 ) (1024 -24 -690 ) (1024 -24 -582 ) (1024 -20 -582 ) 
4 22 38 (1024 -24 -690 ) (1024 -112 -690 ) (1024 -112 -582 ) (1024 -24 -582 ) 
4 22 33 (1024 0 -582 ) (1024 0 -690 ) (1024 -20 -690 ) (1024 -20 -582 ) 
4 22 29 (1024 0 -486 ) (1024 0 -582 ) (1024 -24 -582 ) (1024 -24 -486 ) 
4 22 32 (1024 -24 -582 ) (1024 -112 -582 ) (1024 -112 -486 ) (1024 -24 -486 ) 
4 22 23 (1024 -112 -896 ) (1040 -112 -896 ) (1040 -112 -486 ) (1024 -112 -486 ) 
4 23 70 (1024 -176 -896 ) (1024 -336 -896 ) (1024 -336 -708 ) (1024 -176 -708 ) 
4 23 62 (1024 -336 -708 ) (1024 -336 -690 ) (1024 -176 -690 ) (1024 -176 -708 ) 
4 23 56 (1024 -336 -690 ) (1024 -336 -582 ) (1024 -176 -582 ) (1024 -176 -690 ) 
4 23 52 (1024 -336 -582 ) (1024 -336 -486 ) (1024 -176 -486 ) (1024 -176 -582 ) 
4 23 49 (1024 -336 -486 ) (1024 -336 -128 ) (1024 -176 -128 ) (1024 -176 -486 ) 
4 23 48 (1024 -112 -896 ) (1024 -176 -896 ) (1024 -176 -708 ) (1024 -112 -708 ) 
4 23 44 (1024 -176 -708 ) (1024 -176 -690 ) (1024 -112 -690 ) (1024 -112 -708 ) 
4 23 38 (1024 -176 -690 ) (1024 -176 -582 ) (1024 -112 -582 ) (1024 -112 -690 ) 
4 23 32 (1024 -176 -582 ) (1024 -176 -486 ) (1024 -112 -486 ) (1024 -112 -582 ) 
4 23 28 (1024 -176 -486 ) (1024 -176 -128 ) (1024 -112 -128 ) (1024 -112 -486 ) 
4 23 24 (1040 -336 -454 ) (1040 -336 -128 ) (1024 -336 -128 ) (1024 -336 -454 ) 
4 23 26 (1024 -336 -896 ) (1040 -336 -896 ) (1040 -336 -486 ) (1024 -336 -486 ) 
4 24 50 (1024 -496 -454 ) (1024 -496 -128 ) (1024 -336 -128 ) (1024 -336 -454 ) 
4 24 25 (1040 -496 -454 ) (1024 -496 -454 ) (1024 -456 -454 ) (1040 -456 -454 ) 
4 25 51 (1024 -496 -486 ) (1024 -496 -454 ) (1024 -456 -454 ) (1024 -456 -486 ) 
4 25 26 (1040 -496 -486 ) (1024 -496 -486 ) (1024 -456 -486 ) (1040 -456 -486 ) 
4 26 70 (1024 -336 -896 ) (1024 -496 -896 ) (1024 -496 -708 ) (1024 -336 -708 ) 
4 26 63 (1024 -496 -708 ) (1024 -496 -690 ) (1024 -424 -690 ) (1024 -424 -708 ) 
4 26 62 (1024 -424 -690 ) (1024 -336 -690 ) (1024 -336 -708 ) (1024 -424 -708 ) 
4 26 59 (1024 -496 -690 ) (1024 -496 -582 ) (1024 -428 -582 ) (1024 -428 -690 ) 
4 26 57 (1024 -428 -582 ) (1024 -424 -582 ) (1024 -424 -690 ) (1024 -428 -690 ) 
4 26 56 (1024 -424 -582 ) (1024 -336 -582 ) (1024 -336 -690 ) (1024 -424 -690 ) 
4 26 53 (1024 -496 -582 ) (1024 -496 -486 ) (1024 -424 -486 ) (1024 -424 -582 ) 
4 26 52 (1024 -424 -486 ) (1024 -336 -486 ) (1024 -336 -582 ) (1024 -424 -582 ) 
4 27 39 (848 -112 -128 ) (848 0 -128 ) (848 0 -454 ) (848 -112 -454 ) 
4 27 28 (848 -112 -128 ) (848 -112 -454 ) (1024 -112 -454 ) (1024 -112 -128 ) 
4 28 49 (1024 -176 -486 ) (1024 -176 -128 ) (848 -176 -128 ) (848 -176 -486 ) 
4 28 39 (848 -176 -486 ) (848 -176 -128 ) (848 -112 -128 ) (848 -112 -486 ) 
4 28 32 (1024 -176 -486 ) (848 -176 -486 ) (848 -112 -486 ) (1024 -112 -486 ) 
4 29 36 (1024 -20 -582 ) (1024 -24 -582 ) (980 -24 -582 ) (980 -20 -582 ) 
4 29 33 (980 0 -582 ) (1024 0 -582 ) (1024 -20 -582 ) (980 -20 -582 ) 
4 29 30 (980 -24 -578 ) (980 -24 -486 ) (980 0 -486 ) (980 0 -578 ) 
4 29 32 (980 -24 -582 ) (1024 -24 -582 ) (1024 -24 -486 ) (980 -24 -486 ) 
4 30 32 (980 -24 -578 ) (980 -24 -486 ) (908 -24 -486 ) (908 -24 -578 ) 
4 30 31 (908 -24 -578 ) (908 -24 -486 ) (908 0 -486 ) (908 0 -578 ) 
4 31 39 (848 -24 -486 ) (848 0 -486 ) (848 0 -582 ) (848 -24 -582 ) 
4 31 37 (848 -24 -582 ) (848 -20 -582 ) (908 -20 -582 ) (908 -24 -582 ) 
4 31 35 (848 -20 -582 ) (848 0 -582 ) (908 0 -582 ) (908 -20 -582 ) 
4 31 32 (848 -24 -582 ) (908 -24 -582 ) (908 -24 -486 ) (848 -24 -486 ) 
4 32 52 (1024 -176 -582 ) (1024 -176 -486 ) (848 -176 -486 ) (848 -176 -582 ) 
4 32 39 (848 -176 -582 ) (848 -176 -486 ) (848 -24 -486 ) (848 -24 -582 ) 
4 32 38 (1024 -176 -582 ) (848 -176 -582 ) (848 -24 -582 ) (1024 -24 -582 ) 
4 33 42 (980 0 -690 ) (1024 0 -690 ) (1024 -20 -690 ) (980 -20 -690 ) 
4 33 36 (1024 -20 -582 ) (980 -20 -582 ) (980 -20 -690 ) (1024 -20 -690 ) 
4 35 45 (848 -20 -690 ) (848 0 -690 ) (908 0 -690 ) (908 -20 -690 ) 
4 35 39 (848 0 -690 ) (848 -20 -690 ) (848 -20 -582 ) (848 0 -582 ) 
4 35 37 (908 -20 -582 ) (848 -20 -582 ) (848 -20 -690 ) (908 -20 -690 ) 
4 36 42 (980 -20 -690 ) (1024 -20 -690 ) (1024 -24 -690 ) (980 -24 -690 ) 
4 36 38 (1024 -24 -582 ) (980 -24 -582 ) (980 -24 -690 ) (1024 -24 -690 ) 
4 37 45 (848 -24 -690 ) (848 -20 -690 ) (908 -20 -690 ) (908 -24 -690 ) 
4 37 39 (848 -20 -690 ) (848 -24 -690 ) (848 -24 -582 ) (848 -20 -582 ) 
4 37 38 (908 -24 -582 ) (848 -24 -582 ) (848 -24 -690 ) (908 -24 -690 ) 
4 38 56 (1024 -176 -690 ) (1024 -176 -582 ) (848 -176 -582 ) (848 -176 -690 ) 
4 38 45 (908 -176 -690 ) (848 -176 -690 ) (848 -24 -690 ) (908 -24 -690 ) 
4 38 44 (1024 -176 -690 ) (908 -176 -690 ) (908 -24 -690 ) (1024 -24 -690 ) 
4 38 39 (848 -24 -690 ) (848 -176 -690 ) (848 -176 -582 ) (848 -24 -582 ) 
4 39 66 (848 -176 -128 ) (640 -176 -128 ) (640 -176 -690 ) (848 -176 -690 ) 
4 39 45 (848 -176 -690 ) (640 -176 -690 ) (640 0 -690 ) (848 0 -690 ) 
4 39 40 (640 0 -690 ) (640 -104.003952 -690 ) (640 -104.003944 -128 ) (640 0 -128 ) 
4 40 71 (440 -128 -640 ) (440 -176 -640 ) (440 -176 -512 ) (440 -128 -512 ) 
4 40 67 (595.002136 -176 -128 ) (440 -176 -128 ) (440 -176 -690 ) (595.002136 -176 -690 ) 
5 40 46 (595.002136 -176 -690 ) (440 -176 -690 ) (440 0 -690 ) (640 0 -690 ) (640 -104.003952 -690 ) 
4 40 41 (595 -176 -128 ) (595 -176 -690 ) (620 -136.001160 -690 ) (620 -136.001160 -128 ) 
4 41 67 (608 -176 -128 ) (595.002136 -176 -128 ) (595.002136 -176 -690 ) (608 -176 -690 ) 
3 41 47 (608 -176 -690 ) (595.002136 -176 -690 ) (619.997192 -136.008194 -690 ) 
4 42 48 (980 0 -708 ) (1024 0 -708 ) (1024 -24 -708 ) (980 -24 -708 ) 
4 42 43 (980 0 -708 ) (980 -24 -708 ) (980 -24 -694 ) (980 0 -694 ) 
4 42 44 (980 -24 -708 ) (1024 -24 -708 ) (1024 -24 -690 ) (980 -24 -690 ) 
4 43 48 (908 -24 -708 ) (908 0 -708 ) (980 0 -708 ) (980 -24 -708 ) 
4 43 45 (908 0 -708 ) (908 -24 -708 ) (908 -24 -694 ) (908 0 -694 ) 
4 43 44 (908 -24 -694 ) (908 -24 -708 ) (980 -24 -708 ) (980 -24 -694 ) 
4 44 62 (1024 -176 -708 ) (1024 -176 -690 ) (908 -176 -690 ) (908 -176 -708 ) 
4 44 48 (1024 -176 -708 ) (908 -176 -708 ) (908 -24 -708 ) (1024 -24 -708 ) 
4 44 45 (908 -24 -708 ) (908 -176 -708 ) (908 -176 -690 ) (908 -24 -690 ) 
4 45 66 (848 -176 -690 ) (640 -176 -690 ) (640 -176 -708 ) (848 -176 -708 ) 
4 45 62 (908 -176 -690 ) (848 -176 -690 ) (848 -176 -708 ) (908 -176 -708 ) 
4 45 48 (908 -176 -708 ) (640 -176 -708 ) (640 0 -708 ) (908 0 -708 ) 
4 45 46 (640 0 -708 ) (640 -104.003952 -708 ) (640 -104.003944 -690 ) (640 0 -690 ) 
4 46 67 (595.002136 -176 -690 ) (440 -176 -690 ) (440 -176 -708 ) (595.002136 -176 -708 ) 
5 46 48 (595.002136 -176 -708 ) (440 -176 -708 ) (440 0 -708 ) (640 0 -708 ) (640 -104.003952 -708 ) 
4 46 47 (595 -176 -708 ) (620 -136.001160 -708 ) (620 -136 -690 ) (595 -176 -690 ) 
4 47 67 (608 -176 -690 ) (595.002136 -176 -690 ) (595.002136 -176 -708 ) (608 -176 -708 ) 
3 47 48 (608 -176 -708 ) (595.002136 -176 -708 ) (619.997192 -136.008194 -708 ) 
4 48 70 (1024 -176 -896 ) (1024 -176 -708 ) (440 -176 -708 ) (440 -176 -896 ) 
4 49 66 (848 -176 -128 ) (848 -176 -486 ) (848 -336 -486 ) (848 -336 -128 ) 
4 49 52 (848 -336 -486 ) (848 -176 -486 ) (1024 -176 -486 ) (1024 -336 -486 ) 
4 49 50 (848 -336 -128 ) (848 -336 -454 ) (1024 -336 -454 ) (1024 -336 -128 ) 
4 50 66 (848 -496 -454 ) (848 -496 -128 ) (848 -336 -128 ) (848 -336 -454 ) 
4 50 51 (1024 -496 -454 ) (848 -496 -454 ) (848 -456 -454 ) (1024 -456 -454 ) 
4 51 66 (848 -456 -486 ) (848 -496 -486 ) (848 -496 -454 ) (848 -456 -454 ) 
4 51 54 (980 -496 -486 ) (908 -496 -486 ) (908 -456 -486 ) (980 -456 -486 ) 
4 51 53 (1024 -496 -486 ) (980 -496 -486 ) (980 -456 -486 ) (1024 -456 -486 ) 
4 51 55 (908 -496 -486 ) (848 -496 -486 ) (848 -456 -486 ) (908 -456 -486 ) 
4 52 66 (848 -176 -486 ) (848 -176 -582 ) (848 -424 -582 ) (848 -424 -486 ) 
4 52 56 (848 -424 -582 ) (848 -176 -582 ) (1024 -176 -582 ) (1024 -424 -582 ) 
4 52 54 (980 -424 -578 ) (980 -424 -486 ) (908 -424 -486 ) (908 -424 -578 ) 
4 52 53 (980 -424 -582 ) (1024 -424 -582 ) (1024 -424 -486 ) (980 -424 -486 ) 
4 52 55 (848 -424 -582 ) (908 -424 -582 ) (908 -424 -486 ) (848 -424 -486 ) 
4 53 59 (1024 -496 -582 ) (980 -496 -582 ) (980 -428 -582 ) (1024 -428 -582 ) 
4 53 57 (980 -428 -582 ) (980 -424 -582 ) (1024 -424 -582 ) (1024 -428 -582 ) 
4 53 54 (980 -424 -486 ) (980 -424 -578 ) (980 -496 -578 ) (980 -496 -486 ) 
4 54 55 (908 -424 -486 ) (908 -424 -578 ) (908 -496 -578 ) (908 -496 -486 ) 
4 55 66 (848 -424 -582 ) (848 -496 -582 ) (848 -496 -486 ) (848 -424 -486 ) 
4 55 61 (908 -496 -582 ) (848 -496 -582 ) (848 -428 -582 ) (908 -428 -582 ) 
4 55 58 (848 -428 -582 ) (848 -424 -582 ) (908 -424 -582 ) (908 -428 -582 ) 
4 56 66 (848 -176 -582 ) (848 -176 -690 ) (848 -424 -690 ) (848 -424 -582 ) 
4 56 62 (848 -424 -690 ) (848 -176 -690 ) (1024 -176 -690 ) (1024 -424 -690 ) 
4 56 57 (980 -424 -690 ) (1024 -424 -690 ) (1024 -424 -582 ) (980 -424 -582 ) 
4 56 58 (848 -424 -690 ) (908 -424 -690 ) (908 -424 -582 ) (848 -424 -582 ) 
4 57 63 (980 -424 -690 ) (1024 -424 -690 ) (1024 -428 -690 ) (980 -428 -690 ) 
4 57 59 (980 -428 -690 ) (1024 -428 -690 ) (1024 -428 -582 ) (980 -428 -582 ) 
4 58 66 (848 -424 -690 ) (848 -428 -690 ) (848 -428 -582 ) (848 -424 -582 ) 
4 58 65 (848 -428 -690 ) (848 -424 -690 ) (908 -424 -690 ) (908 -428 -690 ) 
4 58 61 (848 -428 -690 ) (908 -428 -690 ) (908 -428 -582 ) (848 -428 -582 ) 
4 59 63 (1024 -496 -690 ) (980 -496 -690 ) (980 -428 -690 ) (1024 -428 -690 ) 
4 61 66 (848 -428 -690 ) (848 -496 -690 ) (848 -496 -582 ) (848 -428 -582 ) 
4 61 65 (908 -496 -690 ) (848 -496 -690 ) (848 -428 -690 ) (908 -428 -690 ) 
4 62 70 (848 -424 -708 ) (848 -176 -708 ) (1024 -176 -708 ) (1024 -424 -708 ) 
4 62 66 (848 -176 -690 ) (848 -176 -708 ) (848 -424 -708 ) (848 -424 -690 ) 
4 62 64 (908 -424 -694 ) (908 -424 -708 ) (980 -424 -708 ) (980 -424 -694 ) 
4 62 63 (1024 -424 -690 ) (980 -424 -690 ) (980 -424 -708 ) (1024 -424 -708 ) 
4 62 65 (908 -424 -690 ) (848 -424 -690 ) (848 -424 -708 ) (908 -424 -708 ) 
4 63 70 (1024 -496 -708 ) (980 -496 -708 ) (980 -424 -708 ) (1024 -424 -708 ) 
4 63 64 (980 -424 -694 ) (980 -424 -708 ) (980 -496 -708 ) (980 -496 -694 ) 
4 64 70 (980 -496 -708 ) (908 -496 -708 ) (908 -424 -708 ) (980 -424 -708 ) 
4 64 65 (908 -424 -694 ) (908 -424 -708 ) (908 -496 -708 ) (908 -496 -694 ) 
4 65 70 (908 -496 -708 ) (848 -496 -708 ) (848 -424 -708 ) (908 -424 -708 ) 
4 65 66 (848 -424 -708 ) (848 -496 -708 ) (848 -496 -690 ) (848 -424 -690 ) 
4 66 70 (848 -496 -708 ) (640 -496 -708 ) (640 -176 -708 ) (848 -176 -708 ) 
4 66 69 (640 -344.002045 -708 ) (640 -378.664001 -708 ) (640 -378.664001 -128 ) (640 -344.002045 -128 ) 
4 66 68 (640 -378.664001 -708 ) (640 -496 -708 ) (640 -496 -128 ) (640 -378.664001 -128 ) 
4 66 67 (640 -176 -128 ) (640 -176 -708 ) (640 -272 -708 ) (640 -272 -128 ) 
4 67 71 (440 -176 -512 ) (440 -176 -640 ) (440 -272 -640 ) (440 -272 -512 ) 
4 67 70 (440 -272 -708 ) (440 -176 -708 ) (640 -176 -708 ) (640 -272 -708 ) 
4 67 68 (440 -272 -708 ) (608 -272 -708 ) (608 -272 -128 ) (440 -272 -128 ) 
4 68 71 (440 -320 -512 ) (440 -272 -512 ) (440 -272 -640 ) (440 -320 -640 ) 
5 68 70 (640 -496 -708 ) (440 -496 -708 ) (440 -272 -708 ) (608 -272 -708 ) (640 -378.664001 -708 ) 
4 68 69 (640 -378.664032 -128 ) (640 -378.664032 -708 ) (620.002014 -312.005646 -708 ) (620.002014 -312.005646 -128 ) 
3 69 70 (640 -344.002045 -708 ) (640 -378.664001 -708 ) (620.002014 -312.005646 -708 ) 
4 71 72 (432 -152 -640 ) (432 -296 -640 ) (432 -296 -524 ) (432 -152 -524 ) 
4 72 73 (418 -152 -640 ) (418 -296 -640 ) (418 -296 -524 ) (418 -152 -524 ) 
4 73 75 (352 -320 -512 ) (352 -128 -512 ) (352 -128 -640 ) (352 -320 -640 ) 
4 74 145 (0 -32 -640 ) (0 -32 -648 ) (0 -64 -648 ) (0 -64 -640 ) 
4 74 133 (0 -32 -416 ) (0 -32 -640 ) (0 -64 -640 ) (0 -64 -416 ) 
4 74 75 (352 -64 -640 ) (352 -64 -384 ) (0 -64 -384 ) (0 -64 -640 ) 
4 75 133 (0 -64 -416 ) (0 -64 -640 ) (0 -384 -640 ) (0 -384 -416 ) 
4 75 76 (352 -384 -640 ) (352 -384 -384 ) (0 -384 -384 ) (0 -384 -640 ) 
4 76 146 (0 -416 -648 ) (0 -416 -640 ) (0 -384 -640 ) (0 -384 -648 ) 
4 76 133 (0 -416 -640 ) (0 -416 -416 ) (0 -384 -416 ) (0 -384 -640 ) 
4 77 86 (-992 680 -768 ) (0 680 -768 ) (0 610 -768 ) (-992 610 -768 ) 
4 77 85 (-992 610 -768 ) (-800 610 -768 ) (-800 610 -128 ) (-992 610 -128 ) 
4 77 83 (-512 610 -768 ) (-448 610 -768 ) (-448 610 -128 ) (-512 610 -128 ) 
4 77 84 (-768 610 -768 ) (-544 610 -768 ) (-544 610 -128 ) (-768 610 -128 ) 
4 77 81 (-256 610 -768 ) (-192 610 -768 ) (-192 610 -256 ) (-256 610 -256 ) 
4 77 82 (-416 610 -768 ) (-288 610 -768 ) (-288 610 -256 ) (-416 610 -256 ) 
4 77 80 (-160 610 -768 ) (0 610 -768 ) (0 610 -256 ) (-160 610 -256 ) 
4 77 79 (0 610 -256 ) (0 610 -128 ) (-416 610 -128 ) (-416 610 -256 ) 
4 77 78 (0 610 -128 ) (0 610 0 ) (-992 610 0 ) (-992 610 -128 ) 
4 78 85 (-800 608 -128 ) (-992 608 -128 ) (-992 610 -128 ) (-800 610 -128 ) 
4 78 83 (-448 608 -128 ) (-512 608 -128 ) (-512 610 -128 ) (-448 610 -128 ) 
4 78 84 (-544 608 -128 ) (-768 608 -128 ) (-768 610 -128 ) (-544 610 -128 ) 
4 78 79 (0 608 -128 ) (-416 608 -128 ) (-416 610 -128 ) (0 610 -128 ) 
4 79 87 (-32 608 -128 ) (-160 608 -128 ) (-160 608 -256 ) (-32 608 -256 ) 
4 79 88 (-160 608 -128 ) (-416 608 -128 ) (-416 608 -256 ) (-160 608 -256 ) 
4 79 81 (-192 608 -256 ) (-256 608 -256 ) (-256 610 -256 ) (-192 610 -256 ) 
4 79 82 (-288 608 -256 ) (-416 608 -256 ) (-416 610 -256 ) (-288 610 -256 ) 
4 79 80 (0 608 -256 ) (-160 608 -256 ) (-160 610 -256 ) (0 610 -256 ) 
4 80 87 (-32 608 -256 ) (-160 608 -256 ) (-160 608 -512 ) (-32 608 -512 ) 
4 80 86 (0 608 -768 ) (-160 608 -768 ) (-160 610 -768 ) (0 610 -768 ) 
4 81 88 (-192 608 -256 ) (-256 608 -256 ) (-256 608 -768 ) (-192 608 -768 ) 
4 81 86 (-192 608 -768 ) (-256 608 -768 ) (-256 610 -768 ) (-192 610 -768 ) 
4 82 88 (-288 608 -256 ) (-416 608 -256 ) (-416 608 -768 ) (-288 608 -768 ) 
4 82 86 (-288 608 -768 ) (-416 608 -768 ) (-416 610 -768 ) (-288 610 -768 ) 
4 83 88 (-448 608 -128 ) (-512 608 -128 ) (-512 608 -768 ) (-448 608 -768 ) 
4 83 86 (-448 608 -768 ) (-512 608 -768 ) (-512 610 -768 ) (-448 610 -768 ) 
4 84 88 (-544 608 -128 ) (-768 608 -128 ) (-768 608 -768 ) (-544 608 -768 ) 
4 84 86 (-544 608 -768 ) (-768 608 -768 ) (-768 610 -768 ) (-544 610 -768 ) 
4 85 90 (-928 608 -512 ) (-928 608 -640 ) (-800 608 -640 ) (-800 608 -512 ) 
4 85 89 (-928 608 -256 ) (-928 608 -384 ) (-800 608 -384 ) (-800 608 -256 ) 
4 85 86 (-800 608 -768 ) (-992 608 -768 ) (-992 610 -768 ) (-800 610 -768 ) 
4 86 92 (-672 608 -768 ) (-928 608 -768 ) (-928 608 -896 ) (-672 608 -896 ) 
4 86 91 (-288 608 -768 ) (-544 608 -768 ) (-544 608 -896 ) (-288 608 -896 ) 
4 87 97 (-160 480 -386 ) (-160 480 -512 ) (-34 480 -512 ) (-34 480 -386 ) 
4 87 95 (-160 480 -254 ) (-160 480 -386 ) (-34 480 -386 ) (-34 480 -254 ) 
4 87 93 (-160 480 -130 ) (-160 480 -254 ) (-34 480 -254 ) (-34 480 -130 ) 
4 87 88 (-160 480 -512 ) (-160 480 -128 ) (-160 608 -128 ) (-160 608 -512 ) 
4 88 98 (-288 480 -386 ) (-672 480 -386 ) (-672 480 -512 ) (-288 480 -512 ) 
4 88 97 (-160 480 -512 ) (-160 480 -386 ) (-288 480 -386 ) (-288 480 -512 ) 
4 88 99 (-672 480 -768 ) (-160 480 -768 ) (-160 480 -512 ) (-672 480 -512 ) 
4 88 100 (-800 480 -386 ) (-800 480 -768 ) (-672 480 -768 ) (-672 480 -386 ) 
4 88 95 (-798 480 -386 ) (-160 480 -386 ) (-160 480 -254 ) (-798 480 -254 ) 
4 88 93 (-800 480 -130 ) (-800 480 -254 ) (-160 480 -254 ) (-160 480 -130 ) 
4 88 92 (-672 480 -768 ) (-800 480 -768 ) (-800 608 -768 ) (-672 608 -768 ) 
4 88 91 (-288 480 -768 ) (-544 480 -768 ) (-544 608 -768 ) (-288 608 -768 ) 
4 88 90 (-800 480 -640 ) (-800 480 -512 ) (-800 608 -512 ) (-800 608 -640 ) 
4 88 89 (-800 480 -384 ) (-800 480 -256 ) (-800 608 -256 ) (-800 608 -384 ) 
4 89 96 (-926 480 -384 ) (-800 480 -384 ) (-800 480 -256 ) (-926 480 -256 ) 
4 90 100 (-926 480 -640 ) (-800 480 -640 ) (-800 480 -512 ) (-926 480 -512 ) 
4 91 99 (-288 480 -768 ) (-544 480 -768 ) (-544 480 -894 ) (-288 480 -894 ) 
4 92 100 (-672 480 -768 ) (-926 480 -768 ) (-926 480 -894 ) (-672 480 -894 ) 
4 93 102 (-34 478 -130 ) (-800 478 -130 ) (-800 478 -254 ) (-34 478 -254 ) 
4 93 95 (-34 478 -254 ) (-798 478 -254 ) (-798 480 -254 ) (-34 480 -254 ) 
4 93 94 (-800 480 -254 ) (-800 478 -254 ) (-800 478 -130 ) (-800 480 -130 ) 
4 94 102 (-800 478 -130 ) (-926 478 -130 ) (-926 478 -254 ) (-800 478 -254 ) 
4 95 102 (-34 478 -254 ) (-798 478 -254 ) (-798 478 -386 ) (-34 478 -386 ) 
4 95 98 (-288 478 -386 ) (-672 478 -386 ) (-672 480 -386 ) (-288 480 -386 ) 
4 95 97 (-34 478 -386 ) (-288 478 -386 ) (-288 480 -386 ) (-34 480 -386 ) 
4 95 100 (-672 478 -386 ) (-798 478 -386 ) (-798 480 -386 ) (-672 480 -386 ) 
4 96 102 (-926 478 -256 ) (-926 478 -384 ) (-800 478 -384 ) (-800 478 -256 ) 
4 97 102 (-34 478 -386 ) (-288 478 -386 ) (-288 478 -512 ) (-34 478 -512 ) 
4 97 99 (-288 480 -512 ) (-34 480 -512 ) (-34 478 -512 ) (-288 478 -512 ) 
4 97 98 (-288 480 -512 ) (-288 478 -512 ) (-288 478 -386 ) (-288 480 -386 ) 
4 98 102 (-288 478 -386 ) (-672 478 -386 ) (-672 478 -512 ) (-288 478 -512 ) 
4 98 99 (-672 478 -512 ) (-672 480 -512 ) (-288 480 -512 ) (-288 478 -512 ) 
4 98 100 (-672 478 -512 ) (-672 478 -386 ) (-672 480 -386 ) (-672 480 -512 ) 
4 99 102 (-672 478 -512 ) (-672 478 -894 ) (-34 478 -894 ) (-34 478 -512 ) 
4 99 100 (-672 480 -894 ) (-672 478 -894 ) (-672 478 -512 ) (-672 480 -512 ) 
4 100 102 (-672 478 -386 ) (-926 478 -386 ) (-926 478 -894 ) (-672 478 -894 ) 
4 101 156 (-1024 478 -896 ) (-1024 478 -640 ) (-1024 480 -640 ) (-1024 480 -896 ) 
4 101 150 (-1024 478 -640 ) (-1024 478 -128 ) (-1024 480 -128 ) (-1024 480 -640 ) 
4 101 102 (-1024 478 -128 ) (-1024 478 -896 ) (-928 478 -896 ) (-928 478 -128 ) 
4 102 156 (-1024 192 -896 ) (-1024 192 -640 ) (-1024 478 -640 ) (-1024 478 -896 ) 
4 102 150 (-1024 192 -640 ) (-1024 192 -128 ) (-1024 478 -128 ) (-1024 478 -640 ) 
4 102 103 (-32 192 -896 ) (-32 192 -128 ) (-1024 192 -128 ) (-1024 192 -896 ) 
4 103 156 (-1024 160 -896 ) (-1024 160 -640 ) (-1024 192 -640 ) (-1024 192 -896 ) 
4 103 150 (-1024 160 -640 ) (-1024 160 -128 ) (-1024 192 -128 ) (-1024 192 -640 ) 
4 103 110 (-608 160 -128 ) (-640 160 -128 ) (-640 160 -640 ) (-608 160 -640 ) 
4 103 113 (-640 160 -128 ) (-1024 160 -128 ) (-1024 160 -640 ) (-640 160 -640 ) 
4 103 106 (-416 160 -128 ) (-448 160 -128 ) (-448 160 -640 ) (-416 160 -640 ) 
4 103 105 (-32 160 -128 ) (-416 160 -128 ) (-416 160 -640 ) (-32 160 -640 ) 
4 103 109 (-448 160 -128 ) (-608 160 -128 ) (-608 160 -640 ) (-448 160 -640 ) 
4 103 104 (-32 160 -896 ) (-1024 160 -896 ) (-1024 192 -896 ) (-32 192 -896 ) 
4 104 157 (-1024 160 -904 ) (-1024 160 -896 ) (-1024 192 -896 ) (-1024 192 -904 ) 
4 105 144 (-416 0 -384 ) (-416 0 -640 ) (-384 0 -640 ) (-384 0 -384 ) 
4 105 142 (-384 0 -640 ) (-352 0 -640 ) (-352 0 -384 ) (-384 0 -384 ) 
4 105 135 (-352 0 -640 ) (-288 0 -640 ) (-288 0 -384 ) (-352 0 -384 ) 
4 105 134 (-288 0 -640 ) (-32 0 -640 ) (-32 0 -384 ) (-288 0 -384 ) 
4 105 128 (-384 0 -128 ) (-416 0 -128 ) (-416 0 -384 ) (-384 0 -384 ) 
4 105 126 (-352 0 -128 ) (-384 0 -128 ) (-384 0 -384 ) (-352 0 -384 ) 
4 105 125 (-288 0 -128 ) (-352 0 -128 ) (-352 0 -384 ) (-288 0 -384 ) 
4 105 121 (-224 0 -128 ) (-288 0 -128 ) (-288 0 -256 ) (-224 0 -256 ) 
4 105 122 (-288 0 -256 ) (-288 0 -384 ) (-224 0 -384 ) (-224 0 -256 ) 
4 105 120 (-224 0 -288 ) (-224 0 -384 ) (-32 0 -384 ) (-32 0 -288 ) 
4 105 116 (-224 0 -256 ) (-224 0 -288 ) (-32 0 -288 ) (-32 0 -256 ) 
4 105 115 (-32 0 -128 ) (-224 0 -128 ) (-224 0 -256 ) (-32 0 -256 ) 
4 105 107 (-416 96 -638 ) (-416 96 -128 ) (-416 128 -128 ) (-416 128 -638 ) 
4 105 106 (-416 160 -640 ) (-416 128 -640 ) (-416 128 -128 ) (-416 160 -128 ) 
4 105 108 (-416 96 -640 ) (-416 0 -640 ) (-416 0 -128 ) (-416 96 -128 ) 
4 106 107 (-448 128 -128 ) (-448 128 -638 ) (-416 128 -638 ) (-416 128 -128 ) 
4 106 109 (-448 160 -640 ) (-448 128 -640 ) (-448 128 -128 ) (-448 160 -128 ) 
4 107 109 (-448 96 -638 ) (-448 96 -128 ) (-448 128 -128 ) (-448 128 -638 ) 
4 107 108 (-448 96 -128 ) (-448 96 -638 ) (-416 96 -638 ) (-416 96 -128 ) 
4 108 144 (-448 0 -384 ) (-448 0 -640 ) (-416 0 -640 ) (-416 0 -384 ) 
4 108 128 (-416 0 -128 ) (-448 0 -128 ) (-448 0 -384 ) (-416 0 -384 ) 
4 108 109 (-448 96 -640 ) (-448 0 -640 ) (-448 0 -128 ) (-448 96 -128 ) 
4 109 144 (-608 0 -384 ) (-608 0 -640 ) (-448 0 -640 ) (-448 0 -384 ) 
4 109 129 (-544 0 -128 ) (-608 0 -128 ) (-608 0 -384 ) (-544 0 -384 ) 
4 109 128 (-448 0 -128 ) (-544 0 -128 ) (-544 0 -384 ) (-448 0 -384 ) 
4 109 111 (-608 96 -638 ) (-608 96 -128 ) (-608 128 -128 ) (-608 128 -638 ) 
4 109 110 (-608 160 -640 ) (-608 128 -640 ) (-608 128 -128 ) (-608 160 -128 ) 
4 109 112 (-608 96 -640 ) (-608 0 -640 ) (-608 0 -128 ) (-608 96 -128 ) 
4 110 111 (-640 128 -128 ) (-640 128 -638 ) (-608 128 -638 ) (-608 128 -128 ) 
4 110 113 (-640 160 -640 ) (-640 128 -640 ) (-640 128 -128 ) (-640 160 -128 ) 
4 111 113 (-640 96 -638 ) (-640 96 -128 ) (-640 128 -128 ) (-640 128 -638 ) 
4 111 112 (-640 96 -128 ) (-640 96 -638 ) (-608 96 -638 ) (-608 96 -128 ) 
4 112 144 (-640 0 -384 ) (-640 0 -640 ) (-608 0 -640 ) (-608 0 -384 ) 
4 112 129 (-608 0 -128 ) (-640 0 -128 ) (-640 0 -384 ) (-608 0 -384 ) 
4 112 113 (-640 96 -640 ) (-640 0 -640 ) (-640 0 -128 ) (-640 96 -128 ) 
4 113 150 (-1024 0 -640 ) (-1024 0 -128 ) (-1024 160 -128 ) (-1024 160 -640 ) 
4 113 144 (-1024 0 -384 ) (-1024 0 -640 ) (-640 0 -640 ) (-640 0 -384 ) 
4 113 131 (-800 0 -128 ) (-1024 0 -128 ) (-1024 0 -384 ) (-800 0 -384 ) 
4 113 129 (-640 0 -128 ) (-800 0 -128 ) (-800 0 -384 ) (-640 0 -384 ) 
4 114 120 (-32 -192 -384 ) (-32 -256 -384 ) (-32 -256 -320 ) (-32 -192 -320 ) 
4 115 121 (-224 -96 -128 ) (-224 0 -128 ) (-224 0 -256 ) (-224 -96 -256 ) 
4 115 116 (-224 -96 -256 ) (-224 0 -256 ) (-32 0 -256 ) (-32 -96 -256 ) 
4 116 122 (-224 -160 -256 ) (-224 0 -256 ) (-224 0 -288 ) (-224 -160 -288 ) 
4 116 120 (-224 -160 -288 ) (-224 0 -288 ) (-32 0 -288 ) (-32 -160 -288 ) 
4 116 117 (-96 -160 -288 ) (-32 -160 -288 ) (-32 -160 -256 ) (-96 -160 -256 ) 
4 117 120 (-96 -160 -288 ) (-32 -160 -288 ) (-32 -288 -288 ) (-96 -288 -288 ) 
4 117 119 (-96 -288 -288 ) (-32 -288 -288 ) (-32 -288 -256 ) (-96 -288 -256 ) 
4 118 120 (-192 -192 -288 ) (-128 -192 -288 ) (-128 -256 -288 ) (-192 -256 -288 ) 
4 119 122 (-224 -416 -256 ) (-224 -288 -256 ) (-224 -288 -288 ) (-224 -416 -288 ) 
4 119 120 (-224 -416 -288 ) (-224 -288 -288 ) (-32 -288 -288 ) (-32 -416 -288 ) 
4 120 134 (-224 -416 -384 ) (-224 0 -384 ) (-32 0 -384 ) (-32 -416 -384 ) 
4 120 122 (-224 0 -384 ) (-224 -416 -384 ) (-224 -416 -288 ) (-224 0 -288 ) 
4 121 125 (-288 -96 -128 ) (-288 0 -128 ) (-288 0 -256 ) (-288 -96 -256 ) 
4 121 122 (-288 -96 -256 ) (-288 0 -256 ) (-224 0 -256 ) (-224 -96 -256 ) 
4 122 134 (-288 -416 -384 ) (-288 0 -384 ) (-224 0 -384 ) (-224 -416 -384 ) 
4 122 125 (-288 0 -384 ) (-288 -96 -384 ) (-288 -96 -256 ) (-288 0 -256 ) 
4 123 139 (-288 -672 -384 ) (-288 -608 -384 ) (-256 -608 -384 ) (-256 -672 -384 ) 
4 123 138 (-256 -608 -384 ) (-224 -608 -384 ) (-224 -672 -384 ) (-256 -672 -384 ) 
4 124 139 (-288 -864 -384 ) (-288 -800 -384 ) (-256 -800 -384 ) (-256 -864 -384 ) 
4 124 138 (-256 -800 -384 ) (-224 -800 -384 ) (-224 -864 -384 ) (-256 -864 -384 ) 
4 125 135 (-352 -96 -384 ) (-352 0 -384 ) (-288 0 -384 ) (-288 -96 -384 ) 
4 125 126 (-352 0 -384 ) (-352 -96 -384 ) (-352 -96 -128 ) (-352 0 -128 ) 
4 126 142 (-384 -96 -384 ) (-384 0 -384 ) (-352 0 -384 ) (-352 -96 -384 ) 
4 126 128 (-384 0 -128 ) (-384 0 -384 ) (-384 -96 -384 ) (-384 -96 -128 ) 
4 126 127 (-352 -96 -384 ) (-352 -96 -128 ) (-384 -96 -128 ) (-384 -96 -384 ) 
4 127 143 (-384 -104 -384 ) (-384 -96 -384 ) (-352 -96 -384 ) (-352 -104 -384 ) 
4 128 144 (-544 0 -384 ) (-384 0 -384 ) (-384 -96 -384 ) (-544 -96 -384 ) 
4 128 129 (-544 0 -128 ) (-544 0 -384 ) (-544 -96 -384 ) (-544 -96 -128 ) 
4 129 144 (-800 0 -384 ) (-544 0 -384 ) (-544 -96 -384 ) (-800 -96 -384 ) 
4 129 131 (-800 0 -384 ) (-800 -96 -384 ) (-800 -96 -128 ) (-800 0 -128 ) 
4 129 130 (-800 -96 -256 ) (-800 -96 -384 ) (-544 -96 -384 ) (-544 -96 -256 ) 
4 130 132 (-800 -128 -384 ) (-544 -128 -384 ) (-544 -128 -256 ) (-800 -128 -256 ) 
4 131 174 (-1024 -32 -384 ) (-1024 -96 -384 ) (-1024 -96 -128 ) (-1024 -32 -128 ) 
4 131 171 (-1024 0 -128 ) (-1024 0 -384 ) (-1024 -32 -384 ) (-1024 -32 -128 ) 
4 131 144 (-1024 -96 -384 ) (-1024 0 -384 ) (-800 0 -384 ) (-800 -96 -384 ) 
4 133 146 (0 -384 -640 ) (0 -416 -640 ) (-32 -416 -640 ) (-32 -384 -640 ) 
4 133 145 (0 -32 -640 ) (0 -64 -640 ) (-32 -64 -640 ) (-32 -32 -640 ) 
4 133 134 (-32 -32 -640 ) (-32 -416 -640 ) (-32 -416 -416 ) (-32 -32 -416 ) 
4 134 138 (-256 -448 -640 ) (-96 -448 -640 ) (-96 -448 -384 ) (-256 -448 -384 ) 
4 134 135 (-288 0 -640 ) (-288 -96 -640 ) (-288 -96 -384 ) (-288 0 -384 ) 
4 135 142 (-352 0 -640 ) (-352 -96 -640 ) (-352 -96 -384 ) (-352 0 -384 ) 
4 136 137 (-32 -480 -640 ) (-32 -608 -640 ) (-32 -608 -384 ) (-32 -480 -384 ) 
4 137 138 (-96 -480 -640 ) (-96 -896 -640 ) (-96 -896 -384 ) (-96 -480 -384 ) 
4 138 149 (-96 -928 -640 ) (-256 -928 -640 ) (-256 -896 -640 ) (-96 -896 -640 ) 
4 138 139 (-256 -544 -640 ) (-256 -928 -640 ) (-256 -928 -384 ) (-256 -544 -384 ) 
4 139 149 (-256 -928 -640 ) (-320 -928 -640 ) (-320 -896 -640 ) (-256 -896 -640 ) 
4 139 141 (-320 -768 -640 ) (-320 -928 -640 ) (-320 -928 -384 ) (-320 -768 -384 ) 
4 139 140 (-320 -576 -640 ) (-320 -704 -640 ) (-320 -704 -384 ) (-320 -576 -384 ) 
4 140 147 (-352 -704 -640 ) (-352 -576 -640 ) (-320 -576 -640 ) (-320 -704 -640 ) 
4 141 149 (-352 -928 -640 ) (-352 -896 -640 ) (-320 -896 -640 ) (-320 -928 -640 ) 
4 141 148 (-352 -896 -640 ) (-352 -768 -640 ) (-320 -768 -640 ) (-320 -896 -640 ) 
4 142 144 (-384 0 -640 ) (-384 -96 -640 ) (-384 -96 -384 ) (-384 0 -384 ) 
4 142 143 (-384 -96 -384 ) (-384 -96 -640 ) (-352 -96 -640 ) (-352 -96 -384 ) 
4 144 174 (-1024 -96 -384 ) (-1024 -32 -384 ) (-1024 -32 -640 ) (-1024 -96 -640 ) 
4 144 171 (-1024 -32 -384 ) (-1024 0 -384 ) (-1024 0 -640 ) (-1024 -32 -640 ) 
4 148 149 (-352 -896 -640 ) (-352 -896 -648 ) (-320 -896 -648 ) (-320 -896 -640 ) 
4 150 171 (-1024 0 -640 ) (-1024 0 -128 ) (-1040 0 -128 ) (-1040 0 -640 ) 
4 150 156 (-1040 480 -640 ) (-1024 480 -640 ) (-1024 160 -640 ) (-1040 160 -640 ) 
4 150 153 (-1040 352 -416 ) (-1040 128 -416 ) (-1040 128 -384 ) (-1040 352 -384 ) 
4 150 154 (-1040 96 -416 ) (-1040 0 -416 ) (-1040 0 -384 ) (-1040 96 -384 ) 
4 150 152 (-1040 480 -384 ) (-1040 480 -416 ) (-1040 384 -416 ) (-1040 384 -384 ) 
4 150 151 (-1040 480 -128 ) (-1040 480 -384 ) (-1040 0 -384 ) (-1040 0 -128 ) 
4 150 155 (-1040 480 -416 ) (-1040 480 -640 ) (-1040 0 -640 ) (-1040 0 -416 ) 
4 151 171 (-1040 0 -128 ) (-1056 0 -128 ) (-1056 0 -384 ) (-1040 0 -384 ) 
4 151 159 (-1056 158 -128 ) (-1056 224 -128 ) (-1056 224 -192 ) (-1056 158 -192 ) 
4 151 160 (-1056 224 -256 ) (-1056 224 -384 ) (-1056 158 -384 ) (-1056 158 -256 ) 
4 151 158 (-1056 224 -128 ) (-1056 480 -128 ) (-1056 480 -384 ) (-1056 224 -384 ) 
4 151 161 (-1056 0 -384 ) (-1056 0 -128 ) (-1056 158 -128 ) (-1056 158 -384 ) 
4 151 153 (-1056 128 -384 ) (-1056 352 -384 ) (-1040 352 -384 ) (-1040 128 -384 ) 
4 151 154 (-1056 0 -384 ) (-1056 96 -384 ) (-1040 96 -384 ) (-1040 0 -384 ) 
4 151 152 (-1056 384 -384 ) (-1056 480 -384 ) (-1040 480 -384 ) (-1040 384 -384 ) 
4 152 164 (-1056 384 -384 ) (-1056 480 -384 ) (-1056 480 -416 ) (-1056 384 -416 ) 
4 152 155 (-1056 384 -416 ) (-1056 480 -416 ) (-1040 480 -416 ) (-1040 384 -416 ) 
4 153 165 (-1056 128 -384 ) (-1056 352 -384 ) (-1056 352 -416 ) (-1056 128 -416 ) 
4 153 155 (-1056 128 -416 ) (-1056 352 -416 ) (-1040 352 -416 ) (-1040 128 -416 ) 
4 154 171 (-1056 0 -384 ) (-1056 0 -416 ) (-1040 0 -416 ) (-1040 0 -384 ) 
4 154 166 (-1056 0 -416 ) (-1056 0 -384 ) (-1056 96 -384 ) (-1056 96 -416 ) 
4 154 155 (-1056 0 -416 ) (-1056 96 -416 ) (-1040 96 -416 ) (-1040 0 -416 ) 
4 155 171 (-1056 0 -416 ) (-1056 0 -640 ) (-1040 0 -640 ) (-1040 0 -416 ) 
4 155 168 (-1056 0 -640 ) (-1056 0 -416 ) (-1056 160 -416 ) (-1056 160 -640 ) 
4 155 167 (-1056 160 -416 ) (-1056 480 -416 ) (-1056 480 -640 ) (-1056 160 -640 ) 
4 155 156 (-1056 160 -640 ) (-1056 480 -640 ) (-1040 480 -640 ) (-1040 160 -640 ) 
4 156 167 (-1056 160 -896 ) (-1056 160 -640 ) (-1056 480 -640 ) (-1056 480 -896 ) 
4 156 157 (-1024 160 -896 ) (-1056 160 -896 ) (-1056 192 -896 ) (-1024 192 -896 ) 
4 158 164 (-1058 480 -384 ) (-1056 480 -384 ) (-1056 384 -384 ) (-1058 384 -384 ) 
4 158 165 (-1056 352 -384 ) (-1056 224 -384 ) (-1058 224 -384 ) (-1058 352 -384 ) 
4 158 159 (-1058 224 -128 ) (-1058 224 -192 ) (-1056 224 -192 ) (-1056 224 -128 ) 
4 158 160 (-1058 224 -256 ) (-1058 224 -384 ) (-1056 224 -384 ) (-1056 224 -256 ) 
4 158 162 (-1058 480 -384 ) (-1058 224 -384 ) (-1058 224 -128 ) (-1058 480 -128 ) 
4 159 161 (-1058 158 -128 ) (-1058 158 -192 ) (-1056 158 -192 ) (-1056 158 -128 ) 
4 159 162 (-1058 158 -192 ) (-1058 158 -128 ) (-1058 224 -128 ) (-1058 224 -192 ) 
4 160 165 (-1056 224 -384 ) (-1056 158 -384 ) (-1058 158 -384 ) (-1058 224 -384 ) 
4 160 162 (-1058 224 -384 ) (-1058 158 -384 ) (-1058 158 -256 ) (-1058 224 -256 ) 
4 160 161 (-1058 158 -256 ) (-1058 158 -384 ) (-1056 158 -384 ) (-1056 158 -256 ) 
4 161 171 (-1056 0 -384 ) (-1056 0 -128 ) (-1058 0 -128 ) (-1058 0 -384 ) 
4 161 166 (-1056 96 -384 ) (-1056 0 -384 ) (-1058 0 -384 ) (-1058 96 -384 ) 
4 161 165 (-1056 158 -384 ) (-1056 128 -384 ) (-1058 128 -384 ) (-1058 158 -384 ) 
4 161 162 (-1058 158 -384 ) (-1058 0 -384 ) (-1058 0 -128 ) (-1058 158 -128 ) 
4 162 172 (-1064 0 -128 ) (-1088 0 -128 ) (-1088 0 -384 ) (-1064 0 -384 ) 
4 162 171 (-1058 0 -128 ) (-1064 0 -128 ) (-1064 0 -384 ) (-1058 0 -384 ) 
4 162 166 (-1058 96 -384 ) (-1058 0 -384 ) (-1088 0 -384 ) (-1088 96 -384 ) 
4 162 164 (-1088 480 -384 ) (-1058 480 -384 ) (-1058 384 -384 ) (-1088 384 -384 ) 
4 162 165 (-1058 352 -384 ) (-1058 128 -384 ) (-1088 128 -384 ) (-1088 352 -384 ) 
4 162 163 (-1088 480 -128 ) (-1088 480 -384 ) (-1088 0 -384 ) (-1088 0 -128 ) 
4 163 173 (-1152 0 0 ) (-1152 0 -384 ) (-1088 0 -384 ) (-1088 0 0 ) 
4 163 166 (-1152 0 -384 ) (-1152 96 -384 ) (-1088 96 -384 ) (-1088 0 -384 ) 
4 163 164 (-1152 384 -384 ) (-1152 480 -384 ) (-1088 480 -384 ) (-1088 384 -384 ) 
4 163 165 (-1152 128 -384 ) (-1152 352 -384 ) (-1088 352 -384 ) (-1088 128 -384 ) 
4 164 167 (-1064 480 -416 ) (-1056 480 -416 ) (-1056 384 -416 ) (-1064 384 -416 ) 
4 164 169 (-1152 384 -416 ) (-1152 480 -416 ) (-1064 480 -416 ) (-1064 384 -416 ) 
4 165 168 (-1056 160 -416 ) (-1056 128 -416 ) (-1064 128 -416 ) (-1064 160 -416 ) 
4 165 167 (-1064 352 -416 ) (-1056 352 -416 ) (-1056 160 -416 ) (-1064 160 -416 ) 
4 165 169 (-1152 128 -416 ) (-1152 352 -416 ) (-1064 352 -416 ) (-1064 128 -416 ) 
4 166 173 (-1088 0 -384 ) (-1152 0 -384 ) (-1152 0 -416 ) (-1088 0 -416 ) 
4 166 172 (-1064 0 -384 ) (-1088 0 -384 ) (-1088 0 -416 ) (-1064 0 -416 ) 
4 166 171 (-1056 0 -416 ) (-1056 0 -384 ) (-1064 0 -384 ) (-1064 0 -416 ) 
4 166 168 (-1064 96 -416 ) (-1056 96 -416 ) (-1056 0 -416 ) (-1064 0 -416 ) 
4 166 169 (-1152 0 -416 ) (-1152 96 -416 ) (-1064 96 -416 ) (-1064 0 -416 ) 
4 167 168 (-1064 160 -416 ) (-1064 160 -640 ) (-1056 160 -640 ) (-1056 160 -416 ) 
4 167 169 (-1064 480 -896 ) (-1064 160 -896 ) (-1064 160 -416 ) (-1064 480 -416 ) 
4 168 171 (-1056 0 -640 ) (-1056 0 -416 ) (-1064 0 -416 ) (-1064 0 -640 ) 
4 168 169 (-1064 0 -640 ) (-1064 0 -416 ) (-1064 160 -416 ) (-1064 160 -640 ) 
4 169 173 (-1088 0 -416 ) (-1152 0 -416 ) (-1152 0 -896 ) (-1088 0 -896 ) 
4 169 172 (-1064 0 -416 ) (-1088 0 -416 ) (-1088 0 -896 ) (-1064 0 -896 ) 
4 169 170 (-1152 0 -896 ) (-1152 480 -896 ) (-1088 480 -896 ) (-1088 0 -896 ) 
4 170 173 (-1088 0 -896 ) (-1152 0 -896 ) (-1152 0 -1024 ) (-1088 0 -1024 ) 
4 171 174 (-1024 -32 -640 ) (-1024 -32 -128 ) (-1056 -32 -128 ) (-1056 -32 -640 ) 
4 171 172 (-1064 -32 -640 ) (-1064 -32 -128 ) (-1064 0 -128 ) (-1064 0 -640 ) 
4 172 173 (-1088 -32 -896 ) (-1088 -32 -128 ) (-1088 0 -128 ) (-1088 0 -896 ) 
4 175 177 (-1360 -2048 208 ) (-1360 -2048 336 ) (-1680 -2048 336 ) (-1680 -2048 208 ) 
4 176 178 (-1360 -2048 0 ) (-1360 -2048 128 ) (-1680 -2048 128 ) (-1680 -2048 0 ) 
