PRT1
175
449
4 0 24 (1128 0 602 ) (1168 0 602 ) (1168 0 768 ) (1128 0 768 ) 
4 0 19 (1168 0 768 ) (1168 0 960 ) (1128 0 960 ) (1128 0 768 ) 
4 0 4 (1168 92 602 ) (1168 20 602 ) (1128 20 602 ) (1128 92 602 ) 
4 0 3 (1128 416 602 ) (1168 416 602 ) (1168 92 602 ) (1128 92 602 ) 
4 0 5 (1168 20 602 ) (1168 0 602 ) (1128 0 602 ) (1128 20 602 ) 
4 0 2 (1128 0 634 ) (1128 0 960 ) (1128 152 960 ) (1128 152 634 ) 
4 0 1 (1128 416 960 ) (1128 416 602 ) (1128 152 602 ) (1128 152 960 ) 
4 1 51 (1024 152 960 ) (1024 416 960 ) (1024 416 602 ) (1024 152 602 ) 
4 1 3 (1096 416 602 ) (1128 416 602 ) (1128 152 602 ) (1096 152 602 ) 
4 1 6 (1024 152 602 ) (1024 416 602 ) (1096 416 602 ) (1096 152 602 ) 
4 1 2 (1128 152 634 ) (1128 152 960 ) (1024 152 960 ) (1024 152 634 ) 
4 2 52 (1024 0 634 ) (1024 0 960 ) (1024 152 960 ) (1024 152 634 ) 
4 2 25 (1024 0 768 ) (1024 0 634 ) (1128 0 634 ) (1128 0 768 ) 
4 2 19 (1024 0 960 ) (1024 0 768 ) (1128 0 768 ) (1128 0 960 ) 
4 3 10 (1096 416 506 ) (1100 416 506 ) (1100 92 506 ) (1096 92 506 ) 
4 3 7 (1100 416 506 ) (1168 416 506 ) (1168 92 506 ) (1100 92 506 ) 
4 3 4 (1096 92 602 ) (1096 92 510 ) (1168 92 510 ) (1168 92 602 ) 
4 3 6 (1096 92 602 ) (1096 416 602 ) (1096 416 506 ) (1096 92 506 ) 
4 4 6 (1096 20 602 ) (1096 92 602 ) (1096 92 510 ) (1096 20 510 ) 
4 4 5 (1096 20 602 ) (1096 20 510 ) (1168 20 510 ) (1168 20 602 ) 
4 5 26 (1096 0 506 ) (1128 0 506 ) (1128 0 602 ) (1096 0 602 ) 
4 5 24 (1128 0 506 ) (1168 0 506 ) (1168 0 602 ) (1128 0 602 ) 
4 5 11 (1100 0 506 ) (1096 0 506 ) (1096 20 506 ) (1100 20 506 ) 
4 5 9 (1168 20 506 ) (1168 0 506 ) (1100 0 506 ) (1100 20 506 ) 
4 5 6 (1096 0 602 ) (1096 20 602 ) (1096 20 506 ) (1096 0 506 ) 
4 6 61 (1024 0 506 ) (1024 0 564 ) (1024 92 564 ) (1024 92 506 ) 
4 6 56 (1024 92 564 ) (1024 416 564 ) (1024 416 506 ) (1024 92 506 ) 
4 6 55 (1024 0 564 ) (1024 0 602 ) (1024 152 602 ) (1024 152 564 ) 
4 6 51 (1024 152 602 ) (1024 416 602 ) (1024 416 564 ) (1024 152 564 ) 
4 6 26 (1024 0 602 ) (1024 0 506 ) (1096 0 506 ) (1096 0 602 ) 
4 6 12 (1024 0 506 ) (1024 416 506 ) (1096 416 506 ) (1096 0 506 ) 
4 7 13 (1168 416 398 ) (1168 92 398 ) (1100 92 398 ) (1100 416 398 ) 
4 7 10 (1100 416 398 ) (1100 92 398 ) (1100 92 506 ) (1100 416 506 ) 
4 9 28 (1100 0 398 ) (1168 0 398 ) (1168 0 448 ) (1100 0 448 ) 
4 9 26 (1128 0 506 ) (1100 0 506 ) (1100 0 448 ) (1128 0 448 ) 
4 9 24 (1168 0 448 ) (1168 0 506 ) (1128 0 506 ) (1128 0 448 ) 
4 9 15 (1168 20 398 ) (1168 0 398 ) (1100 0 398 ) (1100 20 398 ) 
4 9 11 (1100 20 398 ) (1100 0 398 ) (1100 0 506 ) (1100 20 506 ) 
4 10 13 (1096 92 398 ) (1096 416 398 ) (1100 416 398 ) (1100 92 398 ) 
4 10 12 (1096 416 506 ) (1096 416 398 ) (1096 92 398 ) (1096 92 506 ) 
4 11 28 (1096 0 398 ) (1100 0 398 ) (1100 0 448 ) (1096 0 448 ) 
4 11 26 (1100 0 448 ) (1100 0 506 ) (1096 0 506 ) (1096 0 448 ) 
4 11 15 (1100 0 398 ) (1096 0 398 ) (1096 20 398 ) (1100 20 398 ) 
4 11 12 (1096 20 398 ) (1096 0 398 ) (1096 0 506 ) (1096 20 506 ) 
4 12 64 (1024 0 398 ) (1024 0 506 ) (1024 92 506 ) (1024 92 398 ) 
4 12 60 (1024 416 468 ) (1024 416 398 ) (1024 92 398 ) (1024 92 468 ) 
4 12 56 (1024 92 506 ) (1024 416 506 ) (1024 416 468 ) (1024 92 468 ) 
4 12 28 (1024 0 448 ) (1024 0 398 ) (1096 0 398 ) (1096 0 448 ) 
4 12 26 (1024 0 506 ) (1024 0 448 ) (1096 0 448 ) (1096 0 506 ) 
4 12 16 (1096 0 398 ) (1024 0 398 ) (1024 416 398 ) (1096 416 398 ) 
4 13 14 (1096 92 394 ) (1096 92 192 ) (1168 92 192 ) (1168 92 394 ) 
4 13 16 (1096 416 398 ) (1096 416 192 ) (1096 92 192 ) (1096 92 398 ) 
4 14 16 (1096 92 192 ) (1096 20 192 ) (1096 20 394 ) (1096 92 394 ) 
4 14 15 (1096 20 394 ) (1096 20 192 ) (1168 20 192 ) (1168 20 394 ) 
4 15 47 (1096 0 192 ) (1168 0 192 ) (1168 0 320 ) (1096 0 320 ) 
4 15 28 (1168 0 320 ) (1168 0 398 ) (1096 0 398 ) (1096 0 320 ) 
4 15 16 (1096 20 192 ) (1096 0 192 ) (1096 0 398 ) (1096 20 398 ) 
4 16 70 (1024 0 192 ) (1024 0 394 ) (1024 92 394 ) (1024 92 192 ) 
4 16 68 (1024 0 394 ) (1024 0 398 ) (1024 92 398 ) (1024 92 394 ) 
4 16 60 (1024 92 398 ) (1024 416 398 ) (1024 416 192 ) (1024 92 192 ) 
4 16 47 (1024 0 320 ) (1024 0 192 ) (1096 0 192 ) (1096 0 320 ) 
4 16 28 (1024 0 398 ) (1024 0 320 ) (1096 0 320 ) (1096 0 398 ) 
4 17 36 (1264 -896 1120 ) (1264 -896 1144 ) (1184 -896 1144 ) (1184 -896 1120 ) 
4 17 18 (1184 -464 1120 ) (1184 -896 1120 ) (1184 -896 1144 ) (1184 -464 1144 ) 
4 18 96 (1024 -896 1120 ) (1024 -896 1144 ) (1024 -640 1144 ) (1024 -640 1120 ) 
4 18 93 (1024 -640 1144 ) (1024 -608 1144 ) (1024 -608 1120 ) (1024 -640 1120 ) 
4 18 85 (1024 -608 1144 ) (1024 -480 1144 ) (1024 -480 1120 ) (1024 -608 1120 ) 
4 18 84 (1024 -480 1144 ) (1024 -464 1144 ) (1024 -464 1120 ) (1024 -480 1120 ) 
4 18 36 (1024 -896 1144 ) (1024 -896 1120 ) (1184 -896 1120 ) (1184 -896 1144 ) 
4 19 78 (1024 -248 768 ) (1024 -255.998718 768 ) (1024 -255.998718 960 ) (1024 -248 960 ) 
4 19 77 (1024 -255.998718 768 ) (1024 -448 768 ) (1024 -448 960 ) (1024 -255.998718 960 ) 
4 19 76 (1024 -40 768 ) (1024 -248 768 ) (1024 -248 960 ) (1024 -40 960 ) 
4 19 73 (1024 0 960 ) (1024 0 768 ) (1024 -40 768 ) (1024 -40 960 ) 
4 19 25 (1024 -40 768 ) (1024 0 768 ) (1128 0 768 ) (1128 -40 768 ) 
4 19 27 (1024 -448 768 ) (1024 -40 768 ) (1128 -40 768 ) (1128 -448 768 ) 
4 19 24 (1128 0 768 ) (1168 0 768 ) (1168 -448 768 ) (1128 -448 768 ) 
4 20 99 (1024 -672 832 ) (1024 -672 960 ) (1024 -640 960 ) (1024 -640 832 ) 
4 20 22 (1032 -672 832 ) (1024 -672 832 ) (1024 -640 832 ) (1032 -640 832 ) 
4 21 29 (1088 -640 768 ) (1280 -640 768 ) (1280 -672 768 ) (1088 -672 768 ) 
4 21 23 (1088 -672 768 ) (1280 -672 768 ) (1280 -672 832 ) (1088 -672 832 ) 
4 22 99 (1024 -640 768 ) (1024 -672 768 ) (1024 -672 832 ) (1024 -640 832 ) 
4 22 30 (1024 -672 768 ) (1024 -640 768 ) (1032 -640 768 ) (1032 -672 768 ) 
4 23 33 (1088 -672 768 ) (1216 -672 768 ) (1216 -832 768 ) (1088 -832 768 ) 
4 23 31 (1216 -672 768 ) (1280 -672 768 ) (1280 -832 768 ) (1216 -832 768 ) 
4 24 28 (1128 0 448 ) (1168 0 448 ) (1168 -448 448 ) (1128 -448 448 ) 
4 24 25 (1128 -40 634 ) (1128 -40 768 ) (1128 0 768 ) (1128 0 634 ) 
4 24 26 (1128 0 448 ) (1128 -40 448 ) (1128 -40 602 ) (1128 0 602 ) 
4 24 27 (1128 -40 448 ) (1128 -448 448 ) (1128 -448 768 ) (1128 -40 768 ) 
4 25 73 (1024 0 768 ) (1024 0 634 ) (1024 -40 634 ) (1024 -40 768 ) 
4 25 27 (1128 -40 634 ) (1128 -40 768 ) (1024 -40 768 ) (1024 -40 634 ) 
4 26 75 (1024 0 602 ) (1024 0 448 ) (1024 -40 448 ) (1024 -40 602 ) 
4 26 28 (1024 -40 448 ) (1024 0 448 ) (1128 0 448 ) (1128 -40 448 ) 
4 26 27 (1024 -40 448 ) (1128 -40 448 ) (1128 -40 602 ) (1024 -40 602 ) 
4 27 78 (1024 -248 448 ) (1024 -255.998718 448 ) (1024 -255.998718 768 ) (1024 -248 768 ) 
4 27 77 (1024 -255.998718 448 ) (1024 -448 448 ) (1024 -448 768 ) (1024 -255.998718 768 ) 
4 27 76 (1024 -40 448 ) (1024 -248 448 ) (1024 -248 768 ) (1024 -40 768 ) 
4 27 28 (1024 -448 448 ) (1024 -40 448 ) (1128 -40 448 ) (1128 -448 448 ) 
4 28 82 (1024 -40 320 ) (1024 -448 320 ) (1024 -448 380 ) (1024 -40 380 ) 
4 28 78 (1024 -255.998718 448 ) (1024 -248 448 ) (1024 -248 380 ) (1024 -255.998718 380 ) 
4 28 77 (1024 -448 380 ) (1024 -448 448 ) (1024 -255.998718 448 ) (1024 -255.998718 380 ) 
4 28 76 (1024 -248 448 ) (1024 -40 448 ) (1024 -40 380 ) (1024 -248 380 ) 
4 28 75 (1024 0 448 ) (1024 0 320 ) (1024 -40 320 ) (1024 -40 448 ) 
4 28 47 (1024 -448 320 ) (1024 0 320 ) (1168 0 320 ) (1168 -448 320 ) 
4 29 33 (1088 -672 640 ) (1216 -672 640 ) (1216 -672 768 ) (1088 -672 768 ) 
4 29 31 (1216 -672 640 ) (1280 -672 640 ) (1280 -672 768 ) (1216 -672 768 ) 
4 30 99 (1024 -672 768 ) (1024 -640 768 ) (1024 -640 640 ) (1024 -672 640 ) 
4 30 35 (1024 -672 640 ) (1024 -640 640 ) (1032 -640 640 ) (1032 -672 640 ) 
4 30 34 (1024 -672 640 ) (1032 -672 640 ) (1032 -672 704 ) (1024 -672 704 ) 
4 31 33 (1216 -672 768 ) (1216 -672 640 ) (1216 -832 640 ) (1216 -832 768 ) 
4 31 32 (1216 -880 768 ) (1216 -880 640 ) (1280 -880 640 ) (1280 -880 768 ) 
4 32 43 (1280 -896 768 ) (1216 -896 768 ) (1216 -896 640 ) (1280 -896 640 ) 
4 34 100 (1024 -672 704 ) (1024 -672 640 ) (1024 -704 640 ) (1024 -704 704 ) 
4 34 35 (1024 -704 640 ) (1024 -672 640 ) (1032 -672 640 ) (1032 -704 640 ) 
4 35 100 (1024 -704 448 ) (1024 -704 640 ) (1024 -672 640 ) (1024 -672 448 ) 
4 35 99 (1024 -672 640 ) (1024 -640 640 ) (1024 -640 448 ) (1024 -672 448 ) 
4 36 96 (1024 -896 1144 ) (1024 -896 1120 ) (1024 -960 1120 ) (1024 -960 1144 ) 
4 37 115 (1344 -1024 1088 ) (1248 -1024 1088 ) (1248 -1024 1056 ) (1344 -1024 1056 ) 
4 37 114 (1472 -1024 1088 ) (1344 -1024 1088 ) (1344 -1024 1056 ) (1472 -1024 1056 ) 
4 37 117 (1248 -1024 1088 ) (1216 -1024 1088 ) (1216 -1024 1056 ) (1248 -1024 1056 ) 
4 37 45 (1344 -1024 1056 ) (1248 -1024 1056 ) (1248 -960 1056 ) (1344 -960 1056 ) 
4 37 44 (1408 -1024 1056 ) (1344 -1024 1056 ) (1344 -960 1056 ) (1408 -960 1056 ) 
4 37 46 (1248 -1024 1056 ) (1216 -1024 1056 ) (1216 -960 1056 ) (1248 -960 1056 ) 
4 37 42 (1280 -928 1056 ) (1408 -928 1056 ) (1408 -960 1056 ) (1280 -960 1056 ) 
4 37 43 (1216 -960 1056 ) (1216 -928 1056 ) (1280 -928 1056 ) (1280 -960 1056 ) 
4 37 40 (1472 -928 1056 ) (1472 -1024 1056 ) (1408 -1024 1056 ) (1408 -928 1056 ) 
4 37 38 (1216 -928 1056 ) (1216 -1024 1056 ) (1216 -1024 1088 ) (1216 -928 1088 ) 
4 38 117 (1216 -1024 1088 ) (1024 -1024 1088 ) (1024 -1024 1056 ) (1216 -1024 1056 ) 
4 38 101 (1024 -1024 1056 ) (1024 -1024 1088 ) (1024 -928 1088 ) (1024 -928 1056 ) 
4 38 100 (1024 -928 1088 ) (1024 -896 1088 ) (1024 -896 1056 ) (1024 -928 1056 ) 
4 38 46 (1024 -1024 1056 ) (1024 -960 1056 ) (1216 -960 1056 ) (1216 -1024 1056 ) 
4 38 43 (1024 -960 1056 ) (1024 -896 1056 ) (1216 -896 1056 ) (1216 -960 1056 ) 
4 39 48 (1408 -912 320 ) (1408 -896 320 ) (1472 -896 320 ) (1472 -912 320 ) 
4 39 41 (1408 -896 512 ) (1408 -896 320 ) (1408 -912 320 ) (1408 -912 512 ) 
4 39 40 (1408 -912 512 ) (1408 -912 320 ) (1472 -912 320 ) (1472 -912 512 ) 
4 40 114 (1408 -1024 320 ) (1472 -1024 320 ) (1472 -1024 1056 ) (1408 -1024 1056 ) 
4 40 48 (1472 -1024 320 ) (1408 -1024 320 ) (1408 -912 320 ) (1472 -912 320 ) 
4 40 44 (1408 -1024 1056 ) (1408 -960 1056 ) (1408 -960 320 ) (1408 -1024 320 ) 
4 40 42 (1408 -960 1056 ) (1408 -912 1056 ) (1408 -912 320 ) (1408 -960 320 ) 
4 41 49 (1280 -896 320 ) (1344 -896 320 ) (1344 -912 320 ) (1280 -912 320 ) 
4 41 48 (1344 -896 320 ) (1408 -896 320 ) (1408 -912 320 ) (1344 -912 320 ) 
4 41 42 (1280 -912 736 ) (1280 -912 320 ) (1408 -912 320 ) (1408 -912 736 ) 
4 41 43 (1280 -896 736 ) (1280 -896 320 ) (1280 -912 320 ) (1280 -912 736 ) 
4 42 49 (1344 -960 320 ) (1280 -960 320 ) (1280 -912 320 ) (1344 -912 320 ) 
4 42 48 (1408 -912 320 ) (1408 -960 320 ) (1344 -960 320 ) (1344 -912 320 ) 
4 42 45 (1344 -960 448 ) (1344 -960 1056 ) (1280 -960 1056 ) (1280 -960 448 ) 
4 42 44 (1344 -960 320 ) (1408 -960 320 ) (1408 -960 1056 ) (1344 -960 1056 ) 
4 42 43 (1280 -960 320 ) (1280 -960 1056 ) (1280 -912 1056 ) (1280 -912 320 ) 
4 43 101 (1024 -960 1056 ) (1024 -928 1056 ) (1024 -928 448 ) (1024 -960 448 ) 
4 43 100 (1024 -928 1056 ) (1024 -896 1056 ) (1024 -896 448 ) (1024 -928 448 ) 
4 43 49 (1248 -896 320 ) (1280 -896 320 ) (1280 -960 320 ) (1248 -960 320 ) 
4 43 50 (1024 -960 320 ) (1024 -896 320 ) (1248 -896 320 ) (1248 -960 320 ) 
4 43 45 (1280 -960 448 ) (1280 -960 1056 ) (1248 -960 1056 ) (1248 -960 448 ) 
4 43 46 (1024 -960 320 ) (1248 -960 320 ) (1248 -960 1056 ) (1024 -960 1056 ) 
4 44 114 (1344 -1024 320 ) (1408 -1024 320 ) (1408 -1024 1056 ) (1344 -1024 1056 ) 
4 44 48 (1408 -1024 320 ) (1344 -1024 320 ) (1344 -960 320 ) (1408 -960 320 ) 
4 44 45 (1344 -960 1056 ) (1344 -960 448 ) (1344 -1024 448 ) (1344 -1024 1056 ) 
4 45 115 (1344 -1024 448 ) (1344 -1024 1056 ) (1248 -1024 1056 ) (1248 -1024 448 ) 
4 45 46 (1248 -960 1056 ) (1248 -960 448 ) (1248 -1024 448 ) (1248 -1024 1056 ) 
4 46 117 (1024 -1024 1056 ) (1024 -1024 320 ) (1248 -1024 320 ) (1248 -1024 1056 ) 
4 46 101 (1024 -1024 448 ) (1024 -1024 1056 ) (1024 -960 1056 ) (1024 -960 448 ) 
4 46 50 (1248 -1024 320 ) (1024 -1024 320 ) (1024 -960 320 ) (1248 -960 320 ) 
4 47 82 (1024 -448 320 ) (1024 -40 320 ) (1024 -40 192 ) (1024 -448 192 ) 
4 47 75 (1024 -40 320 ) (1024 0 320 ) (1024 0 192 ) (1024 -40 192 ) 
4 48 136 (1472 -1024 320 ) (1344 -1024 320 ) (1344 -1024 192 ) (1472 -1024 192 ) 
4 48 49 (1344 -896 320 ) (1344 -896 192 ) (1344 -960 192 ) (1344 -960 320 ) 
4 49 50 (1248 -896 320 ) (1248 -896 192 ) (1248 -960 192 ) (1248 -960 320 ) 
4 50 139 (1248 -1024 320 ) (1024 -1024 320 ) (1024 -1024 192 ) (1248 -1024 192 ) 
4 51 59 (624 152 564 ) (624 416 564 ) (640 416 564 ) (640 152 564 ) 
4 51 58 (640 416 564 ) (816 416 564 ) (816 152 564 ) (640 152 564 ) 
4 51 56 (816 416 564 ) (1024 416 564 ) (1024 152 564 ) (816 152 564 ) 
4 51 54 (624 152 634 ) (624 152 602 ) (664 152 602 ) (664 152 634 ) 
4 51 53 (784 152 602 ) (1008 152 602 ) (1008 152 634 ) (784 152 634 ) 
4 51 55 (624 152 602 ) (624 152 564 ) (1024 152 564 ) (1024 152 602 ) 
4 51 52 (624 152 960 ) (624 152 634 ) (1024 152 634 ) (1024 152 960 ) 
4 52 105 (664 0 960 ) (624 0 960 ) (624 0 634 ) (664 0 634 ) 
4 52 102 (768 0 960 ) (664 0 960 ) (664 0 634 ) (768 0 634 ) 
4 52 73 (1024 0 634 ) (1024 0 960 ) (768 0 960 ) (768 0 634 ) 
4 52 54 (664 0 634 ) (624 0 634 ) (624 152 634 ) (664 152 634 ) 
4 52 53 (1008 0 634 ) (784 0 634 ) (784 152 634 ) (1008 152 634 ) 
4 53 74 (1008 0 634 ) (784 0 634 ) (784 0 602 ) (1008 0 602 ) 
4 53 55 (784 152 602 ) (1008 152 602 ) (1008 0 602 ) (784 0 602 ) 
4 54 105 (664 0 634 ) (624 0 634 ) (624 0 602 ) (664 0 602 ) 
4 54 55 (624 0 602 ) (624 152 602 ) (664 152 602 ) (664 0 602 ) 
4 55 105 (664 0 602 ) (624 0 602 ) (624 0 564 ) (664 0 564 ) 
4 55 103 (768 0 602 ) (664 0 602 ) (664 0 564 ) (768 0 564 ) 
4 55 75 (1024 0 564 ) (1024 0 602 ) (768 0 602 ) (768 0 564 ) 
4 55 62 (624 20 564 ) (624 92 564 ) (696 92 564 ) (696 20 564 ) 
4 55 63 (696 0 564 ) (624 0 564 ) (624 20 564 ) (696 20 564 ) 
4 55 61 (1024 0 564 ) (696 0 564 ) (696 92 564 ) (1024 92 564 ) 
4 55 59 (624 92 564 ) (624 152 564 ) (640 152 564 ) (640 92 564 ) 
4 55 58 (640 152 564 ) (816 152 564 ) (816 92 564 ) (640 92 564 ) 
4 55 56 (816 152 564 ) (1024 152 564 ) (1024 92 564 ) (816 92 564 ) 
4 56 64 (816 92 506 ) (816 92 468 ) (1024 92 468 ) (1024 92 506 ) 
4 56 61 (1024 92 564 ) (816 92 564 ) (816 92 506 ) (1024 92 506 ) 
4 56 60 (1024 92 468 ) (816 92 468 ) (816 416 468 ) (1024 416 468 ) 
4 56 58 (816 416 468 ) (816 92 468 ) (816 92 564 ) (816 416 564 ) 
4 58 64 (696 92 468 ) (816 92 468 ) (816 92 506 ) (696 92 506 ) 
4 58 62 (696 92 564 ) (640 92 564 ) (640 92 510 ) (696 92 510 ) 
4 58 61 (816 92 564 ) (696 92 564 ) (696 92 506 ) (816 92 506 ) 
4 58 60 (816 92 468 ) (640 92 468 ) (640 416 468 ) (816 416 468 ) 
4 58 59 (640 416 468 ) (640 92 468 ) (640 92 564 ) (640 416 564 ) 
4 59 62 (640 92 564 ) (624 92 564 ) (624 92 510 ) (640 92 510 ) 
4 59 60 (640 92 468 ) (624 92 468 ) (624 416 468 ) (640 416 468 ) 
4 60 70 (624 92 394 ) (624 92 192 ) (1024 92 192 ) (1024 92 394 ) 
4 60 68 (696 92 394 ) (1024 92 394 ) (1024 92 398 ) (696 92 398 ) 
4 60 64 (696 92 398 ) (1024 92 398 ) (1024 92 468 ) (696 92 468 ) 
4 61 103 (768 0 564 ) (696 0 564 ) (696 0 506 ) (768 0 506 ) 
4 61 75 (1024 0 506 ) (1024 0 564 ) (768 0 564 ) (768 0 506 ) 
4 61 64 (696 92 506 ) (1024 92 506 ) (1024 0 506 ) (696 0 506 ) 
4 61 62 (696 92 564 ) (696 92 510 ) (696 20 510 ) (696 20 564 ) 
4 61 63 (696 20 506 ) (696 0 506 ) (696 0 564 ) (696 20 564 ) 
4 62 63 (696 20 510 ) (696 20 564 ) (624 20 564 ) (624 20 510 ) 
4 63 105 (664 0 564 ) (624 0 564 ) (624 0 506 ) (664 0 506 ) 
4 63 103 (696 0 564 ) (664 0 564 ) (664 0 506 ) (696 0 506 ) 
4 63 67 (624 0 506 ) (624 20 506 ) (692 20 506 ) (692 0 506 ) 
4 63 65 (692 20 506 ) (696 20 506 ) (696 0 506 ) (692 0 506 ) 
4 64 103 (768 0 506 ) (696 0 506 ) (696 0 398 ) (768 0 398 ) 
4 64 75 (1024 0 398 ) (1024 0 506 ) (768 0 506 ) (768 0 398 ) 
4 64 68 (1024 0 398 ) (696 0 398 ) (696 92 398 ) (1024 92 398 ) 
4 64 65 (696 20 398 ) (696 0 398 ) (696 0 506 ) (696 20 506 ) 
4 65 103 (696 0 506 ) (692 0 506 ) (692 0 398 ) (696 0 398 ) 
4 65 69 (696 0 398 ) (692 0 398 ) (692 20 398 ) (696 20 398 ) 
4 65 67 (692 20 398 ) (692 0 398 ) (692 0 506 ) (692 20 506 ) 
4 67 105 (664 0 506 ) (624 0 506 ) (624 0 398 ) (664 0 398 ) 
4 67 103 (692 0 506 ) (664 0 506 ) (664 0 398 ) (692 0 398 ) 
4 67 69 (692 0 398 ) (624 0 398 ) (624 20 398 ) (692 20 398 ) 
4 68 103 (768 0 398 ) (696 0 398 ) (696 0 394 ) (768 0 394 ) 
4 68 75 (1024 0 394 ) (1024 0 398 ) (768 0 398 ) (768 0 394 ) 
4 68 70 (696 92 394 ) (1024 92 394 ) (1024 0 394 ) (696 0 394 ) 
4 68 69 (696 20 394 ) (696 0 394 ) (696 0 398 ) (696 20 398 ) 
4 69 105 (664 0 398 ) (624 0 398 ) (624 0 394 ) (664 0 394 ) 
4 69 103 (696 0 398 ) (664 0 398 ) (664 0 394 ) (696 0 394 ) 
4 69 70 (624 0 394 ) (624 20 394 ) (696 20 394 ) (696 0 394 ) 
4 70 105 (664 0 394 ) (624 0 394 ) (624 0 192 ) (664 0 192 ) 
4 70 103 (768 0 394 ) (664 0 394 ) (664 0 192 ) (768 0 192 ) 
4 70 75 (1024 0 192 ) (1024 0 394 ) (768 0 394 ) (768 0 192 ) 
4 73 102 (768 -40 634 ) (768 -40 960 ) (768 0 960 ) (768 0 634 ) 
4 73 76 (1024 -40 960 ) (768 -40 960 ) (768 -40 634 ) (1024 -40 634 ) 
4 73 74 (1008 -40 634 ) (784 -40 634 ) (784 0 634 ) (1008 0 634 ) 
4 74 76 (784 -40 602 ) (1008 -40 602 ) (1008 -40 634 ) (784 -40 634 ) 
4 74 75 (1008 -40 602 ) (784 -40 602 ) (784 0 602 ) (1008 0 602 ) 
4 75 103 (768 -40 192 ) (768 -40 602 ) (768 0 602 ) (768 0 192 ) 
4 75 82 (768 -40 380 ) (768 -40 192 ) (1024 -40 192 ) (1024 -40 380 ) 
4 75 76 (768 -40 602 ) (768 -40 380 ) (1024 -40 380 ) (1024 -40 602 ) 
4 76 104 (768 -248 960 ) (768 -40 960 ) (768 -40 380 ) (768 -248 380 ) 
4 76 82 (768 -248 380 ) (768 -40 380 ) (1024 -40 380 ) (1024 -248 380 ) 
4 76 80 (768 -248 380 ) (776 -248 380 ) (776 -248 960 ) (768 -248 960 ) 
4 76 79 (848 -248 380 ) (944 -248 380 ) (944 -248 960 ) (848 -248 960 ) 
4 76 78 (1016 -248 380 ) (1024 -248 380 ) (1024 -248 960 ) (1016 -248 960 ) 
4 77 83 (944 -448 576 ) (944 -448 448 ) (992 -448 448 ) (992 -448 576 ) 
4 77 82 (1024 -448 380 ) (944 -448 380 ) (944 -279.998962 380 ) (1024 -255.998718 380 ) 
4 77 79 (944 -279.998962 380 ) (944 -448 380 ) (944 -448 960 ) (944 -279.998962 960 ) 
4 77 78 (1024 -255.998917 380 ) (984.005737 -267.997253 380 ) (984.005737 -267.997253 960 ) (1024 -255.998917 960 ) 
4 78 82 (1016 -248 380 ) (1024 -248 380 ) (1024 -255.998718 380 ) (984.006226 -267.996979 380 ) 
4 79 83 (944 -448 448 ) (944 -448 576 ) (848 -448 576 ) (848 -448 448 ) 
4 79 82 (944 -448 380 ) (848 -448 380 ) (848 -248 380 ) (944 -248 380 ) 
4 79 81 (848 -280 380 ) (848 -293 380 ) (848 -293 960 ) (848 -280 960 ) 
4 79 80 (848 -293 380 ) (848 -448 380 ) (848 -448 960 ) (848 -293 960 ) 
4 80 104 (768 -448 380 ) (768 -448 960 ) (768 -248 960 ) (768 -248 380 ) 
4 80 83 (800 -448 448 ) (848 -448 448 ) (848 -448 576 ) (800 -448 576 ) 
5 80 82 (848 -448 380 ) (768 -448 380 ) (768 -248 380 ) (776 -248 380 ) (848 -293 380 ) 
4 80 81 (848 -293.001923 960 ) (848 -293.001953 380 ) (807.991760 -267.996796 380 ) (807.991821 -267.996826 960 ) 
3 81 82 (848 -280 380 ) (848 -293 380 ) (807.997803 -267.998627 380 ) 
4 82 104 (768 -448 192 ) (768 -448 380 ) (768 -40 380 ) (768 -40 192 ) 
4 83 89 (824 -464 448 ) (968 -464 448 ) (968 -464 564 ) (824 -464 564 ) 
4 84 85 (768 -480 1144 ) (768 -480 1088 ) (1024 -480 1088 ) (1024 -480 1144 ) 
4 85 94 (768 -608 1144 ) (768 -608 1088 ) (960 -608 1088 ) (960 -608 1144 ) 
4 85 93 (960 -608 1088 ) (1024 -608 1088 ) (1024 -608 1144 ) (960 -608 1144 ) 
4 86 91 (800 -608 576 ) (768 -608 576 ) (768 -480 576 ) (800 -480 576 ) 
4 86 90 (992 -608 576 ) (800 -608 576 ) (800 -480 576 ) (992 -480 576 ) 
4 86 87 (1024 -608 576 ) (992 -608 576 ) (992 -480 576 ) (1024 -480 576 ) 
4 87 90 (992 -608 450 ) (992 -608 576 ) (992 -480 576 ) (992 -480 450 ) 
4 87 88 (1024 -608 450 ) (992 -608 450 ) (992 -480 450 ) (1024 -480 450 ) 
4 88 90 (992 -608 448 ) (992 -608 450 ) (992 -480 450 ) (992 -480 448 ) 
4 89 90 (824 -478 448 ) (968 -478 448 ) (968 -478 564 ) (824 -478 564 ) 
4 90 95 (960 -608 576 ) (832 -608 576 ) (832 -608 448 ) (960 -608 448 ) 
4 90 92 (800 -608 448 ) (800 -608 450 ) (800 -480 450 ) (800 -480 448 ) 
4 90 91 (800 -608 450 ) (800 -608 576 ) (800 -480 576 ) (800 -480 450 ) 
4 91 92 (768 -480 450 ) (800 -480 450 ) (800 -608 450 ) (768 -608 450 ) 
4 93 97 (1024 -640 1088 ) (1024 -640 1120 ) (960 -640 1120 ) (960 -640 1088 ) 
4 93 96 (1024 -640 1120 ) (1024 -640 1144 ) (960 -640 1144 ) (960 -640 1120 ) 
4 93 94 (960 -608 1144 ) (960 -608 1088 ) (960 -640 1088 ) (960 -640 1144 ) 
4 94 97 (768 -640 1120 ) (768 -640 1088 ) (960 -640 1088 ) (960 -640 1120 ) 
4 94 96 (768 -640 1144 ) (768 -640 1120 ) (960 -640 1120 ) (960 -640 1144 ) 
4 95 99 (960 -640 448 ) (960 -640 576 ) (832 -640 576 ) (832 -640 448 ) 
4 96 100 (768 -928 1120 ) (768 -672 1120 ) (1024 -672 1120 ) (1024 -928 1120 ) 
4 96 97 (768 -672 1120 ) (768 -640 1120 ) (1024 -640 1120 ) (1024 -672 1120 ) 
4 97 100 (1024 -672 1040 ) (1024 -672 1120 ) (768 -672 1120 ) (768 -672 1040 ) 
4 98 100 (1024 -672 1026 ) (1024 -672 1034 ) (768 -672 1034 ) (768 -672 1026 ) 
4 98 99 (1024 -672 1026 ) (768 -672 1026 ) (768 -640 1026 ) (1024 -640 1026 ) 
4 99 106 (768 -640 704 ) (768 -640 448 ) (768 -672 448 ) (768 -672 704 ) 
4 99 100 (768 -672 448 ) (1024 -672 448 ) (1024 -672 1026 ) (768 -672 1026 ) 
4 100 101 (768 -928 448 ) (1024 -928 448 ) (1024 -928 1088 ) (768 -928 1088 ) 
4 101 148 (1024 -1024 448 ) (1024 -1024 640 ) (768 -1024 640 ) (768 -1024 448 ) 
4 101 143 (1024 -1024 640 ) (1024 -1024 1088 ) (768 -1024 1088 ) (768 -1024 640 ) 
4 102 105 (664 -40 634 ) (664 -40 960 ) (664 0 960 ) (664 0 634 ) 
4 102 104 (664 -40 960 ) (664 -40 634 ) (768 -40 634 ) (768 -40 960 ) 
4 103 105 (664 0 192 ) (664 -40 192 ) (664 -40 602 ) (664 0 602 ) 
4 103 104 (664 -40 602 ) (664 -40 192 ) (768 -40 192 ) (768 -40 602 ) 
4 104 105 (664 -40 192 ) (664 -448 192 ) (664 -448 960 ) (664 -40 960 ) 
4 106 107 (760 -640 440 ) (760 -640 384 ) (760 -672 384 ) (760 -672 440 ) 
4 108 114 (1472 -1120 512 ) (1472 -1312 512 ) (1472 -1312 768 ) (1472 -1120 768 ) 
4 109 112 (1440 -1312 1104 ) (1440 -1056 1104 ) (1440 -1056 1102 ) (1440 -1312 1102 ) 
4 109 110 (1440 -1056.500000 1102 ) (1440 -1056 1102 ) (1472 -1056 1102 ) (1472 -1056.500000 1102 ) 
4 110 111 (1440 -1056.500000 1096 ) (1440 -1056 1096 ) (1472 -1056 1096 ) (1472 -1056.500000 1096 ) 
4 111 118 (1472 -1504 1088 ) (1472 -1568 1088 ) (1456 -1568 1088 ) (1456 -1504 1088 ) 
4 111 120 (1456 -1568 1088 ) (1440 -1568 1088 ) (1440 -1504 1088 ) (1456 -1504 1088 ) 
4 111 114 (1472 -1056 1088 ) (1472 -1504 1088 ) (1440 -1504 1088 ) (1440 -1056 1088 ) 
4 111 113 (1440 -1056 1088 ) (1440 -1312 1088 ) (1440 -1312 1096 ) (1440 -1056 1096 ) 
4 113 114 (1440 -1056 1088 ) (1440 -1312 1088 ) (1408 -1312 1088 ) (1408 -1056 1088 ) 
4 114 136 (1344 -1024 320 ) (1472 -1024 320 ) (1472 -1504 320 ) (1344 -1504 320 ) 
4 114 118 (1472 -1504 704 ) (1472 -1504 1088 ) (1456 -1504 1088 ) (1456 -1504 704 ) 
4 114 119 (1472 -1504 384 ) (1472 -1504 512 ) (1456 -1504 512 ) (1456 -1504 384 ) 
4 114 120 (1456 -1504 1088 ) (1344 -1504 1088 ) (1344 -1504 384 ) (1456 -1504 384 ) 
4 114 115 (1344 -1056 448 ) (1344 -1056 1088 ) (1344 -1024 1088 ) (1344 -1024 448 ) 
4 114 116 (1344 -1056 320 ) (1344 -1504 320 ) (1344 -1504 1088 ) (1344 -1056 1088 ) 
4 115 116 (1248 -1056 1088 ) (1248 -1056 448 ) (1344 -1056 448 ) (1344 -1056 1088 ) 
4 115 117 (1248 -1056 448 ) (1248 -1056 1088 ) (1248 -1024 1088 ) (1248 -1024 448 ) 
4 116 140 (1280 -1504 320 ) (1248 -1504 320 ) (1248 -1056 320 ) (1280 -1056 320 ) 
4 116 137 (1344 -1056 320 ) (1344 -1504 320 ) (1280 -1504 320 ) (1280 -1056 320 ) 
4 116 120 (1344 -1504 384 ) (1344 -1504 1088 ) (1248 -1504 1088 ) (1248 -1504 384 ) 
4 116 117 (1248 -1056 320 ) (1248 -1504 320 ) (1248 -1504 1088 ) (1248 -1056 1088 ) 
4 117 162 (1024 -1120 320 ) (1024 -1504 320 ) (1024 -1504 384 ) (1024 -1120 384 ) 
4 117 148 (1024 -1024 640 ) (1024 -1024 448 ) (1024 -1120 448 ) (1024 -1120 640 ) 
4 117 149 (1024 -1120 384 ) (1024 -1504 384 ) (1024 -1504 640 ) (1024 -1120 640 ) 
4 117 143 (1024 -1024 1088 ) (1024 -1024 640 ) (1024 -1504 640 ) (1024 -1504 1088 ) 
4 117 140 (1088 -1056 320 ) (1248 -1056 320 ) (1248 -1504 320 ) (1088 -1504 320 ) 
4 117 141 (1024 -1504 320 ) (1024 -1056 320 ) (1088 -1056 320 ) (1088 -1504 320 ) 
4 117 139 (1024 -1056 320 ) (1024 -1024 320 ) (1248 -1024 320 ) (1248 -1056 320 ) 
4 117 124 (1024 -1504 320 ) (1088 -1504 320 ) (1088 -1504 384 ) (1024 -1504 384 ) 
4 117 120 (1248 -1504 384 ) (1248 -1504 1088 ) (1024 -1504 1088 ) (1024 -1504 384 ) 
4 118 120 (1456 -1504 1088 ) (1456 -1504 704 ) (1456 -1568 704 ) (1456 -1568 1088 ) 
4 119 121 (1456 -1568 384 ) (1472 -1568 384 ) (1472 -1568 512 ) (1456 -1568 512 ) 
4 119 120 (1456 -1504 512 ) (1456 -1504 384 ) (1456 -1568 384 ) (1456 -1568 512 ) 
4 120 149 (1024 -1504 640 ) (1024 -1504 384 ) (1024 -1568 384 ) (1024 -1568 640 ) 
4 120 143 (1024 -1568 1088 ) (1024 -1504 1088 ) (1024 -1504 640 ) (1024 -1568 640 ) 
4 120 124 (1024 -1568 384 ) (1024 -1504 384 ) (1088 -1504 384 ) (1088 -1568 384 ) 
4 120 121 (1440 -1568 384 ) (1456 -1568 384 ) (1456 -1568 512 ) (1440 -1568 512 ) 
4 120 123 (1024 -1568 384 ) (1440 -1568 384 ) (1440 -1568 1088 ) (1024 -1568 1088 ) 
4 121 122 (1440 -1632 512 ) (1440 -1632 384 ) (1472 -1632 384 ) (1472 -1632 512 ) 
4 121 123 (1440 -1568 512 ) (1440 -1568 384 ) (1440 -1632 384 ) (1440 -1632 512 ) 
4 122 123 (1440 -1632 384 ) (1440 -1728 384 ) (1440 -1728 1088 ) (1440 -1632 1088 ) 
4 123 152 (1024 -1728 384 ) (1024 -1728 640 ) (1024 -1600 640 ) (1024 -1600 384 ) 
4 123 149 (1024 -1600 640 ) (1024 -1568 640 ) (1024 -1568 384 ) (1024 -1600 384 ) 
4 123 147 (1024 -1728 640 ) (1024 -1728 1088 ) (1024 -1696 1088 ) (1024 -1696 640 ) 
4 123 144 (1024 -1696 1088 ) (1024 -1632 1088 ) (1024 -1632 640 ) (1024 -1696 640 ) 
4 123 143 (1024 -1632 1088 ) (1024 -1568 1088 ) (1024 -1568 640 ) (1024 -1632 640 ) 
4 123 126 (1216 -1728 1088 ) (1024 -1728 1088 ) (1024 -1728 384 ) (1216 -1728 384 ) 
4 123 125 (1248 -1728 640 ) (1248 -1728 384 ) (1440 -1728 384 ) (1440 -1728 640 ) 
4 123 124 (1024 -1600 384 ) (1024 -1568 384 ) (1088 -1568 384 ) (1088 -1600 384 ) 
4 124 163 (1024 -1568 320 ) (1024 -1600 320 ) (1024 -1600 384 ) (1024 -1568 384 ) 
4 124 162 (1024 -1504 320 ) (1024 -1568 320 ) (1024 -1568 384 ) (1024 -1504 384 ) 
4 124 141 (1024 -1600 320 ) (1024 -1504 320 ) (1088 -1504 320 ) (1088 -1600 320 ) 
4 125 129 (1408 -1760 418 ) (1408 -1760 640 ) (1280 -1760 640 ) (1280 -1760 418 ) 
4 125 130 (1280 -1760 384 ) (1408 -1760 384 ) (1408 -1760 414 ) (1280 -1760 414 ) 
4 125 128 (1408 -1760 384 ) (1440 -1760 384 ) (1440 -1760 640 ) (1408 -1760 640 ) 
4 125 131 (1248 -1760 640 ) (1248 -1760 384 ) (1280 -1760 384 ) (1280 -1760 640 ) 
4 126 152 (1024 -1760 384 ) (1024 -1760 640 ) (1024 -1728 640 ) (1024 -1728 384 ) 
4 126 147 (1024 -1760 640 ) (1024 -1760 1088 ) (1024 -1728 1088 ) (1024 -1728 640 ) 
4 126 133 (1216 -1760 1088 ) (1024 -1760 1088 ) (1024 -1760 384 ) (1216 -1760 384 ) 
4 127 128 (1440 -1760 472 ) (1440 -1760 456 ) (1440 -1888 456 ) (1440 -1888 472 ) 
4 128 129 (1408 -1888 418 ) (1408 -1888 640 ) (1408 -1760 640 ) (1408 -1760 418 ) 
4 128 130 (1408 -1760 384 ) (1408 -1888 384 ) (1408 -1888 414 ) (1408 -1760 414 ) 
4 129 131 (1280 -1888 418 ) (1280 -1888 640 ) (1280 -1760 640 ) (1280 -1760 418 ) 
4 130 134 (1408 -1888 384 ) (1280 -1888 384 ) (1280 -1760 384 ) (1408 -1760 384 ) 
4 130 131 (1280 -1760 384 ) (1280 -1888 384 ) (1280 -1888 414 ) (1280 -1760 414 ) 
4 131 132 (1248 -1760 472 ) (1248 -1760 456 ) (1248 -1888 456 ) (1248 -1888 472 ) 
4 133 152 (1024 -1888 384 ) (1024 -1888 640 ) (1024 -1760 640 ) (1024 -1760 384 ) 
4 133 147 (1024 -1888 640 ) (1024 -1888 1088 ) (1024 -1760 1088 ) (1024 -1760 640 ) 
4 133 135 (1216 -1888 1088 ) (1024 -1888 1088 ) (1024 -1888 384 ) (1216 -1888 384 ) 
4 134 138 (1280 -1760 320 ) (1408 -1760 320 ) (1408 -1888 320 ) (1280 -1888 320 ) 
4 135 152 (1024 -2048 384 ) (1024 -2048 640 ) (1024 -1888 640 ) (1024 -1888 384 ) 
4 135 147 (1024 -2048 640 ) (1024 -2048 1088 ) (1024 -1888 1088 ) (1024 -1888 640 ) 
4 135 142 (1024 -2048 1088 ) (1024 -2048 384 ) (1216 -2048 384 ) (1216 -2048 1088 ) 
4 136 137 (1344 -1056 192 ) (1344 -1504 192 ) (1344 -1504 320 ) (1344 -1056 320 ) 
4 137 140 (1280 -1504 320 ) (1280 -1056 320 ) (1280 -1056 192 ) (1280 -1504 192 ) 
4 139 140 (1088 -1056 192 ) (1248 -1056 192 ) (1248 -1056 320 ) (1088 -1056 320 ) 
4 139 141 (1024 -1056 192 ) (1088 -1056 192 ) (1088 -1056 320 ) (1024 -1056 320 ) 
4 140 141 (1088 -1056 320 ) (1088 -1056 192 ) (1088 -1504 192 ) (1088 -1504 320 ) 
4 141 168 (1024 -1120 192 ) (1024 -1600 192 ) (1024 -1600 320 ) (1024 -1120 320 ) 
4 142 169 (1024 -2080 384 ) (1024 -2080 1088 ) (1024 -2048 1088 ) (1024 -2048 384 ) 
4 143 153 (960 -1632 640 ) (832 -1632 640 ) (832 -1600 640 ) (960 -1600 640 ) 
4 143 152 (1024 -1600 640 ) (1024 -1632 640 ) (960 -1632 640 ) (960 -1600 640 ) 
4 143 156 (832 -1632 640 ) (768 -1632 640 ) (768 -1600 640 ) (832 -1600 640 ) 
4 143 148 (768 -1024 640 ) (1024 -1024 640 ) (1024 -1120 640 ) (768 -1120 640 ) 
4 143 149 (1024 -1120 640 ) (1024 -1600 640 ) (768 -1600 640 ) (768 -1120 640 ) 
4 143 144 (768 -1632 640 ) (1024 -1632 640 ) (1024 -1632 1088 ) (768 -1632 1088 ) 
4 144 154 (960 -1676.388062 640 ) (960 -1696 640 ) (832 -1696 640 ) (832 -1676.388062 640 ) 
4 144 153 (832 -1632 640 ) (960 -1632 640 ) (960 -1676.388062 640 ) (832 -1676.388062 640 ) 
4 144 152 (960 -1632 640 ) (1024 -1632 640 ) (1024 -1696 640 ) (960 -1696 640 ) 
4 144 156 (768 -1632 640 ) (832 -1632 640 ) (832 -1696 640 ) (768 -1696 640 ) 
4 144 147 (768 -1696 640 ) (1024 -1696 640 ) (1024 -1696 1088 ) (768 -1696 1088 ) 
4 145 158 (512 -1632 640 ) (576 -1632 640 ) (576 -1664 640 ) (512 -1664 640 ) 
4 145 159 (576 -1664 640 ) (576 -1696 640 ) (512 -1696 640 ) (512 -1664 640 ) 
4 146 158 (320 -1632 640 ) (384 -1632 640 ) (384 -1664 640 ) (320 -1664 640 ) 
4 146 159 (384 -1664 640 ) (384 -1696 640 ) (320 -1696 640 ) (320 -1664 640 ) 
4 147 170 (960 -2048 1088 ) (832 -2048 1088 ) (832 -2048 640 ) (960 -2048 640 ) 
4 147 169 (1024 -2048 640 ) (1024 -2048 1088 ) (960 -2048 1088 ) (960 -2048 640 ) 
4 147 173 (832 -2048 1088 ) (768 -2048 1088 ) (768 -2048 640 ) (832 -2048 640 ) 
4 147 154 (960 -2048 640 ) (832 -2048 640 ) (832 -1696 640 ) (960 -1696 640 ) 
4 147 152 (1024 -2048 640 ) (960 -2048 640 ) (960 -1696 640 ) (1024 -1696 640 ) 
4 147 156 (832 -2048 640 ) (768 -2048 640 ) (768 -1696 640 ) (832 -1696 640 ) 
4 148 149 (768 -1120 640 ) (768 -1120 448 ) (1024 -1120 448 ) (1024 -1120 640 ) 
4 149 163 (1024 -1568 384 ) (1024 -1600 384 ) (768 -1600 384 ) (768 -1568 384 ) 
4 149 162 (1024 -1120 384 ) (1024 -1568 384 ) (768 -1568 384 ) (768 -1120 384 ) 
4 149 153 (832 -1600 384 ) (960 -1600 384 ) (960 -1600 640 ) (832 -1600 640 ) 
4 149 152 (960 -1600 384 ) (1024 -1600 384 ) (1024 -1600 640 ) (960 -1600 640 ) 
4 149 156 (768 -1600 384 ) (832 -1600 384 ) (832 -1600 640 ) (768 -1600 640 ) 
4 150 164 (480 -1568 384 ) (608 -1568 384 ) (608 -1600 384 ) (480 -1600 384 ) 
4 150 158 (480 -1600 384 ) (608 -1600 384 ) (608 -1600 640 ) (480 -1600 640 ) 
4 151 165 (256 -1568 384 ) (416 -1568 384 ) (416 -1600 384 ) (256 -1600 384 ) 
4 151 158 (256 -1600 384 ) (416 -1600 384 ) (416 -1600 640 ) (256 -1600 640 ) 
4 152 169 (1024 -2048 384 ) (1024 -2048 640 ) (960 -2048 640 ) (960 -2048 384 ) 
3 152 155 (960 -2048 425.384460 ) (960 -2048 554.104980 ) (960 -1992.269653 457.570221 ) 
4 152 154 (960 -2048 562.104431 ) (960 -2048 640 ) (960 -1676.387939 640 ) (960 -1988.801758 459.572998 ) 
5 152 153 (960 -1600 640 ) (960 -1600 384 ) (960 -2048 384 ) (960 -2048 425.384460 ) (960 -1676.387939 640 ) 
4 153 172 (832 -2048 425.384460 ) (832 -2048 384 ) (960 -2048 384 ) (960 -2048 425.384460 ) 
4 153 155 (832 -1992.268799 457.571808 ) (832 -2048 425.385620 ) (960 -2048 425.383026 ) (960 -1992.268921 457.568939 ) 
4 153 154 (832 -1676.390015 640 ) (832 -1988.800537 459.574829 ) (960 -1988.801025 459.571716 ) (960 -1676.382813 640 ) 
5 153 156 (832 -1600 640 ) (832 -1600 384 ) (832 -2048 384 ) (832 -2048 425.384460 ) (832 -1676.387939 640 ) 
4 154 171 (832 -2048 573.193359 ) (832 -2048 562.108337 ) (960 -2048 562.104431 ) (960 -2048 573.191406 ) 
4 154 170 (960 -2048 640 ) (832 -2048 640 ) (832 -2048 573.193359 ) (960 -2048 573.191406 ) 
4 154 156 (832 -2048 562.108337 ) (832 -2048 640 ) (832 -1676.387939 640 ) (832 -1988.800049 459.573944 ) 
4 155 172 (832 -2048 554.107910 ) (832 -2048 425.384460 ) (960 -2048 425.384460 ) (960 -2048 554.104980 ) 
3 155 156 (832 -2048 425.384460 ) (832 -2048 554.107910 ) (832 -1992.268311 457.570923 ) 
4 156 173 (832 -2048 640 ) (768 -2048 640 ) (768 -2048 384 ) (832 -2048 384 ) 
4 156 157 (768 -1632 384 ) (768 -1888 384 ) (768 -1888 640 ) (768 -1632 640 ) 
4 157 159 (736 -1664 384 ) (736 -1824 384 ) (736 -1824 640 ) (736 -1664 640 ) 
4 158 167 (288 -1664 384 ) (256 -1664 384 ) (256 -1632 384 ) (288 -1632 384 ) 
4 158 166 (256 -1600 384 ) (288 -1600 384 ) (288 -1632 384 ) (256 -1632 384 ) 
4 158 159 (256 -1664 640 ) (256 -1664 384 ) (640 -1664 384 ) (640 -1664 640 ) 
4 159 167 (288 -1824 384 ) (256 -1824 384 ) (256 -1664 384 ) (288 -1664 384 ) 
4 159 160 (288 -1824 384 ) (704 -1824 384 ) (704 -1824 640 ) (288 -1824 640 ) 
4 160 161 (576 -1888 384 ) (704 -1888 384 ) (704 -1888 640 ) (576 -1888 640 ) 
4 162 168 (1024 -1120 320 ) (1024 -1568 320 ) (768 -1568 320 ) (768 -1120 320 ) 
4 162 163 (768 -1568 320 ) (1024 -1568 320 ) (1024 -1568 384 ) (768 -1568 384 ) 
4 163 168 (768 -1568 320 ) (1024 -1568 320 ) (1024 -1600 320 ) (768 -1600 320 ) 
4 165 166 (288 -1600 384 ) (256 -1600 384 ) (256 -1600 376 ) (288 -1600 376 ) 
4 166 167 (288 -1632 376 ) (288 -1632 384 ) (256 -1632 384 ) (256 -1632 376 ) 
5 169 172 (960 -2048 384 ) (960 -2080 384 ) (960 -2080 554.728882 ) (960 -2056.265625 568.422546 ) (960 -2048 554.104797 ) 
3 169 171 (960 -2052.801758 570.421021 ) (960 -2048 573.191406 ) (960 -2048 562.104492 ) 
4 169 170 (960 -2080 554.728882 ) (960 -2080 1088 ) (960 -2048 1088 ) (960 -2048 573.191406 ) 
4 170 174 (832 -2080 576 ) (832 -2080 554.730835 ) (960 -2080 554.728882 ) (960 -2080 576 ) 
4 170 172 (832 -2080 554.726807 ) (832 -2056.263428 568.421692 ) (960 -2056.265137 568.421570 ) (960 -2080 554.727600 ) 
4 170 171 (832 -2052.799072 570.420471 ) (832 -2048 573.189392 ) (960 -2048 573.190125 ) (960 -2052.801270 570.420044 ) 
4 170 173 (832 -2080 554.730835 ) (832 -2080 1088 ) (832 -2048 1088 ) (832 -2048 573.193359 ) 
3 171 173 (832 -2052.800781 570.423462 ) (832 -2048 573.193359 ) (832 -2048 562.108398 ) 
4 172 174 (832 -2080 554.730835 ) (832 -2080 448 ) (960 -2080 448 ) (960 -2080 554.728882 ) 
5 172 173 (832 -2048 384 ) (832 -2080 384 ) (832 -2080 554.730835 ) (832 -2056.265381 568.424622 ) (832 -2048 554.107727 ) 
