PRT1
319
899
4 0 8 (2048 3072 768 ) (2048 3072 1536 ) (2048 4096 1536 ) (2048 4096 768 ) 
4 0 4 (2560 3072 768 ) (2560 3072 1536 ) (2048 3072 1536 ) (2048 3072 768 ) 
4 0 1 (2048 4096 768 ) (2560 4096 768 ) (2560 3072 768 ) (2048 3072 768 ) 
4 1 9 (2048 3072 -992 ) (2048 3072 768 ) (2048 4096 768 ) (2048 4096 -992 ) 
4 1 5 (2560 3072 -992 ) (2560 3072 768 ) (2048 3072 768 ) (2048 3072 -992 ) 
4 1 2 (2048 3072 -992 ) (2048 4096 -992 ) (2560 4096 -992 ) (2560 3072 -992 ) 
4 2 10 (2048 3072 -1984 ) (2048 3072 -992 ) (2048 4096 -992 ) (2048 4096 -1984 ) 
4 2 6 (2560 3072 -1984 ) (2560 3072 -992 ) (2048 3072 -992 ) (2048 3072 -1984 ) 
4 2 3 (2048 4096 -1984 ) (2560 4096 -1984 ) (2560 3072 -1984 ) (2048 3072 -1984 ) 
4 3 11 (2048 3072 -3232 ) (2048 3072 -1984 ) (2048 4096 -1984 ) (2048 4096 -3232 ) 
4 3 7 (2560 3072 -3232 ) (2560 3072 -1984 ) (2048 3072 -1984 ) (2048 3072 -3232 ) 
4 4 25 (2560 2048 768 ) (2560 2048 1536 ) (2048 2048 1536 ) (2048 2048 768 ) 
4 4 16 (2048 2048 768 ) (2048 2048 1536 ) (2048 3072 1536 ) (2048 3072 768 ) 
4 4 5 (2560 3072 768 ) (2560 2048 768 ) (2048 2048 768 ) (2048 3072 768 ) 
4 5 26 (2560 2048 -992 ) (2560 2048 768 ) (2048 2048 768 ) (2048 2048 -992 ) 
4 5 17 (2048 2048 -992 ) (2048 2048 768 ) (2048 3072 768 ) (2048 3072 -992 ) 
4 5 6 (2048 2048 -992 ) (2048 3072 -992 ) (2560 3072 -992 ) (2560 2048 -992 ) 
4 6 27 (2560 2048 -1984 ) (2560 2048 -992 ) (2048 2048 -992 ) (2048 2048 -1984 ) 
4 6 18 (2048 2048 -1984 ) (2048 2048 -992 ) (2048 3072 -992 ) (2048 3072 -1984 ) 
4 6 7 (2560 3072 -1984 ) (2560 2048 -1984 ) (2048 2048 -1984 ) (2048 3072 -1984 ) 
4 7 28 (2560 2048 -3232 ) (2560 2048 -1984 ) (2048 2048 -1984 ) (2048 2048 -3232 ) 
4 7 19 (2048 2048 -3232 ) (2048 2048 -1984 ) (2048 3072 -1984 ) (2048 3072 -3232 ) 
4 8 16 (2048 3072 768 ) (2048 3072 1536 ) (1024 3072 1536 ) (1024 3072 768 ) 
4 8 12 (1024 3072 768 ) (1024 3072 1536 ) (1024 3584 1536 ) (1024 3584 768 ) 
5 8 9 (2048 3072 768 ) (1024 3072 768 ) (1024 3583.993164 768 ) (1280.003052 4096 768 ) (2048 4096 768 ) 
4 9 17 (2048 3072 -992 ) (2048 3072 768 ) (1024 3072 768 ) (1024 3072 -992 ) 
4 9 13 (1024 3072 -992 ) (1024 3072 768 ) (1024 3584 768 ) (1024 3584 -992 ) 
5 9 10 (1024 3072 -992 ) (1024 3583.992188 -992 ) (1280.003418 4096 -992 ) (2048 4096 -992 ) (2048 3072 -992 ) 
4 10 18 (2048 3072 -1984 ) (2048 3072 -992 ) (1024 3072 -992 ) (1024 3072 -1984 ) 
4 10 14 (1024 3072 -1984 ) (1024 3072 -992 ) (1024 3584 -992 ) (1024 3584 -1984 ) 
5 10 11 (2048 3072 -1984 ) (1024 3072 -1984 ) (1024 3583.993164 -1984 ) (1280.003052 4096 -1984 ) (2048 4096 -1984 ) 
4 11 19 (2048 3072 -3232 ) (2048 3072 -1984 ) (1024 3072 -1984 ) (1024 3072 -3232 ) 
4 11 15 (1024 3072 -3232 ) (1024 3072 -1984 ) (1024 3584 -1984 ) (1024 3584 -3232 ) 
4 12 20 (1024 3072 768 ) (1024 3072 1536 ) (768 3072 1536 ) (768 3072 768 ) 
3 12 13 (1024 3584 768 ) (1024 3072 768 ) (768 3072 768 ) 
4 13 21 (1024 3072 -992 ) (1024 3072 768 ) (768 3072 768 ) (768 3072 -992 ) 
3 13 14 (1024 3072 -992 ) (768 3072 -992 ) (1024 3584 -992 ) 
4 14 22 (1024 3072 -1984 ) (1024 3072 -992 ) (768 3072 -992 ) (768 3072 -1984 ) 
3 14 15 (1024 3584 -1984 ) (1024 3072 -1984 ) (768 3072 -1984 ) 
4 15 23 (1024 3072 -3232 ) (1024 3072 -1984 ) (768 3072 -1984 ) (768 3072 -3232 ) 
4 16 33 (2048 2048 768 ) (2048 2048 1536 ) (1024 2048 1536 ) (1024 2048 768 ) 
4 16 20 (1024 3072 1536 ) (1024 3072 768 ) (1024 2048 768 ) (1024 2048 1536 ) 
4 16 17 (2048 2048 768 ) (1024 2048 768 ) (1024 3072 768 ) (2048 3072 768 ) 
4 17 34 (2048 2048 -992 ) (2048 2048 768 ) (1024 2048 768 ) (1024 2048 -992 ) 
4 17 21 (1024 3072 768 ) (1024 3072 -992 ) (1024 2048 -992 ) (1024 2048 768 ) 
4 17 18 (1024 3072 -992 ) (2048 3072 -992 ) (2048 2048 -992 ) (1024 2048 -992 ) 
4 18 35 (2048 2048 -1984 ) (2048 2048 -992 ) (1024 2048 -992 ) (1024 2048 -1984 ) 
4 18 22 (1024 3072 -992 ) (1024 3072 -1984 ) (1024 2048 -1984 ) (1024 2048 -992 ) 
4 18 19 (2048 2048 -1984 ) (1024 2048 -1984 ) (1024 3072 -1984 ) (2048 3072 -1984 ) 
4 19 36 (2048 2048 -3232 ) (2048 2048 -1984 ) (1024 2048 -1984 ) (1024 2048 -3232 ) 
4 19 23 (1024 3072 -1984 ) (1024 3072 -3232 ) (1024 2048 -3232 ) (1024 2048 -1984 ) 
4 20 37 (1024 2048 768 ) (1024 2048 1536 ) (256.002014 2048 1536 ) (256.001984 2048 768 ) 
4 20 21 (1024 3072 768 ) (1024 2048 768 ) (256.002014 2048 768 ) (768 3072 768 ) 
4 21 44 (1024 2048 -992 ) (1024 2048 -352 ) (256.002014 2048 -352 ) (256.001984 2048 -992 ) 
4 21 41 (1024 2048 -352 ) (1024 2048 176 ) (256.002014 2048 176 ) (256.002014 2048 -352 ) 
4 21 39 (1024 2048 176 ) (1024 2048 496 ) (256.002014 2048 496 ) (256.002014 2048 176 ) 
4 21 38 (1024 2048 496 ) (1024 2048 768 ) (256.002014 2048 768 ) (256.002014 2048 496 ) 
4 21 22 (1024 2048 -992 ) (256.002014 2048 -992 ) (768 3072 -992 ) (1024 3072 -992 ) 
4 22 45 (1024 2048 -1984 ) (1024 2048 -992 ) (256.002014 2048 -992 ) (256.001984 2048 -1984 ) 
4 22 23 (1024 3072 -1984 ) (1024 2048 -1984 ) (256.002014 2048 -1984 ) (768 3072 -1984 ) 
4 23 46 (1024 2048 -3232 ) (1024 2048 -1984 ) (256.002014 2048 -1984 ) (256.001984 2048 -3232 ) 
4 25 33 (2048 2048 1536 ) (2048 2048 768 ) (2048 1024 768 ) (2048 1024 1536 ) 
4 25 29 (2560 1024 768 ) (2560 1024 1536 ) (2048 1024 1536 ) (2048 1024 768 ) 
4 25 26 (2048 2048 768 ) (2560 2048 768 ) (2560 1024 768 ) (2048 1024 768 ) 
4 26 34 (2048 2048 768 ) (2048 2048 -992 ) (2048 1024 -992 ) (2048 1024 768 ) 
4 26 30 (2560 1024 -992 ) (2560 1024 768 ) (2048 1024 768 ) (2048 1024 -992 ) 
4 26 27 (2048 1024 -992 ) (2048 2048 -992 ) (2560 2048 -992 ) (2560 1024 -992 ) 
4 27 35 (2048 2048 -992 ) (2048 2048 -1984 ) (2048 1024 -1984 ) (2048 1024 -992 ) 
4 27 31 (2560 1024 -1984 ) (2560 1024 -992 ) (2048 1024 -992 ) (2048 1024 -1984 ) 
4 27 28 (2048 2048 -1984 ) (2560 2048 -1984 ) (2560 1024 -1984 ) (2048 1024 -1984 ) 
4 28 36 (2048 2048 -1984 ) (2048 2048 -3232 ) (2048 1024 -3232 ) (2048 1024 -1984 ) 
4 28 32 (2560 1024 -3232 ) (2560 1024 -1984 ) (2048 1024 -1984 ) (2048 1024 -3232 ) 
4 29 209 (2560 0 768 ) (2560 0 1536 ) (2048 0 1536 ) (2048 0 768 ) 
4 29 105 (2048 0 768 ) (2048 0 1280 ) (2048 1024 1280 ) (2048 1024 768 ) 
4 29 99 (2048 0 1280 ) (2048 0 1536 ) (2048 192 1536 ) (2048 192 1280 ) 
4 29 98 (2048 192 1536 ) (2048 224 1536 ) (2048 224 1280 ) (2048 192 1280 ) 
4 29 97 (2048 224 1536 ) (2048 1024 1536 ) (2048 1024 1280 ) (2048 224 1280 ) 
4 29 30 (2560 1024 768 ) (2560 0 768 ) (2048 0 768 ) (2048 1024 768 ) 
4 30 210 (2560 0 -992 ) (2560 0 768 ) (2048 0 768 ) (2048 0 -992 ) 
4 30 123 (2048 800 768 ) (2048 896 768 ) (2048 896 -81 ) (2048 800 -81 ) 
4 30 107 (2048 896 768 ) (2048 992 768 ) (2048 992 -81 ) (2048 896 -81 ) 
4 30 106 (2048 992 768 ) (2048 1024 768 ) (2048 1024 -81 ) (2048 992 -81 ) 
4 30 145 (2048 0 -81 ) (2048 0 768 ) (2048 800 768 ) (2048 800 -81 ) 
4 30 146 (2048 0 -992 ) (2048 0 -81 ) (2048 1024 -81 ) (2048 1024 -992 ) 
4 30 31 (2048 0 -992 ) (2048 1024 -992 ) (2560 1024 -992 ) (2560 0 -992 ) 
4 31 211 (2560 0 -1984 ) (2560 0 -992 ) (2048 0 -992 ) (2048 0 -1984 ) 
4 31 147 (2048 0 -1984 ) (2048 0 -992 ) (2048 1024 -992 ) (2048 1024 -1984 ) 
4 31 32 (2560 1024 -1984 ) (2560 0 -1984 ) (2048 0 -1984 ) (2048 1024 -1984 ) 
4 32 212 (2560 0 -3232 ) (2560 0 -1984 ) (2048 0 -1984 ) (2048 0 -3232 ) 
4 32 148 (2048 0 -3232 ) (2048 0 -1984 ) (2048 1024 -1984 ) (2048 1024 -3232 ) 
4 33 105 (2048 1024 768 ) (2048 1024 1280 ) (1024 1024 1280 ) (1024 1024 768 ) 
4 33 103 (1408 1024 1536 ) (1024 1024 1536 ) (1024 1024 1280 ) (1408 1024 1280 ) 
4 33 102 (1440 1024 1536 ) (1408 1024 1536 ) (1408 1024 1280 ) (1440 1024 1280 ) 
4 33 97 (2048 1024 1280 ) (2048 1024 1536 ) (1440 1024 1536 ) (1440 1024 1280 ) 
4 33 48 (1024 1152 768 ) (1024 1024 768 ) (1024 1024 864 ) (1024 1152 864 ) 
4 33 47 (1024 1024 864 ) (1024 1024 1536 ) (1024 1152 1536 ) (1024 1152 864 ) 
4 33 37 (1024 2048 1536 ) (1024 2048 768 ) (1024 1152 768 ) (1024 1152 1536 ) 
4 33 34 (2048 1024 768 ) (1024 1024 768 ) (1024 2048 768 ) (2048 2048 768 ) 
4 34 106 (2048 1024 -81 ) (2048 1024 768 ) (1024 1024 768 ) (1024 1024 -81 ) 
4 34 146 (2048 1024 -992 ) (2048 1024 -81 ) (1024 1024 -81 ) (1024 1024 -992 ) 
4 34 92 (1024 1152 -992 ) (1024 1024 -992 ) (1024 1024 -352 ) (1024 1152 -352 ) 
4 34 91 (1024 1024 -352 ) (1024 1024 -336 ) (1024 1152 -336 ) (1024 1152 -352 ) 
4 34 87 (1024 1024 -336 ) (1024 1024 -304 ) (1024 1144 -304 ) (1024 1144 -336 ) 
4 34 85 (1024 1144 -304 ) (1024 1152 -304 ) (1024 1152 -336 ) (1024 1144 -336 ) 
4 34 79 (1024 1024 -304 ) (1024 1024 -208 ) (1024 1144 -208 ) (1024 1144 -304 ) 
4 34 76 (1024 1144 -208 ) (1024 1152 -208 ) (1024 1152 -304 ) (1024 1144 -304 ) 
4 34 71 (1024 1024 -208 ) (1024 1024 -144 ) (1024 1144 -144 ) (1024 1144 -208 ) 
4 34 69 (1024 1144 -144 ) (1024 1152 -144 ) (1024 1152 -208 ) (1024 1144 -208 ) 
4 34 68 (1024 1024 -144 ) (1024 1024 -128 ) (1024 1152 -128 ) (1024 1152 -144 ) 
4 34 67 (1024 1024 -128 ) (1024 1024 160 ) (1024 1152 160 ) (1024 1152 -128 ) 
4 34 66 (1024 1024 160 ) (1024 1024 176 ) (1024 1152 176 ) (1024 1152 160 ) 
4 34 64 (1024 1024 176 ) (1024 1024 208 ) (1024 1152 208 ) (1024 1152 176 ) 
4 34 59 (1024 1024 208 ) (1024 1024 304 ) (1024 1152 304 ) (1024 1152 208 ) 
4 34 57 (1024 1024 304 ) (1024 1024 336 ) (1024 1152 336 ) (1024 1152 304 ) 
4 34 53 (1024 1024 336 ) (1024 1024 432 ) (1024 1152 432 ) (1024 1152 336 ) 
4 34 51 (1024 1024 432 ) (1024 1024 496 ) (1024 1152 496 ) (1024 1152 432 ) 
4 34 50 (1024 1024 496 ) (1024 1024 512 ) (1024 1152 512 ) (1024 1152 496 ) 
4 34 49 (1024 1024 512 ) (1024 1024 768 ) (1024 1152 768 ) (1024 1152 512 ) 
4 34 44 (1024 2048 -352 ) (1024 2048 -992 ) (1024 1152 -992 ) (1024 1152 -352 ) 
4 34 41 (1024 2048 176 ) (1024 2048 -352 ) (1024 1152 -352 ) (1024 1152 176 ) 
4 34 39 (1024 2048 496 ) (1024 2048 176 ) (1024 1152 176 ) (1024 1152 496 ) 
4 34 38 (1024 2048 768 ) (1024 2048 496 ) (1024 1152 496 ) (1024 1152 768 ) 
4 34 35 (1024 1024 -992 ) (1024 2048 -992 ) (2048 2048 -992 ) (2048 1024 -992 ) 
4 35 147 (2048 1024 -1984 ) (2048 1024 -992 ) (1024 1024 -992 ) (1024 1024 -1984 ) 
4 35 93 (1024 1152 -1984 ) (1024 1024 -1984 ) (1024 1024 -992 ) (1024 1152 -992 ) 
4 35 45 (1024 2048 -992 ) (1024 2048 -1984 ) (1024 1152 -1984 ) (1024 1152 -992 ) 
4 35 36 (2048 1024 -1984 ) (1024 1024 -1984 ) (1024 2048 -1984 ) (2048 2048 -1984 ) 
4 36 148 (2048 1024 -3232 ) (2048 1024 -1984 ) (1024 1024 -1984 ) (1024 1024 -3232 ) 
4 36 94 (1024 1152 -3232 ) (1024 1024 -3232 ) (1024 1024 -1984 ) (1024 1152 -1984 ) 
4 36 46 (1024 2048 -1984 ) (1024 2048 -3232 ) (1024 1152 -3232 ) (1024 1152 -1984 ) 
4 37 48 (1024 1152 768 ) (1024 1152 864 ) (32 1152 864 ) (32 1152 768 ) 
4 37 47 (1024 1152 864 ) (1024 1152 1536 ) (16 1152 1536 ) (16 1152 864 ) 
4 37 38 (1024 1152 768 ) (16 1152 768 ) (16 2048 768 ) (1024 2048 768 ) 
4 38 50 (1024 1152 496 ) (1024 1152 512 ) (128 1152 512 ) (128 1152 496 ) 
4 38 49 (1024 1152 512 ) (1024 1152 768 ) (32 1152 768 ) (32 1152 512 ) 
4 38 40 (16 1160 496 ) (16 2048 496 ) (128 2048 496 ) (128 1160 496 ) 
4 38 39 (1024 1152 496 ) (128 1152 496 ) (128 2048 496 ) (1024 2048 496 ) 
4 39 64 (1024 1152 176 ) (1024 1152 208 ) (128 1152 208 ) (128 1152 176 ) 
4 39 59 (1024 1152 208 ) (1024 1152 304 ) (128 1152 304 ) (128 1152 208 ) 
4 39 57 (1024 1152 304 ) (1024 1152 336 ) (128 1152 336 ) (128 1152 304 ) 
4 39 53 (1024 1152 336 ) (1024 1152 432 ) (128 1152 432 ) (128 1152 336 ) 
4 39 51 (1024 1152 432 ) (1024 1152 496 ) (128 1152 496 ) (128 1152 432 ) 
4 39 41 (1024 1152 176 ) (128 1152 176 ) (128 2048 176 ) (1024 2048 176 ) 
4 39 40 (128 2048 176 ) (128 1160 176 ) (128 1160 496 ) (128 2048 496 ) 
4 40 42 (16 1160 176 ) (16 2048 176 ) (128 2048 176 ) (128 1160 176 ) 
4 41 91 (1024 1152 -352 ) (1024 1152 -336 ) (640 1152 -336 ) (640 1152 -352 ) 
4 41 85 (1024 1152 -336 ) (1024 1152 -304 ) (640 1152 -304 ) (640 1152 -336 ) 
4 41 76 (1024 1152 -304 ) (1024 1152 -208 ) (640 1152 -208 ) (640 1152 -304 ) 
4 41 69 (1024 1152 -208 ) (1024 1152 -144 ) (640 1152 -144 ) (640 1152 -208 ) 
4 41 68 (1024 1152 -144 ) (1024 1152 -128 ) (640 1152 -128 ) (640 1152 -144 ) 
4 41 67 (1024 1152 -128 ) (1024 1152 160 ) (128 1152 160 ) (128 1152 -128 ) 
4 41 66 (1024 1152 160 ) (1024 1152 176 ) (128 1152 176 ) (128 1152 160 ) 
4 41 44 (1024 1152 -352 ) (128 1152 -352 ) (128 2048 -352 ) (1024 2048 -352 ) 
4 41 43 (128 1152 -144 ) (128 1152 176 ) (128 1160 176 ) (128 1160 -144 ) 
4 41 42 (128 2048 -352 ) (128 1160 -352 ) (128 1160 176 ) (128 2048 176 ) 
4 42 44 (16 1160 -352 ) (16 2048 -352 ) (128 2048 -352 ) (128 1160 -352 ) 
4 42 43 (128 1160 -144 ) (128 1160 176 ) (16 1160 176 ) (16 1160 -144 ) 
4 43 67 (32 1152 -128 ) (128 1152 -128 ) (128 1152 160 ) (32 1152 160 ) 
4 44 92 (1024 1152 -992 ) (1024 1152 -352 ) (544 1152 -352 ) (544 1152 -992 ) 
4 44 45 (1024 1152 -992 ) (16 1152 -992 ) (16 2048 -992 ) (1024 2048 -992 ) 
4 45 93 (1024 1152 -1984 ) (1024 1152 -992 ) (544 1152 -992 ) (544 1152 -1984 ) 
4 45 46 (1024 1152 -1984 ) (16 1152 -1984 ) (16 2048 -1984 ) (1024 2048 -1984 ) 
4 46 94 (1024 1152 -3232 ) (1024 1152 -1984 ) (544 1152 -1984 ) (544 1152 -3232 ) 
4 47 150 (32 1024 1536 ) (16 1024 1536 ) (16 1024 864 ) (32 1024 864 ) 
4 47 149 (1024 1024 864 ) (1024 1024 1536 ) (32 1024 1536 ) (32 1024 864 ) 
4 47 48 (32 1152 864 ) (1024 1152 864 ) (1024 1024 864 ) (32 1024 864 ) 
4 48 149 (1024 1024 768 ) (1024 1024 864 ) (32 1024 864 ) (32 1024 768 ) 
4 48 49 (1024 1024 768 ) (32 1024 768 ) (32 1152 768 ) (1024 1152 768 ) 
4 49 152 (1024 1024 512 ) (1024 1024 768 ) (32 1024 768 ) (32 1024 512 ) 
4 49 50 (1024 1024 512 ) (128 1024 512 ) (128 1152 512 ) (1024 1152 512 ) 
4 50 154 (1024 1024 496 ) (1024 1024 512 ) (128 1024 512 ) (128 1024 496 ) 
4 50 51 (128 1152 496 ) (1024 1152 496 ) (1024 1024 496 ) (128 1024 496 ) 
4 51 155 (1024 1024 432 ) (1024 1024 496 ) (128 1024 496 ) (128 1024 432 ) 
4 51 53 (128 1152 432 ) (1024 1152 432 ) (1024 1024 432 ) (128 1024 432 ) 
4 52 241 (0 1024 432 ) (0 1024 496 ) (0 1144 496 ) (0 1144 432 ) 
4 52 156 (120 1024 496 ) (0 1024 496 ) (0 1024 432 ) (120 1024 432 ) 
3 52 63 (0 1024 432 ) (0 1144 432 ) (120 1144 432 ) 
3 52 56 (120 1024 432 ) (0 1024 432 ) (120 1144 432 ) 
4 53 159 (1024 1024 336 ) (1024 1024 432 ) (128 1024 432 ) (128 1024 336 ) 
4 53 57 (1024 1024 336 ) (128 1024 336 ) (128 1152 336 ) (1024 1152 336 ) 
4 53 54 (128 1152 432 ) (128 1152 336 ) (128 1024 336 ) (128 1024 432 ) 
4 54 160 (128 1024 432 ) (126 1024 432 ) (126 1024 336 ) (128 1024 336 ) 
4 54 55 (126 1150 432 ) (126 1150 336 ) (126 1024 336 ) (126 1024 432 ) 
4 55 161 (126 1024 432 ) (120 1024 432 ) (120 1024 336 ) (126 1024 336 ) 
4 55 56 (120 1144 432 ) (120 1144 336 ) (120 1024 336 ) (120 1024 432 ) 
4 56 162 (120 1024 432 ) (0 1024 432 ) (0 1024 336 ) (120 1024 336 ) 
4 56 63 (0 1024.002197 336 ) (0 1024.003906 432 ) (120 1144.003906 432 ) (120 1144.002197 336 ) 
3 56 58 (120 1024 336 ) (0 1024 336 ) (120 1144 336 ) 
4 57 163 (1024 1024 304 ) (1024 1024 336 ) (128 1024 336 ) (128 1024 304 ) 
4 57 59 (128 1152 304 ) (1024 1152 304 ) (1024 1024 304 ) (128 1024 304 ) 
4 58 164 (120 1024 336 ) (0 1024 336 ) (0 1024 304 ) (120 1024 304 ) 
4 58 63 (0 1024.001709 304 ) (0 1024.002197 336 ) (120 1144.002197 336 ) (120 1144.001709 304 ) 
3 58 62 (0 1024 304 ) (120 1144 304 ) (120 1024 304 ) 
4 59 165 (1024 1024 208 ) (1024 1024 304 ) (128 1024 304 ) (128 1024 208 ) 
4 59 64 (1024 1024 208 ) (128 1024 208 ) (128 1152 208 ) (1024 1152 208 ) 
4 59 60 (128 1024 304 ) (128 1152 304 ) (128 1152 208 ) (128 1024 208 ) 
4 60 166 (128 1024 304 ) (126 1024 304 ) (126 1024 208 ) (128 1024 208 ) 
4 60 61 (126 1024 304 ) (126 1150 304 ) (126 1150 208 ) (126 1024 208 ) 
4 61 167 (126 1024 304 ) (120 1024 304 ) (120 1024 208 ) (126 1024 208 ) 
4 61 62 (120 1024 304 ) (120 1144 304 ) (120 1144 208 ) (120 1024 208 ) 
4 62 168 (120 1024 304 ) (0 1024 304 ) (0 1024 208 ) (120 1024 208 ) 
3 62 65 (120 1024 208 ) (0 1024 208 ) (120 1144 208 ) 
4 62 63 (120 1144 208 ) (0 1024 208 ) (0 1024.001709 304 ) (120 1144.001709 304 ) 
4 63 241 (0 1024 208 ) (0 1024 432 ) (0 1144 432 ) (0 1144 208 ) 
3 63 65 (0 1024 208 ) (0 1144 208 ) (120 1144 208 ) 
4 64 173 (1024 1024 176 ) (1024 1024 208 ) (128 1024 208 ) (128 1024 176 ) 
4 64 66 (128 1152 176 ) (1024 1152 176 ) (1024 1024 176 ) (128 1024 176 ) 
4 65 241 (0 1024 176 ) (0 1024 208 ) (0 1144 208 ) (0 1144 176 ) 
4 65 174 (120 1024 208 ) (0 1024 208 ) (0 1024 176 ) (120 1024 176 ) 
4 66 176 (1024 1024 160 ) (1024 1024 176 ) (128 1024 176 ) (128 1024 160 ) 
4 66 67 (1024 1024 160 ) (128 1024 160 ) (128 1152 160 ) (1024 1152 160 ) 
4 67 177 (1024 1024 -128 ) (1024 1024 160 ) (32 1024 160 ) (32 1024 -128 ) 
4 67 68 (640 1152 -128 ) (1024 1152 -128 ) (1024 1024 -128 ) (640 1024 -128 ) 
4 68 178 (1024 1024 -144 ) (1024 1024 -128 ) (640 1024 -128 ) (640 1024 -144 ) 
4 68 71 (1024 1024 -144 ) (640 1024 -144 ) (640 1144 -144 ) (1024 1144 -144 ) 
4 68 69 (640 1144 -144 ) (640 1152 -144 ) (1024 1152 -144 ) (1024 1144 -144 ) 
4 69 76 (640 1152 -208 ) (1024 1152 -208 ) (1024 1144 -208 ) (640 1144 -208 ) 
4 69 71 (640 1144 -208 ) (1024 1144 -208 ) (1024 1144 -144 ) (640 1144 -144 ) 
3 70 75 (640 1152 -208 ) (632 1144 -208 ) (626.692017 1144 -208 ) 
4 70 72 (626.692017 1144 -208 ) (632 1144 -208 ) (632 1144 -144 ) (626.692017 1144 -144 ) 
4 71 179 (1024 1024 -208 ) (1024 1024 -144 ) (640 1024 -144 ) (640 1024 -208 ) 
4 71 79 (1024 1144 -208 ) (1024 1024 -208 ) (640 1024 -208 ) (640 1144 -208 ) 
4 72 180 (632 1024 -144 ) (258 1024 -144 ) (258 1024 -208 ) (632 1024 -208 ) 
4 72 82 (632 1024 -208 ) (258 1024 -208 ) (258 1144 -208 ) (632 1144 -208 ) 
4 72 73 (258 1144 -144 ) (258 1144 -208 ) (258 1024 -208 ) (258 1024 -144 ) 
4 73 83 (258 1024 -208 ) (257 1024 -208 ) (257 1144 -208 ) (258 1144 -208 ) 
4 73 74 (257 1144 -144 ) (257 1144 -208 ) (257 1024 -208 ) (257 1024 -144 ) 
4 74 244 (0 1024 -208 ) (0 1024 -144 ) (0 1144 -144 ) (0 1144 -208 ) 
4 74 181 (256 1024 -144 ) (0 1024 -144 ) (0 1024 -208 ) (256 1024 -208 ) 
4 74 84 (257 1024 -208 ) (0 1024 -208 ) (0 1144 -208 ) (257 1144 -208 ) 
3 75 86 (640 1152 -304 ) (632 1144 -304 ) (626.733887 1144 -304 ) 
4 75 82 (626.733887 1144 -304 ) (632 1144 -304 ) (632 1144 -208 ) (626.733887 1144 -208 ) 
4 75 78 (632 1144 -208 ) (632 1144 -304 ) (638 1150 -304 ) (638 1150 -208 ) 
4 75 77 (638 1150 -304 ) (640 1152 -304 ) (640 1152 -208 ) (638 1150 -208 ) 
4 76 85 (640 1152 -304 ) (1024 1152 -304 ) (1024 1144 -304 ) (640 1144 -304 ) 
4 76 79 (640 1144 -304 ) (1024 1144 -304 ) (1024 1144 -208 ) (640 1144 -208 ) 
4 76 77 (640 1152 -208 ) (640 1152 -304 ) (640 1144 -304 ) (640 1144 -208 ) 
4 77 80 (638 1144 -304 ) (640 1144 -304 ) (640 1144 -208 ) (638 1144 -208 ) 
4 77 78 (638 1150 -208 ) (638 1150 -304 ) (638 1144 -304 ) (638 1144 -208 ) 
4 78 81 (632 1144 -304 ) (638 1144 -304 ) (638 1144 -208 ) (632 1144 -208 ) 
4 79 185 (1024 1024 -304 ) (1024 1024 -208 ) (640 1024 -208 ) (640 1024 -304 ) 
4 79 87 (1024 1024 -304 ) (640 1024 -304 ) (640 1144 -304 ) (1024 1144 -304 ) 
4 79 80 (640 1144 -208 ) (640 1144 -304 ) (640 1024 -304 ) (640 1024 -208 ) 
4 80 186 (640 1024 -208 ) (638 1024 -208 ) (638 1024 -304 ) (640 1024 -304 ) 
4 80 81 (638 1144 -208 ) (638 1144 -304 ) (638 1024 -304 ) (638 1024 -208 ) 
4 81 187 (638 1024 -208 ) (632 1024 -208 ) (632 1024 -304 ) (638 1024 -304 ) 
4 81 82 (632 1144 -208 ) (632 1144 -304 ) (632 1024 -304 ) (632 1024 -208 ) 
4 82 188 (632 1024 -208 ) (258 1024 -208 ) (258 1024 -304 ) (632 1024 -304 ) 
4 82 88 (632 1024 -304 ) (258 1024 -304 ) (258 1144 -304 ) (632 1144 -304 ) 
4 82 83 (258 1144 -208 ) (258 1144 -304 ) (258 1024 -304 ) (258 1024 -208 ) 
4 83 89 (258 1024 -304 ) (257 1024 -304 ) (257 1144 -304 ) (258 1144 -304 ) 
4 83 84 (257 1144 -208 ) (257 1144 -304 ) (257 1024 -304 ) (257 1024 -208 ) 
4 84 244 (0 1024 -304 ) (0 1024 -208 ) (0 1144 -208 ) (0 1144 -304 ) 
4 84 189 (256 1024 -208 ) (0 1024 -208 ) (0 1024 -304 ) (256 1024 -304 ) 
4 84 90 (257 1024 -304 ) (0 1024 -304 ) (0 1144 -304 ) (257 1144 -304 ) 
4 85 91 (640 1152 -336 ) (1024 1152 -336 ) (1024 1144 -336 ) (640 1144 -336 ) 
4 85 87 (640 1144 -336 ) (1024 1144 -336 ) (1024 1144 -304 ) (640 1144 -304 ) 
4 86 88 (626.733887 1144 -336 ) (632 1144 -336 ) (632 1144 -304 ) (626.733887 1144 -304 ) 
4 87 193 (1024 1024 -336 ) (1024 1024 -304 ) (640 1024 -304 ) (640 1024 -336 ) 
4 87 91 (1024 1144 -336 ) (1024 1024 -336 ) (640 1024 -336 ) (640 1144 -336 ) 
4 88 194 (632 1024 -304 ) (258 1024 -304 ) (258 1024 -336 ) (632 1024 -336 ) 
4 88 89 (258 1144 -304 ) (258 1144 -336 ) (258 1024 -336 ) (258 1024 -304 ) 
4 89 90 (257 1144 -304 ) (257 1144 -336 ) (257 1024 -336 ) (257 1024 -304 ) 
4 90 244 (0 1024 -336 ) (0 1024 -304 ) (0 1144 -304 ) (0 1144 -336 ) 
4 90 195 (256 1024 -304 ) (0 1024 -304 ) (0 1024 -336 ) (256 1024 -336 ) 
4 91 199 (1024 1024 -352 ) (1024 1024 -336 ) (640 1024 -336 ) (640 1024 -352 ) 
4 91 92 (1024 1024 -352 ) (640 1024 -352 ) (640 1152 -352 ) (1024 1152 -352 ) 
4 92 203 (1024 1024 -992 ) (1024 1024 -416 ) (544 1024 -416 ) (544 1024 -992 ) 
4 92 200 (1024 1024 -416 ) (1024 1024 -352 ) (544 1024 -352 ) (544 1024 -416 ) 
4 92 93 (544 1152 -992 ) (1024 1152 -992 ) (1024 1024 -992 ) (544 1024 -992 ) 
4 93 204 (1024 1024 -1984 ) (1024 1024 -992 ) (544 1024 -992 ) (544 1024 -1984 ) 
4 93 94 (1024 1024 -1984 ) (544 1024 -1984 ) (544 1152 -1984 ) (1024 1152 -1984 ) 
4 94 205 (1024 1024 -3232 ) (1024 1024 -1984 ) (544 1024 -1984 ) (544 1024 -3232 ) 
4 95 100 (1760 64 8625.230469 ) (1696 64 8625.230469 ) (1696 128 8625.230469 ) (1760 128 8625.230469 ) 
4 96 100 (1568 64 8625.230469 ) (1504 64 8625.230469 ) (1504 128 8625.230469 ) (1568 128 8625.230469 ) 
4 97 105 (1440 224 1280 ) (1440 1024 1280 ) (2048 1024 1280 ) (2048 224 1280 ) 
4 97 102 (1440 1024 1280 ) (1440 224 1280 ) (1440 224 1536 ) (1440 1024 1536 ) 
4 97 98 (1856 224 1280 ) (2048 224 1280 ) (2048 224 1536 ) (1856 224 1536 ) 
4 98 105 (1856 224 1280 ) (2048 224 1280 ) (2048 192 1280 ) (1856 192 1280 ) 
4 98 99 (1856 192 1280 ) (2048 192 1280 ) (2048 192 1536 ) (1856 192 1536 ) 
4 99 213 (2048 0 1280 ) (2048 0 1536 ) (1856 0 1536 ) (1856 0 1280 ) 
4 99 105 (2048 0 1280 ) (1856 0 1280 ) (1856 192 1280 ) (2048 192 1280 ) 
4 100 101 (1440 0 1281 ) (1440 192 1281 ) (1824 192 1281 ) (1824 0 1281 ) 
4 101 105 (1824 0 1280 ) (1440 0 1280 ) (1440 192 1280 ) (1824 192 1280 ) 
4 102 105 (1408 1024 1280 ) (1440 1024 1280 ) (1440 224 1280 ) (1408 224 1280 ) 
4 102 103 (1408 1024 1280 ) (1408 224 1280 ) (1408 224 1536 ) (1408 1024 1536 ) 
4 103 149 (1024 1024 1536 ) (1024 1024 1280 ) (1024 192 1280 ) (1024 192 1536 ) 
4 103 105 (1024 192 1280 ) (1024 1024 1280 ) (1408 1024 1280 ) (1408 192 1280 ) 
4 103 104 (1024 192 1280 ) (1408 192 1280 ) (1408 192 1536 ) (1024 192 1536 ) 
4 104 216 (1024 0 1536 ) (1024 0 1280 ) (1408 0 1280 ) (1408 0 1536 ) 
4 104 149 (1024 192 1280 ) (1024 0 1280 ) (1024 0 1536 ) (1024 192 1536 ) 
4 104 105 (1408 0 1280 ) (1024 0 1280 ) (1024 192 1280 ) (1408 192 1280 ) 
4 105 217 (2048 0 768 ) (2048 0 1280 ) (1024 0 1280 ) (1024 0 768 ) 
4 105 149 (1024 1024 1280 ) (1024 1024 768 ) (1024 0 768 ) (1024 0 1280 ) 
4 105 137 (1553 800 768 ) (1488 800 768 ) (1488 896 768 ) (1553 896 768 ) 
4 105 144 (1488 800 768 ) (1024 800 768 ) (1024 896 768 ) (1488 896 768 ) 
4 105 134 (1584 800 768 ) (1553 800 768 ) (1553 896 768 ) (1584 896 768 ) 
4 105 125 (1682 800 768 ) (1592.471802 800 768 ) (1632 896 768 ) (1682 896 768 ) 
4 105 124 (1592.471802 800 768 ) (1584 800 768 ) (1584 896 768 ) (1632 896 768 ) 
4 105 123 (2048 896 768 ) (2048 800 768 ) (1682 800 768 ) (1682 896 768 ) 
4 105 115 (1584 896 768 ) (1488 896 768 ) (1488 992 768 ) (1584 992 768 ) 
4 105 122 (1488 896 768 ) (1024 896 768 ) (1024 992 768 ) (1488 992 768 ) 
4 105 108 (1682 896 768 ) (1584 896 768 ) (1584 992 768 ) (1682 992 768 ) 
4 105 107 (2048 992 768 ) (2048 896 768 ) (1682 896 768 ) (1682 992 768 ) 
4 105 106 (1024 1024 768 ) (2048 1024 768 ) (2048 992 768 ) (1024 992 768 ) 
4 105 145 (2048 800 768 ) (2048 0 768 ) (1024 0 768 ) (1024 800 768 ) 
4 106 177 (1024 1024 160 ) (1024 1024 -81 ) (1024 992 -81 ) (1024 992 160 ) 
4 106 176 (1024 1024 176 ) (1024 1024 160 ) (1024 992 160 ) (1024 992 176 ) 
4 106 173 (1024 1024 208 ) (1024 1024 176 ) (1024 992 176 ) (1024 992 208 ) 
4 106 165 (1024 1024 304 ) (1024 1024 208 ) (1024 992 208 ) (1024 992 304 ) 
4 106 163 (1024 1024 336 ) (1024 1024 304 ) (1024 992 304 ) (1024 992 336 ) 
4 106 159 (1024 1024 432 ) (1024 1024 336 ) (1024 992 336 ) (1024 992 432 ) 
4 106 155 (1024 1024 496 ) (1024 1024 432 ) (1024 992 432 ) (1024 992 496 ) 
4 106 154 (1024 1024 512 ) (1024 1024 496 ) (1024 992 496 ) (1024 992 512 ) 
4 106 152 (1024 1024 768 ) (1024 1024 512 ) (1024 992 512 ) (1024 992 768 ) 
3 106 121 (1488 992 -81 ) (1552 992 -81 ) (1488 992 -49.001038 ) 
4 106 117 (1552 992 -81 ) (1584 992 -81 ) (1584 992 -49 ) (1488 992 -49.001038 ) 
4 106 115 (1584 992 -49 ) (1584 992 768 ) (1488 992 768 ) (1488 992 -49.001038 ) 
4 106 122 (1024 992 -81 ) (1488 992 -81 ) (1488 992 768 ) (1024 992 768 ) 
3 106 114 (1616 992 -81 ) (1682 992 -81 ) (1682 992 -49 ) 
5 106 112 (1584 992 -81 ) (1616 992 -81 ) (1682 992 -49 ) (1682 992 -46.771458 ) (1584 992 -49 ) 
4 106 108 (1682 992 -46.771458 ) (1682 992 768 ) (1584 992 768 ) (1584 992 -49 ) 
4 106 107 (1682 992 -81 ) (2048 992 -81 ) (2048 992 768 ) (1682 992 768 ) 
4 106 146 (1024 992 -81 ) (1024 1024 -81 ) (2048 1024 -81 ) (2048 992 -81 ) 
4 107 123 (1682 896 -81 ) (2048 896 -81 ) (2048 896 768 ) (1682 896 768 ) 
5 107 114 (1682 992 -49.001003 ) (1682 992 -81 ) (1682 984.465088 -81 ) (1682 984.465027 -50.881653 ) (1682 987.912720 -49 ) 
3 107 113 (1682 984.465088 -81 ) (1682 929.250549 -81 ) (1682 984.465027 -50.881653 ) 
3 107 112 (1682 992 -46.771484 ) (1682 992 -49.001003 ) (1682 987.912720 -49 ) 
4 107 110 (1682 987.912720 -49.001003 ) (1682 929.250549 -81 ) (1682 896 -81 ) (1682 896 -49 ) 
5 107 108 (1682 992 768 ) (1682 992 -46.771484 ) (1682 987.912720 -49.001003 ) (1682 896 -49 ) (1682 896 768 ) 
4 107 146 (1682 992 -81 ) (2048 992 -81 ) (2048 896 -81 ) (1682 896 -81 ) 
4 108 127 (1632 896 -73.242645 ) (1661 896 -59.182484 ) (1661 896 -56.429665 ) (1632 896 -73.001160 ) 
4 108 126 (1661 896 -59.182484 ) (1682 896 -49 ) (1682 896 -44.429619 ) (1661 896 -56.429665 ) 
4 108 125 (1682 896 -44.429619 ) (1682 896 768 ) (1632 896 768 ) (1632 896 -73.001160 ) 
5 108 124 (1584 896 -81 ) (1616 896 -81 ) (1632 896 -73.242645 ) (1632 896 768 ) (1584 896 768 ) 
3 108 117 (1584 992 -49 ) (1584 948 -73.001663 ) (1584 948 -72.467186 ) 
4 108 116 (1584 948 -73.001663 ) (1584 933.336060 -81 ) (1584 932 -81 ) (1584 948 -72.467186 ) 
5 108 115 (1584 992 768 ) (1584 992 -49 ) (1584 932 -81 ) (1584 896 -81 ) (1584 896 768 ) 
6 108 112 (1584 948 -73 ) (1584 992 -49 ) (1682 992 -46.773438 ) (1682 987.916321 -49 ) (1616 932.002563 -81 ) (1615.994385 932.002808 -81 ) 
3 108 111 (1584 933.335144 -81 ) (1584 948 -73 ) (1615.994385 932.002808 -81 ) 
5 108 110 (1616.001953 932.003357 -81 ) (1682 987.910156 -49.001953 ) (1682 896 -49.001953 ) (1632 896 -73.243652 ) (1616.001953 931.995239 -81 ) 
3 108 109 (1632 896 -73.243652 ) (1616.001953 896 -81 ) (1616.001953 931.995239 -81 ) 
4 108 146 (1616 896 -81 ) (1584 896 -81 ) (1584 933.336060 -81 ) (1616 932.002014 -81 ) 
3 109 124 (1616 896 -81 ) (1632 896 -81 ) (1632 896 -73.242676 ) 
3 109 146 (1632 896 -81 ) (1616 896 -81 ) (1616 932.002014 -81 ) 
3 109 110 (1615.998047 932.003906 -81 ) (1632 896 -73.240845 ) (1632 896 -81 ) 
4 110 127 (1632 896 -81 ) (1661 896 -81 ) (1661 896 -59.182495 ) (1632 896 -73.242676 ) 
4 110 126 (1661 896 -81 ) (1682 896 -81 ) (1682 896 -49 ) (1661 896 -59.182495 ) 
4 110 114 (1682 987.916321 -49 ) (1682 984.465027 -50.883606 ) (1635.002808 931.211243 -81 ) (1616 932.002563 -81 ) 
3 110 113 (1682 984.465027 -50.883606 ) (1682 929.254150 -81 ) (1635.002808 931.211243 -81 ) 
4 110 146 (1682 929.250549 -81 ) (1682 896 -81 ) (1632 896 -81 ) (1616 932.002014 -81 ) 
3 111 116 (1584 948 -81 ) (1584 933.336060 -81 ) (1584 948 -73.001205 ) 
3 111 112 (1584 948 -81 ) (1584 948 -72.996094 ) (1616.015625 931.992188 -81 ) 
3 111 146 (1615.995361 932.002197 -81 ) (1584 933.336060 -81 ) (1584 948 -81 ) 
4 112 117 (1584 992 -49 ) (1584 992 -81 ) (1584 948 -81 ) (1584 948 -73.001205 ) 
4 112 114 (1682 987.917969 -49.001953 ) (1616.004028 932.009277 -81 ) (1616.003296 992 -81 ) (1682 992 -49.001953 ) 
5 112 146 (1584 992 -81 ) (1616 992 -81 ) (1616 932.002014 -81 ) (1615.995361 932.002197 -81 ) (1584 948 -81 ) 
3 113 146 (1682 984.465088 -81 ) (1682 929.250549 -81 ) (1635.001587 931.209839 -81 ) 
3 113 114 (1634.997803 931.207886 -81 ) (1682 984.467407 -50.880104 ) (1682 984.467407 -81 ) 
5 114 146 (1616 992 -81 ) (1682 992 -81 ) (1682 984.465088 -81 ) (1635.001587 931.209839 -81 ) (1616 932.002014 -81 ) 
5 115 137 (1551.996948 896 -81 ) (1553 896 -81 ) (1553 896 768 ) (1488 896 768 ) (1488 896 -49.002441 ) 
4 115 134 (1553 896 -81 ) (1584 896 -81 ) (1584 896 768 ) (1553 896 768 ) 
4 115 120 (1488 900.002014 -49.002991 ) (1488 991.997009 -49.001598 ) (1551.997314 932 -81 ) (1551.997314 931.998718 -81 ) 
5 115 119 (1488 896 -49.003052 ) (1488 900.002014 -49.002991 ) (1551.997314 931.998718 -81 ) (1551.997314 931.989990 -81 ) (1536 896 -73.002151 ) 
3 115 118 (1551.997314 931.989990 -81 ) (1551.996216 896 -81 ) (1536 896 -73.002151 ) 
5 115 117 (1551.996094 932.003662 -81 ) (1488 992 -49.001953 ) (1584 992 -49.001953 ) (1584 948 -72.469131 ) (1552.007324 932.003662 -81 ) 
3 115 116 (1584 948 -72.469131 ) (1584 932.003662 -81 ) (1552.007324 932.003662 -81 ) 
4 115 146 (1584 932 -81 ) (1584 896 -81 ) (1551.996948 896 -81 ) (1551.998047 932 -81 ) 
4 115 122 (1488 992 768 ) (1488 992 -49.001038 ) (1488 896 -49.002480 ) (1488 896 768 ) 
3 116 146 (1584 948 -81 ) (1584 932 -81 ) (1551.998047 932 -81 ) 
3 116 117 (1551.992188 931.998047 -81 ) (1584 948 -72.466080 ) (1584 948.001343 -81 ) 
4 117 121 (1488 991.997009 -49.001598 ) (1488 992 -49.001598 ) (1552 992 -81 ) (1551.997314 932 -81 ) 
4 117 146 (1552 992 -81 ) (1584 992 -81 ) (1584 948 -81 ) (1551.998047 932 -81 ) 
3 118 139 (1536 896 -81 ) (1551.996948 896 -81 ) (1536 896 -73.001747 ) 
3 118 146 (1551.998047 931.991821 -81 ) (1551.996948 896 -81 ) (1536 896 -81 ) 
3 118 119 (1536 896 -81 ) (1536 896 -73.008438 ) (1551.985352 931.962891 -81 ) 
4 119 141 (1488 896 -81 ) (1534 896 -81 ) (1534 896 -72.001778 ) (1488 896 -49.002441 ) 
4 119 140 (1534 896 -81 ) (1536 896 -81 ) (1536 896 -73.001747 ) (1534 896 -72.001778 ) 
3 119 120 (1488 900.003906 -81 ) (1488 900.003906 -49.005859 ) (1551.991211 931.997559 -81 ) 
4 119 122 (1488 900.001953 -81 ) (1488 896 -81 ) (1488 896 -49.002480 ) (1488 900.002014 -49.002419 ) 
5 119 146 (1551.998047 932 -81 ) (1551.998047 931.991821 -81 ) (1536 896 -81 ) (1488 896 -81 ) (1488 900.002014 -81 ) 
4 120 122 (1488 992 -49.001038 ) (1488 932 -81 ) (1488 900.001953 -81 ) (1488 900.002014 -49.002419 ) 
3 120 146 (1551.998047 932 -81 ) (1488 900.002014 -81 ) (1488 932 -81 ) 
3 120 121 (1488 932.003601 -81 ) (1488 991.996094 -49.003906 ) (1551.992188 932.003662 -81 ) 
3 121 122 (1488 992 -49.001038 ) (1488 992 -81 ) (1488 932 -81 ) 
4 121 146 (1488 992 -81 ) (1552 992 -81 ) (1551.998047 932 -81 ) (1488 932 -81 ) 
4 122 177 (1024 992 -81 ) (1024 896 -81 ) (1024 896 160 ) (1024 992 160 ) 
4 122 176 (1024 896 160 ) (1024 896 176 ) (1024 992 176 ) (1024 992 160 ) 
4 122 173 (1024 896 176 ) (1024 896 208 ) (1024 992 208 ) (1024 992 176 ) 
4 122 165 (1024 896 208 ) (1024 896 304 ) (1024 992 304 ) (1024 992 208 ) 
4 122 163 (1024 896 304 ) (1024 896 336 ) (1024 992 336 ) (1024 992 304 ) 
4 122 159 (1024 896 336 ) (1024 896 432 ) (1024 992 432 ) (1024 992 336 ) 
4 122 155 (1024 896 432 ) (1024 896 496 ) (1024 992 496 ) (1024 992 432 ) 
4 122 154 (1024 896 496 ) (1024 896 512 ) (1024 992 512 ) (1024 992 496 ) 
4 122 152 (1024 896 512 ) (1024 896 768 ) (1024 992 768 ) (1024 992 512 ) 
4 122 144 (1024 896 -81 ) (1488 896 -81 ) (1488 896 768 ) (1024 896 768 ) 
4 122 146 (1024 896 -81 ) (1024 992 -81 ) (1488 992 -81 ) (1488 896 -81 ) 
4 123 131 (1682 861.997009 -81 ) (1682 800 -81 ) (1682 800 -44.429676 ) (1682 802 -44.429672 ) 
3 123 129 (1682 800 -44.429676 ) (1682 800 -43.210930 ) (1682 802 -44.429672 ) 
4 123 126 (1682 896 -44.429688 ) (1682 896 -81 ) (1682 861.997009 -81 ) (1682 802 -44.429676 ) 
5 123 125 (1682 896 768 ) (1682 896 -44.429688 ) (1682 802 -44.429676 ) (1682 800 -43.210930 ) (1682 800 768 ) 
4 123 145 (1682 800 -81 ) (2048 800 -81 ) (2048 800 768 ) (1682 800 768 ) 
4 123 146 (1682 896 -81 ) (2048 896 -81 ) (2048 800 -81 ) (1682 800 -81 ) 
3 124 135 (1584 864 -81 ) (1584 861.997009 -81 ) (1584 852.853333 -75.426659 ) 
6 124 134 (1584 896 768 ) (1584 896 -81 ) (1584 864 -81 ) (1584 852.853333 -75.426659 ) (1584 800 -43.210930 ) (1584 800 768 ) 
5 124 130 (1584 800 -43.210938 ) (1584 848 -72.468155 ) (1617.990723 861.996155 -81 ) (1617.998901 861.996155 -81 ) (1592.471802 800 -43.210995 ) 
3 124 128 (1584 848 -72.468155 ) (1584 861.996277 -81 ) (1617.990723 861.996155 -81 ) 
3 124 127 (1618.001831 862.002991 -81 ) (1632 896 -81 ) (1632 896 -73 ) 
6 124 125 (1592.471558 800 768 ) (1592.471558 800 -43.212460 ) (1617.998413 861.994629 -81 ) (1618.001831 862.002991 -81 ) (1632 896 -73 ) (1632 896 768 ) 
4 124 145 (1592.471802 800 768 ) (1584 800 768 ) (1584 800 -43.210876 ) (1592.471802 800 -43.210880 ) 
4 124 146 (1584 896 -81 ) (1632 896 -81 ) (1618 861.997009 -81 ) (1584 861.997009 -81 ) 
5 125 130 (1617.998901 861.996155 -81 ) (1618.001831 861.996155 -81 ) (1637 844.185486 -70.143906 ) (1637 800 -43.211292 ) (1592.471802 800 -43.210995 ) 
4 125 129 (1637 844.185486 -70.143906 ) (1682 801.998352 -44.429634 ) (1682 800 -43.211590 ) (1637 800 -43.211292 ) 
5 125 127 (1661 821.695313 -56.429962 ) (1618.003418 862.004639 -81 ) (1618.003418 862.016113 -81 ) (1631.996338 896 -73.004021 ) (1661 896 -56.430241 ) 
4 125 126 (1682 802.007813 -44.429688 ) (1661 821.695313 -56.429962 ) (1661 896 -56.430241 ) (1682 896 -44.430054 ) 
4 125 145 (1682 800 -43.210930 ) (1682 800 768 ) (1592.471802 800 768 ) (1592.471802 800 -43.210880 ) 
4 126 131 (1661 861.995972 -81 ) (1682 861.995911 -81 ) (1682 801.998352 -44.429634 ) (1661 821.685669 -56.429626 ) 
4 126 146 (1661 896 -81 ) (1682 896 -81 ) (1682 861.997009 -81 ) (1661 861.997009 -81 ) 
4 126 127 (1661 821.687500 -56.429688 ) (1661 896 -56.429688 ) (1661 896 -81 ) (1661 861.997498 -81 ) 
3 127 133 (1618.001831 861.996155 -81 ) (1637 861.996094 -81 ) (1637 844.185486 -70.143906 ) 
4 127 132 (1637 861.996094 -81 ) (1661 861.995972 -81 ) (1661 821.685669 -56.429626 ) (1637 844.185486 -70.143906 ) 
4 127 146 (1632 896 -81 ) (1661 896 -81 ) (1661 861.997009 -81 ) (1618 861.997009 -81 ) 
4 128 135 (1584 861.997009 -81 ) (1584 847.998962 -81 ) (1584 847.998962 -73 ) (1584 852.853455 -75.426720 ) 
3 128 134 (1584 847.998962 -73 ) (1584 847.998962 -72.467773 ) (1584 852.853455 -75.426720 ) 
3 128 130 (1617.990601 861.996826 -81 ) (1584 848 -72.468315 ) (1584 848 -81 ) 
3 128 146 (1584 847.998962 -81 ) (1584 861.997009 -81 ) (1617.992798 861.997009 -81 ) 
4 129 132 (1637 844.180420 -70.142296 ) (1661 821.680664 -56.428009 ) (1661 800 -56.428379 ) (1637 800 -70.143082 ) 
4 129 131 (1661 821.680664 -56.428009 ) (1682 801.993408 -44.428013 ) (1682 800 -44.428013 ) (1661 800 -56.428379 ) 
4 129 145 (1637 800 -70.143967 ) (1682 800 -44.429676 ) (1682 800 -43.210930 ) (1637 800 -43.210907 ) 
3 129 130 (1637 844.184204 -70.142555 ) (1637 800 -70.142555 ) (1637 800 -43.207031 ) 
4 130 136 (1584 847.998962 -81 ) (1584 800 -81 ) (1584 800 -49 ) (1584 847.998962 -73 ) 
4 130 134 (1584 800 -49 ) (1584 800 -43.210930 ) (1584 847.998962 -72.467773 ) (1584 847.998962 -73 ) 
4 130 133 (1618 861.993591 -81 ) (1637 844.180420 -70.142296 ) (1637 800 -70.143082 ) (1618 800 -81 ) 
5 130 145 (1584 800 -81 ) (1618.001953 800 -81 ) (1637 800 -70.143967 ) (1637 800 -43.210907 ) (1584 800 -43.210876 ) 
5 130 146 (1618.001953 800 -81 ) (1584 800 -81 ) (1584 847.998962 -81 ) (1617.992798 861.997009 -81 ) (1618.001953 861.997009 -81 ) 
4 131 132 (1661 800 -81 ) (1661 800 -56.429688 ) (1661 821.687500 -56.429688 ) (1661 861.997253 -81 ) 
4 131 145 (1661 800 -81 ) (1682 800 -81 ) (1682 800 -44.429676 ) (1661 800 -56.429680 ) 
4 131 146 (1682 861.997009 -81 ) (1682 800 -81 ) (1661 800 -81 ) (1661 861.997009 -81 ) 
4 132 146 (1661 800 -81 ) (1637 800 -81 ) (1637 861.997009 -81 ) (1661 861.997009 -81 ) 
4 132 145 (1637 800 -81 ) (1661 800 -81 ) (1661 800 -56.429680 ) (1637 800 -70.143967 ) 
4 132 133 (1637 800 -81 ) (1637 800 -70.142555 ) (1637 844.187500 -70.142555 ) (1637 861.998047 -81 ) 
4 133 146 (1637 800 -81 ) (1618.001953 800 -81 ) (1618.001953 861.997009 -81 ) (1637 861.997009 -81 ) 
3 133 145 (1618.001953 800 -81 ) (1637 800 -81 ) (1637 800 -70.143967 ) 
5 134 137 (1553 896 768 ) (1553 896 -81 ) (1553 864 -81 ) (1553 800 -49 ) (1553 800 768 ) 
4 134 136 (1553 800 -49 ) (1553 863.499146 -80.749557 ) (1584 847.998962 -73 ) (1584 800 -49 ) 
4 134 135 (1553 863.499146 -80.749557 ) (1553 864 -81 ) (1584 864 -81 ) (1584 847.998962 -73 ) 
4 134 146 (1553 896 -81 ) (1584 896 -81 ) (1584 864 -81 ) (1553 864 -81 ) 
4 134 145 (1584 800 -49 ) (1584 800 768 ) (1553 800 768 ) (1553 800 -49 ) 
3 135 138 (1553 864 -81 ) (1553 863.499146 -81 ) (1553 863.499146 -80.749557 ) 
4 135 146 (1584 864 -81 ) (1584 847.998962 -81 ) (1553 863.499146 -81 ) (1553 864 -81 ) 
4 135 136 (1584 847.998047 -81 ) (1584 847.998047 -72.996094 ) (1553 863.498047 -80.746094 ) (1553 863.498047 -81 ) 
4 136 138 (1553 863.499146 -81 ) (1553 800 -81 ) (1553 800 -49 ) (1553 863.499146 -80.749557 ) 
4 136 145 (1553 800 -81 ) (1584 800 -81 ) (1584 800 -49 ) (1553 800 -49 ) 
4 136 146 (1584 847.998962 -81 ) (1584 800 -81 ) (1553 800 -81 ) (1553 863.499146 -81 ) 
4 137 141 (1488 800 -49 ) (1488 896 -49 ) (1534 896 -72 ) (1534 846 -72 ) 
4 137 140 (1534 896 -72 ) (1536 896 -73 ) (1552 864 -81 ) (1534 846 -72 ) 
3 137 139 (1536 896 -73 ) (1552 896 -81 ) (1552 864 -81 ) 
4 137 146 (1551.998047 896 -81 ) (1553 896 -81 ) (1553 864 -81 ) (1551.998047 864 -81 ) 
4 137 145 (1553 800 -49 ) (1553 800 768 ) (1488 800 768 ) (1488 800 -49 ) 
4 137 144 (1488 896 768 ) (1488 896 -49 ) (1488 800 -49 ) (1488 800 768 ) 
5 137 138 (1488 800 -49 ) (1488 800.003906 -49.001953 ) (1551.996094 864 -81 ) (1553 864 -81 ) (1553 800 -49 ) 
3 138 143 (1488 800 -49 ) (1534 846 -72 ) (1534 800 -72 ) 
4 138 142 (1534 846 -72 ) (1552 864 -81 ) (1552 800 -81 ) (1534 800 -72 ) 
4 138 146 (1553 864 -81 ) (1553 800 -81 ) (1551.998169 800 -81 ) (1551.998047 864 -81 ) 
4 138 145 (1551.998047 800 -81 ) (1553 800 -81 ) (1553 800 -49 ) (1488 800 -49 ) 
3 139 140 (1551.994141 864.011719 -81 ) (1536 896 -73.002930 ) (1536 896 -81 ) 
3 139 146 (1536 896 -81 ) (1551.998047 896 -81 ) (1551.998047 864.003540 -81 ) 
3 140 142 (1552 864 -81 ) (1534 846 -72 ) (1534 864 -81 ) 
5 140 146 (1534 896 -81 ) (1536 896 -81 ) (1551.998047 864.003540 -81 ) (1551.998047 864 -81 ) (1534 864 -81 ) 
4 140 141 (1534 864 -81 ) (1534 846.001892 -72 ) (1534 896 -72 ) (1534 896 -81 ) 
4 141 143 (1534 846 -72 ) (1488 800 -49 ) (1488 864 -81 ) (1534 864 -81 ) 
4 141 146 (1488 896 -81 ) (1534 896 -81 ) (1534 864 -81 ) (1488 864 -81 ) 
4 141 144 (1488 896 -49 ) (1488 896 -81 ) (1488 864 -81 ) (1488 800 -49 ) 
3 142 145 (1534 800 -81 ) (1551.998047 800 -81 ) (1534 800 -72 ) 
4 142 146 (1551.998047 864 -81 ) (1551.998169 800 -81 ) (1534 800 -81 ) (1534 864 -81 ) 
4 142 143 (1534 800 -81 ) (1534 800 -72 ) (1534 845.992188 -72 ) (1534 863.992188 -81 ) 
3 143 144 (1488 864 -81 ) (1488 800 -81 ) (1488 800 -49 ) 
4 143 145 (1488 800 -81 ) (1534 800 -81 ) (1534 800 -72 ) (1488 800 -49 ) 
4 143 146 (1534 800 -81 ) (1488 800 -81 ) (1488 864 -81 ) (1534 864 -81 ) 
4 144 177 (1024 896 -81 ) (1024 800 -81 ) (1024 800 160 ) (1024 896 160 ) 
4 144 176 (1024 800 160 ) (1024 800 176 ) (1024 896 176 ) (1024 896 160 ) 
4 144 173 (1024 800 176 ) (1024 800 208 ) (1024 896 208 ) (1024 896 176 ) 
4 144 165 (1024 800 208 ) (1024 800 304 ) (1024 896 304 ) (1024 896 208 ) 
4 144 163 (1024 800 304 ) (1024 800 336 ) (1024 896 336 ) (1024 896 304 ) 
4 144 159 (1024 800 336 ) (1024 800 432 ) (1024 896 432 ) (1024 896 336 ) 
4 144 155 (1024 800 432 ) (1024 800 496 ) (1024 896 496 ) (1024 896 432 ) 
4 144 154 (1024 800 496 ) (1024 800 512 ) (1024 896 512 ) (1024 896 496 ) 
4 144 152 (1024 800 512 ) (1024 800 768 ) (1024 896 768 ) (1024 896 512 ) 
4 144 146 (1024 800 -81 ) (1024 896 -81 ) (1488 896 -81 ) (1488 800 -81 ) 
4 144 145 (1024 800 -81 ) (1488 800 -81 ) (1488 800 768 ) (1024 800 768 ) 
4 145 218 (2048 0 -81 ) (2048 0 768 ) (1024 0 768 ) (1024 0 -81 ) 
4 145 183 (1024 640 -81 ) (1024 0 -81 ) (1024 0 208 ) (1024 640 208 ) 
4 145 177 (1024 800 -81 ) (1024 640 -81 ) (1024 640 160 ) (1024 800 160 ) 
4 145 176 (1024 640 160 ) (1024 640 176 ) (1024 800 176 ) (1024 800 160 ) 
4 145 173 (1024 640 176 ) (1024 640 208 ) (1024 800 208 ) (1024 800 176 ) 
4 145 171 (1024 0 208 ) (1024 0 432 ) (1024 640 432 ) (1024 640 208 ) 
4 145 165 (1024 800 304 ) (1024 800 208 ) (1024 640 208 ) (1024 640 304 ) 
4 145 163 (1024 800 336 ) (1024 800 304 ) (1024 640 304 ) (1024 640 336 ) 
4 145 159 (1024 640 432 ) (1024 800 432 ) (1024 800 336 ) (1024 640 336 ) 
4 145 157 (1024 0 432 ) (1024 0 512 ) (1024 640 512 ) (1024 640 432 ) 
4 145 155 (1024 800 496 ) (1024 800 432 ) (1024 640 432 ) (1024 640 496 ) 
4 145 154 (1024 640 512 ) (1024 800 512 ) (1024 800 496 ) (1024 640 496 ) 
4 145 152 (1024 0 512 ) (1024 0 768 ) (1024 800 768 ) (1024 800 512 ) 
4 145 146 (2048 0 -81 ) (1024 0 -81 ) (1024 800 -81 ) (2048 800 -81 ) 
4 146 218 (2048 0 -992 ) (2048 0 -81 ) (1024 0 -81 ) (1024 0 -992 ) 
4 146 206 (1024 640 -992 ) (1024 0 -992 ) (1024 0 -416 ) (1024 640 -416 ) 
4 146 203 (1024 1024 -416 ) (1024 1024 -992 ) (1024 640 -992 ) (1024 640 -416 ) 
4 146 201 (1024 640 -416 ) (1024 0 -416 ) (1024 0 -336 ) (1024 640 -336 ) 
4 146 200 (1024 1024 -352 ) (1024 1024 -416 ) (1024 640 -416 ) (1024 640 -352 ) 
4 146 199 (1024 1024 -336 ) (1024 1024 -352 ) (1024 640 -352 ) (1024 640 -336 ) 
4 146 197 (1024 640 -336 ) (1024 0 -336 ) (1024 0 -208 ) (1024 640 -208 ) 
4 146 196 (1024 648 -336 ) (1024 640 -336 ) (1024 640 -304 ) (1024 648 -304 ) 
4 146 193 (1024 1024 -304 ) (1024 1024 -336 ) (1024 648 -336 ) (1024 648 -304 ) 
4 146 190 (1024 648 -304 ) (1024 640 -304 ) (1024 640 -208 ) (1024 648 -208 ) 
4 146 185 (1024 1024 -208 ) (1024 1024 -304 ) (1024 648 -304 ) (1024 648 -208 ) 
4 146 183 (1024 640 -208 ) (1024 0 -208 ) (1024 0 -81 ) (1024 640 -81 ) 
4 146 182 (1024 648 -208 ) (1024 640 -208 ) (1024 640 -144 ) (1024 648 -144 ) 
4 146 179 (1024 1024 -144 ) (1024 1024 -208 ) (1024 648 -208 ) (1024 648 -144 ) 
4 146 178 (1024 1024 -128 ) (1024 1024 -144 ) (1024 640 -144 ) (1024 640 -128 ) 
4 146 177 (1024 1024 -81 ) (1024 1024 -128 ) (1024 640 -128 ) (1024 640 -81 ) 
4 146 147 (2048 0 -992 ) (1024 0 -992 ) (1024 1024 -992 ) (2048 1024 -992 ) 
4 147 219 (2048 0 -1984 ) (2048 0 -992 ) (1024 0 -992 ) (1024 0 -1984 ) 
4 147 207 (1024 640 -1984 ) (1024 0 -1984 ) (1024 0 -992 ) (1024 640 -992 ) 
4 147 204 (1024 1024 -992 ) (1024 1024 -1984 ) (1024 640 -1984 ) (1024 640 -992 ) 
4 147 148 (1024 1024 -1984 ) (2048 1024 -1984 ) (2048 0 -1984 ) (1024 0 -1984 ) 
4 148 220 (2048 0 -3232 ) (2048 0 -1984 ) (1024 0 -1984 ) (1024 0 -3232 ) 
4 148 208 (1024 640 -3232 ) (1024 0 -3232 ) (1024 0 -1984 ) (1024 640 -1984 ) 
4 148 205 (1024 1024 -1984 ) (1024 1024 -3232 ) (1024 640 -3232 ) (1024 640 -1984 ) 
4 149 221 (1024 0 768 ) (1024 0 1536 ) (32 0 1536 ) (32 0 768 ) 
4 149 152 (1024 1024 768 ) (1024 0 768 ) (32 0 768 ) (32 1024 768 ) 
4 149 151 (32 303.996399 768 ) (32 0 768 ) (32 0 864 ) (32 255.993652 800.001526 ) 
4 149 150 (32 0 864 ) (32 0 1536 ) (32 1024 1536 ) (32 1024 864 ) 
4 150 225 (32 0 1536 ) (16 0 1536 ) (16 0 864 ) (32 0 864 ) 
4 151 262 (0 0 768 ) (0 0 864 ) (0 255.994827 800.001099 ) (0 303.997009 768 ) 
4 151 226 (0 0 864 ) (0 0 768 ) (32 0 768 ) (32 0 864 ) 
4 151 153 (32 0 768 ) (0 0 768 ) (0 303.997070 768 ) (32 303.996399 768 ) 
4 152 222 (1024 0 512 ) (1024 0 768 ) (32 0 768 ) (32 0 512 ) 
4 152 157 (1024 0 512 ) (32 0 512 ) (32 640 512 ) (1024 640 512 ) 
4 152 154 (128 1024 512 ) (1024 1024 512 ) (1024 640 512 ) (128 640 512 ) 
5 152 153 (32 558.349915 512 ) (32 0 512 ) (32 0 768 ) (32 303.996490 768 ) (32 448.003967 671.995972 ) 
5 153 265 (0 0 512 ) (0 0 768 ) (0 303.997070 768 ) (0 448.003143 671.996948 ) (0 558.349731 512 ) 
4 153 227 (32 0 768 ) (0 0 768 ) (0 0 512 ) (32 0 512 ) 
4 153 158 (32 0 512 ) (0 0 512 ) (0 558.349670 512 ) (32 558.349915 512 ) 
4 154 157 (1024 640 496 ) (1024 640 512 ) (128 640 512 ) (128 640 496 ) 
4 154 155 (1024 640 496 ) (128 640 496 ) (128 1024 496 ) (1024 1024 496 ) 
4 155 159 (128 1024 432 ) (1024 1024 432 ) (1024 640 432 ) (128 640 432 ) 
4 155 157 (128 640 432 ) (1024 640 432 ) (1024 640 496 ) (128 640 496 ) 
4 156 254 (0 1024 496 ) (0 1024 432 ) (0 648 432 ) (0 648 496 ) 
3 156 169 (0 648 432 ) (0 768 432 ) (120 648 432 ) 
4 156 162 (0 768 432 ) (0 1024 432 ) (120 1024 432 ) (120 648 432 ) 
4 157 222 (1024 0 432 ) (1024 0 512 ) (32 0 512 ) (32 0 432 ) 
4 157 171 (1024 0 432 ) (32 0 432 ) (32 640 432 ) (1024 640 432 ) 
5 157 158 (32 597.178772 432 ) (32 0 432 ) (32 0 512 ) (32 558.349915 512 ) (32 590.223511 465.784912 ) 
5 158 265 (0 0 432 ) (0 0 512 ) (0 558.349670 512 ) (0 590.223450 465.784637 ) (0 597.178650 432 ) 
4 158 227 (32 0 512 ) (0 0 512 ) (0 0 432 ) (32 0 432 ) 
4 158 172 (32 0 432 ) (0 0 432 ) (0 597.178650 432 ) (32 597.178772 432 ) 
4 159 171 (1024 640 336 ) (1024 640 432 ) (128 640 432 ) (128 640 336 ) 
4 159 163 (1024 640 336 ) (128 640 336 ) (128 1024 336 ) (1024 1024 336 ) 
4 159 160 (128 1024 336 ) (128 640.003906 336 ) (128 640.003906 432 ) (128 1024 432 ) 
4 160 161 (126 1024 336 ) (126 642.003906 336 ) (126 642.003906 432 ) (126 1024 432 ) 
4 161 162 (120 1024 336 ) (120 648.003906 336 ) (120 648.003906 432 ) (120 1024 432 ) 
4 162 254 (0 768 432 ) (0 1024 432 ) (0 1024 336 ) (0 768 336 ) 
4 162 169 (120 648 432 ) (0 768 432 ) (0 768 336 ) (120 648 336 ) 
4 162 164 (120 647.992188 336 ) (0 767.992188 336 ) (0 1024 336 ) (120 1024 336 ) 
4 163 171 (1024 640 304 ) (1024 640 336 ) (128 640 336 ) (128 640 304 ) 
4 163 165 (1024 640 304 ) (128 640 304 ) (128 1024 304 ) (1024 1024 304 ) 
4 164 254 (0 1024 336 ) (0 1024 304 ) (0 768 304 ) (0 768 336 ) 
4 164 169 (120 648 336 ) (0 768 336 ) (0 768 304 ) (120 648 304 ) 
4 164 168 (120 647.992188 304 ) (0 767.992188 304 ) (0 1024 304 ) (120 1024 304 ) 
4 165 173 (1024 1024 208 ) (1024 640 208 ) (128 640 208 ) (128 1024 208 ) 
4 165 171 (128 640 208 ) (1024 640 208 ) (1024 640 304 ) (128 640 304 ) 
4 165 166 (128 1024 208 ) (128 640 208 ) (128 640 304 ) (128 1024 304 ) 
4 166 170 (126 642 208 ) (128 640 208 ) (128 640 304 ) (126 642 304 ) 
4 166 167 (126 1024 208 ) (126 642 208 ) (126 642 304 ) (126 1024 304 ) 
4 167 170 (120 648 208 ) (126 642 208 ) (126 642 304 ) (120 648 304 ) 
4 167 168 (120 1024 208 ) (120 648 208 ) (120 648 304 ) (120 1024 304 ) 
4 168 254 (0 1024 304 ) (0 1024 208 ) (0 768 208 ) (0 768 304 ) 
4 168 174 (120 648 208 ) (0 768 208 ) (0 1024 208 ) (120 1024 208 ) 
4 168 169 (0 768 208 ) (120 648 208 ) (120 648 304 ) (0 768 304 ) 
4 169 254 (0 648 432 ) (0 768 432 ) (0 768 208 ) (0 648 208 ) 
3 169 174 (0 648 208 ) (0 768 208 ) (120 648 208 ) 
4 169 170 (117.086990 648 208 ) (120 648 208 ) (120 648 304 ) (117.086990 648 304 ) 
4 170 175 (128 640 208 ) (127.995911 640 208 ) (117.086929 648 208 ) (120 648 208 ) 
4 171 222 (1024 0 208 ) (1024 0 432 ) (32 0 432 ) (32 0 208 ) 
4 171 183 (1024 640 208 ) (1024 0 208 ) (32 0 208 ) (32 640 208 ) 
5 171 172 (32 640 224 ) (32 636.706177 208 ) (32 0 208 ) (32 0 432 ) (32 597.178833 432 ) 
5 172 265 (0 0 208 ) (0 0 432 ) (0 597.178650 432 ) (0 640 224 ) (0 636.705322 208 ) 
4 172 227 (32 0 432 ) (0 0 432 ) (0 0 208 ) (32 0 208 ) 
4 172 184 (32 0 208 ) (0 0 208 ) (0 636.705322 208 ) (32 636.706177 208 ) 
4 173 183 (1024 640 176 ) (1024 640 208 ) (128 640 208 ) (128 640 176 ) 
4 173 176 (1024 640 176 ) (128 640 176 ) (128 1024 176 ) (1024 1024 176 ) 
4 174 254 (0 648 208 ) (0 1024 208 ) (0 1024 176 ) (0 648 176 ) 
4 174 175 (117.086990 648 176 ) (120 648 176 ) (120 648 208 ) (117.086990 648 208 ) 
4 176 183 (1024 640 160 ) (1024 640 176 ) (128 640 176 ) (128 640 160 ) 
4 176 177 (1024 640 160 ) (128 640 160 ) (128 1024 160 ) (1024 1024 160 ) 
4 177 183 (1024 640 -128 ) (1024 640 160 ) (32 640 160 ) (32 640 -128 ) 
4 177 178 (1024 640 -128 ) (640 640 -128 ) (640 1024 -128 ) (1024 1024 -128 ) 
4 178 183 (1024 640 -144 ) (1024 640 -128 ) (640 640 -128 ) (640 640 -144 ) 
4 178 182 (1024 640 -144 ) (640 640 -144 ) (640 648 -144 ) (1024 648 -144 ) 
4 178 179 (640 648 -144 ) (640 1024 -144 ) (1024 1024 -144 ) (1024 648 -144 ) 
4 179 185 (640 1024 -208 ) (1024 1024 -208 ) (1024 648 -208 ) (640 648 -208 ) 
4 179 182 (640 648 -208 ) (1024 648 -208 ) (1024 648 -144 ) (640 648 -144 ) 
4 180 188 (258 1024 -208 ) (632 1024 -208 ) (632 648 -208 ) (258 648 -208 ) 
4 181 260 (0 1024 -144 ) (0 1024 -208 ) (0 648 -208 ) (0 648 -144 ) 
4 181 189 (0 648 -208 ) (0 1024 -208 ) (256 1024 -208 ) (256 648 -208 ) 
4 182 190 (640 648 -208 ) (1024 648 -208 ) (1024 640 -208 ) (640 640 -208 ) 
4 182 183 (640 640 -208 ) (1024 640 -208 ) (1024 640 -144 ) (640 640 -144 ) 
4 183 222 (1024 0 -208 ) (1024 0 208 ) (32 0 208 ) (32 0 -208 ) 
4 183 197 (1024 0 -208 ) (32 0 -208 ) (32 640 -208 ) (1024 640 -208 ) 
5 183 184 (32 459.035065 -208 ) (32 0 -208 ) (32 0 208 ) (32 636.706177 208 ) (32 590.226746 -17.775864 ) 
5 184 265 (0 0 -208 ) (0 0 208 ) (0 636.705322 208 ) (0 590.225464 -17.778000 ) (0 459.035248 -208 ) 
4 184 227 (32 0 208 ) (0 0 208 ) (0 0 -208 ) (32 0 -208 ) 
4 184 198 (32 0 -208 ) (0 0 -208 ) (0 459.035278 -208 ) (32 459.035065 -208 ) 
4 185 193 (640 1024 -304 ) (1024 1024 -304 ) (1024 648 -304 ) (640 648 -304 ) 
4 185 190 (640 648 -304 ) (1024 648 -304 ) (1024 648 -208 ) (640 648 -208 ) 
4 185 186 (640 1024 -304 ) (640 648 -304 ) (640 648 -208 ) (640 1024 -208 ) 
4 186 191 (638 648 -304 ) (640 648 -304 ) (640 648 -208 ) (638 648 -208 ) 
4 186 187 (638 1024 -304 ) (638 648 -304 ) (638 648 -208 ) (638 1024 -208 ) 
4 187 192 (632 648 -304 ) (638 648 -304 ) (638 648 -208 ) (632 648 -208 ) 
4 187 188 (632 1024 -304 ) (632 648 -304 ) (632 648 -208 ) (632 1024 -208 ) 
4 188 194 (258 1024 -304 ) (632 1024 -304 ) (632 648 -304 ) (258 648 -304 ) 
4 189 276 (0 648 -208 ) (0 1024 -208 ) (0 1024 -304 ) (0 648 -304 ) 
4 189 195 (0 648 -304 ) (0 1024 -304 ) (256 1024 -304 ) (256 648 -304 ) 
4 190 197 (1024 640 -304 ) (1024 640 -208 ) (640 640 -208 ) (640 640 -304 ) 
4 190 196 (1024 640 -304 ) (640 640 -304 ) (640 648 -304 ) (1024 648 -304 ) 
4 190 191 (640 648 -208 ) (640 648 -304 ) (640 640.001953 -304 ) (640 640.001953 -208 ) 
4 191 192 (638 648 -208 ) (638 648 -304 ) (638 642.001953 -304 ) (638 642.001953 -208 ) 
4 193 199 (640 1024 -336 ) (1024 1024 -336 ) (1024 648 -336 ) (640 648 -336 ) 
4 193 196 (640 648 -336 ) (1024 648 -336 ) (1024 648 -304 ) (640 648 -304 ) 
4 195 276 (0 1024 -304 ) (0 1024 -336 ) (0 648 -336 ) (0 648 -304 ) 
4 196 199 (640 648 -336 ) (1024 648 -336 ) (1024 640 -336 ) (640 640 -336 ) 
4 196 197 (640 640 -336 ) (1024 640 -336 ) (1024 640 -304 ) (640 640 -304 ) 
4 197 222 (1024 0 -336 ) (1024 0 -208 ) (32 0 -208 ) (32 0 -336 ) 
4 197 201 (1024 0 -336 ) (32 0 -336 ) (32 640 -336 ) (1024 640 -336 ) 
5 197 198 (32 280 -336 ) (32 0 -336 ) (32 0 -208 ) (32 459.035034 -208 ) (32 448 -224 ) 
5 198 277 (0 0 -336 ) (0 0 -208 ) (0 459.035248 -208 ) (0 448.001038 -224 ) (0 280 -336 ) 
4 198 227 (32 0 -208 ) (0 0 -208 ) (0 0 -336 ) (32 0 -336 ) 
4 198 202 (32 0 -336 ) (0 0 -336 ) (0 280 -336 ) (32 280 -336 ) 
4 199 201 (1024 640 -352 ) (1024 640 -336 ) (640 640 -336 ) (640 640 -352 ) 
4 199 200 (1024 640 -352 ) (640 640 -352 ) (640 1024 -352 ) (1024 1024 -352 ) 
4 200 203 (1024 1024 -416 ) (1024 640 -416 ) (544 640 -416 ) (544 1024 -416 ) 
4 200 201 (544 640 -416 ) (1024 640 -416 ) (1024 640 -352 ) (544 640 -352 ) 
4 201 222 (1024 0 -416 ) (1024 0 -336 ) (32 0 -336 ) (32 0 -416 ) 
4 201 206 (1024 640 -416 ) (1024 0 -416 ) (32 0 -416 ) (32 640 -416 ) 
4 201 202 (32 0 -416 ) (32 0 -336 ) (32 280 -336 ) (32 255.998077 -352.001282 ) 
4 202 277 (0 0 -416 ) (0 0 -336 ) (0 280 -336 ) (0 256 -352 ) 
4 202 227 (32 0 -336 ) (0 0 -336 ) (0 0 -416 ) (32 0 -416 ) 
4 203 206 (1024 640 -992 ) (1024 640 -416 ) (544 640 -416 ) (544 640 -992 ) 
4 203 204 (1024 640 -992 ) (544 640 -992 ) (544 1024 -992 ) (1024 1024 -992 ) 
4 204 207 (1024 640 -1984 ) (1024 640 -992 ) (544 640 -992 ) (544 640 -1984 ) 
4 204 205 (1024 640 -1984 ) (544 640 -1984 ) (544 1024 -1984 ) (1024 1024 -1984 ) 
4 205 208 (544 640 -3232 ) (1024 640 -3232 ) (1024 640 -1984 ) (544 640 -1984 ) 
4 206 228 (32 0 -416 ) (16 0 -416 ) (16 0 -992 ) (32 0 -992 ) 
4 206 222 (1024 0 -992 ) (1024 0 -416 ) (32 0 -416 ) (32 0 -992 ) 
4 206 207 (1024 0 -992 ) (16 0 -992 ) (16 640 -992 ) (1024 640 -992 ) 
4 207 229 (32 0 -992 ) (16 0 -992 ) (16 0 -1984 ) (32 0 -1984 ) 
4 207 223 (1024 0 -1984 ) (1024 0 -992 ) (32 0 -992 ) (32 0 -1984 ) 
4 207 208 (16 640 -1984 ) (1024 640 -1984 ) (1024 0 -1984 ) (16 0 -1984 ) 
4 208 230 (32 0 -1984 ) (16 0 -1984 ) (16 0 -3232 ) (32 0 -3232 ) 
4 208 224 (1024 0 -3232 ) (1024 0 -1984 ) (32 0 -1984 ) (32 0 -3232 ) 
4 209 214 (2048 -32 1280 ) (2048 -1024 1280 ) (2048 -1024 1536 ) (2048 -32 1536 ) 
4 209 213 (2048 0 1536 ) (2048 0 1280 ) (2048 -32 1280 ) (2048 -32 1536 ) 
4 209 217 (2048 0 1280 ) (2048 0 768 ) (2048 -1024 768 ) (2048 -1024 1280 ) 
4 209 210 (2048 0 768 ) (2560 0 768 ) (2560 -1024 768 ) (2048 -1024 768 ) 
4 210 218 (2048 0 768 ) (2048 0 -992 ) (2048 -1024 -992 ) (2048 -1024 768 ) 
4 210 211 (2048 -1024 -992 ) (2048 0 -992 ) (2560 0 -992 ) (2560 -1024 -992 ) 
4 211 219 (2048 0 -992 ) (2048 0 -1984 ) (2048 -1024 -1984 ) (2048 -1024 -992 ) 
4 211 212 (2048 0 -1984 ) (2560 0 -1984 ) (2560 -1024 -1984 ) (2048 -1024 -1984 ) 
4 212 220 (2048 0 -1984 ) (2048 0 -3232 ) (2048 -1024 -3232 ) (2048 -1024 -1984 ) 
4 213 214 (1856 -32 1280 ) (2048 -32 1280 ) (2048 -32 1536 ) (1856 -32 1536 ) 
4 213 217 (1856 0 1280 ) (2048 0 1280 ) (2048 -32 1280 ) (1856 -32 1280 ) 
4 214 235 (1536 -1024 1536 ) (1440 -1024 1536 ) (1440 -1024 1280 ) (1536 -1024 1280 ) 
4 214 215 (1440 -32 1280 ) (1440 -1024 1280 ) (1440 -1024 1536 ) (1440 -32 1536 ) 
4 214 217 (2048 -1024 1280 ) (1440 -1024 1280 ) (1440 -32 1280 ) (2048 -32 1280 ) 
4 215 235 (1408 -1024 1536 ) (1408 -1024 1280 ) (1440 -1024 1280 ) (1440 -1024 1536 ) 
4 215 216 (1408 -32 1280 ) (1408 -1024 1280 ) (1408 -1024 1536 ) (1408 -32 1536 ) 
4 215 217 (1440 -1024 1280 ) (1408 -1024 1280 ) (1408 -32 1280 ) (1440 -32 1280 ) 
4 216 235 (1024 -1024 1536 ) (1024 -1024 1280 ) (1408 -1024 1280 ) (1408 -1024 1536 ) 
4 216 221 (1024 0 1536 ) (1024 0 1280 ) (1024 -1024 1280 ) (1024 -1024 1536 ) 
4 216 217 (1408 -1024 1280 ) (1024 -1024 1280 ) (1024 0 1280 ) (1408 0 1280 ) 
4 217 235 (1536 -1024 1280 ) (1024 -1024 1280 ) (1024 -1024 768 ) (1536 -1024 768 ) 
4 217 221 (1024 0 1280 ) (1024 0 768 ) (1024 -1024 768 ) (1024 -1024 1280 ) 
4 217 218 (1024 -1024 768 ) (1024 0 768 ) (2048 0 768 ) (2048 -1024 768 ) 
4 218 235 (1536 -1024 768 ) (1024 -1024 768 ) (1024 -1024 -992 ) (1536 -1024 -992 ) 
4 218 222 (1024 0 768 ) (1024 0 -992 ) (1024 -1024 -992 ) (1024 -1024 768 ) 
4 218 219 (2048 -1024 -992 ) (1024 -1024 -992 ) (1024 0 -992 ) (2048 0 -992 ) 
4 219 235 (1536 -1024 -992 ) (1024 -1024 -992 ) (1024 -1024 -1984 ) (1536 -1024 -1984 ) 
4 219 223 (1024 0 -992 ) (1024 0 -1984 ) (1024 -1024 -1984 ) (1024 -1024 -992 ) 
4 219 220 (1024 -1024 -1984 ) (1024 0 -1984 ) (2048 0 -1984 ) (2048 -1024 -1984 ) 
4 220 235 (1536 -1024 -1984 ) (1024 -1024 -1984 ) (1024 -1024 -3232 ) (1536 -1024 -3232 ) 
4 220 224 (1024 0 -1984 ) (1024 0 -3232 ) (1024 -1024 -3232 ) (1024 -1024 -1984 ) 
4 221 237 (256 -1024 1536 ) (32 -1024 1536 ) (32 -1024 768 ) (256 -1024 768 ) 
4 221 236 (1024 -1024 768 ) (1024 -1024 1536 ) (256 -1024 1536 ) (256 -1024 768 ) 
4 221 231 (32 -1024 864 ) (32 -1024 1536 ) (32 -640 1536 ) (32 -640 864 ) 
4 221 226 (32 0 864 ) (32 0 768 ) (32 -304 768 ) (32 -256.001587 799.998962 ) 
4 221 225 (32 -640 1536 ) (32 0 1536 ) (32 0 864 ) (32 -640 864 ) 
4 221 222 (32 -1024 768 ) (32 0 768 ) (1024 0 768 ) (1024 -1024 768 ) 
4 222 237 (256 -1024 768 ) (32 -1024 768 ) (32 -1024 -992 ) (256 -1024 -992 ) 
4 222 236 (1024 -1024 -992 ) (1024 -1024 768 ) (256 -1024 768 ) (256 -1024 -992 ) 
4 222 232 (32 -1024 -992 ) (32 -1024 -416 ) (32 -640 -416 ) (32 -640 -992 ) 
4 222 228 (32 0 -416 ) (32 0 -992 ) (32 -640 -992 ) (32 -640 -416 ) 
7 222 227 (32 -304 768 ) (32 0 768 ) (32 0 -416 ) (32 -640 -416 ) (32 -640 223.996094 ) (32 -590.223328 465.784546 ) (32 -448.001465 672 ) 
4 222 223 (1024 -1024 -992 ) (32 -1024 -992 ) (32 0 -992 ) (1024 0 -992 ) 
4 223 237 (256 -1024 -992 ) (32 -1024 -992 ) (32 -1024 -1984 ) (256 -1024 -1984 ) 
4 223 236 (1024 -1024 -1984 ) (1024 -1024 -992 ) (256 -1024 -992 ) (256 -1024 -1984 ) 
4 223 233 (32 -1024 -1984 ) (32 -1024 -992 ) (32 -640 -992 ) (32 -640 -1984 ) 
4 223 229 (32 -640 -992 ) (32 0 -992 ) (32 0 -1984 ) (32 -640 -1984 ) 
4 223 224 (32 -1024 -1984 ) (32 0 -1984 ) (1024 0 -1984 ) (1024 -1024 -1984 ) 
4 224 237 (256 -1024 -1984 ) (32 -1024 -1984 ) (32 -1024 -3232 ) (256 -1024 -3232 ) 
4 224 236 (1024 -1024 -3232 ) (1024 -1024 -1984 ) (256 -1024 -1984 ) (256 -1024 -3232 ) 
4 224 234 (32 -640 -3232 ) (32 -1024 -3232 ) (32 -1024 -1984 ) (32 -640 -1984 ) 
4 224 230 (32 0 -3232 ) (32 -640 -3232 ) (32 -640 -1984 ) (32 0 -1984 ) 
4 225 231 (32 -640 864 ) (32 -640 1536 ) (16 -640 1536 ) (16 -640 864 ) 
4 226 306 (0 0 864 ) (0 0 768 ) (0 -304 768 ) (0 -256.001373 800 ) 
4 226 227 (0 -304 768 ) (0 0 768 ) (32 0 768 ) (32 -304 768 ) 
5 227 312 (0 0 224 ) (0 0 -416 ) (0 -640 -416 ) (0 -640 223.996216 ) (0 -640 224 ) 
6 227 309 (0 0 768 ) (0 0 224 ) (0 -640 224 ) (0 -590.223389 465.784241 ) (0 -448.001160 672 ) (0 -304 768 ) 
4 227 228 (32 -640 -416 ) (16 -640 -416 ) (16 0 -416 ) (32 0 -416 ) 
4 228 232 (32 -640 -992 ) (32 -640 -416 ) (16 -640 -416 ) (16 -640 -992 ) 
4 228 229 (32 -640 -992 ) (16 -640 -992 ) (16 0 -992 ) (32 0 -992 ) 
4 229 233 (32 -640 -1984 ) (32 -640 -992 ) (16 -640 -992 ) (16 -640 -1984 ) 
4 229 230 (32 -640 -1984 ) (16 -640 -1984 ) (16 0 -1984 ) (32 0 -1984 ) 
4 230 234 (16 -640 -3232 ) (32 -640 -3232 ) (32 -640 -1984 ) (16 -640 -1984 ) 
4 231 238 (32 -1024 1536 ) (16 -1024 1536 ) (16 -1024 864 ) (32 -1024 864 ) 
4 232 239 (16 -1024 -416 ) (16 -1024 -992 ) (32 -1024 -992 ) (32 -1024 -416 ) 
4 232 233 (16 -1024 -992 ) (16 -640 -992 ) (32 -640 -992 ) (32 -1024 -992 ) 
4 233 239 (16 -1024 -992 ) (16 -1024 -1984 ) (32 -1024 -1984 ) (32 -1024 -992 ) 
4 233 234 (16 -1024 -1984 ) (16 -640 -1984 ) (32 -640 -1984 ) (32 -1024 -1984 ) 
4 234 239 (16 -1024 -1984 ) (16 -1024 -3232 ) (32 -1024 -3232 ) (32 -1024 -1984 ) 
4 235 236 (1024 -1280 1536 ) (1024 -1024 1536 ) (1024 -1024 -3232 ) (1024 -1280 -3232 ) 
4 236 240 (256 -1152 -3232 ) (256 -1376 -3232 ) (256 -1376 1536 ) (256 -1152 1536 ) 
4 236 237 (256 -1024 -3232 ) (256 -1152 -3232 ) (256 -1152 1536 ) (256 -1024 1536 ) 
4 237 240 (32 -1152 -3232 ) (256 -1152 -3232 ) (256 -1152 1536 ) (32 -1152 1536 ) 
4 237 238 (32 -1152 864 ) (32 -1152 1536 ) (32 -1024 1536 ) (32 -1024 864 ) 
4 237 239 (32 -1024 -3232 ) (32 -1152 -3232 ) (32 -1152 -416 ) (32 -1024 -416 ) 
4 238 240 (16 -1152 1536 ) (16 -1152 864 ) (32 -1152 864 ) (32 -1152 1536 ) 
4 239 240 (16 -1152 -416 ) (16 -1152 -3232 ) (32 -1152 -3232 ) (32 -1152 -416 ) 
4 241 255 (-122 1024 496 ) (-124 1024 496 ) (-124 1024 176 ) (-122 1024 176 ) 
4 241 254 (0 1024 176 ) (0 1024 496 ) (-122 1024 496 ) (-122 1024 176 ) 
4 241 258 (-124 1024 496 ) (-640 1024 496 ) (-640 1024 176 ) (-124 1024 176 ) 
4 241 245 (-640 1024 176 ) (-640 1024 432 ) (-640 1144 432 ) (-640 1144 176 ) 
4 242 259 (-552 1024 160 ) (-640 1024 160 ) (-640 1024 -128 ) (-552 1024 -128 ) 
4 242 247 (-640 1144 -128 ) (-640 1024 -128 ) (-640 1024 160 ) (-640 1144 160 ) 
4 243 244 (-640 1144 -336 ) (-639.994995 1144 -336 ) (-638.387085 1144 -304 ) (-640 1144 -208.002426 ) 
4 244 291 (-640 1024 -304 ) (-640 1024 -336 ) (-456 1024 -336 ) (-456 1024 -304 ) 
4 244 288 (-456 1024 -336 ) (-312 1024 -336 ) (-312 1024 -304 ) (-456 1024 -304 ) 
4 244 287 (-312 1024 -336 ) (-128 1024 -336 ) (-128 1024 -304 ) (-312 1024 -304 ) 
4 244 280 (-128 1024 -208 ) (-640 1024 -208 ) (-640 1024 -304 ) (-128 1024 -304 ) 
4 244 276 (0 1024 -336 ) (0 1024 -208 ) (-128 1024 -208 ) (-128 1024 -336 ) 
4 244 260 (0 1024 -208 ) (0 1024 -144 ) (-640 1024 -144 ) (-640 1024 -208 ) 
4 244 249 (-640 1068 -336 ) (-640 1024 -336 ) (-640 1024 -208 ) (-640 1068 -208 ) 
4 244 248 (-640 1144 -336 ) (-640 1143.599976 -336 ) (-640 1143.599976 -208 ) (-640 1144 -208 ) 
4 245 246 (-647 1144 176 ) (-647 1024 176 ) (-647 1024 432 ) (-647 1144 432 ) 
4 246 251 (-648 1144 432 ) (-648 1144 176 ) (-648 1024 176 ) (-648 1024 432 ) 
4 247 261 (-640 1024 -128 ) (-640 1024 160 ) (-648 1024 160 ) (-648 1024 -128 ) 
4 247 251 (-648 1144 160 ) (-648 1144 -128 ) (-648 1024 -128 ) (-648 1024 160 ) 
4 249 294 (-640 1024 -340 ) (-640 1024 -336 ) (-647 1024 -336 ) (-647 1024 -340 ) 
4 249 291 (-640 1024 -336 ) (-640 1024 -304 ) (-647 1024 -304 ) (-647 1024 -336 ) 
4 249 280 (-640 1024 -304 ) (-640 1024 -208 ) (-647 1024 -208 ) (-647 1024 -304 ) 
4 249 250 (-647 1068 -208 ) (-647 1068 -340 ) (-647 1024 -340 ) (-647 1024 -208 ) 
4 250 295 (-648 1024 -336 ) (-648 1024 -340 ) (-647 1024 -340 ) (-647 1024 -336 ) 
4 250 292 (-648 1024 -304 ) (-648 1024 -336 ) (-647 1024 -336 ) (-647 1024 -304 ) 
4 250 281 (-647 1024 -208 ) (-648 1024 -208 ) (-648 1024 -304 ) (-647 1024 -304 ) 
4 250 251 (-648 1068 -340 ) (-648 1024 -340 ) (-648 1024 -208 ) (-648 1068 -208 ) 
4 251 296 (-648 1024 -340 ) (-648 1024 -304 ) (-1008 1024 -304 ) (-1008 1024 -340 ) 
4 251 283 (-648 1024 -304 ) (-648 1024 -208 ) (-1008 1024 -208 ) (-1008 1024 -304 ) 
4 251 274 (-648 1024 -208 ) (-648 1024 336 ) (-1008 1024 336 ) (-1008 1024 -208 ) 
4 251 271 (-648 1024 336 ) (-648 1024 496 ) (-1008 1024 496 ) (-1008 1024 336 ) 
4 254 256 (-122 771 176 ) (-122 651 176 ) (-122 651 176.250000 ) (-122 771 176.250000 ) 
4 254 255 (-122 1024 176 ) (-122 771 176 ) (-122 771 496 ) (-122 1024 496 ) 
4 254 257 (-122 651 176 ) (-122 648 176 ) (-122 648 496 ) (-122 651 496 ) 
4 255 256 (-124 771 176.250000 ) (-124 771 176 ) (-122 771 176 ) (-122 771 176.250000 ) 
4 255 258 (-124 1024 176 ) (-124 771 176 ) (-124 771 496 ) (-124 1024 496 ) 
4 256 258 (-124 771 176 ) (-124 651 176 ) (-124 651 176.250000 ) (-124 771 176.250000 ) 
4 256 257 (-124 651 176.250000 ) (-124 651 176 ) (-122 651 176 ) (-122 651 176.250000 ) 
4 257 258 (-124 651 176 ) (-124 648 176 ) (-124 648 496 ) (-124 651 496 ) 
4 259 261 (-640 1024 160 ) (-640 1024 -128 ) (-640 912 -128 ) (-640 912 160 ) 
4 260 282 (-128 933 -208 ) (-128 648 -208 ) (-640 648 -208 ) (-640 933 -208 ) 
4 260 280 (-640 1024 -208 ) (-128 1024 -208 ) (-128 933 -208 ) (-640 933 -208 ) 
4 260 276 (-128 1024 -208 ) (0 1024 -208 ) (0 648 -208 ) (-128 648 -208 ) 
4 261 274 (-648 1024 160 ) (-648 1024 -128 ) (-648 912 -128 ) (-648 912 160 ) 
4 262 306 (0 0 768 ) (0 0 864 ) (-28 0 864 ) (-28 0 768 ) 
4 262 265 (-28 303.997559 768 ) (0 303.997009 768 ) (0 0 768 ) (-28 0 768 ) 
4 262 263 (-28 0 864 ) (-28 255.992188 800.001953 ) (-28 303.995605 768 ) (-28 0 768 ) 
4 263 307 (-28 0 864 ) (-32 0 864 ) (-32 0 768 ) (-28 0 768 ) 
4 263 266 (-32 303.997620 768 ) (-28 303.997559 768 ) (-28 0 768 ) (-32 0 768 ) 
4 263 264 (-32 0 864 ) (-32 255.992188 800.001953 ) (-32 303.995605 768 ) (-32 0 768 ) 
4 264 308 (-32 0 864 ) (-128 0 864 ) (-128 0 768 ) (-32 0 768 ) 
5 264 269 (-128 304 768 ) (-128 0 768 ) (-128 0 800 ) (-128 255.995941 800 ) (-128 256 799.998779 ) 
4 264 267 (-128 0 768 ) (-128 304 768 ) (-32 303.997620 768 ) (-32 0 768 ) 
4 265 312 (0 0 -208 ) (0 0 224 ) (-28 0 224 ) (-28 0 -208 ) 
4 265 309 (0 0 224 ) (0 0 768 ) (-28 0 768 ) (-28 0 224 ) 
4 265 277 (0 0 -208 ) (-28 0 -208 ) (-28 459.035461 -208 ) (0 459.035309 -208 ) 
8 265 266 (-28 448.003906 671.996094 ) (-28 590.222656 465.789063 ) (-28 640 223.996094 ) (-28 590.227722 -17.774963 ) (-28 459.035461 -208 ) (-28 0 -208 ) (-28 0 768 ) (-28 304 768 ) 
4 266 313 (-32 0 224 ) (-32 0 -208 ) (-28 0 -208 ) (-28 0 224 ) 
4 266 310 (-28 0 768 ) (-32 0 768 ) (-32 0 224 ) (-28 0 224 ) 
4 266 278 (-28 0 -208 ) (-32 0 -208 ) (-32 459.035492 -208 ) (-28 459.035461 -208 ) 
9 266 267 (-32 0 768 ) (-32 303.997620 768 ) (-32 448.002167 671.997986 ) (-32 590.223389 465.784424 ) (-32 639.998901 224.002670 ) (-32 590.224243 -17.780151 ) (-32 519.194092 -120.771812 ) (-32 374.389618 -208 ) (-32 0 -208 ) 
4 267 314 (-128 0 224 ) (-128 0 -208 ) (-32 0 -208 ) (-32 0 224 ) 
4 267 311 (-32 0 768 ) (-128 0 768 ) (-128 0 224 ) (-32 0 224 ) 
4 267 279 (-32 0 -208 ) (-128 0 -208 ) (-128 374.386292 -208 ) (-32 374.389618 -208 ) 
7 267 269 (-128 512 -125.103409 ) (-128 374.386292 -208 ) (-128 0 -208 ) (-128 0 768 ) (-128 304 768 ) (-128 448 672.001099 ) (-128 512 579.203247 ) 
4 267 268 (-128 512 336 ) (-128 512 579.203247 ) (-128 560 509.605713 ) (-128 560 336 ) 
4 268 272 (-648 512 336 ) (-648 512 496 ) (-648 560 496 ) (-648 560 336 ) 
4 268 270 (-648 512 496 ) (-648 512 800 ) (-648 560 800 ) (-648 560 496 ) 
4 268 269 (-648 512 800 ) (-648 512 336 ) (-128 512 336 ) (-128 512 800 ) 
4 269 315 (-648 0 800 ) (-648 0 -208 ) (-128 0 -208 ) (-128 0 800 ) 
4 269 299 (-128 0 -208 ) (-648 0 -208 ) (-648 512 -208 ) (-128 512 -208 ) 
4 269 275 (-648 512 -208 ) (-648 0 -208 ) (-648 0 496 ) (-648 512 496 ) 
4 269 270 (-648 0 496 ) (-648 0 800 ) (-648 512 800 ) (-648 512 496 ) 
4 270 315 (-1024 0 800 ) (-1024 0 496 ) (-648 0 496 ) (-648 0 800 ) 
4 270 300 (-1024 560 496 ) (-1024 0 496 ) (-1024 0 800 ) (-1024 560 800 ) 
4 270 273 (-1008 512 496 ) (-1024 512 496 ) (-1024 560 496 ) (-1008 560 496 ) 
4 270 272 (-648 560 496 ) (-648 512 496 ) (-1008 512 496 ) (-1008 560 496 ) 
4 270 275 (-648 512 496 ) (-648 0 496 ) (-1024 0 496 ) (-1024 512 496 ) 
4 271 274 (-1008 912 336 ) (-1008 1024 336 ) (-648 1024 336 ) (-648 912 336 ) 
4 272 273 (-1008 560 336 ) (-1008 512 336 ) (-1008 512 496 ) (-1008 560 496 ) 
4 272 275 (-648 512 336 ) (-648 512 496 ) (-1008 512 496 ) (-1008 512 336 ) 
4 273 300 (-1024 560 336 ) (-1024 512 336 ) (-1024 512 496 ) (-1024 560 496 ) 
4 273 275 (-1008 512 496 ) (-1024 512 496 ) (-1024 512 336 ) (-1008 512 336 ) 
4 274 283 (-1008 1024 -208 ) (-648 1024 -208 ) (-648 912 -208 ) (-1008 912 -208 ) 
4 275 315 (-1024 0 496 ) (-1024 0 -208 ) (-648 0 -208 ) (-648 0 496 ) 
4 275 301 (-1024 512 -208 ) (-1024 0 -208 ) (-1024 0 336 ) (-1024 512 336 ) 
4 275 300 (-1024 0 336 ) (-1024 0 496 ) (-1024 512 496 ) (-1024 512 336 ) 
4 275 299 (-648 0 -208 ) (-1024 0 -208 ) (-1024 512 -208 ) (-648 512 -208 ) 
4 276 287 (-128 1024 -304 ) (-128 1024 -336 ) (-128 648 -336 ) (-128 648 -304 ) 
4 276 282 (-128 648 -208 ) (-128 933 -208 ) (-128 933 -304 ) (-128 648 -304 ) 
4 276 280 (-128 933 -208 ) (-128 1024 -208 ) (-128 1024 -304 ) (-128 933 -304 ) 
4 277 312 (0 0 -416 ) (0 0 -208 ) (-28 0 -208 ) (-28 0 -416 ) 
5 277 278 (-28 459.030701 -208 ) (-28 447.996094 -224 ) (-28 255.993683 -352.001617 ) (-28 0 -416 ) (-28 0 -208 ) 
4 278 313 (-28 0 -208 ) (-32 0 -208 ) (-32 0 -416 ) (-28 0 -416 ) 
4 278 279 (-32 0 -377.443024 ) (-32 0 -208 ) (-32 374.389618 -208 ) (-32 286.419189 -260.992157 ) 
4 279 314 (-32 0 -208 ) (-128 0 -208 ) (-128 0 -352 ) (-32 0 -352 ) 
5 279 299 (-128 0 -208 ) (-128 374.386322 -208 ) (-128 286.398773 -261.002472 ) (-128 62.583817 -352 ) (-128 0 -352 ) 
4 280 291 (-647 1024 -304 ) (-456 1024 -304 ) (-456 933 -304 ) (-647 933 -304 ) 
4 280 288 (-456 1024 -304 ) (-312 1024 -304 ) (-312 933 -304 ) (-456 933 -304 ) 
4 280 287 (-312 1024 -304 ) (-128 1024 -304 ) (-128 933 -304 ) (-312 933 -304 ) 
4 280 282 (-640 933 -304 ) (-128 933 -304 ) (-128 933 -208 ) (-640 933 -208 ) 
4 280 281 (-647 1024 -304 ) (-647 933 -304 ) (-647 933 -208 ) (-647 1024 -208 ) 
4 281 292 (-648 1024 -304 ) (-647 1024 -304 ) (-647 933 -304 ) (-648 933 -304 ) 
4 281 283 (-648 1024 -304 ) (-648 933 -304 ) (-648 933 -208 ) (-648 1024 -208 ) 
4 282 293 (-456 648 -304 ) (-640 648 -304 ) (-640 933 -304 ) (-456 933 -304 ) 
4 282 288 (-312 648 -304 ) (-456 648 -304 ) (-456 933 -304 ) (-312 933 -304 ) 
4 282 287 (-128 933 -304 ) (-128 648 -304 ) (-312 648 -304 ) (-312 933 -304 ) 
4 282 285 (-456 648 -304 ) (-312 648 -304 ) (-312 648 -208 ) (-456 648 -208 ) 
4 282 284 (-256 648 -304 ) (-192 648 -304 ) (-192 648 -240 ) (-256 648 -240 ) 
4 283 296 (-1008 1024 -304 ) (-648 1024 -304 ) (-648 912 -304 ) (-1008 912 -304 ) 
4 284 297 (-256 640 -240 ) (-256 640 -304 ) (-192 640 -304 ) (-192 640 -240 ) 
4 285 289 (-456 646 -304 ) (-456 648 -304 ) (-312 648 -304 ) (-312 646 -304 ) 
4 285 286 (-456 646 -208 ) (-456 646 -304 ) (-312 646 -304 ) (-312 646 -208 ) 
4 286 298 (-312 640 -208 ) (-456 640 -208 ) (-456 640 -304 ) (-312 640 -304 ) 
4 286 290 (-312 640 -304 ) (-456 640 -304 ) (-456 646 -304 ) (-312 646 -304 ) 
4 287 288 (-312 1024 -336 ) (-312 648 -336 ) (-312 648 -304 ) (-312 1024 -304 ) 
4 288 293 (-456 933 -336 ) (-456 648 -336 ) (-456 648 -304 ) (-456 933 -304 ) 
4 288 291 (-456 1024 -336 ) (-456 933 -336 ) (-456 933 -304 ) (-456 1024 -304 ) 
4 288 289 (-456 648 -304 ) (-456 648 -336 ) (-312 648 -336 ) (-312 648 -304 ) 
4 289 290 (-456 646 -304 ) (-456 646 -336 ) (-312 646 -336 ) (-312 646 -304 ) 
4 290 298 (-312 640 -304 ) (-456 640 -304 ) (-456 640 -336 ) (-312 640 -336 ) 
4 291 294 (-647 1024 -336 ) (-640 1024 -336 ) (-640 933 -336 ) (-647 933 -336 ) 
4 291 293 (-640 933 -336 ) (-456 933 -336 ) (-456 933 -304 ) (-640 933 -304 ) 
4 291 292 (-647 1024 -336 ) (-647 933 -336 ) (-647 933 -304 ) (-647 1024 -304 ) 
4 292 296 (-648 933 -304 ) (-648 1024 -304 ) (-648 1024 -336 ) (-648 933 -336 ) 
4 292 295 (-648 933 -336 ) (-648 1024 -336 ) (-647 1024 -336 ) (-647 933 -336 ) 
4 294 295 (-647 1024 -340 ) (-647 933 -340 ) (-647 933 -336 ) (-647 1024 -336 ) 
4 295 296 (-648 933 -336 ) (-648 1024 -336 ) (-648 1024 -340 ) (-648 933 -340 ) 
4 298 299 (-312 512 -208 ) (-456 512 -208 ) (-456 512 -336 ) (-312 512 -336 ) 
4 299 315 (-128 0 -352 ) (-128 0 -208 ) (-1024 0 -208 ) (-1024 0 -352 ) 
4 299 301 (-1024 0 -352 ) (-1024 0 -208 ) (-1024 512 -208 ) (-1024 512 -352 ) 
4 300 316 (-1024 0 336 ) (-1024 0 800 ) (-2048 0 800 ) (-2048 0 336 ) 
4 300 302 (-2048 0 336 ) (-2048 0 800 ) (-2048 560 800 ) (-2048 560 336 ) 
4 300 301 (-1024 512 336 ) (-1024 0 336 ) (-2048 0 336 ) (-2048 512 336 ) 
4 301 316 (-1024 0 -352 ) (-1024 0 336 ) (-2048 0 336 ) (-2048 0 -352 ) 
4 301 303 (-2048 0 -352 ) (-2048 0 336 ) (-2048 512 336 ) (-2048 512 -352 ) 
4 302 317 (-2048 0 336 ) (-2048 0 800 ) (-3072 0 800 ) (-3072 0 336 ) 
4 302 304 (-3072 0 336 ) (-3072 0 800 ) (-3072 560 800 ) (-3072 560 336 ) 
4 302 303 (-3072 0 336 ) (-3072 512 336 ) (-2048 512 336 ) (-2048 0 336 ) 
4 303 317 (-2048 0 -352 ) (-2048 0 336 ) (-3072 0 336 ) (-3072 0 -352 ) 
4 303 305 (-3072 0 -352 ) (-3072 0 336 ) (-3072 512 336 ) (-3072 512 -352 ) 
4 304 318 (-3072 0 336 ) (-3072 0 800 ) (-3264 0 800 ) (-3264 0 336 ) 
4 304 305 (-3072 0 336 ) (-3264 0 336 ) (-3264 512 336 ) (-3072 512 336 ) 
4 305 318 (-3072 0 -352 ) (-3072 0 336 ) (-3264 0 336 ) (-3264 0 -352 ) 
4 306 309 (-28 0 768 ) (0 0 768 ) (0 -304 768 ) (-28 -304 768 ) 
4 306 307 (-28 0 768 ) (-28 -304 768 ) (-28 -256 800 ) (-28 0 864 ) 
4 307 310 (-32 0 768 ) (-28 0 768 ) (-28 -304 768 ) (-32 -304 768 ) 
4 307 308 (-32 0 768 ) (-32 -304 768 ) (-32 -256 800 ) (-32 0 864 ) 
4 308 315 (-128 0 800 ) (-128 0 768 ) (-128 -304 768 ) (-128 -256 800 ) 
4 308 311 (-128 -304 768 ) (-128 0 768 ) (-32 0 768 ) (-32 -304 768 ) 
4 309 312 (0 -640 224 ) (-28 -640 224 ) (-28 0 224 ) (0 0 224 ) 
6 309 310 (-28 0 224 ) (-28 -639.998047 224 ) (-28 -590.222656 465.781250 ) (-28 -448 672 ) (-28 -304 768 ) (-28 0 768 ) 
4 310 313 (-28 -640 224 ) (-32 -640 224 ) (-32 0 224 ) (-28 0 224 ) 
6 310 311 (-32 0 224 ) (-32 -639.998047 224 ) (-32 -590.222656 465.781250 ) (-32 -448 672 ) (-32 -304 768 ) (-32 0 768 ) 
6 311 315 (-128 -576 486.406494 ) (-128 -448 672 ) (-128 -304 768 ) (-128 0 768 ) (-128 0 224 ) (-128 -576 224 ) 
4 311 314 (-128 -576 224 ) (-128 0 224 ) (-32 0 224 ) (-32 -576 224 ) 
4 312 313 (-28 0 -416 ) (-28 -640 -416 ) (-28 -640 224 ) (-28 0 224 ) 
4 313 314 (-32 -576 224 ) (-32 0 224 ) (-32 0 -352 ) (-32 -576 -352 ) 
4 314 315 (-128 -576 224 ) (-128 0 224 ) (-128 0 -352 ) (-128 -576 -352 ) 
4 315 316 (-1024 0 800 ) (-1024 0 -352 ) (-1024 -576 -352 ) (-1024 -576 800 ) 
4 316 317 (-2048 0 800 ) (-2048 0 -352 ) (-2048 -576 -352 ) (-2048 -576 800 ) 
4 317 318 (-3072 0 800 ) (-3072 0 -352 ) (-3072 -576 -352 ) (-3072 -576 800 ) 
