


Using shader api: shaderapiempty.dll
materialPath: C:\Program Files (x86)\Steam\steamapps\common\Portal 2\portal2\materials
Loading c:\program files (x86)\steam\steamapps\common\portal 2\sdk_content\maps\cource_2_hard\8_industrial fan\mp_coop_fan_hard.vmf
ConVarRef gpu_level doesn't point to an existing ConVar
Patching WVT material: maps/mp_coop_fan_hard/nature/blendrockdirt_tunnel03a_wvt_patch
fixing up env_cubemap materials on brush sides...
0...1...2...3...4...5...6...7...8...9...100...1...2...3...4...5...6...7...8...9...10Processing areas...done (0)
Building Faces...done (0)
Chop Details...done (0)
Find Visible Detail Sides...
Merged 1640 detail faces...done (0)
Merging details...done (0)
FixTjuncs...
PruneNodes...
WriteBSP...
done (0)
writing c:\program files (x86)\steam\steamapps\common\portal 2\sdk_content\maps\cource_2_hard\8_industrial fan\mp_coop_fan_hard.prt...Building visibility clusters...
done (0)
Finding displacement neighbors...
Finding lightmap sample positions...
Displacement Alpha : 0...1...2...3...4...5...6...7...8...9...10
Building Physics collision data...
done (0) (347090 bytes)
Encountered obsolete static prop option to do its fade in screen space @ 293.03 663.26 -333.00
Encountered obsolete static prop option to do its fade in screen space @ 306.19 681.47 -344.00
Encountered obsolete static prop option to do its fade in screen space @ 332.00 662.00 -333.00
Encountered obsolete static prop option to do its fade in screen space @ 332.00 662.00 -333.00
Encountered obsolete static prop option to do its fade in screen space @ 341.00 664.00 -320.00
Encountered obsolete static prop option to do its fade in screen space @ 341.00 664.00 -320.00
Encountered obsolete static prop option to do its fade in screen space @ 348.00 666.00 -333.00
Encountered obsolete static prop option to do its fade in screen space @ 348.00 666.00 -333.00
Encountered obsolete static prop option to do its fade in screen space @ 365.00 664.00 -333.00
Encountered obsolete static prop option to do its fade in screen space @ 365.00 664.00 -333.00
Encountered obsolete static prop option to do its fade in screen space @ 365.00 664.00 -320.00
Encountered obsolete static prop option to do its fade in screen space @ 365.00 664.00 -320.00
Encountered obsolete static prop option to do its fade in screen space @ 613.47 848.50 -303.25
Encountered obsolete static prop option to do its fade in screen space @ 613.47 848.50 -303.25
Encountered obsolete static prop option to do its fade in screen space @ 615.47 839.50 -290.25
Encountered obsolete static prop option to do its fade in screen space @ 615.47 839.50 -290.25
Encountered obsolete static prop option to do its fade in screen space @ 617.47 832.50 -303.25
Encountered obsolete static prop option to do its fade in screen space @ 617.47 832.50 -303.25
Encountered obsolete static prop option to do its fade in screen space @ 615.47 815.50 -303.25
Encountered obsolete static prop option to do its fade in screen space @ 615.47 815.50 -303.25
Encountered obsolete static prop option to do its fade in screen space @ 615.47 815.50 -290.25
Encountered obsolete static prop option to do its fade in screen space @ 615.47 815.50 -290.25
Encountered obsolete static prop option to do its fade in screen space @ 276.00 958.00 -335.75
Encountered obsolete static prop option to do its fade in screen space @ 491.96 667.06 -298.00
Encountered obsolete static prop option to do its fade in screen space @ 514.00 1128.00 -335.75
Encountered obsolete static prop option to do its fade in screen space @ 616.00 826.00 -335.75
Encountered obsolete static prop option to do its fade in screen space @ 632.00 900.00 -208.00
Encountered obsolete static prop option to do its fade in screen space @ 632.00 1028.00 -208.00
Encountered obsolete static prop option to do its fade in screen space @ 632.00 1144.00 -336.00
Encountered obsolete static prop option to do its fade in screen space @ 459.96 679.06 -298.00
Encountered obsolete static prop option to do its fade in screen space @ 616.00 744.00 -335.75
Encountered obsolete static prop option to do its fade in screen space @ 616.00 770.00 -335.75
Encountered obsolete static prop option to do its fade in screen space @ 276.00 915.00 -335.75
Encountered obsolete static prop option to do its fade in screen space @ 276.00 936.00 -335.75
Encountered obsolete static prop option to do its fade in screen space @ 276.00 1000.00 -335.75
Encountered obsolete static prop option to do its fade in screen space @ 632.00 1144.00 -208.00
Encountered obsolete static prop option to do its fade in screen space @ 276.00 979.00 -335.75
Encountered obsolete static prop option to do its fade in screen space @ 632.00 648.00 -208.00
Encountered obsolete static prop option to do its fade in screen space @ 632.00 708.00 -336.00
Encountered obsolete static prop option to do its fade in screen space @ 632.00 836.00 -336.00
Encountered obsolete static prop option to do its fade in screen space @ 632.00 964.00 -336.00
Encountered obsolete static prop option to do its fade in screen space @ 260.00 648.00 -208.00
Encountered obsolete static prop option to do its fade in screen space @ 324.00 648.00 -336.00
Encountered obsolete static prop option to do its fade in screen space @ 417.08 678.73 -297.77
Encountered obsolete static prop option to do its fade in screen space @ 516.00 648.00 -208.00
Encountered obsolete static prop option to do its fade in screen space @ 452.00 648.00 -336.00
Encountered obsolete static prop option to do its fade in screen space @ 632.00 1092.00 -336.00
Encountered obsolete static prop option to do its fade in screen space @ 535.00 1128.00 -335.75
Encountered obsolete static prop option to do its fade in screen space @ 388.00 648.00 -208.00
Encountered obsolete static prop option to do its fade in screen space @ 580.00 648.00 -336.00
Encountered obsolete static prop option to do its fade in screen space @ 585.63 684.13 -322.00
Encountered obsolete static prop option to do its fade in screen space @ 595.06 687.47 -336.00
Encountered obsolete static prop option to do its fade in screen space @ 632.00 772.00 -208.00
Encountered obsolete static prop option to do its fade in screen space @ 451.96 683.06 -298.00
Encountered obsolete static prop option to do its fade in screen space @ 556.00 1128.00 -335.75
Encountered obsolete static prop option to do its fade in screen space @ 446.00 1128.00 -335.75
Encountered obsolete static prop option to do its fade in screen space @ 467.00 1128.00 -335.75
Encountered obsolete static prop option to do its fade in screen space @ 488.00 1128.00 -335.75
Encountered obsolete static prop option to do its fade in screen space @ 441.37 667.30 -298.00
Encountered obsolete static prop option to do its fade in screen space @ 582.53 680.91 -336.00
Encountered obsolete static prop option to do its fade in screen space @ 563.06 672.96 -336.00
Encountered obsolete static prop option to do its fade in screen space @ 616.00 854.00 -335.75
Encountered obsolete static prop option to do its fade in screen space @ 616.00 880.00 -335.75
Encountered obsolete static prop option to do its fade in screen space @ 616.00 800.00 -335.75
Placing detail props : 0...1...2...3...4...5...6...7...8...9...10
Compacting texture/material tables...
Reduced 1755 texinfos to 753
Reduced 100 texdatas to 91 (3683 bytes to 3362)
Writing c:\program files (x86)\steam\steamapps\common\portal 2\sdk_content\maps\cource_2_hard\8_industrial fan\mp_coop_fan_hard.bsp

nummapplanes:     (  5428 / 65536 )
nummapbrushes:    (   923 /  8192 )
nummapbrushsides: (  7394 / 65536 )
num_map_overlays: (    56 /   512 )
nummodels:        (    64 /  1024 )
num_entities:     (   465 / 16384 )

1 second elapsed



12 threads
reading c:\program files (x86)\steam\steamapps\common\portal 2\sdk_content\maps\cource_2_hard\8_industrial fan\mp_coop_fan_hard.bsp
reading c:\program files (x86)\steam\steamapps\common\portal 2\sdk_content\maps\cource_2_hard\8_industrial fan\mp_coop_fan_hard.prt
 319 portalclusters
 899 numportals
0...1...2...3...4...5...6...7...8...9...100...1...2...3...4...5...6...7...8...9...10Optimized: 68 visible clusters (0.00%)
Total clusters visible: 66687
Average clusters visible: 209
Building PAS...
Average clusters audible: 309
visdatasize:27187  compressed from 25520
writing c:\program files (x86)\steam\steamapps\common\portal 2\sdk_content\maps\cource_2_hard\8_industrial fan\mp_coop_fan_hard.bsp
4 seconds elapsed



[Reading texlights from 'lights.rad']
[59 texlights parsed from 'lights.rad']

Loading c:\program files (x86)\steam\steamapps\common\portal 2\sdk_content\maps\cource_2_hard\8_industrial fan\mp_coop_fan_hard.bsp
3610 faces
7 degenerate faces
1491813 square feet [214821152.00 square inches]
24 Displacements
369939 Square Feet [53271292.00 Square Inches]
3603 patches before subdivision
113401 patches after subdivision
148 direct lights
0...1...2...3...4...5...6...7...8...9...100...1...2...3...4...5...6...7...8...9...10transfers 13734721, max 856
transfer lists: 104.8 megs
0...1...2...3...4...5...6...7...8...9...10	Bounce #1 added RGB(14237, 13519, 10135)
0...1...2...3...4...5...6...7...8...9...10	Bounce #2 added RGB(1932, 1703, 997)
0...1...2...3...4...5...6...7...8...9...10	Bounce #3 added RGB(370, 303, 143)
0...1...2...3...4...5...6...7...8...9...10	Bounce #4 added RGB(88, 69, 28)
0...1...2...3...4...5...6...7...8...9...10	Bounce #5 added RGB(24, 18, 7)
0...1...2...3...4...5...6...7...8...9...10	Bounce #6 added RGB(7, 5, 2)
0...1...2...3...4...5...6...7...8...9...10	Bounce #7 added RGB(2, 2, 1)
0...1...2...3...4...5...6...7...8...9...10	Bounce #8 added RGB(1, 1, 0)
Build Patch/Sample Hash Table(s).....Done<0.0271 sec>
0...1...2...3...4...5...6...7...8...9...10FinalLightFace Done
0 of 24 (0% of) surface lights went in leaf ambient cubes.
0...1...2...3...4...5...6...7...8...9...10Writing leaf ambient...done
Computing static prop lighting : 00...1...2


Using shader api: shaderapiempty.dll
materialPath: C:\Program Files (x86)\Steam\steamapps\common\Portal 2\portal2\materials
Loading c:\program files (x86)\steam\steamapps\common\portal 2\sdk_content\maps\cource_2_hard\8_industrial fan\mp_coop_fan_hard.vmf
ConVarRef gpu_level doesn't point to an existing ConVar
Patching WVT material: maps/mp_coop_fan_hard/nature/blendrockdirt_tunnel03a_wvt_patch
fixing up env_cubemap materials on brush sides...
0...1...2...3...4...5...6...7...8...9...100...1...2...3...4...5...6...7...8...9...10Processing areas...done (0)
Building Faces...done (0)
Chop Details...done (0)
Find Visible Detail Sides...
Merged 1640 detail faces...done (0)
Merging details...done (0)
FixTjuncs...
PruneNodes...
WriteBSP...
done (0)
writing c:\program files (x86)\steam\steamapps\common\portal 2\sdk_content\maps\cource_2_hard\8_industrial fan\mp_coop_fan_hard.prt...Building visibility clusters...
done (0)
Finding displacement neighbors...
Finding lightmap sample positions...
Displacement Alpha : 0...1...2...3...4...5...6...7...8...9...10
Building Physics collision data...
done (0) (347090 bytes)
Encountered obsolete static prop option to do its fade in screen space @ 293.03 663.26 -333.00
Encountered obsolete static prop option to do its fade in screen space @ 306.19 681.47 -344.00
Encountered obsolete static prop option to do its fade in screen space @ 332.00 662.00 -333.00
Encountered obsolete static prop option to do its fade in screen space @ 332.00 662.00 -333.00
Encountered obsolete static prop option to do its fade in screen space @ 341.00 664.00 -320.00
Encountered obsolete static prop option to do its fade in screen space @ 341.00 664.00 -320.00
Encountered obsolete static prop option to do its fade in screen space @ 348.00 666.00 -333.00
Encountered obsolete static prop option to do its fade in screen space @ 348.00 666.00 -333.00
Encountered obsolete static prop option to do its fade in screen space @ 365.00 664.00 -333.00
Encountered obsolete static prop option to do its fade in screen space @ 365.00 664.00 -333.00
Encountered obsolete static prop option to do its fade in screen space @ 365.00 664.00 -320.00
Encountered obsolete static prop option to do its fade in screen space @ 365.00 664.00 -320.00
Encountered obsolete static prop option to do its fade in screen space @ 613.47 848.50 -303.25
Encountered obsolete static prop option to do its fade in screen space @ 613.47 848.50 -303.25
Encountered obsolete static prop option to do its fade in screen space @ 615.47 839.50 -290.25
Encountered obsolete static prop option to do its fade in screen space @ 615.47 839.50 -290.25
Encountered obsolete static prop option to do its fade in screen space @ 617.47 832.50 -303.25
Encountered obsolete static prop option to do its fade in screen space @ 617.47 832.50 -303.25
Encountered obsolete static prop option to do its fade in screen space @ 615.47 815.50 -303.25
Encountered obsolete static prop option to do its fade in screen space @ 615.47 815.50 -303.25
Encountered obsolete static prop option to do its fade in screen space @ 615.47 815.50 -290.25
Encountered obsolete static prop option to do its fade in screen space @ 615.47 815.50 -290.25
Encountered obsolete static prop option to do its fade in screen space @ 276.00 958.00 -335.75
Encountered obsolete static prop option to do its fade in screen space @ 491.96 667.06 -298.00
Encountered obsolete static prop option to do its fade in screen space @ 514.00 1128.00 -335.75
Encountered obsolete static prop option to do its fade in screen space @ 616.00 826.00 -335.75
Encountered obsolete static prop option to do its fade in screen space @ 632.00 900.00 -208.00
Encountered obsolete static prop option to do its fade in screen space @ 632.00 1028.00 -208.00
Encountered obsolete static prop option to do its fade in screen space @ 632.00 1144.00 -336.00
Encountered obsolete static prop option to do its fade in screen space @ 459.96 679.06 -298.00
Encountered obsolete static prop option to do its fade in screen space @ 616.00 744.00 -335.75
Encountered obsolete static prop option to do its fade in screen space @ 616.00 770.00 -335.75
Encountered obsolete static prop option to do its fade in screen space @ 276.00 915.00 -335.75
Encountered obsolete static prop option to do its fade in screen space @ 276.00 936.00 -335.75
Encountered obsolete static prop option to do its fade in screen space @ 276.00 1000.00 -335.75
Encountered obsolete static prop option to do its fade in screen space @ 632.00 1144.00 -208.00
Encountered obsolete static prop option to do its fade in screen space @ 276.00 979.00 -335.75
Encountered obsolete static prop option to do its fade in screen space @ 632.00 648.00 -208.00
Encountered obsolete static prop option to do its fade in screen space @ 632.00 708.00 -336.00
Encountered obsolete static prop option to do its fade in screen space @ 632.00 836.00 -336.00
Encountered obsolete static prop option to do its fade in screen space @ 632.00 964.00 -336.00
Encountered obsolete static prop option to do its fade in screen space @ 260.00 648.00 -208.00
Encountered obsolete static prop option to do its fade in screen space @ 324.00 648.00 -336.00
Encountered obsolete static prop option to do its fade in screen space @ 417.08 678.73 -297.77
Encountered obsolete static prop option to do its fade in screen space @ 516.00 648.00 -208.00
Encountered obsolete static prop option to do its fade in screen space @ 452.00 648.00 -336.00
Encountered obsolete static prop option to do its fade in screen space @ 632.00 1092.00 -336.00
Encountered obsolete static prop option to do its fade in screen space @ 535.00 1128.00 -335.75
Encountered obsolete static prop option to do its fade in screen space @ 388.00 648.00 -208.00
Encountered obsolete static prop option to do its fade in screen space @ 580.00 648.00 -336.00
Encountered obsolete static prop option to do its fade in screen space @ 585.63 684.13 -322.00
Encountered obsolete static prop option to do its fade in screen space @ 595.06 687.47 -336.00
Encountered obsolete static prop option to do its fade in screen space @ 632.00 772.00 -208.00
Encountered obsolete static prop option to do its fade in screen space @ 451.96 683.06 -298.00
Encountered obsolete static prop option to do its fade in screen space @ 556.00 1128.00 -335.75
Encountered obsolete static prop option to do its fade in screen space @ 446.00 1128.00 -335.75
Encountered obsolete static prop option to do its fade in screen space @ 467.00 1128.00 -335.75
Encountered obsolete static prop option to do its fade in screen space @ 488.00 1128.00 -335.75
Encountered obsolete static prop option to do its fade in screen space @ 441.37 667.30 -298.00
Encountered obsolete static prop option to do its fade in screen space @ 582.53 680.91 -336.00
Encountered obsolete static prop option to do its fade in screen space @ 563.06 672.96 -336.00
Encountered obsolete static prop option to do its fade in screen space @ 616.00 854.00 -335.75
Encountered obsolete static prop option to do its fade in screen space @ 616.00 880.00 -335.75
Encountered obsolete static prop option to do its fade in screen space @ 616.00 800.00 -335.75
Placing detail props : 0...1...2...3...4...5...6...7...8...9...10
Compacting texture/material tables...
Reduced 1755 texinfos to 753
Reduced 100 texdatas to 91 (3683 bytes to 3362)
Writing c:\program files (x86)\steam\steamapps\common\portal 2\sdk_content\maps\cource_2_hard\8_industrial fan\mp_coop_fan_hard.bsp

nummapplanes:     (  5428 / 65536 )
nummapbrushes:    (   923 /  8192 )
nummapbrushsides: (  7394 / 65536 )
num_map_overlays: (    56 /   512 )
nummodels:        (    64 /  1024 )
num_entities:     (   465 / 16384 )

1 second elapsed



12 threads
reading c:\program files (x86)\steam\steamapps\common\portal 2\sdk_content\maps\cource_2_hard\8_industrial fan\mp_coop_fan_hard.bsp
reading c:\program files (x86)\steam\steamapps\common\portal 2\sdk_content\maps\cource_2_hard\8_industrial fan\mp_coop_fan_hard.prt
 319 portalclusters
 899 numportals
0...1...2...3...4...5...6...7...8...9...10Optimized: 3469 visible clusters (0.00%)
Total clusters visible: 83248
Average clusters visible: 260
Building PAS...
Average clusters audible: 312
visdatasize:27529  compressed from 25520
writing c:\program files (x86)\steam\steamapps\common\portal 2\sdk_content\maps\cource_2_hard\8_industrial fan\mp_coop_fan_hard.bsp
0 seconds elapsed



[Reading texlights from 'lights.rad']
[59 texlights parsed from 'lights.rad']

Loading c:\program files (x86)\steam\steamapps\common\portal 2\sdk_content\maps\cource_2_hard\8_industrial fan\mp_coop_fan_hard.bsp
3610 faces
7 degenerate faces
1491813 square feet [214821152.00 square inches]
24 Displacements
369939 Square Feet [53271292.00 Square Inches]
3603 patches before subdivision
3603 patches after subdivision
130 direct lights
0...1...2...3...4...5...6...7...8...9...100...1...2...3...4...5...6...7...8...9...10transfers 534196, max 734
transfer lists:   4.1 megs
0...1...2...3...4...5...6...7...8...9...10	Bounce #1 added RGB(1157, 997, 679)
0...1...2...3...4...5...6...7...8...9...10	Bounce #2 added RGB(131, 107, 59)
Build Patch/Sample Hash Table(s).....Done<0.0233 sec>
0...1...2...3...4...5...6...7...8...9...10FinalLightFace Done
0 of 6 (0% of) surface lights went in leaf ambient cubes.
0...1...2...3...4...5...6...7...8...9...10Writing leaf ambient...done
Ready to Finish

Object names       Objects/Maxobjs  Memory / Maxmem  Fullness 
------------       ---------------  ---------------  -------- 
models                  64/1024         3072/49152    ( 6.3%) 
brushes                923/8192        11076/98304    (11.3%) 
brushsides            7251/65536       58008/524288   (11.1%) 
planes                5428/65536      108560/1310720  ( 8.3%) 
vertexes              6684/65536       80208/786432   (10.2%) 
nodes                 1243/65536       39776/2097152  ( 1.9%) 
texinfos               753/12288       54216/884736   ( 6.1%) 
texdata                 91/2048         2912/65536    ( 4.4%) 
dispinfos               24/0            4224/0        ( 0.0%) 
disp_verts             600/0           12000/0        ( 0.0%) 
disp_tris              768/0            1536/0        ( 0.0%) 
disp_multiblend          0/0               0/0        ( 0.0%) 
disp_lmsamples       72140/0           72140/0        ( 0.0%) 
faces                 3610/65536      202160/3670016  ( 5.5%) 
hdr faces                0/65536           0/3670016  ( 0.0%) 
origfaces             1910/65536      106960/3670016  ( 2.9%) 
facebrushes           2224/0            4448/0        ( 0.0%) 
facebrushlists        3610/0           14440/0        ( 0.0%) 
leaves                1308/65536       41856/2097152  ( 2.0%) 
leaffaces             4567/65536        9134/131072   ( 7.0%) 
leafbrushes           2096/65536        4192/131072   ( 3.2%) 
areas                   11/256            88/2048     ( 4.3%) 
surfedges            25242/512000     100968/2048000  ( 4.9%) 
edges                15123/256000      60492/1024000  ( 5.9%) 
LDR worldlights        130/8192        13000/819200   ( 1.6%) 
HDR worldlights          0/8192            0/819200   ( 0.0%) 
leafwaterdata            0/32768           0/393216   ( 0.0%) 
waterstrips            580/32768        5800/327680   ( 1.8%) 
waterverts               0/65536           0/786432   ( 0.0%) 
waterindices          9672/65536       19344/131072   (14.8%) 
cubemapsamples           9/1024          144/16384    ( 0.9%) 
overlays                56/512         19712/180224   (10.9%) 
LDR lightdata         [variable]     8914920/0        ( 0.0%) 
HDR lightdata         [variable]           0/0        ( 0.0%) 
visdata               [variable]       27529/16777216 ( 0.2%) 
entdata               [variable]      163063/393216   (41.5%) 
LDR ambient table     1308/65536        5232/262144   ( 2.0%) 
HDR ambient table     1308/65536        5232/262144   ( 2.0%) 
LDR leaf ambient      4517/65536      126476/1835008  ( 6.9%) 
HDR leaf ambient      1308/65536       36624/1835008  ( 2.0%) 
occluders                0/0               0/0        ( 0.0%) 
occluder polygons        0/0               0/0        ( 0.0%) 
occluder vert ind        0/0               0/0        ( 0.0%) 
detail props          [variable]           1/12       ( 8.3%) 
static props          [variable]           1/101122   ( 0.0%) 
pakfile               [variable]      754532/0        ( 0.0%) 
physics               [variable]      347090/4194304  ( 8.3%) 
physics terrain       [variable]        4928/1048576  ( 0.5%) 

Level flags = 1

Total triangle count: 10362
Writing c:\program files (x86)\steam\steamapps\common\portal 2\sdk_content\maps\cource_2_hard\8_industrial fan\mp_coop_fan_hard.bsp
30 seconds elapsed



Using shader api: shaderapiempty.dll
materialPath: C:\Program Files (x86)\Steam\steamapps\common\Portal 2\portal2\materials
Loading c:\program files (x86)\steam\steamapps\common\portal 2\sdk_content\maps\cource_2_hard\8_industrial fan\mp_coop_fan_hard.vmf
ConVarRef gpu_level doesn't point to an existing ConVar
Patching WVT material: maps/mp_coop_fan_hard/nature/blendrockdirt_tunnel03a_wvt_patch
fixing up env_cubemap materials on brush sides...
0...1...2...3...4...5...6...7...8...9...100...1...2...3...4...5...6...7...8...9...10Processing areas...done (0)
Building Faces...done (0)
Chop Details...done (0)
Find Visible Detail Sides...
Merged 1640 detail faces...done (0)
Merging details...done (0)
FixTjuncs...
PruneNodes...
WriteBSP...
done (0)
writing c:\program files (x86)\steam\steamapps\common\portal 2\sdk_content\maps\cource_2_hard\8_industrial fan\mp_coop_fan_hard.prt...Building visibility clusters...
done (0)
Finding displacement neighbors...
Finding lightmap sample positions...
Displacement Alpha : 0...1...2...3...4...5...6...7...8...9...10
Building Physics collision data...
done (0) (344490 bytes)
Encountered obsolete static prop option to do its fade in screen space @ 293.03 663.26 -333.00
Encountered obsolete static prop option to do its fade in screen space @ 306.19 681.47 -344.00
Encountered obsolete static prop option to do its fade in screen space @ 332.00 662.00 -333.00
Encountered obsolete static prop option to do its fade in screen space @ 332.00 662.00 -333.00
Encountered obsolete static prop option to do its fade in screen space @ 341.00 664.00 -320.00
Encountered obsolete static prop option to do its fade in screen space @ 341.00 664.00 -320.00
Encountered obsolete static prop option to do its fade in screen space @ 348.00 666.00 -333.00
Encountered obsolete static prop option to do its fade in screen space @ 348.00 666.00 -333.00
Encountered obsolete static prop option to do its fade in screen space @ 365.00 664.00 -333.00
Encountered obsolete static prop option to do its fade in screen space @ 365.00 664.00 -333.00
Encountered obsolete static prop option to do its fade in screen space @ 365.00 664.00 -320.00
Encountered obsolete static prop option to do its fade in screen space @ 365.00 664.00 -320.00
Encountered obsolete static prop option to do its fade in screen space @ 613.47 848.50 -303.25
Encountered obsolete static prop option to do its fade in screen space @ 613.47 848.50 -303.25
Encountered obsolete static prop option to do its fade in screen space @ 615.47 839.50 -290.25
Encountered obsolete static prop option to do its fade in screen space @ 615.47 839.50 -290.25
Encountered obsolete static prop option to do its fade in screen space @ 617.47 832.50 -303.25
Encountered obsolete static prop option to do its fade in screen space @ 617.47 832.50 -303.25
Encountered obsolete static prop option to do its fade in screen space @ 615.47 815.50 -303.25
Encountered obsolete static prop option to do its fade in screen space @ 615.47 815.50 -303.25
Encountered obsolete static prop option to do its fade in screen space @ 615.47 815.50 -290.25
Encountered obsolete static prop option to do its fade in screen space @ 615.47 815.50 -290.25
Encountered obsolete static prop option to do its fade in screen space @ 276.00 958.00 -335.75
Encountered obsolete static prop option to do its fade in screen space @ 491.96 667.06 -298.00
Encountered obsolete static prop option to do its fade in screen space @ 514.00 1128.00 -335.75
Encountered obsolete static prop option to do its fade in screen space @ 616.00 826.00 -335.75
Encountered obsolete static prop option to do its fade in screen space @ 632.00 900.00 -208.00
Encountered obsolete static prop option to do its fade in screen space @ 632.00 1028.00 -208.00
Encountered obsolete static prop option to do its fade in screen space @ 632.00 1144.00 -336.00
Encountered obsolete static prop option to do its fade in screen space @ 459.96 679.06 -298.00
Encountered obsolete static prop option to do its fade in screen space @ 616.00 744.00 -335.75
Encountered obsolete static prop option to do its fade in screen space @ 616.00 770.00 -335.75
Encountered obsolete static prop option to do its fade in screen space @ 276.00 915.00 -335.75
Encountered obsolete static prop option to do its fade in screen space @ 276.00 936.00 -335.75
Encountered obsolete static prop option to do its fade in screen space @ 276.00 1000.00 -335.75
Encountered obsolete static prop option to do its fade in screen space @ 632.00 1144.00 -208.00
Encountered obsolete static prop option to do its fade in screen space @ 276.00 979.00 -335.75
Encountered obsolete static prop option to do its fade in screen space @ 632.00 648.00 -208.00
Encountered obsolete static prop option to do its fade in screen space @ 632.00 708.00 -336.00
Encountered obsolete static prop option to do its fade in screen space @ 632.00 836.00 -336.00
Encountered obsolete static prop option to do its fade in screen space @ 632.00 964.00 -336.00
Encountered obsolete static prop option to do its fade in screen space @ 260.00 648.00 -208.00
Encountered obsolete static prop option to do its fade in screen space @ 324.00 648.00 -336.00
Encountered obsolete static prop option to do its fade in screen space @ 417.08 678.73 -297.77
Encountered obsolete static prop option to do its fade in screen space @ 516.00 648.00 -208.00
Encountered obsolete static prop option to do its fade in screen space @ 452.00 648.00 -336.00
Encountered obsolete static prop option to do its fade in screen space @ 632.00 1092.00 -336.00
Encountered obsolete static prop option to do its fade in screen space @ 535.00 1128.00 -335.75
Encountered obsolete static prop option to do its fade in screen space @ 388.00 648.00 -208.00
Encountered obsolete static prop option to do its fade in screen space @ 580.00 648.00 -336.00
Encountered obsolete static prop option to do its fade in screen space @ 585.63 684.13 -322.00
Encountered obsolete static prop option to do its fade in screen space @ 595.06 687.47 -336.00
Encountered obsolete static prop option to do its fade in screen space @ 632.00 772.00 -208.00
Encountered obsolete static prop option to do its fade in screen space @ 451.96 683.06 -298.00
Encountered obsolete static prop option to do its fade in screen space @ 556.00 1128.00 -335.75
Encountered obsolete static prop option to do its fade in screen space @ 446.00 1128.00 -335.75
Encountered obsolete static prop option to do its fade in screen space @ 467.00 1128.00 -335.75
Encountered obsolete static prop option to do its fade in screen space @ 488.00 1128.00 -335.75
Encountered obsolete static prop option to do its fade in screen space @ 441.37 667.30 -298.00
Encountered obsolete static prop option to do its fade in screen space @ 582.53 680.91 -336.00
Encountered obsolete static prop option to do its fade in screen space @ 563.06 672.96 -336.00
Encountered obsolete static prop option to do its fade in screen space @ 616.00 854.00 -335.75
Encountered obsolete static prop option to do its fade in screen space @ 616.00 880.00 -335.75
Encountered obsolete static prop option to do its fade in screen space @ 616.00 800.00 -335.75
Encountered obsolete static prop option to do its fade in screen space @ 1425.16 3139.46 -998.30
Encountered obsolete static prop option to do its fade in screen space @ 1461.79 3061.59 -757.20
Encountered obsolete static prop option to do its fade in screen space @ 1388.54 3217.34 -1239.40
Encountered obsolete static prop option to do its fade in screen space @ 1352.00 3296.00 -1480.00
Encountered obsolete static prop option to do its fade in screen space @ 1312.00 3376.00 -1720.00
Encountered obsolete static prop option to do its fade in screen space @ 1280.00 3456.00 -1960.00
Encountered obsolete static prop option to do its fade in screen space @ 1248.00 3536.00 -2200.00
Encountered obsolete static prop option to do its fade in screen space @ 1216.00 3616.00 -2440.00
Placing detail props : 0...1...2...3...4...5...6...7...8...9...10
Compacting texture/material tables...
Reduced 1754 texinfos to 752
Reduced 100 texdatas to 91 (3683 bytes to 3362)
Writing c:\program files (x86)\steam\steamapps\common\portal 2\sdk_content\maps\cource_2_hard\8_industrial fan\mp_coop_fan_hard.bsp

nummapplanes:     (  5412 / 65536 )
nummapbrushes:    (   917 /  8192 )
nummapbrushsides: (  7358 / 65536 )
num_map_overlays: (    56 /   512 )
nummodels:        (    64 /  1024 )
num_entities:     (   467 / 16384 )

1 second elapsed



12 threads
reading c:\program files (x86)\steam\steamapps\common\portal 2\sdk_content\maps\cource_2_hard\8_industrial fan\mp_coop_fan_hard.bsp
reading c:\program files (x86)\steam\steamapps\common\portal 2\sdk_content\maps\cource_2_hard\8_industrial fan\mp_coop_fan_hard.prt
 319 portalclusters
 899 numportals
0...1...2...3...4...5...6...7...8...9...10Optimized: 3469 visible clusters (0.00%)
Total clusters visible: 83248
Average clusters visible: 260
Building PAS...
Average clusters audible: 312
visdatasize:27529  compressed from 25520
writing c:\program files (x86)\steam\steamapps\common\portal 2\sdk_content\maps\cource_2_hard\8_industrial fan\mp_coop_fan_hard.bsp
0 seconds elapsed



[Reading texlights from 'lights.rad']
[59 texlights parsed from 'lights.rad']

Loading c:\program files (x86)\steam\steamapps\common\portal 2\sdk_content\maps\cource_2_hard\8_industrial fan\mp_coop_fan_hard.bsp
3610 faces
7 degenerate faces
1491813 square feet [214821152.00 square inches]
24 Displacements
369939 Square Feet [53271292.00 Square Inches]
3603 patches before subdivision
3603 patches after subdivision
132 direct lights
0...1...2...3...4...5...6...7...8...9...100...1...2...3...4...5...6...7...8...9...10transfers 534163, max 734
transfer lists:   4.1 megs
0...1...2...3...4...5...6...7...8...9...10	Bounce #1 added RGB(2668, 2319, 1568)
0...1...2...3...4...5...6...7...8...9...10	Bounce #2 added RGB(266, 216, 127)
Build Patch/Sample Hash Table(s).....Done<0.0241 sec>
0...1...2...3...4...5...6...7...8...9...10FinalLightFace Done
0 of 6 (0% of) surface lights went in leaf ambient cubes.
0...1...2...3...4...5...6...7...8...9...10Writing leaf ambient...done
Ready to Finish

Object names       Objects/Maxobjs  Memory / Maxmem  Fullness 
------------       ---------------  ---------------  -------- 
models                  64/1024         3072/49152    ( 6.3%) 
brushes                917/8192        11004/98304    (11.2%) 
brushsides            7215/65536       57720/524288   (11.0%) 
planes                5412/65536      108240/1310720  ( 8.3%) 
vertexes              6684/65536       80208/786432   (10.2%) 
nodes                 1243/65536       39776/2097152  ( 1.9%) 
texinfos               752/12288       54144/884736   ( 6.1%) 
texdata                 91/2048         2912/65536    ( 4.4%) 
dispinfos               24/0            4224/0        ( 0.0%) 
disp_verts             600/0           12000/0        ( 0.0%) 
disp_tris              768/0            1536/0        ( 0.0%) 
disp_multiblend          0/0               0/0        ( 0.0%) 
disp_lmsamples       72140/0           72140/0        ( 0.0%) 
faces                 3610/65536      202160/3670016  ( 5.5%) 
hdr faces                0/65536           0/3670016  ( 0.0%) 
origfaces             1910/65536      106960/3670016  ( 2.9%) 
facebrushes           2224/0            4448/0        ( 0.0%) 
facebrushlists        3610/0           14440/0        ( 0.0%) 
leaves                1308/65536       41856/2097152  ( 2.0%) 
leaffaces             4567/65536        9134/131072   ( 7.0%) 
leafbrushes           2090/65536        4180/131072   ( 3.2%) 
areas                   11/256            88/2048     ( 4.3%) 
surfedges            25242/512000     100968/2048000  ( 4.9%) 
edges                15123/256000      60492/1024000  ( 5.9%) 
LDR worldlights        132/8192        13200/819200   ( 1.6%) 
HDR worldlights          0/8192            0/819200   ( 0.0%) 
leafwaterdata            0/32768           0/393216   ( 0.0%) 
waterstrips            580/32768        5800/327680   ( 1.8%) 
waterverts               0/65536           0/786432   ( 0.0%) 
waterindices          9672/65536       19344/131072   (14.8%) 
cubemapsamples           9/1024          144/16384    ( 0.9%) 
overlays                56/512         19712/180224   (10.9%) 
LDR lightdata         [variable]     8914920/0        ( 0.0%) 
HDR lightdata         [variable]           0/0        ( 0.0%) 
visdata               [variable]       27529/16777216 ( 0.2%) 
entdata               [variable]      163728/393216   (41.6%) 
LDR ambient table     1308/65536        5232/262144   ( 2.0%) 
HDR ambient table     1308/65536        5232/262144   ( 2.0%) 
LDR leaf ambient      5218/65536      146104/1835008  ( 8.0%) 
HDR leaf ambient      1308/65536       36624/1835008  ( 2.0%) 
occluders                0/0               0/0        ( 0.0%) 
occluder polygons        0/0               0/0        ( 0.0%) 
occluder vert ind        0/0               0/0        ( 0.0%) 
detail props          [variable]           1/12       ( 8.3%) 
static props          [variable]           1/103036   ( 0.0%) 
pakfile               [variable]      754532/0        ( 0.0%) 
physics               [variable]      344490/4194304  ( 8.2%) 
physics terrain       [variable]        4928/1048576  ( 0.5%) 

Level flags = 1

Total triangle count: 10362
Writing c:\program files (x86)\steam\steamapps\common\portal 2\sdk_content\maps\cource_2_hard\8_industrial fan\mp_coop_fan_hard.bsp
30 seconds elapsed



Using shader api: shaderapiempty.dll
materialPath: C:\Program Files (x86)\Steam\steamapps\common\Portal 2\portal2\materials
Loading c:\program files (x86)\steam\steamapps\common\portal 2\sdk_content\maps\cource_2_hard\8_industrial fan\mp_coop_fan_hard.vmf
ConVarRef gpu_level doesn't point to an existing ConVar
Patching WVT material: maps/mp_coop_fan_hard/nature/blendrockdirt_tunnel03a_wvt_patch
fixing up env_cubemap materials on brush sides...
0...1...2...3...4...5...6...7...8...9...100...1...2...3...4...5...6...7...8...9...10Processing areas...done (0)
Building Faces...done (0)
Chop Details...done (0)
Find Visible Detail Sides...
Merged 1640 detail faces...done (0)
Merging details...done (0)
FixTjuncs...
PruneNodes...
WriteBSP...
done (0)
writing c:\program files (x86)\steam\steamapps\common\portal 2\sdk_content\maps\cource_2_hard\8_industrial fan\mp_coop_fan_hard.prt...Building visibility clusters...
done (0)
Finding displacement neighbors...
Finding lightmap sample positions...
Displacement Alpha : 0...1...2...3...4...5...6...7...8...9...10
Building Physics collision data...
done (0) (344490 bytes)
Encountered obsolete static prop option to do its fade in screen space @ 293.03 663.26 -333.00
Encountered obsolete static prop option to do its fade in screen space @ 306.19 681.47 -344.00
Encountered obsolete static prop option to do its fade in screen space @ 332.00 662.00 -333.00
Encountered obsolete static prop option to do its fade in screen space @ 332.00 662.00 -333.00
Encountered obsolete static prop option to do its fade in screen space @ 341.00 664.00 -320.00
Encountered obsolete static prop option to do its fade in screen space @ 341.00 664.00 -320.00
Encountered obsolete static prop option to do its fade in screen space @ 348.00 666.00 -333.00
Encountered obsolete static prop option to do its fade in screen space @ 348.00 666.00 -333.00
Encountered obsolete static prop option to do its fade in screen space @ 365.00 664.00 -333.00
Encountered obsolete static prop option to do its fade in screen space @ 365.00 664.00 -333.00
Encountered obsolete static prop option to do its fade in screen space @ 365.00 664.00 -320.00
Encountered obsolete static prop option to do its fade in screen space @ 365.00 664.00 -320.00
Encountered obsolete static prop option to do its fade in screen space @ 613.47 848.50 -303.25
Encountered obsolete static prop option to do its fade in screen space @ 613.47 848.50 -303.25
Encountered obsolete static prop option to do its fade in screen space @ 615.47 839.50 -290.25
Encountered obsolete static prop option to do its fade in screen space @ 615.47 839.50 -290.25
Encountered obsolete static prop option to do its fade in screen space @ 617.47 832.50 -303.25
Encountered obsolete static prop option to do its fade in screen space @ 617.47 832.50 -303.25
Encountered obsolete static prop option to do its fade in screen space @ 615.47 815.50 -303.25
Encountered obsolete static prop option to do its fade in screen space @ 615.47 815.50 -303.25
Encountered obsolete static prop option to do its fade in screen space @ 615.47 815.50 -290.25
Encountered obsolete static prop option to do its fade in screen space @ 615.47 815.50 -290.25
Encountered obsolete static prop option to do its fade in screen space @ 276.00 958.00 -335.75
Encountered obsolete static prop option to do its fade in screen space @ 491.96 667.06 -298.00
Encountered obsolete static prop option to do its fade in screen space @ 514.00 1128.00 -335.75
Encountered obsolete static prop option to do its fade in screen space @ 616.00 826.00 -335.75
Encountered obsolete static prop option to do its fade in screen space @ 632.00 900.00 -208.00
Encountered obsolete static prop option to do its fade in screen space @ 632.00 1028.00 -208.00
Encountered obsolete static prop option to do its fade in screen space @ 632.00 1144.00 -336.00
Encountered obsolete static prop option to do its fade in screen space @ 459.96 679.06 -298.00
Encountered obsolete static prop option to do its fade in screen space @ 616.00 744.00 -335.75
Encountered obsolete static prop option to do its fade in screen space @ 616.00 770.00 -335.75
Encountered obsolete static prop option to do its fade in screen space @ 276.00 915.00 -335.75
Encountered obsolete static prop option to do its fade in screen space @ 276.00 936.00 -335.75
Encountered obsolete static prop option to do its fade in screen space @ 276.00 1000.00 -335.75
Encountered obsolete static prop option to do its fade in screen space @ 632.00 1144.00 -208.00
Encountered obsolete static prop option to do its fade in screen space @ 276.00 979.00 -335.75
Encountered obsolete static prop option to do its fade in screen space @ 632.00 648.00 -208.00
Encountered obsolete static prop option to do its fade in screen space @ 632.00 708.00 -336.00
Encountered obsolete static prop option to do its fade in screen space @ 632.00 836.00 -336.00
Encountered obsolete static prop option to do its fade in screen space @ 632.00 964.00 -336.00
Encountered obsolete static prop option to do its fade in screen space @ 260.00 648.00 -208.00
Encountered obsolete static prop option to do its fade in screen space @ 324.00 648.00 -336.00
Encountered obsolete static prop option to do its fade in screen space @ 417.08 678.73 -297.77
Encountered obsolete static prop option to do its fade in screen space @ 516.00 648.00 -208.00
Encountered obsolete static prop option to do its fade in screen space @ 452.00 648.00 -336.00
Encountered obsolete static prop option to do its fade in screen space @ 632.00 1092.00 -336.00
Encountered obsolete static prop option to do its fade in screen space @ 535.00 1128.00 -335.75
Encountered obsolete static prop option to do its fade in screen space @ 388.00 648.00 -208.00
Encountered obsolete static prop option to do its fade in screen space @ 580.00 648.00 -336.00
Encountered obsolete static prop option to do its fade in screen space @ 585.63 684.13 -322.00
Encountered obsolete static prop option to do its fade in screen space @ 595.06 687.47 -336.00
Encountered obsolete static prop option to do its fade in screen space @ 632.00 772.00 -208.00
Encountered obsolete static prop option to do its fade in screen space @ 451.96 683.06 -298.00
Encountered obsolete static prop option to do its fade in screen space @ 556.00 1128.00 -335.75
Encountered obsolete static prop option to do its fade in screen space @ 446.00 1128.00 -335.75
Encountered obsolete static prop option to do its fade in screen space @ 467.00 1128.00 -335.75
Encountered obsolete static prop option to do its fade in screen space @ 488.00 1128.00 -335.75
Encountered obsolete static prop option to do its fade in screen space @ 441.37 667.30 -298.00
Encountered obsolete static prop option to do its fade in screen space @ 582.53 680.91 -336.00
Encountered obsolete static prop option to do its fade in screen space @ 563.06 672.96 -336.00
Encountered obsolete static prop option to do its fade in screen space @ 616.00 854.00 -335.75
Encountered obsolete static prop option to do its fade in screen space @ 616.00 880.00 -335.75
Encountered obsolete static prop option to do its fade in screen space @ 616.00 800.00 -335.75
Encountered obsolete static prop option to do its fade in screen space @ 1425.16 3139.46 -998.30
Encountered obsolete static prop option to do its fade in screen space @ 1461.79 3061.59 -757.20
Encountered obsolete static prop option to do its fade in screen space @ 1388.54 3217.34 -1239.40
Encountered obsolete static prop option to do its fade in screen space @ 1352.00 3296.00 -1480.00
Encountered obsolete static prop option to do its fade in screen space @ 1312.00 3376.00 -1720.00
Encountered obsolete static prop option to do its fade in screen space @ 1280.00 3456.00 -1960.00
Encountered obsolete static prop option to do its fade in screen space @ 1248.00 3536.00 -2200.00
Encountered obsolete static prop option to do its fade in screen space @ 1216.00 3616.00 -2440.00
Placing detail props : 0...1...2...3...4...5...6...7...8...9...10
Compacting texture/material tables...
Reduced 1754 texinfos to 752
Reduced 100 texdatas to 91 (3683 bytes to 3362)
Writing c:\program files (x86)\steam\steamapps\common\portal 2\sdk_content\maps\cource_2_hard\8_industrial fan\mp_coop_fan_hard.bsp

nummapplanes:     (  5412 / 65536 )
nummapbrushes:    (   917 /  8192 )
nummapbrushsides: (  7358 / 65536 )
num_map_overlays: (    56 /   512 )
nummodels:        (    64 /  1024 )
num_entities:     (   467 / 16384 )

1 second elapsed



12 threads
reading c:\program files (x86)\steam\steamapps\common\portal 2\sdk_content\maps\cource_2_hard\8_industrial fan\mp_coop_fan_hard.bsp
reading c:\program files (x86)\steam\steamapps\common\portal 2\sdk_content\maps\cource_2_hard\8_industrial fan\mp_coop_fan_hard.prt
 319 portalclusters
 899 numportals
0...1...2...3...4...5...6...7...8...9...100...1...2...3...4...5...6...7...8...9...10Optimized: 68 visible clusters (0.00%)
Total clusters visible: 66687
Average clusters visible: 209
Building PAS...
Average clusters audible: 309
visdatasize:27187  compressed from 25520
writing c:\program files (x86)\steam\steamapps\common\portal 2\sdk_content\maps\cource_2_hard\8_industrial fan\mp_coop_fan_hard.bsp
4 seconds elapsed



[Reading texlights from 'lights.rad']
[59 texlights parsed from 'lights.rad']

Loading c:\program files (x86)\steam\steamapps\common\portal 2\sdk_content\maps\cource_2_hard\8_industrial fan\mp_coop_fan_hard.bsp
3610 faces
7 degenerate faces
1491813 square feet [214821152.00 square inches]
24 Displacements
369939 Square Feet [53271292.00 Square Inches]
3603 patches before subdivision
113401 patches after subdivision
150 direct lights
0...1...2...3...4...5...6...7...8...9...100...1...2...3...4...5...6...7...8...9...10transfers 13725334, max 856
transfer lists: 104.7 megs
0...1...2...3...4...5...6...7...8...9...10	Bounce #1 added RGB(43702, 39344, 27938)
0...1...2...3...4...5...6...7...8...9...10	Bounce #2 added RGB(4333, 3666, 2235)
0...1...2...3...4...5...6...7...8...9...10	Bounce #3 added RGB(594, 476, 243)
0...1...2...3...4...5...6...7...8...9...10	Bounce #4 added RGB(108, 83, 35)
0...1...2...3...4...5...6...7...8...9...10	Bounce #5 added RGB(26, 20, 8)
0...1...2...3...4...5...6...7...8...9...10	Bounce #6 added RGB(7, 6, 2)
0...1...2...3...4...5...6...7...8...9...10	Bounce #7 added RGB(2, 2, 1)
0...1...2...3...4...5...6...7...8...9...10	Bounce #8 added RGB(1, 1, 0)
Build Patch/Sample Hash Table(s).....Done<0.0273 sec>
0...1...2...3...4...5...6...7...8...9...10FinalLightFace Done
0 of 24 (0% of) surface lights went in leaf ambient cubes.
0...1...2...3...4...5...6...7...8...9...10Writing leaf ambient...done
Computing static prop lighting : 00...1...2...3...4...5...6...7...8...9...10
Ready to Finish

Object names       Objects/Maxobjs  Memory / Maxmem  Fullness 
------------       ---------------  ---------------  -------- 
models                  64/1024         3072/49152    ( 6.3%) 
brushes                917/8192        11004/98304    (11.2%) 
brushsides            7215/65536       57720/524288   (11.0%) 
planes                5412/65536      108240/1310720  ( 8.3%) 
vertexes              6684/65536       80208/786432   (10.2%) 
nodes                 1243/65536       39776/2097152  ( 1.9%) 
texinfos               752/12288       54144/884736   ( 6.1%) 
texdata                 91/2048         2912/65536    ( 4.4%) 
dispinfos               24/0            4224/0        ( 0.0%) 
disp_verts             600/0           12000/0        ( 0.0%) 
disp_tris              768/0            1536/0        ( 0.0%) 
disp_multiblend          0/0               0/0        ( 0.0%) 
disp_lmsamples       72140/0           72140/0        ( 0.0%) 
faces                 3610/65536      202160/3670016  ( 5.5%) 
hdr faces             3610/65536      202160/3670016  ( 5.5%) 
origfaces             1910/65536      106960/3670016  ( 2.9%) 
facebrushes           2224/0            4448/0        ( 0.0%) 
facebrushlists        3610/0           14440/0        ( 0.0%) 
leaves                1308/65536       41856/2097152  ( 2.0%) 
leaffaces             4567/65536        9134/131072   ( 7.0%) 
leafbrushes           2090/65536        4180/131072   ( 3.2%) 
areas                   11/256            88/2048     ( 4.3%) 
surfedges            25242/512000     100968/2048000  ( 4.9%) 
edges                15123/256000      60492/1024000  ( 5.9%) 
LDR worldlights          0/8192            0/819200   ( 0.0%) 
HDR worldlights        150/8192        15000/819200   ( 1.8%) 
leafwaterdata            0/32768           0/393216   ( 0.0%) 
waterstrips            580/32768        5800/327680   ( 1.8%) 
waterverts               0/65536           0/786432   ( 0.0%) 
waterindices          9672/65536       19344/131072   (14.8%) 
cubemapsamples           9/1024          144/16384    ( 0.9%) 
overlays                56/512         19712/180224   (10.9%) 
LDR lightdata         [variable]           0/0        ( 0.0%) 
HDR lightdata         [variable]     8914920/0        ( 0.0%) 
visdata               [variable]       27187/16777216 ( 0.2%) 
entdata               [variable]      163728/393216   (41.6%) 
LDR ambient table     1308/65536        5232/262144   ( 2.0%) 
HDR ambient table     1308/65536        5232/262144   ( 2.0%) 
LDR leaf ambient      1308/65536       36624/1835008  ( 2.0%) 
HDR leaf ambient      5226/65536      146328/1835008  ( 8.0%) 
occluders                0/0               0/0        ( 0.0%) 
occluder polygons        0/0               0/0        ( 0.0%) 
occluder vert ind        0/0               0/0        ( 0.0%) 
detail props          [variable]           1/12       ( 8.3%) 
static props          [variable]           1/103036   ( 0.0%) 
pakfile               [variable]     9752716/0        ( 0.0%) 
physics               [variable]      344490/4194304  ( 8.2%) 
physics terrain       [variable]        4928/1048576  ( 0.5%) 

Level flags = 2

Total triangle count: 10362
Writing c:\program files (x86)\steam\steamapps\common\portal 2\sdk_content\maps\cource_2_hard\8_industrial fan\mp_coop_fan_hard.bsp
3 minutes, 40 seconds elapsed



Using shader api: shaderapiempty.dll
materialPath: C:\Program Files (x86)\Steam\steamapps\common\Portal 2\portal2\materials
Loading c:\program files (x86)\steam\steamapps\common\portal 2\sdk_content\maps\hard maps\hard_maps\cource_2\8_industrial fan\mp_coop_fan_hard.vmf
ConVarRef gpu_level doesn't point to an existing ConVar
Patching WVT material: maps/mp_coop_fan_hard/nature/blendrockdirt_tunnel03a_wvt_patch
fixing up env_cubemap materials on brush sides...
0...1...2...3...4...5...6...7...8...9...100...1...2...3...4...5...6...7...8...9...10Processing areas...done (0)
Building Faces...done (0)
Chop Details...done (0)
Find Visible Detail Sides...
Merged 1640 detail faces...done (0)
Merging details...done (0)
FixTjuncs...
PruneNodes...
WriteBSP...
done (0)
writing c:\program files (x86)\steam\steamapps\common\portal 2\sdk_content\maps\hard maps\hard_maps\cource_2\8_industrial fan\mp_coop_fan_hard.prt...Building visibility clusters...
done (0)
Finding displacement neighbors...
Finding lightmap sample positions...
Displacement Alpha : 0...1...2...3...4...5...6...7...8...9...10
Building Physics collision data...
done (0) (344490 bytes)
Encountered obsolete static prop option to do its fade in screen space @ 293.03 663.26 -333.00
Encountered obsolete static prop option to do its fade in screen space @ 306.19 681.47 -344.00
Encountered obsolete static prop option to do its fade in screen space @ 332.00 662.00 -333.00
Encountered obsolete static prop option to do its fade in screen space @ 332.00 662.00 -333.00
Encountered obsolete static prop option to do its fade in screen space @ 341.00 664.00 -320.00
Encountered obsolete static prop option to do its fade in screen space @ 341.00 664.00 -320.00
Encountered obsolete static prop option to do its fade in screen space @ 348.00 666.00 -333.00
Encountered obsolete static prop option to do its fade in screen space @ 348.00 666.00 -333.00
Encountered obsolete static prop option to do its fade in screen space @ 365.00 664.00 -333.00
Encountered obsolete static prop option to do its fade in screen space @ 365.00 664.00 -333.00
Encountered obsolete static prop option to do its fade in screen space @ 365.00 664.00 -320.00
Encountered obsolete static prop option to do its fade in screen space @ 365.00 664.00 -320.00
Encountered obsolete static prop option to do its fade in screen space @ 613.47 848.50 -303.25
Encountered obsolete static prop option to do its fade in screen space @ 613.47 848.50 -303.25
Encountered obsolete static prop option to do its fade in screen space @ 615.47 839.50 -290.25
Encountered obsolete static prop option to do its fade in screen space @ 615.47 839.50 -290.25
Encountered obsolete static prop option to do its fade in screen space @ 617.47 832.50 -303.25
Encountered obsolete static prop option to do its fade in screen space @ 617.47 832.50 -303.25
Encountered obsolete static prop option to do its fade in screen space @ 615.47 815.50 -303.25
Encountered obsolete static prop option to do its fade in screen space @ 615.47 815.50 -303.25
Encountered obsolete static prop option to do its fade in screen space @ 615.47 815.50 -290.25
Encountered obsolete static prop option to do its fade in screen space @ 615.47 815.50 -290.25
Encountered obsolete static prop option to do its fade in screen space @ 276.00 958.00 -335.75
Encountered obsolete static prop option to do its fade in screen space @ 491.96 667.06 -298.00
Encountered obsolete static prop option to do its fade in screen space @ 514.00 1128.00 -335.75
Encountered obsolete static prop option to do its fade in screen space @ 616.00 826.00 -335.75
Encountered obsolete static prop option to do its fade in screen space @ 632.00 900.00 -208.00
Encountered obsolete static prop option to do its fade in screen space @ 632.00 1028.00 -208.00
Encountered obsolete static prop option to do its fade in screen space @ 632.00 1144.00 -336.00
Encountered obsolete static prop option to do its fade in screen space @ 459.96 679.06 -298.00
Encountered obsolete static prop option to do its fade in screen space @ 616.00 744.00 -335.75
Encountered obsolete static prop option to do its fade in screen space @ 616.00 770.00 -335.75
Encountered obsolete static prop option to do its fade in screen space @ 276.00 915.00 -335.75
Encountered obsolete static prop option to do its fade in screen space @ 276.00 936.00 -335.75
Encountered obsolete static prop option to do its fade in screen space @ 276.00 1000.00 -335.75
Encountered obsolete static prop option to do its fade in screen space @ 632.00 1144.00 -208.00
Encountered obsolete static prop option to do its fade in screen space @ 276.00 979.00 -335.75
Encountered obsolete static prop option to do its fade in screen space @ 632.00 648.00 -208.00
Encountered obsolete static prop option to do its fade in screen space @ 632.00 708.00 -336.00
Encountered obsolete static prop option to do its fade in screen space @ 632.00 836.00 -336.00
Encountered obsolete static prop option to do its fade in screen space @ 632.00 964.00 -336.00
Encountered obsolete static prop option to do its fade in screen space @ 260.00 648.00 -208.00
Encountered obsolete static prop option to do its fade in screen space @ 324.00 648.00 -336.00
Encountered obsolete static prop option to do its fade in screen space @ 417.08 678.73 -297.77
Encountered obsolete static prop option to do its fade in screen space @ 516.00 648.00 -208.00
Encountered obsolete static prop option to do its fade in screen space @ 452.00 648.00 -336.00
Encountered obsolete static prop option to do its fade in screen space @ 632.00 1092.00 -336.00
Encountered obsolete static prop option to do its fade in screen space @ 535.00 1128.00 -335.75
Encountered obsolete static prop option to do its fade in screen space @ 388.00 648.00 -208.00
Encountered obsolete static prop option to do its fade in screen space @ 580.00 648.00 -336.00
Encountered obsolete static prop option to do its fade in screen space @ 585.63 684.13 -322.00
Encountered obsolete static prop option to do its fade in screen space @ 595.06 687.47 -336.00
Encountered obsolete static prop option to do its fade in screen space @ 632.00 772.00 -208.00
Encountered obsolete static prop option to do its fade in screen space @ 451.96 683.06 -298.00
Encountered obsolete static prop option to do its fade in screen space @ 556.00 1128.00 -335.75
Encountered obsolete static prop option to do its fade in screen space @ 446.00 1128.00 -335.75
Encountered obsolete static prop option to do its fade in screen space @ 467.00 1128.00 -335.75
Encountered obsolete static prop option to do its fade in screen space @ 488.00 1128.00 -335.75
Encountered obsolete static prop option to do its fade in screen space @ 441.37 667.30 -298.00
Encountered obsolete static prop option to do its fade in screen space @ 582.53 680.91 -336.00
Encountered obsolete static prop option to do its fade in screen space @ 563.06 672.96 -336.00
Encountered obsolete static prop option to do its fade in screen space @ 616.00 854.00 -335.75
Encountered obsolete static prop option to do its fade in screen space @ 616.00 880.00 -335.75
Encountered obsolete static prop option to do its fade in screen space @ 616.00 800.00 -335.75
Encountered obsolete static prop option to do its fade in screen space @ 1425.16 3139.46 -998.30
Encountered obsolete static prop option to do its fade in screen space @ 1461.79 3061.59 -757.20
Encountered obsolete static prop option to do its fade in screen space @ 1388.54 3217.34 -1239.40
Encountered obsolete static prop option to do its fade in screen space @ 1352.00 3296.00 -1480.00
Encountered obsolete static prop option to do its fade in screen space @ 1312.00 3376.00 -1720.00
Encountered obsolete static prop option to do its fade in screen space @ 1280.00 3456.00 -1960.00
Encountered obsolete static prop option to do its fade in screen space @ 1248.00 3536.00 -2200.00
Encountered obsolete static prop option to do its fade in screen space @ 1216.00 3616.00 -2440.00
Placing detail props : 0...1...2...3...4...5...6...7...8...9...10
Compacting texture/material tables...
Reduced 1754 texinfos to 752
Reduced 100 texdatas to 91 (3683 bytes to 3362)
Writing c:\program files (x86)\steam\steamapps\common\portal 2\sdk_content\maps\hard maps\hard_maps\cource_2\8_industrial fan\mp_coop_fan_hard.bsp

nummapplanes:     (  5412 / 65536 )
nummapbrushes:    (   917 /  8192 )
nummapbrushsides: (  7358 / 65536 )
num_map_overlays: (    56 /   512 )
nummodels:        (    64 /  1024 )
num_entities:     (   467 / 16384 )

1 second elapsed



12 threads
reading c:\program files (x86)\steam\steamapps\common\portal 2\sdk_content\maps\hard maps\hard_maps\cource_2\8_industrial fan\mp_coop_fan_hard.bsp
reading c:\program files (x86)\steam\steamapps\common\portal 2\sdk_content\maps\hard maps\hard_maps\cource_2\8_industrial fan\mp_coop_fan_hard.prt
 319 portalclusters
 899 numportals
0...1...2...3...4...5...6...7...8...9...100...1...2...3...4...5...6...7...8...9...