PRT1
116
267
4 1 61 (-10736 0 -76 ) (-10736 0 52 ) (-11056 0 52 ) (-11056 0 -76 ) 
4 2 3 (-9920 -512 256 ) (-9664 -512 256 ) (-9664 -512 320 ) (-9920 -512 320 ) 
4 3 7 (-9920 -544 256 ) (-9664 -544 256 ) (-9664 -544 320 ) (-9920 -544 320 ) 
4 4 21 (-9440 -861 256 ) (-9440 -992 256 ) (-9504 -992 256 ) (-9504 -861 256 ) 
4 4 18 (-9440 -859 256 ) (-9440 -861 256 ) (-9504 -861 256 ) (-9504 -859 256 ) 
4 4 15 (-9504 -544 256 ) (-9440 -544 256 ) (-9440 -859 256 ) (-9504 -859 256 ) 
4 4 6 (-9504 -992 320.032043 ) (-9504 -992 384 ) (-9504 -990 384 ) (-9504 -990 320.032043 ) 
4 4 5 (-9504 -544 384 ) (-9504 -544 256 ) (-9504 -990 256 ) (-9504 -990 384 ) 
4 5 22 (-9504 -861 256 ) (-9504 -990 256 ) (-9632 -990 256 ) (-9632 -861 256 ) 
4 5 18 (-9504 -859 256 ) (-9504 -861 256 ) (-9632 -861 256 ) (-9632 -859 256 ) 
4 5 15 (-9632 -544 256 ) (-9504 -544 256 ) (-9504 -859 256 ) (-9632 -859 256 ) 
4 5 6 (-9632 -990 384 ) (-9632 -990 320.032043 ) (-9504 -990 320.032043 ) (-9504 -990 384 ) 
4 5 7 (-9632 -544 384 ) (-9632 -544 256 ) (-9632 -990 256 ) (-9632 -990 384 ) 
4 6 7 (-9632 -992 320.032043 ) (-9632 -992 384 ) (-9632 -990 384 ) (-9632 -990 320.032043 ) 
4 7 24 (-9632 -861 256 ) (-9632 -992 256 ) (-9952 -992 256 ) (-9952 -861 256 ) 
4 7 18 (-9632 -859 256 ) (-9632 -861 256 ) (-9952 -861 256 ) (-9952 -859 256 ) 
4 7 15 (-9952 -544 256 ) (-9632 -544 256 ) (-9632 -859 256 ) (-9952 -859 256 ) 
4 8 10 (-9728 -160 64 ) (-9728 -160 128 ) (-9856 -160 128 ) (-9856 -160 64 ) 
4 9 11 (-9664 -192 0 ) (-9600 -192 0 ) (-9600 -192 256 ) (-9664 -192 256 ) 
4 10 11 (-9728 -192 64 ) (-9728 -192 128 ) (-9856 -192 128 ) (-9856 -192 64 ) 
4 11 34 (-10208 -192 0 ) (-10176 -192 0 ) (-10176 -448 0 ) (-10208 -448 0 ) 
4 11 33 (-10176 -192 0 ) (-9792 -192 0 ) (-9792 -224 0 ) (-10176 -224 0 ) 
4 11 13 (-10208 -448 0 ) (-10080 -448 0 ) (-10080 -448 128 ) (-10208 -448 128 ) 
4 11 12 (-9792 -448 0 ) (-9664 -448 0 ) (-9664 -448 128 ) (-9792 -448 128 ) 
4 12 15 (-9792 -544 0 ) (-9664 -544 0 ) (-9664 -544 128 ) (-9792 -544 128 ) 
4 13 17 (-10208 -544 0 ) (-10080 -544 0 ) (-10080 -544 128 ) (-10208 -544 128 ) 
4 14 15 (-9440 -672 128 ) (-9440 -800 128 ) (-9440 -800 256 ) (-9440 -672 256 ) 
4 15 37 (-9600 -544 0 ) (-9536 -544 0 ) (-9536 -576 0 ) (-9600 -576 0 ) 
4 15 35 (-9440 -608 0 ) (-9440 -736 0 ) (-9472 -736 0 ) (-9472 -608 0 ) 
4 15 18 (-10017 -859 0 ) (-9440 -859 0 ) (-9440 -859 256 ) (-10017 -859 256 ) 
4 15 16 (-10017 -544 256 ) (-10017 -544 0 ) (-10017 -859 0 ) (-10017 -859 256 ) 
4 16 18 (-10019 -859 0 ) (-10017 -859 0 ) (-10017 -859 256 ) (-10019 -859 256 ) 
4 16 17 (-10019 -544 256 ) (-10019 -544 0 ) (-10019 -859 0 ) (-10019 -859 256 ) 
4 17 54 (-10240 -608 0 ) (-10240 -859 0 ) (-10240 -859 256 ) (-10240 -608 256 ) 
4 17 52 (-10240 -544 0 ) (-10240 -608 0 ) (-10240 -608 256 ) (-10240 -544 256 ) 
4 17 19 (-10209 -859 0 ) (-10019 -859 0 ) (-10019 -859 256 ) (-10209 -859 256 ) 
4 17 20 (-10240 -859 0 ) (-10209 -859 0 ) (-10209 -859 256 ) (-10240 -859 256 ) 
4 18 24 (-10019 -861 0 ) (-9632 -861 0 ) (-9632 -861 256 ) (-10019 -861 256 ) 
4 18 22 (-9632 -861 0 ) (-9504 -861 0 ) (-9504 -861 256 ) (-9632 -861 256 ) 
4 18 21 (-9504 -861 0 ) (-9440 -861 0 ) (-9440 -861 256 ) (-9504 -861 256 ) 
4 18 19 (-10019 -859 256 ) (-10019 -859 0 ) (-10019 -861 0 ) (-10019 -861 256 ) 
4 19 24 (-10209 -861 0 ) (-10019 -861 0 ) (-10019 -861 256 ) (-10209 -861 256 ) 
4 19 20 (-10209 -859 256 ) (-10209 -859 0 ) (-10209 -861 0 ) (-10209 -861 256 ) 
4 20 54 (-10240 -859 0 ) (-10240 -861 0 ) (-10240 -861 256 ) (-10240 -859 256 ) 
4 20 25 (-10211 -861 0 ) (-10209 -861 0 ) (-10209 -861 256 ) (-10211 -861 256 ) 
4 20 26 (-10240 -861 0 ) (-10211 -861 0 ) (-10211 -861 256 ) (-10240 -861 256 ) 
4 21 36 (-9440 -864 0 ) (-9440 -992 0 ) (-9472 -992 0 ) (-9472 -864 0 ) 
4 21 30 (-9504 -992 0 ) (-9440 -992 0 ) (-9440 -992 128 ) (-9504 -992 128 ) 
4 21 23 (-9504 -990 0 ) (-9504 -992 0 ) (-9504 -992 192.032013 ) (-9504 -990 192.032013 ) 
4 21 22 (-9504 -861 256 ) (-9504 -861 0 ) (-9504 -990 0 ) (-9504 -990 256 ) 
4 22 24 (-9632 -861 256 ) (-9632 -861 0 ) (-9632 -990 0 ) (-9632 -990 256 ) 
4 22 23 (-9632 -990 192.032013 ) (-9632 -990 0 ) (-9504 -990 0 ) (-9504 -990 192.032013 ) 
4 23 30 (-9632 -992 0 ) (-9504 -992 0 ) (-9504 -992 128 ) (-9632 -992 128 ) 
4 23 24 (-9632 -990 0 ) (-9632 -992 0 ) (-9632 -992 192.032013 ) (-9632 -990 192.032013 ) 
4 24 30 (-10209 -992 0 ) (-9632 -992 0 ) (-9632 -992 128 ) (-10209 -992 128 ) 
4 24 27 (-10016 -992 256 ) (-10209 -992 256 ) (-10209 -992 128 ) (-10016 -992 128 ) 
4 24 25 (-10209 -861 256 ) (-10209 -861 0 ) (-10209 -992 0 ) (-10209 -992 256 ) 
4 25 31 (-10211 -992 0 ) (-10209 -992 0 ) (-10209 -992 128 ) (-10211 -992 128 ) 
4 25 28 (-10209 -992 128 ) (-10209 -992 256 ) (-10211 -992 256 ) (-10211 -992 128 ) 
4 25 26 (-10211 -861 256 ) (-10211 -861 0 ) (-10211 -992 0 ) (-10211 -992 256 ) 
4 26 58 (-10240 -888 0 ) (-10240 -992 0 ) (-10240 -992 128 ) (-10240 -888 128 ) 
4 26 57 (-10240 -864 0 ) (-10240 -888 0 ) (-10240 -888 128 ) (-10240 -864 128 ) 
4 26 55 (-10240 -992 128 ) (-10240 -992 256 ) (-10240 -864 256 ) (-10240 -864 128 ) 
4 26 54 (-10240 -861 0 ) (-10240 -864 0 ) (-10240 -864 256 ) (-10240 -861 256 ) 
4 26 32 (-10240 -992 0 ) (-10211 -992 0 ) (-10211 -992 128 ) (-10240 -992 128 ) 
4 26 29 (-10211 -992 128 ) (-10211 -992 256 ) (-10240 -992 256 ) (-10240 -992 128 ) 
4 27 44 (-10016 -1024 256 ) (-10209 -1024 256 ) (-10209 -1024 128 ) (-10016 -1024 128 ) 
4 27 30 (-10209 -992 128 ) (-10016 -992 128 ) (-10016 -1024 128 ) (-10209 -1024 128 ) 
4 27 28 (-10209 -992 256 ) (-10209 -992 128 ) (-10209 -1024 128 ) (-10209 -1024 256 ) 
4 28 45 (-10209 -1024 256 ) (-10211 -1024 256 ) (-10211 -1024 128 ) (-10209 -1024 128 ) 
4 28 31 (-10211 -992 128 ) (-10209 -992 128 ) (-10209 -1024 128 ) (-10211 -1024 128 ) 
4 28 29 (-10211 -992 256 ) (-10211 -992 128 ) (-10211 -1024 128 ) (-10211 -1024 256 ) 
4 29 55 (-10240 -1024 128 ) (-10240 -1024 256 ) (-10240 -992 256 ) (-10240 -992 128 ) 
4 29 46 (-10211 -1024 256 ) (-10240 -1024 256 ) (-10240 -1024 128 ) (-10211 -1024 128 ) 
4 29 32 (-10240 -1024 128 ) (-10240 -992 128 ) (-10211 -992 128 ) (-10211 -1024 128 ) 
4 30 44 (-10209 -1024 0 ) (-10016 -1024 0 ) (-10016 -1024 128 ) (-10209 -1024 128 ) 
4 30 42 (-9760 -1024 0 ) (-9600 -1024 0 ) (-9600 -1024 128 ) (-9760 -1024 128 ) 
4 30 31 (-10209 -1024 128 ) (-10209 -992 128 ) (-10209 -992 0 ) (-10209 -1024 0 ) 
4 31 45 (-10211 -1024 0 ) (-10209 -1024 0 ) (-10209 -1024 128 ) (-10211 -1024 128 ) 
4 31 32 (-10211 -1024 128 ) (-10211 -992 128 ) (-10211 -992 0 ) (-10211 -1024 0 ) 
4 32 58 (-10240 -992 0 ) (-10240 -1024 0 ) (-10240 -1024 128 ) (-10240 -992 128 ) 
4 32 46 (-10240 -1024 128 ) (-10240 -1024 0 ) (-10211 -1024 0 ) (-10211 -1024 128 ) 
4 33 34 (-10176 -192 0 ) (-10176 -192 -8 ) (-10176 -224 -8 ) (-10176 -224 0 ) 
4 38 43 (-9760 -1248 256 ) (-9792 -1248 256 ) (-9792 -1184 256 ) (-9760 -1184 256 ) 
4 38 42 (-9728 -1184 256 ) (-9728 -1248 256 ) (-9760 -1248 256 ) (-9760 -1184 256 ) 
4 39 43 (-9760 -1440 256 ) (-9792 -1440 256 ) (-9792 -1376 256 ) (-9760 -1376 256 ) 
4 39 42 (-9728 -1376 256 ) (-9728 -1440 256 ) (-9760 -1440 256 ) (-9760 -1376 256 ) 
4 40 41 (-9536 -1056 0 ) (-9536 -1184 0 ) (-9536 -1184 256 ) (-9536 -1056 256 ) 
4 41 42 (-9600 -1056 0 ) (-9600 -1472 0 ) (-9600 -1472 256 ) (-9600 -1056 256 ) 
4 42 51 (-9600 -1472 0 ) (-9600 -1504 0 ) (-9760 -1504 0 ) (-9760 -1472 0 ) 
4 42 43 (-9760 -1120 0 ) (-9760 -1504 0 ) (-9760 -1504 256 ) (-9760 -1120 256 ) 
4 43 51 (-9824 -1504 0 ) (-9824 -1472 0 ) (-9760 -1472 0 ) (-9760 -1504 0 ) 
4 43 48 (-9824 -1344 0 ) (-9824 -1504 0 ) (-9824 -1504 256 ) (-9824 -1344 256 ) 
4 43 47 (-9824 -1152 0 ) (-9824 -1280 0 ) (-9824 -1280 256 ) (-9824 -1152 256 ) 
4 44 45 (-10209 -1024 0 ) (-10209 -1056 0 ) (-10209 -1056 256 ) (-10209 -1024 256 ) 
4 45 46 (-10211 -1024 0 ) (-10211 -1056 0 ) (-10211 -1056 256 ) (-10211 -1024 256 ) 
4 46 87 (-10240 -1056 256 ) (-10240 -1024 256 ) (-10240 -1024 160 ) (-10240 -1056 160 ) 
4 46 88 (-10240 -1024 160 ) (-10240 -1024 0 ) (-10240 -1056 0 ) (-10240 -1056 160 ) 
4 47 49 (-9856 -1280 0 ) (-9856 -1152 0 ) (-9824 -1152 0 ) (-9824 -1280 0 ) 
4 48 51 (-9856 -1504 0 ) (-9856 -1472 0 ) (-9824 -1472 0 ) (-9824 -1504 0 ) 
4 48 50 (-9856 -1472 0 ) (-9856 -1344 0 ) (-9824 -1344 0 ) (-9824 -1472 0 ) 
4 50 51 (-9856 -1472 0 ) (-9856 -1472 -8 ) (-9824 -1472 -8 ) (-9824 -1472 0 ) 
4 52 54 (-10336 -608 0 ) (-10240 -608 0 ) (-10240 -608 256 ) (-10336 -608 256 ) 
4 52 53 (-10336 -544 256 ) (-10336 -544 0 ) (-10336 -608 0 ) (-10336 -608 256 ) 
4 54 60 (-10336 -608 0 ) (-10304 -608 0 ) (-10304 -864 0 ) (-10336 -864 0 ) 
4 54 57 (-10336 -864 0 ) (-10240 -864 0 ) (-10240 -864 128 ) (-10336 -864 128 ) 
4 54 55 (-10240 -864 128 ) (-10240 -864 256 ) (-10336 -864 256 ) (-10336 -864 128 ) 
4 55 87 (-10240 -1024 160 ) (-10240 -1024 256 ) (-10336 -1024 256 ) (-10336 -1024 160 ) 
4 55 88 (-10240 -1024 128 ) (-10240 -1024 160 ) (-10336 -1024 160 ) (-10336 -1024 128 ) 
4 55 58 (-10240 -1024 128 ) (-10336 -1024 128 ) (-10336 -888 128 ) (-10240 -888 128 ) 
4 55 57 (-10336 -888 128 ) (-10336 -864 128 ) (-10240 -864 128 ) (-10240 -888 128 ) 
4 55 56 (-10336 -864 160 ) (-10336 -864 128 ) (-10336 -1024 128 ) (-10336 -1024 160 ) 
4 56 88 (-10368 -1024 160 ) (-10368 -1024 128 ) (-10336 -1024 128 ) (-10336 -1024 160 ) 
4 56 58 (-10336 -1024 128 ) (-10368 -1024 128 ) (-10368 -888 128 ) (-10336 -888 128 ) 
4 56 57 (-10368 -888 128 ) (-10368 -864 128 ) (-10336 -864 128 ) (-10336 -888 128 ) 
4 57 58 (-10370 -888 0 ) (-10240 -888 0 ) (-10240 -888 128 ) (-10370 -888 128 ) 
4 58 89 (-10368 -1024 128 ) (-10370 -1024 128 ) (-10370 -1024 0 ) (-10368 -1024 0 ) 
4 58 88 (-10240 -1024 0 ) (-10240 -1024 128 ) (-10368 -1024 128 ) (-10368 -1024 0 ) 
4 58 59 (-10370 -888 116 ) (-10370 -888 0 ) (-10370 -1024 0 ) (-10370 -1024 116 ) 
4 59 90 (-10384 -1024 116 ) (-10384 -1024 0 ) (-10370 -1024 0 ) (-10370 -1024 116 ) 
4 59 62 (-10384 -1024 0 ) (-10384 -1024 116 ) (-10384 -888 116 ) (-10384 -888 0 ) 
4 62 92 (-10384 -1024 0 ) (-10384 -1024 128 ) (-10400 -1024 128 ) (-10400 -1024 0 ) 
4 62 66 (-10400 -1008 0 ) (-10400 -1024 0 ) (-10400 -1024 128 ) (-10400 -1008 128 ) 
4 62 65 (-10400 -912 0 ) (-10400 -1008 0 ) (-10400 -1008 128 ) (-10400 -912 128 ) 
4 62 63 (-10400 -864 128 ) (-10400 -864 0 ) (-10400 -912 0 ) (-10400 -912 128 ) 
5 63 68 (-10600 -688 -68 ) (-10400 -688 -68 ) (-10400 -912 -68 ) (-10555.002930 -912 -68 ) (-10600 -839.997925 -68 ) 
4 63 65 (-10555.002930 -912 -68 ) (-10400 -912 -68 ) (-10400 -912 512 ) (-10555.002930 -912 512 ) 
4 63 64 (-10580 -872.002991 -68 ) (-10555.002930 -912 -68 ) (-10555.002930 -912 512 ) (-10580 -872.002930 512 ) 
4 63 67 (-10600 -688 512 ) (-10600 -688 -68 ) (-10600 -839.997925 -68 ) (-10600 -839.997925 512 ) 
3 64 68 (-10555.002930 -912 -68 ) (-10568 -912 -68 ) (-10580 -872.003052 -68 ) 
4 64 65 (-10568 -912 -68 ) (-10555.002930 -912 -68 ) (-10555.002930 -912 512 ) (-10568 -912 512 ) 
4 65 68 (-10400 -912 -68 ) (-10400 -1008 -68 ) (-10600 -1008 -68 ) (-10600 -912 -68 ) 
4 65 66 (-10568 -1008 -68 ) (-10400 -1008 -68 ) (-10400 -1008 512 ) (-10568 -1008 512 ) 
4 65 67 (-10600 -912 -68 ) (-10600 -1008 -68 ) (-10600 -1008 512 ) (-10600 -912 512 ) 
4 66 104 (-10400 -1024 -68 ) (-10400 -1024 58 ) (-10572.799805 -1024 58 ) (-10572.799805 -1024 -68 ) 
4 66 93 (-10400 -1024 58 ) (-10400 -1024 512 ) (-10572.799805 -1024 512 ) (-10572.799805 -1024 58 ) 
4 66 68 (-10400 -1008 -68 ) (-10400 -1024 -68 ) (-10572.799805 -1024 -68 ) (-10568 -1008 -68 ) 
4 67 106 (-10808 -1024 58 ) (-10808 -1024 -68 ) (-10600 -1024 -68 ) (-10600 -1024 58 ) 
4 67 95 (-10600 -1024 512 ) (-10808 -1024 512 ) (-10808 -1024 58 ) (-10600 -1024 58 ) 
4 67 86 (-10808 -688 -54 ) (-10808 -688 -68 ) (-10808 -1024 -68 ) (-10808 -1024 -54 ) 
4 67 83 (-10808 -688 -50 ) (-10808 -688 -54 ) (-10808 -1024 -54 ) (-10808 -1024 -50 ) 
4 67 80 (-10808 -756 -50 ) (-10808 -1024 -50 ) (-10808 -1024 58 ) (-10808 -756 58 ) 
4 67 77 (-10808 -688 58 ) (-10808 -688 -50 ) (-10808 -756 -50 ) (-10808 -756 58 ) 
4 67 72 (-10808 -688 154 ) (-10808 -688 58 ) (-10808 -1024 58 ) (-10808 -1024 154 ) 
4 67 70 (-10808 -688 186 ) (-10808 -688 154 ) (-10808 -728 154 ) (-10808 -728 186 ) 
4 67 69 (-10808 -688 512 ) (-10808 -688 186 ) (-10808 -848 186 ) (-10808 -848 512 ) 
4 67 71 (-10808 -848 154 ) (-10808 -1024 154 ) (-10808 -1024 512 ) (-10808 -848 512 ) 
4 67 68 (-10808 -1024 -68 ) (-10808 -688 -68 ) (-10600 -688 -68 ) (-10600 -1024 -68 ) 
4 68 107 (-10400 -1024 -256 ) (-10400 -1024 -68 ) (-10808 -1024 -68 ) (-10808 -1024 -256 ) 
4 68 86 (-10808 -688 -68 ) (-10808 -688 -256 ) (-10808 -1024 -256 ) (-10808 -1024 -68 ) 
4 69 70 (-11000 -728 186 ) (-11000 -688 186 ) (-10808 -688 186 ) (-10808 -728 186 ) 
4 69 71 (-11000 -848 512 ) (-11000 -848 186 ) (-10808 -848 186 ) (-10808 -848 512 ) 
4 69 76 (-11000 -688 512 ) (-11000 -688 186 ) (-11000 -848 186 ) (-11000 -848 512 ) 
4 70 73 (-10940 -688 154 ) (-10868 -688 154 ) (-10868 -728 154 ) (-10940 -728 154 ) 
4 70 72 (-10868 -688 154 ) (-10808 -688 154 ) (-10808 -728 154 ) (-10868 -728 154 ) 
4 70 75 (-11000 -728 154 ) (-11000 -688 154 ) (-10940 -688 154 ) (-10940 -728 154 ) 
4 70 76 (-11000 -688 186 ) (-11000 -688 154 ) (-11000 -728 154 ) (-11000 -728 186 ) 
4 71 96 (-10808 -1024 154 ) (-10808 -1024 512 ) (-11000 -1024 512 ) (-11000 -1024 154 ) 
4 71 74 (-10940 -848 154 ) (-10868 -848 154 ) (-10868 -1024 154 ) (-10940 -1024 154 ) 
4 71 72 (-10868 -848 154 ) (-10808 -848 154 ) (-10808 -1024 154 ) (-10868 -1024 154 ) 
4 71 75 (-11000 -1024 154 ) (-11000 -848 154 ) (-10940 -848 154 ) (-10940 -1024 154 ) 
4 71 76 (-11000 -848 154 ) (-11000 -1024 154 ) (-11000 -1024 512 ) (-11000 -848 512 ) 
4 72 100 (-10808 -1024 58 ) (-10808 -1024 62 ) (-10868 -1024 62 ) (-10868 -1024 58 ) 
4 72 96 (-10808 -1024 62 ) (-10808 -1024 154 ) (-10868 -1024 154 ) (-10868 -1024 62 ) 
4 72 80 (-10808 -756 58 ) (-10808 -1024 58 ) (-10868 -1024 58 ) (-10868 -756 58 ) 
4 72 77 (-10868 -688 58 ) (-10808 -688 58 ) (-10808 -756 58 ) (-10868 -756 58 ) 
4 72 73 (-10868 -760 62 ) (-10868 -760 154 ) (-10868 -688 154 ) (-10868 -688 62 ) 
4 72 74 (-10868 -760 58 ) (-10868 -1024 58 ) (-10868 -1024 154 ) (-10868 -760 154 ) 
4 73 74 (-10940 -760 154 ) (-10940 -760 62 ) (-10868 -760 62 ) (-10868 -760 154 ) 
4 73 75 (-10940 -760 62 ) (-10940 -760 154 ) (-10940 -688 154 ) (-10940 -688 62 ) 
4 74 100 (-10940 -1024 62 ) (-10940 -1024 58 ) (-10868 -1024 58 ) (-10868 -1024 62 ) 
4 74 96 (-10868 -1024 154 ) (-10940 -1024 154 ) (-10940 -1024 62 ) (-10868 -1024 62 ) 
4 74 81 (-10868 -760 58 ) (-10868 -1024 58 ) (-10940 -1024 58 ) (-10940 -760 58 ) 
4 74 75 (-10940 -760 58 ) (-10940 -1024 58 ) (-10940 -1024 154 ) (-10940 -760 154 ) 
4 75 100 (-11000 -1024 62 ) (-11000 -1024 58 ) (-10940 -1024 58 ) (-10940 -1024 62 ) 
4 75 96 (-10940 -1024 154 ) (-11000 -1024 154 ) (-11000 -1024 62 ) (-10940 -1024 62 ) 
4 75 82 (-10940 -756 58 ) (-10940 -1024 58 ) (-11000 -1024 58 ) (-11000 -756 58 ) 
4 75 79 (-11000 -688 58 ) (-10940 -688 58 ) (-10940 -756 58 ) (-11000 -756 58 ) 
4 75 76 (-11000 -688 154 ) (-11000 -688 58 ) (-11000 -1024 58 ) (-11000 -1024 154 ) 
4 76 103 (-11000 -1024 512 ) (-11264 -1024 512 ) (-11264 -1024 58 ) (-11000 -1024 58 ) 
4 76 82 (-11000 -756 58 ) (-11000 -1024 58 ) (-11264 -1024 58 ) (-11264 -756 58 ) 
4 76 79 (-11264 -688 58 ) (-11000 -688 58 ) (-11000 -756 58 ) (-11264 -756 58 ) 
4 77 83 (-10868 -688 -50 ) (-10808 -688 -50 ) (-10808 -756 -50 ) (-10868 -756 -50 ) 
4 77 80 (-10868 -756 -50 ) (-10808 -756 -50 ) (-10808 -756 58 ) (-10868 -756 58 ) 
4 79 85 (-11264 -756 -50 ) (-11264 -688 -50 ) (-10940 -688 -50 ) (-10940 -756 -50 ) 
4 79 82 (-11264 -756 -50 ) (-10940 -756 -50 ) (-10940 -756 58 ) (-11264 -756 58 ) 
4 80 106 (-10808 -1024 -50 ) (-10808 -1024 58 ) (-10868 -1024 58 ) (-10868 -1024 -50 ) 
4 80 83 (-10868 -756 -50 ) (-10808 -756 -50 ) (-10808 -1024 -50 ) (-10868 -1024 -50 ) 
4 80 81 (-10868 -760 -50 ) (-10868 -1024 -50 ) (-10868 -1024 58 ) (-10868 -760 58 ) 
4 81 108 (-10868 -1024 58 ) (-10940 -1024 58 ) (-10940 -1024 -50 ) (-10868 -1024 -50 ) 
4 81 84 (-10868 -760 -50 ) (-10868 -1024 -50 ) (-10940 -1024 -50 ) (-10940 -760 -50 ) 
4 81 82 (-10940 -760 -50 ) (-10940 -1024 -50 ) (-10940 -1024 58 ) (-10940 -760 58 ) 
4 82 108 (-10940 -1024 58 ) (-11264 -1024 58 ) (-11264 -1024 -50 ) (-10940 -1024 -50 ) 
4 82 85 (-11264 -1024 -50 ) (-11264 -756 -50 ) (-10940 -756 -50 ) (-10940 -1024 -50 ) 
4 83 106 (-10808 -1024 -54 ) (-10808 -1024 -50 ) (-10868 -1024 -50 ) (-10868 -1024 -54 ) 
4 83 86 (-10868 -688 -54 ) (-10808 -688 -54 ) (-10808 -1024 -54 ) (-10868 -1024 -54 ) 
4 83 84 (-10868 -760 -54 ) (-10868 -1024 -54 ) (-10868 -1024 -50 ) (-10868 -760 -50 ) 
4 84 112 (-10868 -1024 -50 ) (-10940 -1024 -50 ) (-10940 -1024 -54 ) (-10868 -1024 -54 ) 
4 84 86 (-10868 -760 -54 ) (-10868 -1024 -54 ) (-10940 -1024 -54 ) (-10940 -760 -54 ) 
4 84 85 (-10940 -760 -54 ) (-10940 -1024 -54 ) (-10940 -1024 -50 ) (-10940 -760 -50 ) 
4 85 112 (-10940 -1024 -50 ) (-11264 -1024 -50 ) (-11264 -1024 -54 ) (-10940 -1024 -54 ) 
4 85 86 (-11264 -688 -54 ) (-10940 -688 -54 ) (-10940 -1024 -54 ) (-11264 -1024 -54 ) 
4 86 114 (-10868 -1024 -54 ) (-11264 -1024 -54 ) (-11264 -1024 -256 ) (-10868 -1024 -256 ) 
4 86 107 (-10808 -1024 -256 ) (-10808 -1024 -68 ) (-10868 -1024 -68 ) (-10868 -1024 -256 ) 
4 86 106 (-10808 -1024 -68 ) (-10808 -1024 -54 ) (-10868 -1024 -54 ) (-10868 -1024 -68 ) 
4 87 88 (-10240 -1056 160 ) (-10336 -1056 160 ) (-10336 -1024 160 ) (-10240 -1024 160 ) 
4 88 91 (-10368 -1032 0 ) (-10368 -1056 0 ) (-10368 -1056 128 ) (-10368 -1032 128 ) 
4 88 89 (-10368 -1024 128 ) (-10368 -1024 0 ) (-10368 -1032 0 ) (-10368 -1032 128 ) 
4 89 91 (-10370 -1032 0 ) (-10368 -1032 0 ) (-10368 -1032 128 ) (-10370 -1032 128 ) 
4 89 90 (-10370 -1024 0 ) (-10370 -1032 0 ) (-10370 -1032 116 ) (-10370 -1024 116 ) 
4 90 92 (-10384 -1024 116 ) (-10384 -1024 0 ) (-10384 -1032 0 ) (-10384 -1032 116 ) 
4 92 104 (-10400 -1024 58 ) (-10400 -1024 0 ) (-10400 -1056 0 ) (-10400 -1056 58 ) 
4 92 93 (-10400 -1024 128 ) (-10400 -1024 58 ) (-10400 -1056 58 ) (-10400 -1056 128 ) 
5 93 104 (-10400 -1232 58 ) (-10600 -1232 58 ) (-10600 -1114.665894 58 ) (-10572.799805 -1024 58 ) (-10400 -1024 58 ) 
4 93 94 (-10579.997070 -1047.995850 58 ) (-10600 -1114.671875 58 ) (-10600 -1114.671875 512 ) (-10579.997070 -1047.995850 512 ) 
4 93 95 (-10600 -1114.665894 58 ) (-10600 -1232 58 ) (-10600 -1232 512 ) (-10600 -1114.665894 512 ) 
3 94 105 (-10600 -1114.665894 58 ) (-10600 -1080 58 ) (-10580 -1048 58 ) 
4 94 95 (-10600 -1080 58 ) (-10600 -1114.665894 58 ) (-10600 -1114.665894 512 ) (-10600 -1080 512 ) 
4 95 106 (-10600 -1232 58 ) (-10808 -1232 58 ) (-10808 -1024 58 ) (-10600 -1024 58 ) 
4 95 101 (-10808 -1160 58 ) (-10808 -1232 58 ) (-10808 -1232 62 ) (-10808 -1160 62 ) 
4 95 100 (-10808 -1024 58 ) (-10808 -1160 58 ) (-10808 -1160 62 ) (-10808 -1024 62 ) 
4 95 98 (-10808 -1232 154 ) (-10808 -1232 186 ) (-10808 -1192 186 ) (-10808 -1192 154 ) 
4 95 97 (-10808 -1232 186 ) (-10808 -1232 512 ) (-10808 -1072 512 ) (-10808 -1072 186 ) 
4 95 99 (-10808 -1232 62 ) (-10808 -1232 154 ) (-10808 -1072 154 ) (-10808 -1072 62 ) 
4 95 96 (-10808 -1072 512 ) (-10808 -1024 512 ) (-10808 -1024 62 ) (-10808 -1072 62 ) 
4 96 100 (-11000 -1072 62 ) (-11000 -1024 62 ) (-10808 -1024 62 ) (-10808 -1072 62 ) 
4 96 97 (-11000 -1072 512 ) (-11000 -1072 186 ) (-10808 -1072 186 ) (-10808 -1072 512 ) 
4 96 99 (-11000 -1072 154 ) (-11000 -1072 62 ) (-10808 -1072 62 ) (-10808 -1072 154 ) 
4 96 103 (-11000 -1072 512 ) (-11000 -1024 512 ) (-11000 -1024 62 ) (-11000 -1072 62 ) 
4 97 98 (-11000 -1232 186 ) (-11000 -1192 186 ) (-10808 -1192 186 ) (-10808 -1232 186 ) 
4 97 103 (-11000 -1232 186 ) (-11000 -1232 512 ) (-11000 -1072 512 ) (-11000 -1072 186 ) 
4 98 103 (-11000 -1232 154 ) (-11000 -1232 186 ) (-11000 -1192 186 ) (-11000 -1192 154 ) 
4 98 99 (-11000 -1232 154 ) (-11000 -1192 154 ) (-10808 -1192 154 ) (-10808 -1232 154 ) 
4 99 101 (-10868 -1160 62 ) (-10808 -1160 62 ) (-10808 -1232 62 ) (-10868 -1232 62 ) 
4 99 102 (-11000 -1232 62 ) (-11000 -1160 62 ) (-10940 -1160 62 ) (-10940 -1232 62 ) 
4 99 100 (-11000 -1160 62 ) (-11000 -1072 62 ) (-10808 -1072 62 ) (-10808 -1160 62 ) 
4 99 103 (-11000 -1232 62 ) (-11000 -1232 154 ) (-11000 -1072 154 ) (-11000 -1072 62 ) 
4 100 108 (-11000 -1160 58 ) (-11000 -1024 58 ) (-10868 -1024 58 ) (-10868 -1160 58 ) 
4 100 106 (-10868 -1024 58 ) (-10808 -1024 58 ) (-10808 -1160 58 ) (-10868 -1160 58 ) 
4 100 101 (-10808 -1160 58 ) (-10808 -1160 62 ) (-10868 -1160 62 ) (-10868 -1160 58 ) 
4 100 102 (-10940 -1160 62 ) (-11000 -1160 62 ) (-11000 -1160 58 ) (-10940 -1160 58 ) 
4 100 103 (-11000 -1024 58 ) (-11000 -1160 58 ) (-11000 -1160 62 ) (-11000 -1024 62 ) 
4 101 106 (-10808 -1232 58 ) (-10868 -1232 58 ) (-10868 -1160 58 ) (-10808 -1160 58 ) 
4 102 111 (-10940 -1232 58 ) (-11000 -1232 58 ) (-11000 -1164 58 ) (-10940 -1164 58 ) 
4 102 109 (-11000 -1164 58 ) (-11000 -1160 58 ) (-10940 -1160 58 ) (-10940 -1164 58 ) 
4 102 103 (-11000 -1160 58 ) (-11000 -1232 58 ) (-11000 -1232 62 ) (-11000 -1160 62 ) 
4 103 111 (-11000 -1232 58 ) (-11264 -1232 58 ) (-11264 -1164 58 ) (-11000 -1164 58 ) 
4 103 109 (-11264 -1164 58 ) (-11264 -1160 58 ) (-11000 -1160 58 ) (-11000 -1164 58 ) 
4 103 108 (-11264 -1160 58 ) (-11264 -1024 58 ) (-11000 -1024 58 ) (-11000 -1160 58 ) 
5 104 107 (-10400 -1232 -68 ) (-10600 -1232 -68 ) (-10600 -1114.665894 -68 ) (-10572.799805 -1024 -68 ) (-10400 -1024 -68 ) 
4 104 105 (-10579.997070 -1047.995850 -68 ) (-10600 -1114.671875 -68 ) (-10600 -1114.671875 58 ) (-10579.997070 -1047.995850 58 ) 
4 104 106 (-10600 -1114.665894 -68 ) (-10600 -1232 -68 ) (-10600 -1232 58 ) (-10600 -1114.665894 58 ) 
3 105 107 (-10600 -1114.665894 -68 ) (-10600 -1080 -68 ) (-10580 -1048 -68 ) 
4 105 106 (-10600 -1080 -68 ) (-10600 -1114.665894 -68 ) (-10600 -1114.665894 58 ) (-10600 -1080 58 ) 
4 106 114 (-10868 -1232 -68 ) (-10868 -1232 -54 ) (-10868 -1024 -54 ) (-10868 -1024 -68 ) 
4 106 112 (-10868 -1160 -50 ) (-10868 -1024 -50 ) (-10868 -1024 -54 ) (-10868 -1160 -54 ) 
4 106 108 (-10868 -1160 58 ) (-10868 -1024 58 ) (-10868 -1024 -50 ) (-10868 -1160 -50 ) 
4 106 107 (-10600 -1232 -68 ) (-10868 -1232 -68 ) (-10868 -1024 -68 ) (-10600 -1024 -68 ) 
4 107 114 (-10868 -1232 -256 ) (-10868 -1232 -68 ) (-10868 -1024 -68 ) (-10868 -1024 -256 ) 
4 108 112 (-10868 -1024 -50 ) (-10868 -1160 -50 ) (-11264 -1160 -50 ) (-11264 -1024 -50 ) 
4 108 109 (-11264 -1160 -50 ) (-10940 -1160 -50 ) (-10940 -1160 58 ) (-11264 -1160 58 ) 
4 109 113 (-10940 -1164 -50 ) (-11264 -1164 -50 ) (-11264 -1160 -50 ) (-10940 -1160 -50 ) 
4 109 111 (-11264 -1164 -50 ) (-10940 -1164 -50 ) (-10940 -1164 58 ) (-11264 -1164 58 ) 
4 111 113 (-10940 -1232 -50 ) (-11264 -1232 -50 ) (-11264 -1164 -50 ) (-10940 -1164 -50 ) 
4 112 114 (-11264 -1024 -54 ) (-10868 -1024 -54 ) (-10868 -1160 -54 ) (-11264 -1160 -54 ) 
4 112 113 (-11264 -1160 -54 ) (-10940 -1160 -54 ) (-10940 -1160 -50 ) (-11264 -1160 -50 ) 
4 113 114 (-10940 -1232 -54 ) (-11264 -1232 -54 ) (-11264 -1160 -54 ) (-10940 -1160 -54 ) 
