PRT1
143
313
4 0 1 (608 1024 64 ) (544 1024 64 ) (544 1088 64 ) (608 1088 64 ) 
4 1 13 (640 1024 64 ) (576 1024 64 ) (576 1024 -192 ) (640 1024 -192 ) 
4 1 14 (576 1024 64 ) (416 1024 64 ) (416 1024 -192 ) (576 1024 -192 ) 
4 1 11 (672 1024 64 ) (640 1024 64 ) (640 1024 -192 ) (672 1024 -192 ) 
4 1 4 (672 1120 -192 ) (672 1024 -192 ) (640 1024 -192 ) (640 1120 -192 ) 
4 1 3 (416 1152 -192 ) (672 1152 -192 ) (672 1120 -192 ) (416 1120 -192 ) 
4 1 2 (416 1120 -192 ) (416 1024 -192 ) (416 1024 64 ) (416 1120 64 ) 
4 2 14 (416 1024 64 ) (352 1024 64 ) (352 1024 -192 ) (416 1024 -192 ) 
4 3 4 (672 1120 -200 ) (672 1120 -192 ) (640 1120 -192 ) (640 1120 -200 ) 
4 4 33 (672 1024 -200 ) (672 1024 -192 ) (640 1024 -192 ) (640 1024 -200 ) 
4 5 58 (0 704 1024 ) (0 696 1024 ) (0 696 1152 ) (0 704 1152 ) 
4 5 16 (0 696 1024 ) (0 704 1024 ) (288 704 1024 ) (288 696 1024 ) 
4 5 6 (0 696 1024 ) (288 696 1024 ) (288 696 1152 ) (0 696 1152 ) 
4 6 59 (0 696 1024 ) (0 648 1024 ) (0 648 1152 ) (0 696 1152 ) 
4 6 19 (0 648 1024 ) (0 672 1024 ) (440 672 1024 ) (440 648 1024 ) 
4 6 17 (0 672 1024 ) (0 696 1024 ) (440 696 1024 ) (440 672 1024 ) 
4 7 25 (736 640 1024 ) (800 640 1024 ) (800 384 1024 ) (736 384 1024 ) 
4 7 8 (768 384 1024 ) (800 384 1024 ) (800 384 1032 ) (768 384 1032 ) 
4 8 26 (800 176 1024 ) (800 128 1024 ) (768 128 1024 ) (768 176 1024 ) 
4 8 25 (768 384 1024 ) (800 384 1024 ) (800 176 1024 ) (768 176 1024 ) 
4 9 25 (528 272 1024 ) (432 272 1024 ) (432 368 1024 ) (528 368 1024 ) 
4 10 13 (576 896 64 ) (608 896 64 ) (608 832 64 ) (576 832 64 ) 
4 10 14 (544 832 64 ) (544 896 64 ) (576 896 64 ) (576 832 64 ) 
4 11 33 (640 1024 -192 ) (672 1024 -192 ) (672 992 -192 ) (640 992 -192 ) 
4 11 13 (640 1024 -192 ) (640 992 -192 ) (640 992 64 ) (640 1024 64 ) 
4 12 34 (672 928 -192 ) (672 800 -192 ) (640 800 -192 ) (640 928 -192 ) 
4 12 13 (640 928 -192 ) (640 800 -192 ) (640 800 64 ) (640 928 64 ) 
4 13 14 (576 1024 -192 ) (576 768 -192 ) (576 768 64 ) (576 1024 64 ) 
4 14 18 (416 704 -192 ) (576 704 -192 ) (576 704 64 ) (416 704 64 ) 
4 14 15 (352 832 -192 ) (352 704 -192 ) (352 704 64 ) (352 832 64 ) 
4 16 58 (0 696 1024 ) (0 704 1024 ) (0 704 128 ) (0 696 128 ) 
4 16 17 (0 696 128 ) (288 696 128 ) (288 696 1024 ) (0 696 1024 ) 
4 17 60 (0 672 128 ) (0 672 320 ) (0 696 320 ) (0 696 128 ) 
4 17 59 (0 672 320 ) (0 672 1024 ) (0 696 1024 ) (0 696 320 ) 
4 17 19 (440 672 1024 ) (0 672 1024 ) (0 672 128 ) (440 672 128 ) 
4 18 22 (416 672 -192 ) (576 672 -192 ) (576 672 64 ) (416 672 64 ) 
4 19 60 (0 672 320 ) (0 672 128 ) (0 648 128 ) (0 648 320 ) 
4 19 59 (0 648 1024 ) (0 672 1024 ) (0 672 320 ) (0 648 320 ) 
4 19 20 (0 648 640 ) (0 648 128 ) (256 648 128 ) (256 648 640 ) 
4 20 61 (0 642 640 ) (0 648 640 ) (0 648 128 ) (0 642 128 ) 
4 20 21 (0 642 128 ) (256 642 128 ) (256 642 640 ) (0 642 640 ) 
4 21 62 (0 640 128 ) (0 640 640 ) (0 642 640 ) (0 642 128 ) 
4 21 25 (256 640 640 ) (0 640 640 ) (0 640 128 ) (256 640 128 ) 
4 22 25 (288 640 -192 ) (672 640 -192 ) (672 640 96 ) (288 640 96 ) 
4 23 25 (800 640 960 ) (800 640 832 ) (800 384 832 ) (800 384 960 ) 
4 23 24 (800 384 832 ) (800 640 832 ) (832 640 832 ) (832 384 832 ) 
4 24 25 (800 640 832 ) (800 640 -192 ) (800 256 -192 ) (800 256 832 ) 
4 25 66 (0 176 832 ) (0 176 1024 ) (0 384 1024 ) (0 384 832 ) 
4 25 67 (0 384 -192 ) (0 176 -192 ) (0 176 832 ) (0 384 832 ) 
4 25 63 (0 640 -192 ) (0 512 -192 ) (0 512 1024 ) (0 640 1024 ) 
4 25 65 (0 512 -192 ) (0 384 -192 ) (0 384 1024 ) (0 512 1024 ) 
4 25 27 (0 176 -192 ) (416 176 -192 ) (416 176 1024 ) (0 176 1024 ) 
4 25 26 (544 176 -192 ) (800 176 -192 ) (800 176 1024 ) (544 176 1024 ) 
4 26 28 (672 128 -158 ) (672 128 768 ) (544 128 768 ) (544 128 -158 ) 
4 26 29 (544 128 -192 ) (672 128 -192 ) (672 128 -162 ) (544 128 -162 ) 
4 27 66 (0 128 832 ) (0 128 1024 ) (0 176 1024 ) (0 176 832 ) 
4 27 67 (0 176 -192 ) (0 128 -192 ) (0 128 832 ) (0 176 832 ) 
4 27 32 (0 128 -192 ) (256 128 -192 ) (256 128 1024 ) (0 128 1024 ) 
4 27 30 (416 128 -158 ) (416 128 768 ) (288 128 768 ) (288 128 -158 ) 
4 27 31 (288 128 -192 ) (416 128 -192 ) (416 128 -162 ) (288 128 -162 ) 
4 28 37 (544 0 768 ) (544 0 456 ) (672 0 456 ) (672 0 768 ) 
4 29 35 (672 0 -192 ) (544 0 -192 ) (544 128 -192 ) (672 128 -192 ) 
4 30 38 (288 0 768 ) (288 0 456 ) (416 0 456 ) (416 0 768 ) 
4 31 36 (416 0 -192 ) (288 0 -192 ) (288 128 -192 ) (416 128 -192 ) 
4 32 68 (0 128 -192 ) (0 0 -192 ) (0 0 1024 ) (0 128 1024 ) 
4 32 52 (64 0 1024 ) (0 0 1024 ) (0 0 -192 ) (64 0 -192 ) 
4 32 51 (64 0 64 ) (64 0 -192 ) (96 0 -192 ) (96 0 64 ) 
4 32 44 (96 0 64 ) (96 0 -192 ) (224 0 -192 ) (224 0 64 ) 
4 39 40 (288 -608 128 ) (288 -352 128 ) (288 -352 0 ) (288 -608 0 ) 
4 40 42 (256 -608 0 ) (256 -608 64 ) (256 -352 64 ) (256 -352 0 ) 
4 40 41 (256 -608 64 ) (256 -608 128 ) (256 -352 128 ) (256 -352 64 ) 
4 41 50 (224 -352 64 ) (224 -608 64 ) (224 -608 128 ) (224 -352 128 ) 
4 41 42 (224 -608 64 ) (224 -352 64 ) (256 -352 64 ) (256 -608 64 ) 
4 42 50 (224 -352 0 ) (224 -608 0 ) (224 -608 64 ) (224 -352 64 ) 
4 43 45 (224 -160 64 ) (96 -160 64 ) (96 -32 64 ) (224 -32 64 ) 
4 44 51 (96 -32 64 ) (96 0 64 ) (96 0 -192 ) (96 -32 -192 ) 
4 44 47 (96 -32 -192 ) (224 -32 -192 ) (224 -32 -178 ) (96 -32 -178 ) 
4 44 45 (224 -32 2 ) (224 -32 64 ) (96 -32 64 ) (96 -32 2 ) 
4 44 46 (224 -32 -174 ) (224 -32 -2 ) (96 -32 -2 ) (96 -32 -174 ) 
4 45 56 (96 -160 2 ) (96 -160 64 ) (96 -32 64 ) (96 -32 2 ) 
4 45 49 (96 -160 64 ) (96 -160 2 ) (224 -160 2 ) (224 -160 64 ) 
4 46 56 (96 -160 -174 ) (96 -160 -2 ) (96 -32 -2 ) (96 -32 -174 ) 
4 46 49 (96 -160 -2 ) (96 -160 -174 ) (224 -160 -174 ) (224 -160 -2 ) 
4 47 56 (96 -160 -192 ) (96 -160 -178 ) (96 -32 -178 ) (96 -32 -192 ) 
4 47 49 (96 -160 -178 ) (96 -160 -192 ) (224 -160 -192 ) (224 -160 -178 ) 
4 47 48 (224 -160 -192 ) (96 -160 -192 ) (96 -32 -192 ) (224 -32 -192 ) 
4 49 56 (96 -192 -192 ) (96 -192 64 ) (96 -160 64 ) (96 -160 -192 ) 
4 50 57 (96 -608 0 ) (96 -608 128 ) (96 -352 128 ) (96 -352 0 ) 
4 51 56 (64 -32 -192 ) (96 -32 -192 ) (96 -32 64 ) (64 -32 64 ) 
4 51 52 (64 0 64 ) (64 0 -192 ) (64 -32 -192 ) (64 -32 64 ) 
4 52 132 (0 -32 -192 ) (0 -32 64 ) (0 0 64 ) (0 0 -192 ) 
4 52 124 (0 -32 64 ) (0 -32 1024 ) (0 0 1024 ) (0 0 64 ) 
4 52 56 (0 -32 64 ) (0 -32 -192 ) (64 -32 -192 ) (64 -32 64 ) 
4 52 54 (0 -32 832 ) (0 -32 192 ) (32 -32 192 ) (32 -32 832 ) 
4 53 125 (0 -192 832 ) (0 -192 1024 ) (0 -40 1024 ) (0 -40 832 ) 
4 53 55 (32 -40 832 ) (32 -192 832 ) (0 -192 832 ) (0 -40 832 ) 
4 54 126 (0 -34 832 ) (0 -32 832 ) (0 -32 192 ) (0 -34 192 ) 
4 54 55 (0 -34 192 ) (32 -34 192 ) (32 -34 832 ) (0 -34 832 ) 
4 55 127 (0 -192 192 ) (0 -192 832 ) (0 -34 832 ) (0 -34 192 ) 
4 56 138 (0 -192 -191.750000 ) (0 -192 64 ) (0 -160 64 ) (0 -160 -191.750000 ) 
4 56 141 (0 -192 -192 ) (0 -192 -191.750000 ) (0 -160 -191.750000 ) (0 -160 -192 ) 
4 56 137 (0 -128 -64 ) (0 -128 -192 ) (0 -160 -192 ) (0 -160 -64 ) 
4 56 133 (0 -160 64 ) (0 -128 64 ) (0 -128 -63.750000 ) (0 -160 -63.750000 ) 
4 56 135 (0 -128 -63.750000 ) (0 -128 -64 ) (0 -160 -64 ) (0 -160 -63.750000 ) 
4 56 132 (0 -128 64 ) (0 -32 64 ) (0 -32 -192 ) (0 -128 -192 ) 
4 58 60 (-208 696 128 ) (0 696 128 ) (0 696 320 ) (-208 696 320 ) 
4 58 59 (0 696 320 ) (0 696 1152 ) (-208 696 1152 ) (-208 696 320 ) 
4 59 61 (-192 648 320 ) (0 648 320 ) (0 648 640 ) (-192 648 640 ) 
4 59 60 (0 648 320 ) (-224 648 320 ) (-224 696 320 ) (0 696 320 ) 
4 60 61 (-192 648 128 ) (0 648 128 ) (0 648 320 ) (-192 648 320 ) 
4 61 62 (-192 642 640 ) (-192 642 128 ) (0 642 128 ) (0 642 640 ) 
4 62 64 (-192 640 128 ) (-96 640 128 ) (-96 640 640 ) (-192 640 640 ) 
4 62 63 (-96 640 128 ) (0 640 128 ) (0 640 640 ) (-96 640 640 ) 
4 63 64 (-96 512 -190 ) (-96 512 1024 ) (-96 640 1024 ) (-96 640 -190 ) 
4 63 65 (-96 512 -192 ) (0 512 -192 ) (0 512 1024 ) (-96 512 1024 ) 
4 64 65 (-96 512 -190 ) (-96 512 1024 ) (-224 512 1024 ) (-224 512 -190 ) 
4 65 72 (-224 480 -192 ) (-224 384 -192 ) (-224 384 -64 ) (-224 480 -64 ) 
4 65 71 (-224 480 -96 ) (-224 480 -64 ) (-224 512 -64 ) (-224 512 -96 ) 
4 65 66 (0 384 832 ) (0 384 1024 ) (-192 384 1024 ) (-192 384 832 ) 
4 65 67 (-224 384 -192 ) (0 384 -192 ) (0 384 832 ) (-224 384 832 ) 
4 66 68 (0 128 832 ) (0 128 1024 ) (-192 128 1024 ) (-192 128 832 ) 
4 66 67 (0 128 832 ) (-192 128 832 ) (-192 384 832 ) (0 384 832 ) 
4 67 72 (-224 384 -192 ) (-224 288 -192 ) (-224 288 -64 ) (-224 384 -64 ) 
4 67 70 (-224 128 704 ) (-224 128 832 ) (-224 384 832 ) (-224 384 704 ) 
4 67 69 (-224 128 -192 ) (-192 128 -192 ) (-192 128 64 ) (-224 128 64 ) 
4 67 68 (-192 128 -192 ) (0 128 -192 ) (0 128 832 ) (-192 128 832 ) 
4 68 132 (0 0 -192 ) (0 0 64 ) (-192 0 64 ) (-192 0 -192 ) 
4 68 124 (0 0 64 ) (0 0 1024 ) (-192 0 1024 ) (-192 0 64 ) 
4 68 69 (-192 128 64 ) (-192 128 -192 ) (-192 0 -192 ) (-192 0 64 ) 
4 69 132 (-224 0 64 ) (-224 0 -192 ) (-192 0 -192 ) (-192 0 64 ) 
4 70 75 (-240 384 832 ) (-240 384 704 ) (-240 128 704 ) (-240 128 832 ) 
4 72 73 (-226 456 -192 ) (-226 312 -192 ) (-226 312 -76 ) (-226 456 -76 ) 
4 73 76 (-240 456 -76 ) (-240 456 -192 ) (-240 312 -192 ) (-240 312 -76 ) 
4 74 75 (-368 128 832 ) (-368 384 832 ) (-256 384 832 ) (-256 128 832 ) 
4 76 111 (-248 336 -192 ) (-248 288 -192 ) (-248 288 -134 ) (-248 336 -134 ) 
4 76 100 (-248 288 -134 ) (-248 288 -64 ) (-248 336 -64 ) (-248 336 -134 ) 
4 76 77 (-248 480 -64 ) (-248 480 -192 ) (-248 432 -192 ) (-248 432 -64 ) 
4 76 80 (-248 432 -192 ) (-248 336 -192 ) (-248 336 -64 ) (-248 432 -64 ) 
4 77 78 (-427.998627 471.997803 -260 ) (-403 432 -260 ) (-403 432 320 ) (-427.998627 471.997803 320 ) 
5 77 79 (-248 432 -260 ) (-403 432 -260 ) (-448 504.002014 -260 ) (-448 656 -260 ) (-248 656 -260 ) 
4 77 81 (-448 656 320 ) (-448 656 -260 ) (-448 504.002014 -260 ) (-448 504.002014 320 ) 
4 77 80 (-403 432 -260 ) (-248 432 -260 ) (-248 432 320 ) (-403 432 320 ) 
4 78 80 (-415.998993 432 -260 ) (-403 432 -260 ) (-403 432 320 ) (-415.998993 432 320 ) 
3 78 79 (-403 432 -260 ) (-415.998993 432 -260 ) (-428 472 -260 ) 
4 79 80 (-448 432 -260 ) (-448 432 -448 ) (-248 432 -448 ) (-248 432 -260 ) 
4 79 81 (-448 656 -260 ) (-448 656 -448 ) (-448 432 -448 ) (-448 432 -260 ) 
4 80 114 (-248 336 -448 ) (-248 336 -260 ) (-448 336 -260 ) (-448 336 -448 ) 
4 80 111 (-248 336 -260 ) (-248 336 -134 ) (-415.997620 336 -134 ) (-415.997620 336 -260 ) 
4 80 100 (-248 336 -134 ) (-248 336 320 ) (-415.997620 336 320 ) (-415.997620 336 -134 ) 
4 80 81 (-448 432 -448 ) (-448 336 -448 ) (-448 336 320 ) (-448 432 320 ) 
4 81 114 (-656 336 -260 ) (-656 336 -448 ) (-448 336 -448 ) (-448 336 -260 ) 
4 81 113 (-656 336 -134 ) (-656 336 -260 ) (-448 336 -260 ) (-448 336 -134 ) 
4 81 102 (-448 336 320 ) (-656 336 320 ) (-656 336 -134 ) (-448 336 -134 ) 
4 81 99 (-656 656 -246 ) (-656 656 -448 ) (-656 336 -448 ) (-656 336 -246 ) 
4 81 96 (-656 656 -242 ) (-656 656 -246 ) (-656 584 -246 ) (-656 584 -242 ) 
4 81 98 (-656 584 -246 ) (-656 336 -246 ) (-656 336 -242 ) (-656 584 -242 ) 
4 81 93 (-656 588 -242 ) (-656 584 -242 ) (-656 584 -134 ) (-656 588 -134 ) 
4 81 95 (-656 584 -242 ) (-656 336 -242 ) (-656 336 -134 ) (-656 584 -134 ) 
4 81 90 (-656 656 -134 ) (-656 656 -242 ) (-656 588 -242 ) (-656 588 -134 ) 
4 81 85 (-656 656 -38 ) (-656 656 -134 ) (-656 584 -134 ) (-656 584 -38 ) 
4 81 88 (-656 584 -134 ) (-656 336 -134 ) (-656 336 -38 ) (-656 584 -38 ) 
4 81 83 (-656 656 -6 ) (-656 656 -38 ) (-656 616 -38 ) (-656 616 -6 ) 
4 81 82 (-656 656 320 ) (-656 656 -6 ) (-656 496 -6 ) (-656 496 320 ) 
4 81 84 (-656 496 -38 ) (-656 336 -38 ) (-656 336 320 ) (-656 496 320 ) 
4 82 83 (-848 616 -6 ) (-848 656 -6 ) (-656 656 -6 ) (-656 616 -6 ) 
4 82 84 (-848 496 320 ) (-848 496 -6 ) (-656 496 -6 ) (-656 496 320 ) 
4 82 89 (-848 656 320 ) (-848 656 -6 ) (-848 496 -6 ) (-848 496 320 ) 
4 83 86 (-788 656 -38 ) (-716 656 -38 ) (-716 616 -38 ) (-788 616 -38 ) 
4 83 85 (-716 656 -38 ) (-656 656 -38 ) (-656 616 -38 ) (-716 616 -38 ) 
4 83 87 (-848 616 -38 ) (-848 656 -38 ) (-788 656 -38 ) (-788 616 -38 ) 
4 83 89 (-848 656 -6 ) (-848 656 -38 ) (-848 616 -38 ) (-848 616 -6 ) 
4 84 103 (-656 336 -38 ) (-656 336 320 ) (-848 336 320 ) (-848 336 -38 ) 
4 84 88 (-848 336 -38 ) (-848 496 -38 ) (-656 496 -38 ) (-656 336 -38 ) 
4 84 89 (-848 496 -38 ) (-848 336 -38 ) (-848 336 320 ) (-848 496 320 ) 
4 85 93 (-656 588 -134 ) (-656 584 -134 ) (-716 584 -134 ) (-716 588 -134 ) 
4 85 90 (-716 656 -134 ) (-656 656 -134 ) (-656 588 -134 ) (-716 588 -134 ) 
4 85 86 (-716 584 -130 ) (-716 584 -38 ) (-716 656 -38 ) (-716 656 -130 ) 
4 85 88 (-656 584 -38 ) (-716 584 -38 ) (-716 584 -134 ) (-656 584 -134 ) 
4 86 88 (-716 584 -38 ) (-788 584 -38 ) (-788 584 -130 ) (-716 584 -130 ) 
4 86 87 (-788 584 -130 ) (-788 584 -38 ) (-788 656 -38 ) (-788 656 -130 ) 
4 87 94 (-788 588 -134 ) (-788 584 -134 ) (-848 584 -134 ) (-848 588 -134 ) 
4 87 92 (-848 656 -134 ) (-788 656 -134 ) (-788 588 -134 ) (-848 588 -134 ) 
4 87 88 (-788 584 -38 ) (-848 584 -38 ) (-848 584 -134 ) (-788 584 -134 ) 
4 87 89 (-848 656 -38 ) (-848 656 -134 ) (-848 584 -134 ) (-848 584 -38 ) 
4 88 107 (-656 336 -134 ) (-656 336 -130 ) (-848 336 -130 ) (-848 336 -134 ) 
4 88 103 (-656 336 -130 ) (-656 336 -38 ) (-848 336 -38 ) (-848 336 -130 ) 
4 88 95 (-656 584 -134 ) (-656 336 -134 ) (-848 336 -134 ) (-848 584 -134 ) 
4 88 89 (-848 584 -134 ) (-848 336 -134 ) (-848 336 -38 ) (-848 584 -38 ) 
4 89 122 (-1024 336 -134 ) (-1024 336 320 ) (-1024 656 320 ) (-1024 656 -134 ) 
4 89 110 (-848 336 320 ) (-1024 336 320 ) (-1024 336 -134 ) (-848 336 -134 ) 
4 89 94 (-848 588 -134 ) (-848 584 -134 ) (-1024 584 -134 ) (-1024 588 -134 ) 
4 89 95 (-848 584 -134 ) (-848 336 -134 ) (-1024 336 -134 ) (-1024 584 -134 ) 
4 89 92 (-1024 656 -134 ) (-848 656 -134 ) (-848 588 -134 ) (-1024 588 -134 ) 
4 90 96 (-716 656 -242 ) (-656 656 -242 ) (-656 588 -242 ) (-716 588 -242 ) 
4 90 93 (-716 588 -242 ) (-656 588 -242 ) (-656 588 -134 ) (-716 588 -134 ) 
4 92 122 (-1024 588 -134 ) (-1024 656 -134 ) (-1024 656 -242 ) (-1024 588 -242 ) 
4 92 97 (-1024 656 -242 ) (-788 656 -242 ) (-788 588 -242 ) (-1024 588 -242 ) 
4 92 94 (-1024 588 -242 ) (-788 588 -242 ) (-788 588 -134 ) (-1024 588 -134 ) 
4 93 96 (-656 588 -242 ) (-656 584 -242 ) (-716 584 -242 ) (-716 588 -242 ) 
4 93 95 (-716 584 -242 ) (-656 584 -242 ) (-656 584 -134 ) (-716 584 -134 ) 
4 94 122 (-1024 584 -134 ) (-1024 588 -134 ) (-1024 588 -242 ) (-1024 584 -242 ) 
4 94 97 (-788 584 -242 ) (-1024 584 -242 ) (-1024 588 -242 ) (-788 588 -242 ) 
4 94 95 (-1024 584 -242 ) (-788 584 -242 ) (-788 584 -134 ) (-1024 584 -134 ) 
4 95 122 (-1024 336 -242 ) (-1024 336 -134 ) (-1024 584 -134 ) (-1024 584 -242 ) 
4 95 115 (-716 336 -134 ) (-1024 336 -134 ) (-1024 336 -242 ) (-716 336 -242 ) 
4 95 113 (-656 336 -242 ) (-656 336 -134 ) (-716 336 -134 ) (-716 336 -242 ) 
4 95 98 (-656 584 -242 ) (-656 336 -242 ) (-1024 336 -242 ) (-1024 584 -242 ) 
4 96 99 (-716 656 -246 ) (-656 656 -246 ) (-656 584 -246 ) (-716 584 -246 ) 
4 96 98 (-716 584 -246 ) (-656 584 -246 ) (-656 584 -242 ) (-716 584 -242 ) 
4 97 122 (-1024 584 -242 ) (-1024 656 -242 ) (-1024 656 -246 ) (-1024 584 -246 ) 
4 97 99 (-1024 656 -246 ) (-788 656 -246 ) (-788 584 -246 ) (-1024 584 -246 ) 
4 97 98 (-1024 584 -246 ) (-788 584 -246 ) (-788 584 -242 ) (-1024 584 -242 ) 
4 98 122 (-1024 336 -246 ) (-1024 336 -242 ) (-1024 584 -242 ) (-1024 584 -246 ) 
4 98 119 (-716 336 -242 ) (-1024 336 -242 ) (-1024 336 -246 ) (-716 336 -246 ) 
4 98 113 (-656 336 -246 ) (-656 336 -242 ) (-716 336 -242 ) (-716 336 -246 ) 
4 98 99 (-656 584 -246 ) (-656 336 -246 ) (-1024 336 -246 ) (-1024 584 -246 ) 
4 99 122 (-1024 336 -448 ) (-1024 336 -246 ) (-1024 656 -246 ) (-1024 656 -448 ) 
4 99 121 (-716 336 -246 ) (-1024 336 -246 ) (-1024 336 -448 ) (-716 336 -448 ) 
4 99 114 (-656 336 -448 ) (-656 336 -260 ) (-716 336 -260 ) (-716 336 -448 ) 
4 99 113 (-656 336 -260 ) (-656 336 -246 ) (-716 336 -246 ) (-716 336 -260 ) 
5 100 111 (-248 112 -134 ) (-448 112 -134 ) (-448 229.320938 -134 ) (-415.997620 336 -134 ) (-248 336 -134 ) 
4 100 101 (-427.992645 296.010010 -134 ) (-448 229.316406 -134 ) (-448 229.316406 320 ) (-427.992645 296.010010 320 ) 
4 100 102 (-448 229.320923 -134 ) (-448 112 -134 ) (-448 112 320 ) (-448 229.320938 320 ) 
3 101 112 (-448 229.320938 -134 ) (-448 263.998077 -134 ) (-427.995453 296.005524 -134 ) 
4 101 102 (-448 263.998047 -134 ) (-448 229.320923 -134 ) (-448 229.320938 320 ) (-448 263.998077 320 ) 
4 102 113 (-448 112 -134 ) (-656 112 -134 ) (-656 336 -134 ) (-448 336 -134 ) 
4 102 108 (-656 184 -134 ) (-656 112 -134 ) (-656 112 -130 ) (-656 184 -130 ) 
4 102 107 (-656 336 -130 ) (-656 336 -134 ) (-656 184 -134 ) (-656 184 -130 ) 
4 102 105 (-656 112 -38 ) (-656 112 -6 ) (-656 152 -6 ) (-656 152 -38 ) 
4 102 104 (-656 112 -6 ) (-656 112 320 ) (-656 272 320 ) (-656 272 -6 ) 
4 102 106 (-656 272 -130 ) (-656 112 -130 ) (-656 112 -38 ) (-656 272 -38 ) 
4 102 103 (-656 336 320 ) (-656 336 -130 ) (-656 272 -130 ) (-656 272 320 ) 
4 103 107 (-848 272 -130 ) (-848 336 -130 ) (-656 336 -130 ) (-656 272 -130 ) 
4 103 104 (-848 272 320 ) (-848 272 -6 ) (-656 272 -6 ) (-656 272 320 ) 
4 103 106 (-848 272 -38 ) (-848 272 -130 ) (-656 272 -130 ) (-656 272 -38 ) 
4 103 110 (-848 336 320 ) (-848 336 -130 ) (-848 272 -130 ) (-848 272 320 ) 
4 104 105 (-848 112 -6 ) (-848 152 -6 ) (-656 152 -6 ) (-656 112 -6 ) 
4 104 110 (-848 112 -6 ) (-848 112 320 ) (-848 272 320 ) (-848 272 -6 ) 
4 105 110 (-848 112 -38 ) (-848 112 -6 ) (-848 152 -6 ) (-848 152 -38 ) 
4 105 106 (-848 112 -38 ) (-848 152 -38 ) (-656 152 -38 ) (-656 112 -38 ) 
4 106 108 (-716 184 -130 ) (-656 184 -130 ) (-656 112 -130 ) (-716 112 -130 ) 
4 106 109 (-848 112 -130 ) (-848 184 -130 ) (-788 184 -130 ) (-788 112 -130 ) 
4 106 107 (-848 184 -130 ) (-848 272 -130 ) (-656 272 -130 ) (-656 184 -130 ) 
4 106 110 (-848 272 -130 ) (-848 112 -130 ) (-848 112 -38 ) (-848 272 -38 ) 
4 107 115 (-848 184 -134 ) (-848 336 -134 ) (-716 336 -134 ) (-716 184 -134 ) 
4 107 113 (-716 336 -134 ) (-656 336 -134 ) (-656 184 -134 ) (-716 184 -134 ) 
4 107 108 (-656 184 -134 ) (-656 184 -130 ) (-716 184 -130 ) (-716 184 -134 ) 
4 107 109 (-788 184 -130 ) (-848 184 -130 ) (-848 184 -134 ) (-788 184 -134 ) 
4 107 110 (-848 336 -130 ) (-848 336 -134 ) (-848 184 -134 ) (-848 184 -130 ) 
4 108 113 (-656 112 -134 ) (-716 112 -134 ) (-716 184 -134 ) (-656 184 -134 ) 
4 109 118 (-788 112 -134 ) (-848 112 -134 ) (-848 180 -134 ) (-788 180 -134 ) 
4 109 116 (-848 180 -134 ) (-848 184 -134 ) (-788 184 -134 ) (-788 180 -134 ) 
4 109 110 (-848 184 -134 ) (-848 112 -134 ) (-848 112 -130 ) (-848 184 -130 ) 
4 110 122 (-1024 112 -134 ) (-1024 112 320 ) (-1024 336 320 ) (-1024 336 -134 ) 
4 110 118 (-848 112 -134 ) (-1024 112 -134 ) (-1024 180 -134 ) (-848 180 -134 ) 
4 110 116 (-1024 180 -134 ) (-1024 184 -134 ) (-848 184 -134 ) (-848 180 -134 ) 
4 110 115 (-1024 184 -134 ) (-1024 336 -134 ) (-848 336 -134 ) (-848 184 -134 ) 
5 111 114 (-248 112 -260 ) (-448 112 -260 ) (-448 229.320938 -260 ) (-415.997620 336 -260 ) (-248 336 -260 ) 
4 111 112 (-427.992645 296.010010 -260 ) (-448 229.316406 -260 ) (-448 229.316406 -134 ) (-427.992828 296.009735 -134 ) 
4 111 113 (-448 229.320923 -260 ) (-448 112 -260 ) (-448 112 -134 ) (-448 229.320938 -134 ) 
3 112 114 (-448 229.320938 -260 ) (-448 263.998077 -260 ) (-427.995453 296.005524 -260 ) 
4 112 113 (-448 263.998047 -260 ) (-448 229.320923 -260 ) (-448 229.320938 -134 ) (-448 263.998077 -134 ) 
4 113 121 (-716 112 -260 ) (-716 112 -246 ) (-716 336 -246 ) (-716 336 -260 ) 
4 113 119 (-716 184 -242 ) (-716 336 -242 ) (-716 336 -246 ) (-716 184 -246 ) 
4 113 115 (-716 184 -134 ) (-716 336 -134 ) (-716 336 -242 ) (-716 184 -242 ) 
4 113 114 (-448 112 -260 ) (-716 112 -260 ) (-716 336 -260 ) (-448 336 -260 ) 
4 114 121 (-716 112 -448 ) (-716 112 -260 ) (-716 336 -260 ) (-716 336 -448 ) 
4 115 122 (-1024 184 -134 ) (-1024 336 -134 ) (-1024 336 -242 ) (-1024 184 -242 ) 
4 115 119 (-1024 336 -242 ) (-716 336 -242 ) (-716 184 -242 ) (-1024 184 -242 ) 
4 115 116 (-1024 184 -242 ) (-788 184 -242 ) (-788 184 -134 ) (-1024 184 -134 ) 
4 116 122 (-1024 180 -134 ) (-1024 184 -134 ) (-1024 184 -242 ) (-1024 180 -242 ) 
4 116 120 (-788 180 -242 ) (-1024 180 -242 ) (-1024 184 -242 ) (-788 184 -242 ) 
4 116 118 (-1024 180 -242 ) (-788 180 -242 ) (-788 180 -134 ) (-1024 180 -134 ) 
4 118 122 (-1024 112 -242 ) (-1024 112 -134 ) (-1024 180 -134 ) (-1024 180 -242 ) 
4 118 120 (-788 112 -242 ) (-1024 112 -242 ) (-1024 180 -242 ) (-788 180 -242 ) 
4 119 122 (-1024 184 -242 ) (-1024 336 -242 ) (-1024 336 -246 ) (-1024 184 -246 ) 
4 119 121 (-1024 336 -246 ) (-716 336 -246 ) (-716 184 -246 ) (-1024 184 -246 ) 
4 119 120 (-1024 184 -246 ) (-788 184 -246 ) (-788 184 -242 ) (-1024 184 -242 ) 
4 120 122 (-1024 112 -246 ) (-1024 112 -242 ) (-1024 184 -242 ) (-1024 184 -246 ) 
4 120 121 (-788 112 -246 ) (-1024 112 -246 ) (-1024 184 -246 ) (-788 184 -246 ) 
4 121 122 (-1024 112 -448 ) (-1024 112 -246 ) (-1024 336 -246 ) (-1024 336 -448 ) 
4 124 132 (-192 0 64 ) (0 0 64 ) (0 -32 64 ) (-192 -32 64 ) 
4 124 129 (-32 -32 192 ) (-32 -32 832 ) (-96 -32 832 ) (-96 -32 192 ) 
4 124 126 (0 -32 192 ) (0 -32 832 ) (-32 -32 832 ) (-32 -32 192 ) 
4 125 128 (-32 -40 832 ) (-32 -192 832 ) (-32 -192 1024 ) (-32 -40 1024 ) 
4 125 127 (0 -192 832 ) (-32 -192 832 ) (-32 -40 832 ) (0 -40 832 ) 
4 126 129 (-32 -32 832 ) (-32 -32 192 ) (-32 -34 192 ) (-32 -34 832 ) 
4 126 127 (-32 -34 192 ) (0 -34 192 ) (0 -34 832 ) (-32 -34 832 ) 
4 127 130 (-32 -34 192 ) (-32 -192 192 ) (-32 -192 832 ) (-32 -34 832 ) 
4 128 130 (-32 -192 832 ) (-96 -192 832 ) (-96 -40 832 ) (-32 -40 832 ) 
4 129 130 (-96 -34 192 ) (-32 -34 192 ) (-32 -34 832 ) (-96 -34 832 ) 
4 131 142 (-32 -352 64 ) (-32 -608 64 ) (-352 -608 64 ) (-352 -352 64 ) 
4 132 137 (-224 -128 -64 ) (-224 -128 -192 ) (0 -128 -192 ) (0 -128 -64 ) 
4 132 134 (-222 -128 64 ) (-224 -128 64 ) (-224 -128 -63.750000 ) (-222 -128 -63.750000 ) 
4 132 133 (0 -128 64 ) (-222 -128 64 ) (-222 -128 -63.750000 ) (0 -128 -63.750000 ) 
4 132 135 (-224 -128 -63.750000 ) (-224 -128 -64 ) (0 -128 -64 ) (0 -128 -63.750000 ) 
4 133 138 (0 -160 -63.750000 ) (0 -160 64 ) (-222 -160 64 ) (-222 -160 -63.750000 ) 
4 133 135 (0 -160 -63.750000 ) (-222 -160 -63.750000 ) (-222 -128 -63.750000 ) (0 -128 -63.750000 ) 
4 133 134 (-222 -128 64 ) (-222 -128 -63.750000 ) (-222 -160 -63.750000 ) (-222 -160 64 ) 
4 134 139 (-224 -160 64 ) (-232 -160 64 ) (-232 -160 -63.750000 ) (-224 -160 -63.750000 ) 
4 134 138 (-222 -160 64 ) (-224 -160 64 ) (-224 -160 -63.750000 ) (-222 -160 -63.750000 ) 
4 134 135 (-222 -160 -63.750000 ) (-232 -160 -63.750000 ) (-232 -128 -63.750000 ) (-222 -128 -63.750000 ) 
4 135 139 (-224 -160 -63.750000 ) (-232 -160 -63.750000 ) (-232 -160 -64 ) (-224 -160 -64 ) 
4 135 138 (0 -160 -64 ) (0 -160 -63.750000 ) (-224 -160 -63.750000 ) (-224 -160 -64 ) 
4 135 137 (0 -160 -64 ) (-224 -160 -64 ) (-224 -128 -64 ) (0 -128 -64 ) 
4 135 136 (-238 -128 -63.750000 ) (-238 -128 -64 ) (-238 -160 -64 ) (-238 -160 -63.750000 ) 
4 136 140 (-238 -160 64 ) (-240 -160 64 ) (-240 -160 -64 ) (-238 -160 -64 ) 
4 137 138 (0 -160 -191.750000 ) (0 -160 -64 ) (-224 -160 -64 ) (-224 -160 -191.750000 ) 
4 137 141 (0 -160 -192 ) (0 -160 -191.750000 ) (-224 -160 -191.750000 ) (-224 -160 -192 ) 
4 138 141 (0 -192 -191.750000 ) (-224 -192 -191.750000 ) (-224 -160 -191.750000 ) (0 -160 -191.750000 ) 
4 138 139 (-224 -160 64 ) (-224 -160 -191.750000 ) (-224 -192 -191.750000 ) (-224 -192 64 ) 
4 139 141 (-224 -192 -191.750000 ) (-232 -192 -191.750000 ) (-232 -160 -191.750000 ) (-224 -160 -191.750000 ) 
4 140 141 (-238 -192 -191.750000 ) (-240 -192 -191.750000 ) (-240 -160 -191.750000 ) (-238 -160 -191.750000 ) 
