PRT1
425
1035
4 0 1 (4096 1504 0 ) (4096 1504 128 ) (4096 1760 128 ) (4096 1760 0 ) 
4 2 3 (4096 576 0 ) (4096 576 128 ) (4096 832 128 ) (4096 832 0 ) 
4 4 56 (1024 496 1720 ) (1024 496 1280 ) (1024 400 1280 ) (1024 400 1720 ) 
4 4 5 (1072 400 1280 ) (1024 400 1280 ) (1024 496 1280 ) (1072 496 1280 ) 
4 5 58 (1024 384 1280 ) (1024 576 1280 ) (1024 576 896 ) (1024 384 896 ) 
4 5 10 (1024 384 896 ) (1024 416 896 ) (1120 416 896 ) (1120 384 896 ) 
4 5 9 (1024 416 896 ) (1024 544 896 ) (1120 544 896 ) (1120 416 896 ) 
4 5 8 (1024 544 896 ) (1024 576 896 ) (1120 576 896 ) (1120 544 896 ) 
4 5 6 (1024 384 896 ) (1120 384 896 ) (1120 384 1280 ) (1024 384 1280 ) 
4 6 58 (1024 64 1280 ) (1024 384 1280 ) (1024 384 896 ) (1024 64 896 ) 
4 6 11 (1024 64 896 ) (1024 384 896 ) (1344 384 896 ) (1344 64 896 ) 
4 6 7 (1024 64 896 ) (1344 64 896 ) (1344 64 1152 ) (1024 64 1152 ) 
4 7 64 (1024 0 896 ) (1024 0 1152 ) (1024 64 1152 ) (1024 64 896 ) 
4 7 23 (1024 0 1152 ) (1024 0 896 ) (1088 0 896 ) (1088 0 1152 ) 
4 7 17 (1088 0 896 ) (1344 0 896 ) (1344 0 1152 ) (1088 0 1152 ) 
4 7 11 (1344 0 896 ) (1024 0 896 ) (1024 64 896 ) (1344 64 896 ) 
4 8 58 (1024 544 896 ) (1024 576 896 ) (1024 576 768 ) (1024 544 768 ) 
4 8 16 (1024 544 768 ) (1024 576 768 ) (1120 576 768 ) (1120 544 768 ) 
4 8 9 (1024 544 768 ) (1120 544 768 ) (1120 544 896 ) (1024 544 896 ) 
4 9 58 (1024 416 896 ) (1024 544 896 ) (1024 544 768 ) (1024 416 768 ) 
4 9 16 (1024 416 768 ) (1024 544 768 ) (1120 544 768 ) (1120 416 768 ) 
4 9 10 (1024 416 768 ) (1120 416 768 ) (1120 416 896 ) (1024 416 896 ) 
4 10 58 (1024 384 896 ) (1024 416 896 ) (1024 416 768 ) (1024 384 768 ) 
4 10 16 (1024 384 768 ) (1024 416 768 ) (1120 416 768 ) (1120 384 768 ) 
4 10 11 (1024 384 768 ) (1120 384 768 ) (1120 384 896 ) (1024 384 896 ) 
4 11 64 (1024 0 768 ) (1024 0 896 ) (1024 64 896 ) (1024 64 768 ) 
4 11 58 (1024 64 896 ) (1024 384 896 ) (1024 384 768 ) (1024 64 768 ) 
4 11 23 (1088 0 896 ) (1024 0 896 ) (1024 0 768 ) (1088 0 768 ) 
4 11 17 (1344 0 896 ) (1088 0 896 ) (1088 0 768 ) (1344 0 768 ) 
4 11 16 (1120 0 768 ) (1024 0 768 ) (1024 384 768 ) (1120 384 768 ) 
4 11 15 (1152 0 768 ) (1120 0 768 ) (1120 384 768 ) (1152 384 768 ) 
4 11 13 (1280 0 768 ) (1152 0 768 ) (1152 384 768 ) (1280 384 768 ) 
4 11 12 (1344 0 768 ) (1280 0 768 ) (1280 384 768 ) (1344 384 768 ) 
4 12 22 (1280 0 640 ) (1280 0 448 ) (1344 0 448 ) (1344 0 640 ) 
4 12 19 (1280 0 642 ) (1280 0 640 ) (1328 0 640 ) (1328 0 642 ) 
4 12 18 (1328 0 640 ) (1344 0 640 ) (1344 0 642 ) (1328 0 642 ) 
4 12 17 (1344 0 768 ) (1280 0 768 ) (1280 0 642 ) (1344 0 642 ) 
4 12 14 (1280 384 448 ) (1280 0 448 ) (1280 0 576 ) (1280 384 576 ) 
4 12 13 (1280 0 576 ) (1280 0 768 ) (1280 384 768 ) (1280 384 576 ) 
4 13 22 (1152 0 640 ) (1152 0 576 ) (1280 0 576 ) (1280 0 640 ) 
4 13 19 (1200 0 640 ) (1280 0 640 ) (1280 0 642 ) (1200 0 642 ) 
4 13 21 (1152 0 642 ) (1152 0 640 ) (1200 0 640 ) (1200 0 642 ) 
4 13 17 (1280 0 768 ) (1152 0 768 ) (1152 0 642 ) (1280 0 642 ) 
4 13 15 (1152 0 576 ) (1152 0 768 ) (1152 384 768 ) (1152 384 576 ) 
4 13 14 (1152 0 576 ) (1152 384 576 ) (1280 384 576 ) (1280 0 576 ) 
4 14 22 (1152 0 576 ) (1152 0 448 ) (1280 0 448 ) (1280 0 576 ) 
4 14 15 (1152 384 448 ) (1152 0 448 ) (1152 0 576 ) (1152 384 576 ) 
4 15 22 (1120 0 640 ) (1120 0 448 ) (1152 0 448 ) (1152 0 640 ) 
4 15 21 (1120 0 642 ) (1120 0 640 ) (1152 0 640 ) (1152 0 642 ) 
4 15 17 (1152 0 768 ) (1120 0 768 ) (1120 0 642 ) (1152 0 642 ) 
4 15 16 (1120 384 448 ) (1120 0 448 ) (1120 0 768 ) (1120 384 768 ) 
4 16 64 (1024 0 448 ) (1024 0 768 ) (1024 64 768 ) (1024 64 448 ) 
4 16 58 (1024 64 768 ) (1024 576 768 ) (1024 576 448 ) (1024 64 448 ) 
4 16 23 (1088 0 768 ) (1024 0 768 ) (1024 0 448 ) (1088 0 448 ) 
4 16 22 (1088 0 640 ) (1088 0 448 ) (1120 0 448 ) (1120 0 640 ) 
4 16 21 (1088 0 642 ) (1088 0 640 ) (1120 0 640 ) (1120 0 642 ) 
4 16 17 (1120 0 768 ) (1088 0 768 ) (1088 0 642 ) (1120 0 642 ) 
4 17 24 (1088 -640 642 ) (1088 -640 1152 ) (1088 -512 1152 ) (1088 -512 642 ) 
4 17 23 (1088 -448 1152 ) (1088 0 1152 ) (1088 0 642 ) (1088 -448 642 ) 
4 17 19 (1200 0 642 ) (1328 0 642 ) (1328 -496 642 ) (1200 -496 642 ) 
4 17 20 (1328 -624 642 ) (1328 -640 642 ) (1200 -640 642 ) (1200 -624 642 ) 
4 17 18 (1328 0 642 ) (1344 0 642 ) (1344 -640 642 ) (1328 -640 642 ) 
4 17 21 (1088 -640 642 ) (1088 0 642 ) (1200 0 642 ) (1200 -640 642 ) 
4 18 22 (1328 0 640 ) (1344 0 640 ) (1344 -448 640 ) (1328 -448 640 ) 
4 18 19 (1328 0 640 ) (1328 -496 640 ) (1328 -496 642 ) (1328 0 642 ) 
4 18 20 (1328 -624 640 ) (1328 -640 640 ) (1328 -640 642 ) (1328 -624 642 ) 
4 19 22 (1200 0 640 ) (1328 0 640 ) (1328 -448 640 ) (1200 -448 640 ) 
4 19 21 (1200 0 640 ) (1200 -496 640 ) (1200 -496 642 ) (1200 0 642 ) 
4 20 21 (1200 -624 640 ) (1200 -640 640 ) (1200 -640 642 ) (1200 -624 642 ) 
4 21 24 (1088 -640 640 ) (1088 -640 642 ) (1088 -512 642 ) (1088 -512 640 ) 
4 21 23 (1088 -448 642 ) (1088 0 642 ) (1088 0 640 ) (1088 -448 640 ) 
4 21 22 (1088 -448 640 ) (1088 0 640 ) (1200 0 640 ) (1200 -448 640 ) 
4 22 23 (1088 0 448 ) (1088 -448 448 ) (1088 -448 640 ) (1088 0 640 ) 
4 23 108 (1024 -320 448 ) (1024 -448 448 ) (1024 -448 1152 ) (1024 -320 1152 ) 
4 23 106 (1024 -288 448 ) (1024 -320 448 ) (1024 -320 576 ) (1024 -288 576 ) 
4 23 105 (1024 -320 576 ) (1024 -320 1152 ) (1024 -288 1152 ) (1024 -288 576 ) 
4 23 104 (1024 0 1152 ) (1024 0 448 ) (1024 -288 448 ) (1024 -288 1152 ) 
4 24 119 (1024 -640 640 ) (1024 -640 1152 ) (1024 -512 1152 ) (1024 -512 640 ) 
4 24 25 (1024 -512 640 ) (1072 -512 640 ) (1072 -640 640 ) (1024 -640 640 ) 
4 25 119 (1024 -640 512 ) (1024 -640 640 ) (1024 -512 640 ) (1024 -512 512 ) 
4 25 26 (1024 -512 512 ) (1072 -512 512 ) (1072 -640 512 ) (1024 -640 512 ) 
4 26 119 (1024 -640 448 ) (1024 -640 512 ) (1024 -512 512 ) (1024 -512 448 ) 
4 27 37 (272 1224 756 ) (272 1488 756 ) (816 1488 756 ) (816 1224 756 ) 
4 27 33 (312 1224 826 ) (272 1224 826 ) (272 1224 794 ) (312 1224 794 ) 
4 27 32 (432 1224 826 ) (432 1224 1152 ) (272 1224 1152 ) (272 1224 826 ) 
4 27 34 (272 1224 756 ) (432 1224 756 ) (432 1224 794 ) (272 1224 794 ) 
4 27 31 (432 1224 756 ) (656 1224 756 ) (656 1224 1152 ) (432 1224 1152 ) 
4 27 29 (816 1224 794 ) (816 1224 826 ) (776 1224 826 ) (776 1224 794 ) 
4 27 28 (816 1224 826 ) (816 1224 1152 ) (656 1224 1152 ) (656 1224 826 ) 
4 27 30 (656 1224 756 ) (816 1224 756 ) (816 1224 794 ) (656 1224 794 ) 
4 28 35 (816 1032 826 ) (816 1032 1152 ) (656 1032 1152 ) (656 1032 826 ) 
4 28 31 (656 1224 1152 ) (656 1224 826 ) (656 1032 826 ) (656 1032 1152 ) 
4 28 29 (776 1224 826 ) (816 1224 826 ) (816 1032 826 ) (776 1032 826 ) 
4 29 35 (816 1032 794 ) (816 1032 826 ) (776 1032 826 ) (776 1032 794 ) 
4 29 30 (776 1224 794 ) (816 1224 794 ) (816 1032 794 ) (776 1032 794 ) 
4 30 38 (816 1164 756 ) (816 1092 756 ) (656 1092 756 ) (656 1164 756 ) 
4 30 37 (656 1224 756 ) (816 1224 756 ) (816 1164 756 ) (656 1164 756 ) 
4 30 40 (816 1092 756 ) (816 1032 756 ) (656 1032 756 ) (656 1092 756 ) 
4 30 35 (656 1032 756 ) (816 1032 756 ) (816 1032 794 ) (656 1032 794 ) 
4 30 31 (656 1224 794 ) (656 1224 756 ) (656 1032 756 ) (656 1032 794 ) 
4 31 38 (656 1164 756 ) (656 1092 756 ) (432 1092 756 ) (432 1164 756 ) 
4 31 37 (432 1224 756 ) (656 1224 756 ) (656 1164 756 ) (432 1164 756 ) 
4 31 40 (656 1092 756 ) (656 1032 756 ) (432 1032 756 ) (432 1092 756 ) 
4 31 35 (432 1032 756 ) (656 1032 756 ) (656 1032 1152 ) (432 1032 1152 ) 
4 31 32 (432 1224 1152 ) (432 1224 826 ) (432 1032 826 ) (432 1032 1152 ) 
4 31 34 (432 1224 794 ) (432 1224 756 ) (432 1032 756 ) (432 1032 794 ) 
4 32 35 (432 1032 826 ) (432 1032 1152 ) (272 1032 1152 ) (272 1032 826 ) 
4 32 33 (272 1224 826 ) (312 1224 826 ) (312 1032 826 ) (272 1032 826 ) 
4 33 35 (312 1032 826 ) (272 1032 826 ) (272 1032 794 ) (312 1032 794 ) 
4 33 34 (272 1224 794 ) (312 1224 794 ) (312 1032 794 ) (272 1032 794 ) 
4 34 38 (272 1092 756 ) (272 1164 756 ) (432 1164 756 ) (432 1092 756 ) 
4 34 37 (272 1164 756 ) (272 1224 756 ) (432 1224 756 ) (432 1164 756 ) 
4 34 40 (272 1032 756 ) (272 1092 756 ) (432 1092 756 ) (432 1032 756 ) 
4 34 35 (272 1032 756 ) (432 1032 756 ) (432 1032 794 ) (272 1032 794 ) 
4 35 71 (496 1024 1152 ) (272 1024 1152 ) (272 1024 756 ) (496 1024 756 ) 
4 35 66 (816 1024 1152 ) (592 1024 1152 ) (592 1024 756 ) (816 1024 756 ) 
4 35 70 (592 1024 1152 ) (496 1024 1152 ) (496 1024 756 ) (592 1024 756 ) 
4 35 40 (816 1024 756 ) (272 1024 756 ) (272 1032 756 ) (816 1032 756 ) 
4 36 42 (464 1632 698 ) (464 1536 698 ) (288 1536 698 ) (288 1632 698 ) 
4 37 44 (272 1164 698 ) (272 1488 698 ) (288 1488 698 ) (288 1164 698 ) 
4 37 43 (288 1488 698 ) (464 1488 698 ) (464 1164 698 ) (288 1164 698 ) 
4 37 41 (464 1488 698 ) (816 1488 698 ) (816 1164 698 ) (464 1164 698 ) 
4 37 39 (344 1164 698 ) (744 1164 698 ) (744 1164 702 ) (344 1164 702 ) 
4 37 38 (816 1164 702 ) (816 1164 756 ) (272 1164 756 ) (272 1164 702 ) 
4 38 39 (744 1092 702 ) (344 1092 702 ) (344 1164 702 ) (744 1164 702 ) 
4 38 40 (816 1092 702 ) (816 1092 756 ) (272 1092 756 ) (272 1092 702 ) 
4 39 48 (344 1164 698 ) (744 1164 698 ) (744 1092 698 ) (344 1092 698 ) 
4 39 40 (344 1092 698 ) (744 1092 698 ) (744 1092 702 ) (344 1092 702 ) 
4 40 71 (496 1024 756 ) (272 1024 756 ) (272 1024 698 ) (496 1024 698 ) 
4 40 66 (816 1024 756 ) (592 1024 756 ) (592 1024 698 ) (816 1024 698 ) 
4 40 70 (592 1024 756 ) (496 1024 756 ) (496 1024 698 ) (592 1024 698 ) 
4 40 51 (272 1024 698 ) (272 1092 698 ) (340 1092 698 ) (340 1024 698 ) 
4 40 49 (340 1092 698 ) (748 1092 698 ) (748 1024 698 ) (340 1024 698 ) 
4 40 47 (748 1092 698 ) (816 1092 698 ) (816 1024 698 ) (748 1024 698 ) 
4 41 48 (744 1164 698 ) (464 1164 698 ) (464 1164 660 ) (744 1164 660 ) 
4 41 45 (816 1164 660 ) (464 1164 660 ) (464 1488 660 ) (816 1488 660 ) 
4 41 43 (464 1488 660 ) (464 1164 660 ) (464 1164 698 ) (464 1488 698 ) 
4 43 48 (464 1164 698 ) (344 1164 698 ) (344 1164 660 ) (464 1164 660 ) 
4 43 45 (464 1164 660 ) (288 1164 660 ) (288 1488 660 ) (464 1488 660 ) 
4 43 44 (288 1488 660 ) (288 1164 660 ) (288 1164 698 ) (288 1488 698 ) 
4 44 45 (288 1164 660 ) (272 1164 660 ) (272 1488 660 ) (288 1488 660 ) 
4 45 52 (816 1164 590 ) (272 1164 590 ) (272 1488 590 ) (816 1488 590 ) 
4 45 48 (344 1164 590 ) (744 1164 590 ) (744 1164 660 ) (344 1164 660 ) 
4 47 66 (816 1024 698 ) (748 1024 698 ) (748 1024 590 ) (816 1024 590 ) 
4 47 55 (816 1024 590 ) (748 1024 590 ) (748 1092 590 ) (816 1092 590 ) 
4 47 49 (748 1092 590 ) (748 1024 590 ) (748 1024 698 ) (748 1092 698 ) 
4 48 53 (344 1164 590 ) (744 1164 590 ) (744 1092 590 ) (344 1092 590 ) 
4 48 49 (344 1092 590 ) (744 1092 590 ) (744 1092 698 ) (344 1092 698 ) 
4 49 71 (496 1024 698 ) (340 1024 698 ) (340 1024 590 ) (496 1024 590 ) 
4 49 66 (748 1024 698 ) (592 1024 698 ) (592 1024 590 ) (748 1024 590 ) 
4 49 70 (592 1024 698 ) (496 1024 698 ) (496 1024 590 ) (592 1024 590 ) 
4 49 55 (748 1024 590 ) (340 1024 590 ) (340 1092 590 ) (748 1092 590 ) 
4 49 51 (340 1092 590 ) (340 1024 590 ) (340 1024 698 ) (340 1092 698 ) 
4 51 71 (340 1024 698 ) (272 1024 698 ) (272 1024 590 ) (340 1024 590 ) 
4 51 55 (340 1024 590 ) (272 1024 590 ) (272 1092 590 ) (340 1092 590 ) 
4 52 53 (344 1164 586 ) (744 1164 586 ) (744 1164 590 ) (344 1164 590 ) 
4 52 54 (272 1164 586 ) (272 1164 384 ) (816 1164 384 ) (816 1164 586 ) 
4 53 55 (344 1092 586 ) (744 1092 586 ) (744 1092 590 ) (344 1092 590 ) 
4 53 54 (744 1092 586 ) (344 1092 586 ) (344 1164 586 ) (744 1164 586 ) 
4 54 55 (272 1092 586 ) (272 1092 384 ) (816 1092 384 ) (816 1092 586 ) 
4 55 71 (496 1024 590 ) (272 1024 590 ) (272 1024 384 ) (496 1024 384 ) 
4 55 66 (816 1024 590 ) (592 1024 590 ) (592 1024 384 ) (816 1024 384 ) 
4 55 70 (592 1024 590 ) (496 1024 590 ) (496 1024 384 ) (592 1024 384 ) 
4 56 60 (976 496 1280 ) (992 496 1280 ) (992 416 1280 ) (976 416 1280 ) 
4 56 62 (992 416 1280 ) (992 400 1280 ) (976 400 1280 ) (976 416 1280 ) 
4 56 58 (992 496 1280 ) (1024 496 1280 ) (1024 400 1280 ) (992 400 1280 ) 
4 57 59 (992 576 768 ) (992 576 896 ) (864 576 896 ) (864 576 768 ) 
4 58 64 (992 64 448 ) (1024 64 448 ) (1024 64 1152 ) (992 64 1152 ) 
4 58 60 (992 416 482 ) (992 416 1280 ) (992 544 1280 ) (992 544 482 ) 
4 58 61 (992 544 448 ) (992 416 448 ) (992 416 478 ) (992 544 478 ) 
4 58 59 (992 576 1280 ) (992 576 448 ) (992 544 448 ) (992 544 1280 ) 
4 58 62 (992 416 448 ) (992 64 448 ) (992 64 1280 ) (992 416 1280 ) 
4 59 60 (864 544 1280 ) (864 544 482 ) (992 544 482 ) (992 544 1280 ) 
4 59 61 (864 544 478 ) (864 544 448 ) (992 544 448 ) (992 544 478 ) 
4 59 63 (864 576 1280 ) (864 576 448 ) (864 544 448 ) (864 544 1280 ) 
4 60 62 (864 416 1280 ) (864 416 482 ) (992 416 482 ) (992 416 1280 ) 
4 60 63 (864 416 482 ) (864 416 1280 ) (864 544 1280 ) (864 544 482 ) 
4 61 65 (992 544 448 ) (992 416 448 ) (864 416 448 ) (864 544 448 ) 
4 61 63 (864 544 448 ) (864 416 448 ) (864 416 478 ) (864 544 478 ) 
4 61 62 (864 416 478 ) (864 416 448 ) (992 416 448 ) (992 416 478 ) 
4 62 64 (864 64 448 ) (992 64 448 ) (992 64 1152 ) (864 64 1152 ) 
4 62 63 (864 416 448 ) (864 64 448 ) (864 64 1280 ) (864 416 1280 ) 
4 63 85 (832 320 448 ) (832 64 448 ) (832 64 640 ) (832 320 640 ) 
4 63 81 (832 64 640 ) (832 64 1152 ) (832 320 1152 ) (832 320 640 ) 
4 63 80 (832 64 1152 ) (832 64 1280 ) (832 320 1280 ) (832 320 1152 ) 
4 63 64 (832 64 448 ) (864 64 448 ) (864 64 1152 ) (832 64 1152 ) 
4 64 104 (1024 0 448 ) (1024 0 1152 ) (832 0 1152 ) (832 0 448 ) 
4 64 95 (832 64 448 ) (832 0 448 ) (832 0 960 ) (832 64 960 ) 
4 64 93 (832 0 960 ) (832 0 1088 ) (832 64 1088 ) (832 64 960 ) 
4 64 92 (832 0 1088 ) (832 0 1152 ) (832 64 1152 ) (832 64 1088 ) 
4 66 68 (664 824 572 ) (698.669312 824 572 ) (698.669312 824 1152 ) (664 824 1152 ) 
4 66 67 (698.669312 824 572 ) (816 824 572 ) (816 824 1152 ) (698.669312 824 1152 ) 
4 66 69 (592 824 572 ) (592 824 384 ) (816 824 384 ) (816 824 572 ) 
4 66 70 (592 1024 384 ) (592 824 384 ) (592 824 1152 ) (592 1024 1152 ) 
4 67 75 (592 624 768 ) (592 624 640 ) (640 624 640 ) (640 624 768 ) 
4 67 68 (698.671875 824 1152 ) (698.671875 824 572 ) (631.996765 803.997925 572 ) (631.996765 803.997925 1152 ) 
5 67 69 (592 624 572 ) (592 792 572 ) (698.669312 824 572 ) (816 824 572 ) (816 624 572 ) 
4 67 70 (592 624 572 ) (592 624 1152 ) (592 792 1152 ) (592 792 572 ) 
3 68 69 (664 824 572 ) (698.669312 824 572 ) (632 804 572 ) 
4 69 70 (592 824 384 ) (592 624 384 ) (592 624 572 ) (592 824 572 ) 
4 70 75 (496 624 768 ) (496 624 640 ) (592 624 640 ) (592 624 768 ) 
4 70 72 (496 624 572 ) (496 624 1152 ) (496 792 1152 ) (496 792 572 ) 
4 70 74 (496 824 384 ) (496 624 384 ) (496 624 572 ) (496 824 572 ) 
4 70 71 (496 1024 384 ) (496 824 384 ) (496 824 1152 ) (496 1024 1152 ) 
4 71 73 (389.333252 824 572 ) (424.001984 824 572 ) (424.001984 824 1152 ) (389.333252 824 1152 ) 
4 71 72 (272 824 1152 ) (272 824 572 ) (389.333252 824 572 ) (389.333252 824 1152 ) 
4 71 74 (272 824 572 ) (272 824 384 ) (496 824 384 ) (496 824 572 ) 
4 72 75 (448 624 768 ) (448 624 640 ) (496 624 640 ) (496 624 768 ) 
4 72 73 (456.003204 803.998901 572 ) (389.332031 824 572 ) (389.332062 824 1152 ) (456.003113 803.998901 1152 ) 
5 72 74 (272 624 572 ) (272 824 572 ) (389.333252 824 572 ) (496 792 572 ) (496 624 572 ) 
3 73 74 (389.333252 824 572 ) (424.001984 824 572 ) (456.002747 804 572 ) 
4 75 76 (472 608 640 ) (616 608 640 ) (616 608 756 ) (472 608 756 ) 
4 76 79 (472 594 640 ) (608 594 640 ) (608 594 756 ) (472 594 756 ) 
4 76 78 (608 594 640 ) (616 594 640 ) (616 594 756 ) (608 594 756 ) 
4 77 82 (640 592 767 ) (640 592 768 ) (608 592 768 ) (608 592 767 ) 
3 77 79 (608 593 767 ) (608 592 767 ) (608 592 768 ) 
4 77 78 (608 592 767 ) (608 593 767 ) (640 593 767 ) (640 592 767 ) 
4 78 82 (608 592 640 ) (640 592 640 ) (640 592 767 ) (608 592 767 ) 
4 78 79 (608 594 767 ) (608 594 640 ) (608 592 640 ) (608 592 767 ) 
4 79 82 (448 592 640 ) (608 592 640 ) (608 592 768 ) (448 592 768 ) 
4 80 81 (832 64 1152 ) (800 64 1152 ) (800 320 1152 ) (832 320 1152 ) 
4 81 95 (832 64 640 ) (832 64 960 ) (768 64 960 ) (768 64 640 ) 
4 81 93 (832 64 960 ) (832 64 1088 ) (768 64 1088 ) (768 64 960 ) 
4 81 92 (832 64 1088 ) (832 64 1152 ) (768 64 1152 ) (768 64 1088 ) 
4 81 85 (832 64 640 ) (768 64 640 ) (768 320 640 ) (832 320 640 ) 
4 81 83 (768 320 640 ) (768 64 640 ) (768 64 1152 ) (768 320 1152 ) 
4 82 84 (704 384 1152 ) (448 384 1152 ) (448 384 640 ) (704 384 640 ) 
4 83 95 (704 64 960 ) (704 64 640 ) (768 64 640 ) (768 64 960 ) 
4 83 93 (704 64 1088 ) (704 64 960 ) (768 64 960 ) (768 64 1088 ) 
4 83 92 (704 64 1152 ) (704 64 1088 ) (768 64 1088 ) (768 64 1152 ) 
4 83 87 (768 64 640 ) (704 64 640 ) (704 224 640 ) (768 224 640 ) 
4 83 86 (704 224 640 ) (704 320 640 ) (768 320 640 ) (768 224 640 ) 
4 83 84 (704 320 640 ) (704 64 640 ) (704 64 1152 ) (704 320 1152 ) 
4 84 94 (480 64 960 ) (608 64 960 ) (608 64 1088 ) (480 64 1088 ) 
4 84 88 (644 64 640 ) (640 64 640 ) (640 224 640 ) (644 224 640 ) 
4 84 87 (704 64 640 ) (644 64 640 ) (644 224 640 ) (704 224 640 ) 
4 84 86 (640 224 640 ) (640 320 640 ) (704 320 640 ) (704 224 640 ) 
4 85 95 (832 64 448 ) (832 64 640 ) (768 64 640 ) (768 64 448 ) 
4 85 87 (768 224 448 ) (768 64 448 ) (768 64 640 ) (768 224 640 ) 
4 85 86 (768 320 448 ) (768 224 448 ) (768 224 640 ) (768 320 640 ) 
4 86 88 (640 224 640 ) (640 224 528 ) (644 224 528 ) (644 224 640 ) 
4 86 91 (640 224 496 ) (640 224 448 ) (644 224 448 ) (644 224 496 ) 
4 86 87 (644 224 448 ) (768 224 448 ) (768 224 640 ) (644 224 640 ) 
4 87 95 (768 64 640 ) (704 64 640 ) (704 64 448 ) (768 64 448 ) 
4 87 89 (644 192 496 ) (644 188 496 ) (644 188 528 ) (644 192 528 ) 
4 87 90 (644 156 496 ) (644 64 496 ) (644 64 528 ) (644 156 528 ) 
4 87 88 (644 224 640 ) (644 224 528 ) (644 64 528 ) (644 64 640 ) 
4 87 91 (644 224 496 ) (644 224 448 ) (644 64 448 ) (644 64 496 ) 
4 88 89 (640 188 528 ) (640 192 528 ) (644 192 528 ) (644 188 528 ) 
4 88 90 (640 64 528 ) (640 156 528 ) (644 156 528 ) (644 64 528 ) 
4 89 91 (640 188 496 ) (640 192 496 ) (644 192 496 ) (644 188 496 ) 
4 90 91 (640 64 496 ) (640 156 496 ) (644 156 496 ) (644 64 496 ) 
4 92 104 (832 0 1088 ) (832 0 1152 ) (704 0 1152 ) (704 0 1088 ) 
4 92 93 (704 64 1088 ) (832 64 1088 ) (832 0 1088 ) (704 0 1088 ) 
4 93 104 (832 0 960 ) (832 0 1088 ) (704 0 1088 ) (704 0 960 ) 
4 93 95 (704 64 960 ) (832 64 960 ) (832 0 960 ) (704 0 960 ) 
4 95 104 (832 0 448 ) (832 0 960 ) (704 0 960 ) (704 0 448 ) 
4 96 98 (-1312 32 768 ) (-1312 32 512 ) (-1248 32 512 ) (-1248 32 768 ) 
4 97 101 (-1664 32 448 ) (-1792 32 448 ) (-1792 32 320 ) (-1664 32 320 ) 
4 98 202 (-1312 0 576 ) (-1312 0 512 ) (-1296 0 512 ) (-1296 0 576 ) 
4 98 199 (-1310 0 704 ) (-1312 0 704 ) (-1312 0 576 ) (-1310 0 576 ) 
4 98 198 (-1296 0 704 ) (-1310 0 704 ) (-1310 0 576 ) (-1296 0 576 ) 
4 98 192 (-1286 0 704 ) (-1290 0 704 ) (-1290 0 512 ) (-1286 0 512 ) 
4 98 191 (-1248 0 512 ) (-1248 0 704 ) (-1286 0 704 ) (-1286 0 512 ) 
4 98 194 (-1290 0 704 ) (-1296 0 704 ) (-1296 0 512 ) (-1290 0 512 ) 
4 98 182 (-1248 0 704 ) (-1248 0 768 ) (-1312 0 768 ) (-1312 0 704 ) 
4 99 233 (-1566 0 192 ) (-1566 0 128 ) (-1538 0 128 ) (-1538 0 192 ) 
4 99 226 (-1566 0 320 ) (-1566 0 192 ) (-1538 0 192 ) (-1538 0 320 ) 
4 99 208 (-1538 0 384 ) (-1566 0 384 ) (-1566 0 320 ) (-1538 0 320 ) 
4 100 102 (-1568 30 512 ) (-1568 30 768 ) (-1824 30 768 ) (-1824 30 512 ) 
4 100 101 (-1568 30 512 ) (-1824 30 512 ) (-1824 32 512 ) (-1568 32 512 ) 
4 101 103 (-1568 30 128 ) (-1568 30 512 ) (-1984 30 512 ) (-1984 30 128 ) 
4 102 207 (-1568 0 512 ) (-1568 0 576 ) (-1822 0 576 ) (-1822 0 512 ) 
4 102 201 (-1568 0 576 ) (-1568 0 704 ) (-1822 0 704 ) (-1822 0 576 ) 
4 102 209 (-1822 0 704 ) (-1824 0 704 ) (-1824 0 512 ) (-1822 0 512 ) 
4 102 182 (-1568 0 704 ) (-1568 0 768 ) (-1824 0 768 ) (-1824 0 704 ) 
4 102 103 (-1824 30 512 ) (-1568 30 512 ) (-1568 0 512 ) (-1824 0 512 ) 
4 103 233 (-1568 0 128 ) (-1568 0 192 ) (-1984 0 192 ) (-1984 0 128 ) 
4 103 226 (-1568 0 192 ) (-1568 0 320 ) (-1984 0 320 ) (-1984 0 192 ) 
4 103 212 (-1824 0 512 ) (-1984 0 512 ) (-1984 0 320 ) (-1824 0 320 ) 
4 103 207 (-1568 0 384 ) (-1568 0 512 ) (-1822 0 512 ) (-1822 0 384 ) 
4 103 208 (-1568 0 320 ) (-1568 0 384 ) (-1822 0 384 ) (-1822 0 320 ) 
4 103 209 (-1822 0 512 ) (-1824 0 512 ) (-1824 0 320 ) (-1822 0 320 ) 
4 104 106 (704 -288 448 ) (1024 -288 448 ) (1024 -288 576 ) (704 -288 576 ) 
4 104 105 (1024 -288 576 ) (1024 -288 1152 ) (704 -288 1152 ) (704 -288 576 ) 
4 105 108 (704 -320 576 ) (1024 -320 576 ) (1024 -320 1152 ) (704 -320 1152 ) 
4 105 106 (1024 -320 576 ) (704 -320 576 ) (704 -288 576 ) (1024 -288 576 ) 
4 106 108 (704 -320 448 ) (1024 -320 448 ) (1024 -320 576 ) (704 -320 576 ) 
4 107 113 (418 -320 448 ) (446 -320 448 ) (446 -320 576 ) (418 -320 576 ) 
4 108 119 (1024 -448 448 ) (1024 -448 1152 ) (704 -448 1152 ) (704 -448 448 ) 
4 108 111 (704 -320 576 ) (704 -320 448 ) (704 -448 448 ) (704 -448 576 ) 
4 108 109 (704 -384 960 ) (704 -448 960 ) (704 -448 1088 ) (704 -384 1088 ) 
4 109 120 (704 -448 960 ) (704 -448 1088 ) (576 -448 1088 ) (576 -448 960 ) 
4 110 113 (576 -320 640 ) (576 -320 576 ) (576 -448 576 ) (576 -448 640 ) 
4 110 111 (576 -448 576 ) (576 -320 576 ) (608 -320 576 ) (608 -448 576 ) 
4 111 113 (576 -320 576 ) (576 -320 448 ) (576 -448 448 ) (576 -448 576 ) 
4 112 113 (448 -320 640 ) (576 -320 640 ) (576 -448 640 ) (448 -448 640 ) 
4 113 121 (446 -448 576 ) (418 -448 576 ) (418 -448 448 ) (446 -448 448 ) 
4 113 114 (416 -320 576 ) (416 -320 448 ) (416 -448 448 ) (416 -448 576 ) 
4 114 117 (384 -320 512 ) (384 -320 448 ) (384 -448 448 ) (384 -448 512 ) 
4 114 116 (384 -320 576 ) (384 -320 512 ) (384 -448 512 ) (384 -448 576 ) 
4 115 116 (320 -320 640 ) (384 -320 640 ) (384 -448 640 ) (320 -448 640 ) 
4 116 134 (320 -448 512 ) (320 -448 576 ) (320 -320 576 ) (320 -320 512 ) 
4 116 117 (320 -320 512 ) (384 -320 512 ) (384 -448 512 ) (320 -448 512 ) 
4 117 136 (320 -448 448 ) (320 -448 512 ) (320 -320 512 ) (320 -320 448 ) 
4 117 118 (320 -320 384 ) (384 -320 384 ) (384 -448 384 ) (320 -448 384 ) 
4 119 124 (704 -608 768 ) (704 -512 768 ) (704 -512 640 ) (704 -608 640 ) 
4 119 123 (704 -512 640 ) (704 -512 768 ) (704 -480 768 ) (704 -480 640 ) 
4 119 122 (704 -512 960 ) (704 -512 1088 ) (704 -480 1088 ) (704 -480 960 ) 
4 119 120 (704 -448 1088 ) (704 -448 960 ) (704 -480 960 ) (704 -480 1088 ) 
4 120 122 (704 -480 960 ) (704 -480 1088 ) (576 -480 1088 ) (576 -480 960 ) 
4 123 124 (696 -512 640 ) (704 -512 640 ) (704 -512 768 ) (696 -512 768 ) 
4 125 126 (287 -320 640 ) (287 -448 640 ) (287 -448 648 ) (287 -320 648 ) 
4 126 133 (287 -512 640 ) (224 -512 640 ) (224 -448 640 ) (287 -448 640 ) 
4 126 128 (224 -448 640 ) (224 -320 640 ) (287 -320 640 ) (287 -448 640 ) 
4 126 127 (224 -320 640 ) (224 -256 640 ) (287 -256 640 ) (287 -320 640 ) 
4 127 145 (192 -320 640 ) (192 -256 640 ) (192 -256 576 ) (192 -320 576 ) 
4 127 144 (192 -256 640 ) (192 -224 640 ) (192 -224 576 ) (192 -256 576 ) 
4 127 138 (192 -320 576 ) (192 -224 576 ) (287 -224 576 ) (287 -320 576 ) 
4 127 132 (192 -320 576 ) (287 -320 576 ) (287 -320 608 ) (192 -320 608 ) 
4 127 128 (287 -320 608 ) (287 -320 640 ) (192 -320 640 ) (192 -320 608 ) 
4 128 147 (192 -448 640 ) (192 -320 640 ) (192 -320 608 ) (192 -448 608 ) 
4 128 133 (287 -448 640 ) (192 -448 640 ) (192 -448 608 ) (287 -448 608 ) 
4 128 132 (192 -320 608 ) (287 -320 608 ) (287 -448 608 ) (192 -448 608 ) 
4 129 138 (287 -320 576 ) (288 -320 576 ) (288 -352 576 ) (287 -352 576 ) 
4 130 138 (288 -352 576 ) (288 -416 576 ) (287 -416 576 ) (287 -352 576 ) 
4 130 132 (287 -416 608 ) (287 -352 608 ) (287 -352 576 ) (287 -416 576 ) 
4 131 138 (288 -416 576 ) (288 -448 576 ) (287 -448 576 ) (287 -416 576 ) 
4 132 147 (192 -320 608 ) (192 -320 576 ) (192 -448 576 ) (192 -448 608 ) 
4 132 138 (192 -448 576 ) (192 -320 576 ) (287 -320 576 ) (287 -448 576 ) 
4 132 133 (192 -448 576 ) (287 -448 576 ) (287 -448 608 ) (192 -448 608 ) 
4 133 151 (192 -544 640 ) (192 -448 640 ) (192 -448 576 ) (192 -544 576 ) 
4 133 138 (192 -544 576 ) (192 -448 576 ) (287 -448 576 ) (287 -544 576 ) 
4 134 136 (318 -320 512 ) (320 -320 512 ) (320 -448 512 ) (318 -448 512 ) 
4 134 135 (318 -320 576 ) (318 -320 512 ) (318 -448 512 ) (318 -448 576 ) 
4 135 138 (288 -448 576 ) (288 -320 576 ) (288 -320 512 ) (288 -448 512 ) 
4 135 137 (288 -448 512 ) (288 -320 512 ) (318 -320 512 ) (318 -448 512 ) 
4 136 137 (318 -320 512 ) (318 -320 448 ) (318 -448 448 ) (318 -448 512 ) 
4 137 138 (288 -320 448 ) (288 -448 448 ) (288 -448 512 ) (288 -320 512 ) 
4 138 151 (192 -544 576 ) (192 -448 576 ) (192 -448 448 ) (192 -544 448 ) 
4 138 147 (192 -448 576 ) (192 -320 576 ) (192 -320 448 ) (192 -448 448 ) 
4 138 145 (192 -320 576 ) (192 -256 576 ) (192 -256 448 ) (192 -320 448 ) 
4 138 144 (192 -256 576 ) (192 -224 576 ) (192 -224 448 ) (192 -256 448 ) 
4 138 139 (192 -512 448 ) (192 -256 448 ) (288 -256 448 ) (288 -512 448 ) 
4 139 152 (192 -512 384 ) (192 -512 448 ) (192 -448 448 ) (192 -448 384 ) 
4 139 147 (192 -448 448 ) (192 -320 448 ) (192 -320 384 ) (192 -448 384 ) 
4 139 145 (192 -320 448 ) (192 -256 448 ) (192 -256 384 ) (192 -320 384 ) 
4 140 146 (96 -224 768 ) (96 -288 768 ) (32 -288 768 ) (32 -224 768 ) 
4 141 154 (0 -352 768 ) (0 -416 768 ) (0 -416 784 ) (0 -352 784 ) 
4 141 148 (96 -352 768 ) (160 -352 768 ) (160 -416 768 ) (96 -416 768 ) 
4 141 147 (160 -352 768 ) (192 -352 768 ) (192 -416 768 ) (160 -416 768 ) 
4 141 150 (0 -416 768 ) (0 -352 768 ) (96 -352 768 ) (96 -416 768 ) 
4 142 151 (96 -480 768 ) (96 -544 768 ) (32 -544 768 ) (32 -480 768 ) 
4 143 155 (0 -160 448 ) (0 -192 448 ) (0 -192 768 ) (0 -160 768 ) 
4 143 146 (160 -192 768 ) (0 -192 768 ) (0 -192 448 ) (160 -192 448 ) 
4 143 144 (192 -192 448 ) (192 -192 768 ) (160 -192 768 ) (160 -192 448 ) 
4 144 146 (160 -192 768 ) (160 -192 448 ) (160 -256 448 ) (160 -256 768 ) 
4 144 145 (160 -256 768 ) (160 -256 448 ) (192 -256 448 ) (192 -256 768 ) 
4 145 147 (192 -320 384 ) (192 -320 768 ) (160 -320 768 ) (160 -320 384 ) 
4 145 146 (160 -320 384 ) (160 -320 768 ) (160 -256 768 ) (160 -256 384 ) 
4 146 156 (0 -320 384 ) (0 -320 448 ) (0 -192 448 ) (0 -192 384 ) 
4 146 155 (0 -320 448 ) (0 -320 768 ) (0 -192 768 ) (0 -192 448 ) 
4 146 148 (160 -320 449 ) (160 -320 768 ) (96 -320 768 ) (96 -320 449 ) 
4 146 149 (160 -320 384 ) (160 -320 446 ) (96 -320 446 ) (96 -320 384 ) 
4 146 150 (96 -320 768 ) (0 -320 768 ) (0 -320 384 ) (96 -320 384 ) 
4 147 152 (192 -448 384 ) (192 -448 448 ) (160 -448 448 ) (160 -448 384 ) 
4 147 151 (192 -448 448 ) (192 -448 768 ) (160 -448 768 ) (160 -448 448 ) 
4 147 148 (160 -320 768 ) (160 -320 449 ) (160 -448 449 ) (160 -448 768 ) 
4 147 149 (160 -320 446 ) (160 -320 384 ) (160 -448 384 ) (160 -448 446 ) 
4 148 151 (160 -448 768 ) (96 -448 768 ) (96 -448 449 ) (160 -448 449 ) 
4 148 150 (96 -320 768 ) (96 -320 449 ) (96 -448 449 ) (96 -448 768 ) 
4 149 152 (96 -448 446 ) (96 -448 384 ) (160 -448 384 ) (160 -448 446 ) 
4 149 150 (96 -320 446 ) (96 -320 384 ) (96 -448 384 ) (96 -448 446 ) 
4 150 156 (0 -448 384 ) (0 -448 448 ) (0 -320 448 ) (0 -320 384 ) 
4 150 155 (0 -448 448 ) (0 -448 768 ) (0 -320 768 ) (0 -320 448 ) 
4 150 152 (0 -448 448 ) (0 -448 384 ) (96 -448 384 ) (96 -448 448 ) 
4 150 151 (96 -448 768 ) (0 -448 768 ) (0 -448 448 ) (96 -448 448 ) 
4 151 155 (0 -608 768 ) (0 -448 768 ) (0 -448 448 ) (0 -608 448 ) 
4 151 153 (160 -576 448 ) (0 -576 448 ) (0 -512 448 ) (160 -512 448 ) 
4 151 152 (0 -448 448 ) (192 -448 448 ) (192 -512 448 ) (0 -512 448 ) 
4 152 156 (0 -512 384 ) (0 -512 448 ) (0 -448 448 ) (0 -448 384 ) 
4 152 153 (160 -512 448 ) (0 -512 448 ) (0 -512 384 ) (160 -512 384 ) 
4 153 156 (0 -576 384 ) (0 -576 448 ) (0 -512 448 ) (0 -512 384 ) 
4 154 155 (-64 -416 768 ) (-64 -352 768 ) (0 -352 768 ) (0 -416 768 ) 
4 155 157 (-64 -320 448 ) (-64 -448 448 ) (-64 -448 576 ) (-64 -320 576 ) 
4 155 156 (0 -192 448 ) (0 -576 448 ) (-32 -576 448 ) (-32 -192 448 ) 
4 157 160 (-96 -320 512 ) (-96 -320 448 ) (-96 -448 448 ) (-96 -448 512 ) 
4 157 159 (-96 -448 576 ) (-96 -320 576 ) (-96 -320 512 ) (-96 -448 512 ) 
4 158 159 (-96 -448 640 ) (-160 -448 640 ) (-160 -320 640 ) (-96 -320 640 ) 
4 159 161 (-160 -320 576 ) (-160 -320 512 ) (-160 -448 512 ) (-160 -448 576 ) 
4 159 160 (-96 -448 512 ) (-160 -448 512 ) (-160 -320 512 ) (-96 -320 512 ) 
4 160 166 (-96 -448 384 ) (-160 -448 384 ) (-160 -320 384 ) (-96 -320 384 ) 
4 160 163 (-160 -320 512 ) (-160 -320 448 ) (-160 -448 448 ) (-160 -448 512 ) 
4 161 163 (-162 -320 512 ) (-160 -320 512 ) (-160 -448 512 ) (-162 -448 512 ) 
4 161 162 (-162 -320 512 ) (-162 -448 512 ) (-162 -448 576 ) (-162 -320 576 ) 
4 162 165 (-192 -320 576 ) (-192 -320 512 ) (-192 -448 512 ) (-192 -448 576 ) 
4 162 164 (-192 -448 512 ) (-192 -320 512 ) (-162 -320 512 ) (-162 -448 512 ) 
4 163 164 (-162 -320 448 ) (-162 -448 448 ) (-162 -448 512 ) (-162 -320 512 ) 
4 164 165 (-192 -320 512 ) (-192 -320 448 ) (-192 -448 448 ) (-192 -448 512 ) 
4 165 172 (-256 -448 448 ) (-256 -448 576 ) (-256 -320 576 ) (-256 -320 448 ) 
4 167 168 (-254 -320 128 ) (-254 -352 128 ) (-254 -352 384 ) (-254 -320 384 ) 
4 168 180 (-256 -320 320 ) (-256 -320 128 ) (-256 -352 128 ) (-256 -352 320 ) 
4 168 172 (-256 -352 384 ) (-256 -320 384 ) (-256 -320 320 ) (-256 -352 320 ) 
4 169 180 (-256 -448 128 ) (-256 -448 320 ) (-256 -416 320 ) (-256 -416 128 ) 
4 169 172 (-256 -448 320 ) (-256 -448 384 ) (-256 -416 384 ) (-256 -416 320 ) 
4 170 171 (-256 -320 768 ) (-256 -448 768 ) (-384 -448 768 ) (-384 -320 768 ) 
4 171 173 (-256 -544 766 ) (-260.106995 -544 766 ) (-260.106995 -224 766 ) (-256 -224 766 ) 
4 171 178 (-260.106995 -544 766 ) (-576 -544 766 ) (-576 -224 766 ) (-260.106995 -224 766 ) 
4 171 179 (-576 -544 766 ) (-576 -544 768 ) (-576 -224 768 ) (-576 -224 766 ) 
4 172 176 (-256.106995 -418 399 ) (-256.106995 -544 399 ) (-256.106995 -544 431 ) (-256.106995 -418 431 ) 
4 172 174 (-256.106995 -224 431 ) (-256.106995 -224 399 ) (-256.106995 -350 399 ) (-256.106995 -350 431 ) 
4 172 175 (-256.106995 -382 399 ) (-256.106995 -386 399 ) (-256.106995 -386 431 ) (-256.106995 -382 431 ) 
4 172 173 (-256.106995 -224 766 ) (-256.106995 -224 431 ) (-256.106995 -544 431 ) (-256.106995 -544 766 ) 
4 172 177 (-256.106995 -224 399 ) (-256.106995 -224 320 ) (-256.106995 -544 320 ) (-256.106995 -544 399 ) 
4 173 176 (-260.106995 -544 431 ) (-260.106995 -418 431 ) (-256.106995 -418 431 ) (-256.106995 -544 431 ) 
4 173 174 (-260.106995 -350 431 ) (-260.106995 -224 431 ) (-256.106995 -224 431 ) (-256.106995 -350 431 ) 
4 173 175 (-260.106995 -386 431 ) (-260.106995 -382 431 ) (-256.106995 -382 431 ) (-256.106995 -386 431 ) 
4 173 178 (-260.106995 -224 766 ) (-260.106995 -224 431 ) (-260.106995 -544 431 ) (-260.106995 -544 766 ) 
4 174 178 (-260.106995 -224 431 ) (-260.106995 -224 399 ) (-260.106995 -350 399 ) (-260.106995 -350 431 ) 
4 174 177 (-260.106995 -350 399 ) (-260.106995 -224 399 ) (-256.106995 -224 399 ) (-256.106995 -350 399 ) 
4 175 177 (-260.106995 -386 399 ) (-260.106995 -382 399 ) (-256.106995 -382 399 ) (-256.106995 -386 399 ) 
4 175 178 (-260.106995 -382 399 ) (-260.106995 -386 399 ) (-260.106995 -386 431 ) (-260.106995 -382 431 ) 
4 176 177 (-260.106995 -544 399 ) (-260.106995 -418 399 ) (-256.106995 -418 399 ) (-256.106995 -544 399 ) 
4 176 178 (-260.106995 -418 399 ) (-260.106995 -544 399 ) (-260.106995 -544 431 ) (-260.106995 -418 431 ) 
4 177 180 (-256 -544 320 ) (-260.106995 -544 320 ) (-260.106995 -224 320 ) (-256 -224 320 ) 
4 177 178 (-260.106995 -224 399 ) (-260.106995 -224 320 ) (-260.106995 -544 320 ) (-260.106995 -544 399 ) 
4 178 180 (-260.106995 -544 320 ) (-576 -544 320 ) (-576 -224 320 ) (-260.106995 -224 320 ) 
4 178 179 (-576 -224 320 ) (-576 -544 320 ) (-576 -544 766 ) (-576 -224 766 ) 
4 179 238 (-1024 -448 395.816193 ) (-1024 -448 576.901184 ) (-1024 -320 576.910278 ) (-1024 -320 395.816193 ) 
4 179 237 (-1024 -448 576.901184 ) (-1024 -448 768 ) (-1024 -320 768 ) (-1024 -320 576.910278 ) 
4 179 236 (-1024 -320 320 ) (-1024 -448 320 ) (-1024 -448 395.816193 ) (-1024 -320 395.816193 ) 
4 179 235 (-1024 -256 320 ) (-1024 -320 320 ) (-1024 -320 768 ) (-1024 -256 768 ) 
4 179 240 (-1024 -448 320 ) (-1024 -544 320 ) (-1024 -544 768 ) (-1024 -448 768 ) 
4 179 195 (-1024 -192 384 ) (-1024 -256 384 ) (-1024 -256 704 ) (-1024 -192 704 ) 
4 179 191 (-1024 0 704 ) (-1024 0 384 ) (-1024 -192 384 ) (-1024 -192 704 ) 
4 179 208 (-1024 0 384 ) (-1024 0 320 ) (-1024 -256 320 ) (-1024 -256 384 ) 
4 179 188 (-1024 -192 704 ) (-1024 -256 704 ) (-1024 -256 768 ) (-1024 -192 768 ) 
4 179 183 (-1024 -64 704 ) (-1024 -192 704 ) (-1024 -192 768 ) (-1024 -64 768 ) 
4 179 182 (-1024 0 768 ) (-1024 0 704 ) (-1024 -64 704 ) (-1024 -64 768 ) 
4 179 180 (-576 -544 320 ) (-1024 -544 320 ) (-1024 -224 320 ) (-576 -224 320 ) 
4 180 241 (-1024 -256 112 ) (-1024 -544 112 ) (-1024 -544 128 ) (-1024 -256 128 ) 
4 180 236 (-1024 -448 320 ) (-1024 -320 320 ) (-1024 -320 128 ) (-1024 -448 128 ) 
4 180 235 (-1024 -320 320 ) (-1024 -256 320 ) (-1024 -256 128 ) (-1024 -320 128 ) 
4 180 240 (-1024 -544 128 ) (-1024 -544 320 ) (-1024 -448 320 ) (-1024 -448 128 ) 
4 180 234 (-1024 -224 112 ) (-1024 -256 112 ) (-1024 -256 128 ) (-1024 -224 128 ) 
4 180 225 (-1024 -256 128 ) (-1024 -256 320 ) (-1024 -224 320 ) (-1024 -224 128 ) 
4 180 181 (-1024 -544 112 ) (-1024 -224 112 ) (-256 -224 112 ) (-256 -544 112 ) 
4 181 298 (-1024 -224 0 ) (-1024 -544 0 ) (-1024 -544 112 ) (-1024 -224 112 ) 
4 182 199 (-1315 0 704 ) (-1310 0 704 ) (-1310 -64 704 ) (-1315 -64 704 ) 
4 182 198 (-1310 0 704 ) (-1296 0 704 ) (-1296 -64 704 ) (-1310 -64 704 ) 
4 182 201 (-1822 0 704 ) (-1315 0 704 ) (-1315 -64 704 ) (-1822 -64 704 ) 
4 182 192 (-1290 0 704 ) (-1286 0 704 ) (-1286 -64 704 ) (-1290 -64 704 ) 
4 182 191 (-1286 0 704 ) (-1024 0 704 ) (-1024 -64 704 ) (-1286 -64 704 ) 
4 182 194 (-1296 0 704 ) (-1290 0 704 ) (-1290 -64 704 ) (-1296 -64 704 ) 
4 182 209 (-1824 0 704 ) (-1822 0 704 ) (-1822 -64 704 ) (-1824 -64 704 ) 
4 182 184 (-1296 -64 736 ) (-1296 -64 768 ) (-1312 -64 768 ) (-1312 -64 736 ) 
4 182 183 (-1296 -64 704 ) (-1024 -64 704 ) (-1024 -64 768 ) (-1296 -64 768 ) 
4 182 185 (-1824 -64 704 ) (-1312 -64 704 ) (-1312 -64 768 ) (-1824 -64 768 ) 
4 183 191 (-1286 -64 704 ) (-1024 -64 704 ) (-1024 -192 704 ) (-1286 -192 704 ) 
4 183 194 (-1296 -64 704 ) (-1290 -64 704 ) (-1290 -192 704 ) (-1296 -192 704 ) 
4 183 190 (-1296 -192 704 ) (-1248 -192 704 ) (-1248 -192 768 ) (-1296 -192 768 ) 
4 183 188 (-1216 -192 704 ) (-1024 -192 704 ) (-1024 -192 768 ) (-1216 -192 768 ) 
4 183 184 (-1296 -64 768 ) (-1296 -64 736 ) (-1296 -192 736 ) (-1296 -192 768 ) 
4 184 190 (-1296 -192 736 ) (-1296 -192 768 ) (-1312 -192 768 ) (-1312 -192 736 ) 
4 184 185 (-1312 -64 768 ) (-1312 -64 736 ) (-1312 -192 736 ) (-1312 -192 768 ) 
4 185 201 (-1822 -64 704 ) (-1315 -64 704 ) (-1315 -192 704 ) (-1822 -192 704 ) 
4 185 209 (-1824 -64 704 ) (-1822 -64 704 ) (-1822 -192 704 ) (-1824 -192 704 ) 
4 185 190 (-1824 -192 704 ) (-1312 -192 704 ) (-1312 -192 768 ) (-1824 -192 768 ) 
4 186 216 (-1840 -64 704 ) (-1838 -64 704 ) (-1838 -192 704 ) (-1840 -192 704 ) 
4 186 214 (-1832 -64 704 ) (-1824 -64 704 ) (-1824 -192 704 ) (-1832 -192 704 ) 
4 186 187 (-1840 -64 712 ) (-1840 -64 704 ) (-1840 -192 704 ) (-1840 -192 712 ) 
4 187 217 (-1852 -64 704 ) (-1840 -64 704 ) (-1840 -192 704 ) (-1852 -192 704 ) 
4 188 235 (-1216 -256 704 ) (-1024 -256 704 ) (-1024 -256 768 ) (-1216 -256 768 ) 
4 188 195 (-1024 -256 704 ) (-1216 -256 704 ) (-1216 -192 704 ) (-1024 -192 704 ) 
4 188 189 (-1216 -224 704 ) (-1216 -256 704 ) (-1216 -256 768 ) (-1216 -224 768 ) 
4 189 235 (-1248 -256 704 ) (-1216 -256 704 ) (-1216 -256 768 ) (-1248 -256 768 ) 
4 189 196 (-1216 -256 704 ) (-1248 -256 704 ) (-1248 -224 704 ) (-1216 -224 704 ) 
4 189 190 (-1248 -224 704 ) (-1248 -256 704 ) (-1248 -256 768 ) (-1248 -224 768 ) 
4 190 235 (-1376 -256 704 ) (-1248 -256 704 ) (-1248 -256 768 ) (-1376 -256 768 ) 
4 190 200 (-1310 -256 704 ) (-1315 -256 704 ) (-1315 -192 704 ) (-1310 -192 704 ) 
4 190 198 (-1296 -256 704 ) (-1310 -256 704 ) (-1310 -192 704 ) (-1296 -192 704 ) 
4 190 201 (-1315 -256 704 ) (-1822 -256 704 ) (-1822 -192 704 ) (-1315 -192 704 ) 
4 190 197 (-1248 -256 704 ) (-1296 -256 704 ) (-1296 -192 704 ) (-1248 -192 704 ) 
4 190 209 (-1822 -256 704 ) (-1824 -256 704 ) (-1824 -192 704 ) (-1822 -192 704 ) 
4 191 195 (-1216 -192 384 ) (-1024 -192 384 ) (-1024 -192 704 ) (-1216 -192 704 ) 
4 191 197 (-1286 -192 384 ) (-1248 -192 384 ) (-1248 -192 704 ) (-1286 -192 704 ) 
4 191 193 (-1286 -64 384 ) (-1286 -192 384 ) (-1286 -192 576 ) (-1286 -64 576 ) 
4 191 192 (-1286 0 384 ) (-1286 -64 384 ) (-1286 -64 704 ) (-1286 0 704 ) 
4 191 208 (-1286 0 384 ) (-1024 0 384 ) (-1024 -192 384 ) (-1286 -192 384 ) 
4 192 193 (-1290 -64 576 ) (-1290 -64 384 ) (-1286 -64 384 ) (-1286 -64 576 ) 
4 192 208 (-1290 0 384 ) (-1286 0 384 ) (-1286 -64 384 ) (-1290 -64 384 ) 
4 192 194 (-1290 0 384 ) (-1290 -64 384 ) (-1290 -64 704 ) (-1290 0 704 ) 
4 193 197 (-1290 -192 384 ) (-1286 -192 384 ) (-1286 -192 576 ) (-1290 -192 576 ) 
4 193 194 (-1290 -64 384 ) (-1290 -192 384 ) (-1290 -192 576 ) (-1290 -64 576 ) 
4 193 208 (-1286 -64 384 ) (-1286 -192 384 ) (-1290 -192 384 ) (-1290 -64 384 ) 
4 194 203 (-1296 -64 384 ) (-1296 -192 384 ) (-1296 -192 544 ) (-1296 -64 544 ) 
4 194 202 (-1296 0 384 ) (-1296 -64 384 ) (-1296 -64 576 ) (-1296 0 576 ) 
4 194 198 (-1296 -192 576 ) (-1296 -192 704 ) (-1296 0 704 ) (-1296 0 576 ) 
4 194 197 (-1296 -192 704 ) (-1296 -192 384 ) (-1290 -192 384 ) (-1290 -192 704 ) 
4 194 208 (-1296 -192 384 ) (-1296 0 384 ) (-1290 0 384 ) (-1290 -192 384 ) 
4 195 235 (-1024 -256 384 ) (-1024 -256 704 ) (-1216 -256 704 ) (-1216 -256 384 ) 
4 195 196 (-1216 -224 384 ) (-1216 -256 384 ) (-1216 -256 704 ) (-1216 -224 704 ) 
4 195 208 (-1024 -256 384 ) (-1216 -256 384 ) (-1216 -192 384 ) (-1024 -192 384 ) 
4 196 235 (-1216 -256 704 ) (-1248 -256 704 ) (-1248 -256 384 ) (-1216 -256 384 ) 
4 196 208 (-1216 -256 384 ) (-1248 -256 384 ) (-1248 -224 384 ) (-1216 -224 384 ) 
4 196 197 (-1248 -224 384 ) (-1248 -256 384 ) (-1248 -256 704 ) (-1248 -224 704 ) 
4 197 235 (-1248 -256 704 ) (-1296 -256 704 ) (-1296 -256 384 ) (-1248 -256 384 ) 
4 197 204 (-1296 -192 384 ) (-1296 -256 384 ) (-1296 -256 576 ) (-1296 -192 576 ) 
4 197 198 (-1296 -256 576 ) (-1296 -256 704 ) (-1296 -192 704 ) (-1296 -192 576 ) 
4 197 208 (-1248 -256 384 ) (-1296 -256 384 ) (-1296 -192 384 ) (-1248 -192 384 ) 
4 198 235 (-1296 -256 704 ) (-1310 -256 704 ) (-1310 -256 576 ) (-1296 -256 576 ) 
4 198 202 (-1310 0 576 ) (-1296 0 576 ) (-1296 -64 576 ) (-1310 -64 576 ) 
4 198 204 (-1296 -192 576 ) (-1296 -256 576 ) (-1310 -256 576 ) (-1310 -192 576 ) 
4 198 199 (-1310 0 576 ) (-1310 -64 576 ) (-1310 -64 704 ) (-1310 0 704 ) 
4 198 200 (-1310 -192 576 ) (-1310 -256 576 ) (-1310 -256 704 ) (-1310 -192 704 ) 
4 199 205 (-1315 0 576 ) (-1312 0 576 ) (-1312 -64 576 ) (-1315 -64 576 ) 
4 199 202 (-1312 0 576 ) (-1310 0 576 ) (-1310 -64 576 ) (-1312 -64 576 ) 
4 199 201 (-1315 0 576 ) (-1315 -64 576 ) (-1315 -64 704 ) (-1315 0 704 ) 
4 200 235 (-1310 -256 704 ) (-1315 -256 704 ) (-1315 -256 576 ) (-1310 -256 576 ) 
4 200 205 (-1312 -256 576 ) (-1315 -256 576 ) (-1315 -192 576 ) (-1312 -192 576 ) 
4 200 204 (-1310 -192 576 ) (-1310 -256 576 ) (-1312 -256 576 ) (-1312 -192 576 ) 
4 200 201 (-1315 -192 576 ) (-1315 -256 576 ) (-1315 -256 704 ) (-1315 -192 704 ) 
4 201 235 (-1315 -256 704 ) (-1376 -256 704 ) (-1376 -256 576 ) (-1315 -256 576 ) 
4 201 205 (-1568 0 576 ) (-1315 0 576 ) (-1315 -256 576 ) (-1568 -256 576 ) 
4 201 207 (-1822 -256 576 ) (-1822 0 576 ) (-1568 0 576 ) (-1568 -256 576 ) 
4 201 209 (-1822 -256 576 ) (-1822 -256 704 ) (-1822 0 704 ) (-1822 0 576 ) 
4 202 206 (-1312 0 384 ) (-1312 -64 384 ) (-1312 -64 416 ) (-1312 0 416 ) 
4 202 205 (-1312 -64 416 ) (-1312 -64 576 ) (-1312 0 576 ) (-1312 0 416 ) 
4 202 203 (-1312 -64 544 ) (-1312 -64 384 ) (-1296 -64 384 ) (-1296 -64 544 ) 
4 202 208 (-1312 -64 384 ) (-1312 0 384 ) (-1296 0 384 ) (-1296 -64 384 ) 
4 203 206 (-1312 -64 384 ) (-1312 -192 384 ) (-1312 -192 416 ) (-1312 -64 416 ) 
4 203 205 (-1312 -192 416 ) (-1312 -192 544 ) (-1312 -64 544 ) (-1312 -64 416 ) 
4 203 208 (-1312 -192 384 ) (-1312 -64 384 ) (-1296 -64 384 ) (-1296 -192 384 ) 
4 203 204 (-1312 -192 544 ) (-1312 -192 384 ) (-1296 -192 384 ) (-1296 -192 544 ) 
4 204 235 (-1312 -256 384 ) (-1296 -256 384 ) (-1296 -256 576 ) (-1312 -256 576 ) 
4 204 206 (-1312 -192 384 ) (-1312 -256 384 ) (-1312 -256 416 ) (-1312 -192 416 ) 
4 204 205 (-1312 -256 416 ) (-1312 -256 576 ) (-1312 -192 576 ) (-1312 -192 416 ) 
4 204 208 (-1296 -256 384 ) (-1312 -256 384 ) (-1312 -192 384 ) (-1296 -192 384 ) 
4 205 235 (-1312 -256 416 ) (-1312 -256 576 ) (-1376 -256 576 ) (-1376 -256 416 ) 
4 205 206 (-1504 0 416 ) (-1312 0 416 ) (-1312 -256 416 ) (-1504 -256 416 ) 
4 205 207 (-1568 -256 416 ) (-1568 -256 576 ) (-1568 0 576 ) (-1568 0 416 ) 
4 206 235 (-1376 -256 384 ) (-1312 -256 384 ) (-1312 -256 416 ) (-1376 -256 416 ) 
4 206 208 (-1312 -256 384 ) (-1536 -256 384 ) (-1536 0 384 ) (-1312 0 384 ) 
4 207 209 (-1822 -256 384 ) (-1822 -256 576 ) (-1822 0 576 ) (-1822 0 384 ) 
4 207 208 (-1568 -256 384 ) (-1822 -256 384 ) (-1822 0 384 ) (-1568 0 384 ) 
4 208 243 (-1566 -256 320 ) (-1538 -256 320 ) (-1538 -256 384 ) (-1566 -256 384 ) 
4 208 235 (-1376 -256 320 ) (-1024 -256 320 ) (-1024 -256 384 ) (-1376 -256 384 ) 
4 208 231 (-1088 -256 320 ) (-1822 -256 320 ) (-1822 -192 320 ) (-1088 -192 320 ) 
4 208 228 (-1822 -192 320 ) (-1822 -64 320 ) (-1088 -64 320 ) (-1088 -192 320 ) 
4 208 227 (-1822 -64 320 ) (-1822 -32 320 ) (-1088 -32 320 ) (-1088 -64 320 ) 
4 208 226 (-1822 -32 320 ) (-1822 0 320 ) (-1088 0 320 ) (-1088 -32 320 ) 
4 208 225 (-1024 -256 320 ) (-1088 -256 320 ) (-1088 -224 320 ) (-1024 -224 320 ) 
4 208 209 (-1822 0 320 ) (-1822 -256 320 ) (-1822 -256 384 ) (-1822 0 384 ) 
4 209 231 (-1822 -256 320 ) (-1824 -256 320 ) (-1824 -192 320 ) (-1822 -192 320 ) 
4 209 228 (-1824 -192 320 ) (-1824 -64 320 ) (-1822 -64 320 ) (-1822 -192 320 ) 
4 209 227 (-1824 -64 320 ) (-1824 -32 320 ) (-1822 -32 320 ) (-1822 -64 320 ) 
4 209 226 (-1824 -32 320 ) (-1824 0 320 ) (-1822 0 320 ) (-1822 -32 320 ) 
4 209 223 (-1824 -192 320 ) (-1824 -256 320 ) (-1824 -256 512 ) (-1824 -192 512 ) 
4 209 219 (-1824 -64 320 ) (-1824 -192 320 ) (-1824 -192 512 ) (-1824 -64 512 ) 
4 209 214 (-1824 -192 576 ) (-1824 -192 704 ) (-1824 -64 704 ) (-1824 -64 576 ) 
4 209 212 (-1824 0 320 ) (-1824 -64 320 ) (-1824 -64 512 ) (-1824 0 512 ) 
4 210 216 (-1838 -64 704 ) (-1840 -64 704 ) (-1840 -64 576 ) (-1838 -64 576 ) 
4 210 214 (-1824 -64 576 ) (-1824 -64 704 ) (-1832 -64 704 ) (-1832 -64 576 ) 
4 210 211 (-1840 -56 576 ) (-1840 -64 576 ) (-1840 -64 704 ) (-1840 -56 704 ) 
4 211 217 (-1840 -64 704 ) (-1852 -64 704 ) (-1852 -64 576 ) (-1840 -64 576 ) 
4 212 227 (-1824 -32 320 ) (-1824 -64 320 ) (-1984 -64 320 ) (-1984 -32 320 ) 
4 212 226 (-1984 0 320 ) (-1824 0 320 ) (-1824 -32 320 ) (-1984 -32 320 ) 
4 212 219 (-1984 -64 320 ) (-1824 -64 320 ) (-1824 -64 512 ) (-1984 -64 512 ) 
4 212 213 (-1984 -32 320 ) (-1984 -64 320 ) (-1984 -64 448 ) (-1984 -32 448 ) 
4 213 323 (-2048 -32 320 ) (-2048 -64 320 ) (-2048 -64 448 ) (-2048 -32 448 ) 
4 213 227 (-2048 -64 320 ) (-2048 -32 320 ) (-1984 -32 320 ) (-1984 -64 320 ) 
4 213 220 (-2048 -64 320 ) (-1984 -64 320 ) (-1984 -64 448 ) (-2048 -64 448 ) 
4 214 221 (-1824 -192 576 ) (-1824 -192 704 ) (-1832 -192 704 ) (-1832 -192 576 ) 
4 214 215 (-1832 -64 576 ) (-1832 -64 572 ) (-1832 -192 572 ) (-1832 -192 576 ) 
4 215 216 (-1838 -64 576 ) (-1838 -64 569 ) (-1838 -192 569 ) (-1838 -192 576 ) 
4 216 221 (-1838 -192 704 ) (-1840 -192 704 ) (-1840 -192 576 ) (-1838 -192 576 ) 
4 216 217 (-1840 -64 704 ) (-1840 -64 568 ) (-1840 -192 568 ) (-1840 -192 704 ) 
4 217 222 (-1840 -192 704 ) (-1852 -192 704 ) (-1852 -192 576 ) (-1840 -192 576 ) 
4 217 218 (-1852 -64 576 ) (-1852 -64 560 ) (-1852 -192 560 ) (-1852 -192 576 ) 
4 219 229 (-1984 -64 320 ) (-1858.483521 -64 320 ) (-1858.483643 -192 320 ) (-1984 -192 320 ) 
4 219 228 (-1858.483521 -64 320 ) (-1824 -64 320 ) (-1824 -192 320 ) (-1858.483643 -192 320 ) 
4 219 223 (-1984 -192 320 ) (-1824 -192 320 ) (-1824 -192 512 ) (-1984 -192 512 ) 
4 219 220 (-1984 -192 320 ) (-1984 -192 448 ) (-1984 -64 448 ) (-1984 -64 320 ) 
4 220 323 (-2048 -64 320 ) (-2048 -192 320 ) (-2048 -192 448 ) (-2048 -64 448 ) 
4 220 229 (-2048 -192 320 ) (-2048 -64 320 ) (-1984 -64 320 ) (-1984 -192 320 ) 
4 220 224 (-2048 -192 320 ) (-1984 -192 320 ) (-1984 -192 448 ) (-2048 -192 448 ) 
4 221 222 (-1840 -192 704 ) (-1840 -192 576 ) (-1840 -200 576 ) (-1840 -200 704 ) 
4 223 231 (-1824 -256 320 ) (-1984 -256 320 ) (-1984 -192 320 ) (-1824 -192 320 ) 
4 223 224 (-1984 -192 448 ) (-1984 -192 320 ) (-1984 -224 320 ) (-1984 -224 448 ) 
4 224 323 (-2048 -192 320 ) (-2048 -224 320 ) (-2048 -224 448 ) (-2048 -192 448 ) 
4 224 232 (-2048 -224 320 ) (-2048 -192 320 ) (-1984 -192 320 ) (-1984 -224 320 ) 
4 225 235 (-1088 -256 128 ) (-1024 -256 128 ) (-1024 -256 320 ) (-1088 -256 320 ) 
4 225 234 (-1024 -256 128 ) (-1088 -256 128 ) (-1088 -224 128 ) (-1024 -224 128 ) 
4 225 233 (-1088 -224 128 ) (-1088 -256 128 ) (-1088 -256 192 ) (-1088 -224 192 ) 
4 225 231 (-1088 -256 192 ) (-1088 -256 320 ) (-1088 -224 320 ) (-1088 -224 192 ) 
4 226 233 (-1984 0 192 ) (-1088 0 192 ) (-1088 -32 192 ) (-1984 -32 192 ) 
4 226 227 (-1984 -32 192 ) (-1088 -32 192 ) (-1088 -32 320 ) (-1984 -32 320 ) 
4 227 351 (-2048 -32 192 ) (-2048 -64 192 ) (-2048 -64 256 ) (-2048 -32 256 ) 
4 227 325 (-2048 -64 256 ) (-2048 -64 320 ) (-2048 -32 320 ) (-2048 -32 256 ) 
4 227 233 (-1088 -32 192 ) (-1088 -64 192 ) (-1984 -64 192 ) (-1984 -32 192 ) 
4 227 230 (-2048 -64 192 ) (-1986.487671 -64 192 ) (-1965.619995 -64 212.866989 ) (-2048 -64 295.247040 ) 
4 227 229 (-1964.206421 -64 214.280487 ) (-1858.483521 -64 320 ) (-2048 -64 320 ) (-2048 -64 298.073059 ) 
4 227 228 (-1986.487671 -64 192 ) (-1088 -64 192 ) (-1088 -64 320 ) (-1858.483521 -64 320 ) 
4 228 233 (-1088 -64 192 ) (-1088 -192 192 ) (-1984 -192 192 ) (-1984 -64 192 ) 
3 228 232 (-1986.487671 -192 192 ) (-1984 -192 192 ) (-1984 -192 194.487579 ) 
5 228 231 (-1984 -192 192 ) (-1088 -192 192 ) (-1088 -192 320 ) (-1858.483521 -192 320 ) (-1984 -192 194.487579 ) 
4 228 230 (-1965.620239 -64 212.867355 ) (-1986.488281 -64 192 ) (-1986.484375 -192 192 ) (-1965.619263 -192 212.864410 ) 
4 228 229 (-1858.484375 -64 320 ) (-1964.206787 -64 214.280777 ) (-1964.206299 -192 214.277313 ) (-1858.480225 -192 320 ) 
4 229 327 (-2048 -192 298.070129 ) (-2048 -192 311.528564 ) (-2048 -64 311.528564 ) (-2048 -64 298.073059 ) 
4 229 326 (-2048 -192 311.528564 ) (-2048 -192 320 ) (-2048 -64 320 ) (-2048 -64 311.528564 ) 
4 229 232 (-1984 -192 320 ) (-2048 -192 320 ) (-2048 -192 298.070129 ) (-1984 -192 234.070892 ) 
4 229 231 (-1964.207886 -192 214.279022 ) (-1858.483521 -192 320 ) (-1984 -192 320 ) (-1984 -192 234.070892 ) 
4 230 351 (-2048 -64 192 ) (-2048 -192 192 ) (-2048 -192 256 ) (-2048 -64 256 ) 
4 230 328 (-2048 -192 256 ) (-2048 -192 295.245148 ) (-2048 -64 295.247040 ) (-2048 -64 256 ) 
5 230 232 (-2048 -192 192 ) (-1986.487671 -192 192 ) (-1984 -192 194.487595 ) (-1984 -192 231.245087 ) (-2048 -192 295.245148 ) 
3 230 231 (-1984 -192 194.487595 ) (-1965.620972 -192 212.866043 ) (-1984 -192 231.245087 ) 
4 231 244 (-1984 -256 192 ) (-1568 -256 192 ) (-1568 -256 320 ) (-1984 -256 320 ) 
4 231 243 (-1566 -256 192 ) (-1538 -256 192 ) (-1538 -256 320 ) (-1566 -256 320 ) 
4 231 242 (-1536 -256 192 ) (-1376 -256 192 ) (-1376 -256 320 ) (-1536 -256 320 ) 
4 231 235 (-1376 -256 192 ) (-1088 -256 192 ) (-1088 -256 320 ) (-1376 -256 320 ) 
4 231 233 (-1088 -192 192 ) (-1088 -256 192 ) (-1984 -256 192 ) (-1984 -192 192 ) 
4 231 232 (-1984 -192 320 ) (-1984 -192 192 ) (-1984 -224 192 ) (-1984 -224 320 ) 
4 232 353 (-2048 -192 192 ) (-2048 -224 192 ) (-2048 -224 256 ) (-2048 -192 256 ) 
4 232 330 (-2048 -224 256 ) (-2048 -224 320 ) (-2048 -192 320 ) (-2048 -192 256 ) 
4 233 244 (-1984 -256 128 ) (-1568 -256 128 ) (-1568 -256 192 ) (-1984 -256 192 ) 
4 233 243 (-1566 -256 128 ) (-1538 -256 128 ) (-1538 -256 192 ) (-1566 -256 192 ) 
4 233 242 (-1536 -256 128 ) (-1376 -256 128 ) (-1376 -256 192 ) (-1536 -256 192 ) 
4 233 235 (-1376 -256 128 ) (-1088 -256 128 ) (-1088 -256 192 ) (-1376 -256 192 ) 
4 234 298 (-1024 -224 112 ) (-1024 -256 112 ) (-1088 -256 112 ) (-1088 -224 112 ) 
4 234 241 (-1088 -256 112 ) (-1024 -256 112 ) (-1024 -256 128 ) (-1088 -256 128 ) 
4 235 262 (-1376 -288 320 ) (-1376 -288 128 ) (-1376 -320 128 ) (-1376 -320 320 ) 
4 235 242 (-1376 -256 320 ) (-1376 -256 128 ) (-1376 -288 128 ) (-1376 -288 320 ) 
4 235 241 (-1088 -256 128 ) (-1024 -256 128 ) (-1024 -320 128 ) (-1088 -320 128 ) 
5 235 239 (-1376 -320 226.158508 ) (-1376 -320 128 ) (-1294.103271 -320 128 ) (-1104.628906 -320 315.869934 ) (-1195.130493 -320 406.386536 ) 
4 235 238 (-1103.204834 -320 317.281982 ) (-1024 -320 395.816223 ) (-1024 -320 576.910278 ) (-1193.715454 -320 407.796600 ) 
4 235 237 (-1376 -320 768 ) (-1376 -320 226.158508 ) (-1024 -320 576.910278 ) (-1024 -320 768 ) 
3 235 236 (-1294.103271 -320 128 ) (-1024 -320 128 ) (-1024 -320 395.816223 ) 
4 236 241 (-1088 -320 128 ) (-1024 -320 128 ) (-1024 -448 128 ) (-1088 -448 128 ) 
4 236 239 (-1104.628174 -320 315.869141 ) (-1294.101563 -320 128 ) (-1294.101563 -448 128 ) (-1104.633667 -448 315.863647 ) 
4 236 238 (-1024 -320 395.814758 ) (-1103.204102 -320 317.281219 ) (-1103.209106 -448 317.276184 ) (-1024 -448 395.814636 ) 
3 236 240 (-1294.103271 -448 128 ) (-1024 -448 128 ) (-1024 -448 395.816223 ) 
4 237 262 (-1376 -320 320 ) (-1376 -320 226.158508 ) (-1376 -448 226.149414 ) (-1376 -448 320 ) 
4 237 251 (-1376 -352 512 ) (-1376 -448 512 ) (-1376 -448 640 ) (-1376 -352 640 ) 
4 237 239 (-1195.128906 -448 406.373779 ) (-1376 -448 226.144531 ) (-1376 -320 226.158508 ) (-1195.130493 -320 406.386536 ) 
4 237 238 (-1024 -448 576.895386 ) (-1193.713257 -448 407.784363 ) (-1193.715454 -320 407.796600 ) (-1024 -320 576.910278 ) 
4 237 240 (-1376 -448 768 ) (-1376 -448 226.149414 ) (-1024 -448 576.901245 ) (-1024 -448 768 ) 
4 238 240 (-1103.209961 -448 317.277008 ) (-1024 -448 395.816223 ) (-1024 -448 576.901245 ) (-1193.716064 -448 407.787048 ) 
4 239 262 (-1376 -320 226.158508 ) (-1376 -320 128 ) (-1376 -448 128 ) (-1376 -448 226.149414 ) 
5 239 240 (-1376 -448 226.149414 ) (-1376 -448 128 ) (-1294.103271 -448 128 ) (-1104.634521 -448 315.864502 ) (-1195.131592 -448 406.376556 ) 
4 240 283 (-1216 -544 416 ) (-1216 -544 288 ) (-1088 -544 288 ) (-1088 -544 416 ) 
4 240 262 (-1376 -544 128 ) (-1376 -544 320 ) (-1376 -448 320 ) (-1376 -448 128 ) 
4 240 251 (-1376 -448 640 ) (-1376 -448 512 ) (-1376 -480 512 ) (-1376 -480 640 ) 
4 240 241 (-1024 -544 128 ) (-1088 -544 128 ) (-1088 -448 128 ) (-1024 -448 128 ) 
4 241 298 (-1024 -256 112 ) (-1024 -544 112 ) (-1088 -544 112 ) (-1088 -256 112 ) 
4 242 273 (-1536 -288 132 ) (-1536 -288 128 ) (-1408 -288 128 ) (-1408 -288 132 ) 
4 242 268 (-1536 -288 316 ) (-1536 -288 132 ) (-1408 -288 132 ) (-1408 -288 316 ) 
4 242 267 (-1408 -288 320 ) (-1536 -288 320 ) (-1536 -288 316 ) (-1408 -288 316 ) 
4 242 262 (-1376 -288 128 ) (-1376 -288 320 ) (-1408 -288 320 ) (-1408 -288 128 ) 
4 244 280 (-1984 -288 320 ) (-1984 -288 128 ) (-1568 -288 128 ) (-1568 -288 320 ) 
3 245 250 (-1408 -336 640 ) (-1408 -320 640 ) (-1392 -336 640 ) 
3 245 247 (-1392.001953 -352 656 ) (-1408 -352 671.997986 ) (-1408 -352 656 ) 
4 245 246 (-1408 -320 640 ) (-1408 -352 640 ) (-1408 -352 768 ) (-1408 -320 768 ) 
3 246 252 (-1440 -288 640 ) (-1408 -288 640 ) (-1408 -320 640 ) 
5 246 250 (-1520 -288 640 ) (-1440 -288 640 ) (-1408 -320 640 ) (-1408 -336 640 ) (-1520 -336 640 ) 
4 246 253 (-1568 -352 640 ) (-1568 -288 640 ) (-1520 -288 640 ) (-1520 -352 640 ) 
3 246 249 (-1408 -352 671.997986 ) (-1408 -352 768 ) (-1504.001953 -352 768 ) 
4 246 247 (-1408 -352 656 ) (-1408 -352 671.997986 ) (-1504 -352 767.998047 ) (-1504 -352 656 ) 
5 246 248 (-1568 -352 768 ) (-1568 -352 640 ) (-1504 -352 640 ) (-1504 -352 767.998047 ) (-1504.001953 -352 768 ) 
3 247 254 (-1392.001953 -480 656 ) (-1504 -480 767.998047 ) (-1504 -480 656 ) 
4 247 249 (-1504.003906 -480 768 ) (-1408 -480 671.996094 ) (-1408 -352 671.996094 ) (-1504.003906 -352 768 ) 
4 247 248 (-1504 -480 767.994141 ) (-1504 -352 767.994141 ) (-1504 -352 656 ) (-1504 -480 656 ) 
4 248 274 (-1568 -456 640 ) (-1568 -480 640 ) (-1568 -480 768 ) (-1568 -456 768 ) 
5 248 254 (-1520 -480 640 ) (-1504 -480 640 ) (-1504 -480 767.998047 ) (-1504.001953 -480 768 ) (-1520 -480 768 ) 
4 248 257 (-1568 -480 768 ) (-1568 -480 640 ) (-1520 -480 640 ) (-1520 -480 768 ) 
4 248 253 (-1520 -480 640 ) (-1568 -480 640 ) (-1568 -352 640 ) (-1520 -352 640 ) 
3 249 254 (-1408 -480 768 ) (-1504.001953 -480 768 ) (-1408 -480 671.998047 ) 
5 250 263 (-1504 -288 512 ) (-1440 -288 512 ) (-1408 -320 512 ) (-1408 -336 512 ) (-1504 -336 512 ) 
4 250 265 (-1520 -288 512 ) (-1504 -288 512 ) (-1504 -336 512 ) (-1520 -336 512 ) 
3 250 258 (-1408 -320 512 ) (-1392 -336 512 ) (-1408 -336 512 ) 
4 250 252 (-1440 -288 640 ) (-1408 -320 640 ) (-1408 -320 512 ) (-1440 -288 512 ) 
4 250 253 (-1520 -288 512 ) (-1520 -336 512 ) (-1520 -336 640 ) (-1520 -288 640 ) 
3 252 263 (-1440 -288 512 ) (-1408 -288 512 ) (-1408 -320 512 ) 
4 253 274 (-1568 -456 512 ) (-1568 -480 512 ) (-1568 -480 640 ) (-1568 -456 640 ) 
4 253 265 (-1568 -480 512 ) (-1568 -288 512 ) (-1520 -288 512 ) (-1520 -480 512 ) 
4 253 257 (-1568 -480 640 ) (-1568 -480 512 ) (-1520 -480 512 ) (-1520 -480 640 ) 
4 254 256 (-1408 -512 768 ) (-1440 -544 768 ) (-1440 -544 640 ) (-1408 -512 640 ) 
4 254 255 (-1392 -496 640 ) (-1440 -544 640 ) (-1520 -544 640 ) (-1520 -496 640 ) 
4 254 257 (-1520 -480 768 ) (-1520 -480 640 ) (-1520 -544 640 ) (-1520 -544 768 ) 
5 255 264 (-1408 -512 512 ) (-1440 -544 512 ) (-1504 -544 512 ) (-1504 -496 512 ) (-1408 -496 512 ) 
4 255 265 (-1504 -544 512 ) (-1520 -544 512 ) (-1520 -496 512 ) (-1504 -496 512 ) 
3 255 260 (-1392 -496 512 ) (-1408 -512 512 ) (-1408 -496 512 ) 
4 255 256 (-1440 -544 512 ) (-1408 -512 512 ) (-1408 -512 640 ) (-1440 -544 640 ) 
4 255 257 (-1520 -496 512 ) (-1520 -544 512 ) (-1520 -544 640 ) (-1520 -496 640 ) 
3 256 264 (-1408 -544 512 ) (-1440 -544 512 ) (-1408 -512 512 ) 
4 257 274 (-1568 -480 512 ) (-1568 -488 512 ) (-1568 -488 768 ) (-1568 -480 768 ) 
4 257 265 (-1568 -544 512 ) (-1568 -480 512 ) (-1520 -480 512 ) (-1520 -544 512 ) 
4 258 266 (-1408 -320 496 ) (-1408 -320 480 ) (-1408 -352 480 ) (-1408 -352 496 ) 
4 258 263 (-1408 -352 512 ) (-1408 -320 512 ) (-1408 -320 496 ) (-1408 -352 496 ) 
3 258 259 (-1408 -352 496 ) (-1408 -352 480 ) (-1392 -352 496 ) 
4 259 266 (-1408 -352 496 ) (-1408 -352 480 ) (-1408 -480 480 ) (-1408 -480 496 ) 
3 259 260 (-1408 -480 496 ) (-1408 -480 480 ) (-1392 -480 496 ) 
4 260 266 (-1408 -544 480 ) (-1408 -544 496 ) (-1408 -480 496 ) (-1408 -480 480 ) 
4 260 264 (-1408 -544 496 ) (-1408 -544 512 ) (-1408 -480 512 ) (-1408 -480 496 ) 
4 261 266 (-1408 -448 352 ) (-1408 -320 352 ) (-1408 -320 344 ) (-1408 -448 344 ) 
4 262 273 (-1408 -544 128 ) (-1408 -544 132 ) (-1408 -288 132 ) (-1408 -288 128 ) 
4 262 272 (-1408 -544 132 ) (-1408 -544 316 ) (-1408 -540 316 ) (-1408 -540 132 ) 
4 262 269 (-1408 -540 316 ) (-1408 -292 316 ) (-1408 -292 132 ) (-1408 -540 132 ) 
4 262 268 (-1408 -292 316 ) (-1408 -288 316 ) (-1408 -288 132 ) (-1408 -292 132 ) 
4 262 267 (-1408 -544 316 ) (-1408 -544 320 ) (-1408 -288 320 ) (-1408 -288 316 ) 
4 263 266 (-1504 -288 496 ) (-1408 -288 496 ) (-1408 -352 496 ) (-1504 -352 496 ) 
4 263 265 (-1504 -288 496 ) (-1504 -352 496 ) (-1504 -352 512 ) (-1504 -288 512 ) 
4 264 266 (-1408 -480 496 ) (-1408 -544 496 ) (-1504 -544 496 ) (-1504 -480 496 ) 
4 264 265 (-1504 -480 496 ) (-1504 -544 496 ) (-1504 -544 512 ) (-1504 -480 512 ) 
4 265 275 (-1568 -456 496 ) (-1568 -488 496 ) (-1568 -488 512 ) (-1568 -456 512 ) 
4 265 266 (-1568 -544 496 ) (-1568 -288 496 ) (-1504 -288 496 ) (-1504 -544 496 ) 
4 266 276 (-1568 -312 344 ) (-1568 -456 344 ) (-1568 -456 488 ) (-1568 -312 488 ) 
4 266 275 (-1568 -456 488 ) (-1568 -488 488 ) (-1568 -488 496 ) (-1568 -456 496 ) 
4 267 272 (-1408 -540 316 ) (-1408 -544 316 ) (-1556 -544 316 ) (-1556 -540 316 ) 
4 267 269 (-1408 -292 316 ) (-1408 -540 316 ) (-1556 -540 316 ) (-1556 -292 316 ) 
4 267 268 (-1556 -288 316 ) (-1408 -288 316 ) (-1408 -292 316 ) (-1556 -292 316 ) 
4 268 273 (-1556 -288 132 ) (-1408 -288 132 ) (-1408 -292 132 ) (-1556 -292 132 ) 
4 268 269 (-1556 -292 132 ) (-1408 -292 132 ) (-1408 -292 316 ) (-1556 -292 316 ) 
4 269 273 (-1556 -292 132 ) (-1408 -292 132 ) (-1408 -540 132 ) (-1556 -540 132 ) 
4 269 272 (-1556 -540 132 ) (-1408 -540 132 ) (-1408 -540 316 ) (-1556 -540 316 ) 
4 269 270 (-1560 -292 316 ) (-1560 -292 132 ) (-1560 -540 132 ) (-1560 -540 316 ) 
4 270 271 (-1564 -292 316 ) (-1564 -292 132 ) (-1564 -540 132 ) (-1564 -540 316 ) 
4 271 280 (-1568 -292 132 ) (-1568 -540 132 ) (-1568 -540 316 ) (-1568 -292 316 ) 
4 272 273 (-1556 -540 132 ) (-1408 -540 132 ) (-1408 -544 132 ) (-1556 -544 132 ) 
4 274 275 (-1568 -456 512 ) (-1568 -488 512 ) (-1824 -488 512 ) (-1824 -456 512 ) 
4 276 278 (-1632 -312 344 ) (-1600 -312 344 ) (-1600 -456 344 ) (-1632 -456 344 ) 
4 277 278 (-1632 -288.986023 344 ) (-1632 -288.986023 334 ) (-1600 -288.986023 334 ) (-1600 -288.986023 344 ) 
4 277 279 (-1632 -288.986023 328 ) (-1632 -288 328 ) (-1600 -288 328 ) (-1600 -288.986023 328 ) 
4 279 280 (-1632 -288 320 ) (-1600 -288 320 ) (-1600 -544 320 ) (-1632 -544 320 ) 
4 280 285 (-1632 -544 320 ) (-1760 -544 320 ) (-1760 -544 136 ) (-1632 -544 136 ) 
4 280 284 (-1600 -544 320 ) (-1632 -544 320 ) (-1632 -544 128 ) (-1600 -544 128 ) 
4 280 286 (-1760 -544 320 ) (-1792 -544 320 ) (-1792 -544 128 ) (-1760 -544 128 ) 
4 280 282 (-1984 -544 128 ) (-1984 -544 256 ) (-1984 -542 256 ) (-1984 -542 128 ) 
4 280 281 (-1984 -542 256 ) (-1984 -416 256 ) (-1984 -416 128 ) (-1984 -542 128 ) 
4 281 357 (-2048 -416 192 ) (-2048 -416 128 ) (-2048 -542 128 ) (-2048 -542 192 ) 
4 281 354 (-2048 -416 256 ) (-2048 -416 192 ) (-2048 -542 192 ) (-2048 -542 256 ) 
4 281 282 (-2048 -542 128 ) (-1984 -542 128 ) (-1984 -542 256 ) (-2048 -542 256 ) 
4 282 357 (-2048 -542 128 ) (-2048 -544 128 ) (-2048 -544 192 ) (-2048 -542 192 ) 
4 282 354 (-2048 -544 192 ) (-2048 -544 256 ) (-2048 -542 256 ) (-2048 -542 192 ) 
4 282 287 (-1984 -544 128 ) (-1984 -544 256 ) (-2048 -544 256 ) (-2048 -544 128 ) 
4 284 292 (-1632 -576 128 ) (-1600 -576 128 ) (-1600 -576 136 ) (-1632 -576 136 ) 
4 284 288 (-1600 -576 136 ) (-1600 -576 320 ) (-1632 -576 320 ) (-1632 -576 136 ) 
4 284 285 (-1632 -576 136 ) (-1632 -576 320 ) (-1632 -544 320 ) (-1632 -544 136 ) 
4 285 289 (-1664 -576 320 ) (-1696 -576 320 ) (-1696 -576 136 ) (-1664 -576 136 ) 
4 285 288 (-1632 -576 136 ) (-1632 -576 320 ) (-1664 -576 320 ) (-1664 -576 136 ) 
4 285 291 (-1696 -576 320 ) (-1760 -576 320 ) (-1760 -576 136 ) (-1696 -576 136 ) 
4 285 286 (-1760 -576 136 ) (-1760 -576 320 ) (-1760 -544 320 ) (-1760 -544 136 ) 
4 286 294 (-1792 -576 128 ) (-1760 -576 128 ) (-1760 -576 136 ) (-1792 -576 136 ) 
4 286 291 (-1760 -576 136 ) (-1760 -576 320 ) (-1792 -576 320 ) (-1792 -576 136 ) 
4 288 295 (-1600 -736 136 ) (-1632 -736 136 ) (-1632 -704 136 ) (-1600 -704 136 ) 
4 288 292 (-1632 -576 136 ) (-1600 -576 136 ) (-1600 -704 136 ) (-1632 -704 136 ) 
4 288 290 (-1664 -736 137 ) (-1664 -736 320 ) (-1664 -704 320 ) (-1664 -704 137 ) 
4 288 289 (-1664 -576 136 ) (-1664 -704 136 ) (-1664 -704 320 ) (-1664 -576 320 ) 
4 289 293 (-1696 -704 136 ) (-1696 -576 136 ) (-1664 -576 136 ) (-1664 -704 136 ) 
4 289 290 (-1696 -704 320 ) (-1696 -704 137 ) (-1664 -704 137 ) (-1664 -704 320 ) 
4 289 291 (-1696 -576 136 ) (-1696 -704 136 ) (-1696 -704 320 ) (-1696 -576 320 ) 
4 290 291 (-1696 -736 137 ) (-1696 -736 320 ) (-1696 -704 320 ) (-1696 -704 137 ) 
4 291 296 (-1760 -736 136 ) (-1792 -736 136 ) (-1792 -704 136 ) (-1760 -704 136 ) 
4 291 293 (-1728 -576 136 ) (-1696 -576 136 ) (-1696 -704 136 ) (-1728 -704 136 ) 
4 291 294 (-1792 -704 136 ) (-1792 -576 136 ) (-1760 -576 136 ) (-1760 -704 136 ) 
4 292 295 (-1600 -704 128 ) (-1600 -704 136 ) (-1632 -704 136 ) (-1632 -704 128 ) 
4 293 297 (-1728 -576 128 ) (-1664 -576 128 ) (-1664 -704 128 ) (-1728 -704 128 ) 
4 294 296 (-1760 -704 136 ) (-1792 -704 136 ) (-1792 -704 128 ) (-1760 -704 128 ) 
4 297 299 (-1664 -704 112 ) (-1728 -704 112 ) (-1728 -576 112 ) (-1664 -576 112 ) 
4 300 364 (-3072 0 256 ) (-3072 0 192 ) (-2784 0 192 ) (-2784 0 256 ) 
4 300 350 (-2784 0 384 ) (-3072 0 384 ) (-3072 0 256 ) (-2784 0 256 ) 
4 300 321 (-3072 160 192 ) (-3072 0 192 ) (-3072 0 384 ) (-3072 160 384 ) 
4 300 317 (-3072 0 192 ) (-3072 160 192 ) (-2784 160 192 ) (-2784 0 192 ) 
4 301 314 (-2720 160 -64 ) (-2592 160 -64 ) (-2592 160 192 ) (-2720 160 192 ) 
4 302 312 (-2848 192 128 ) (-2976 192 128 ) (-2976 192 -55 ) (-2848 192 -55 ) 
4 302 311 (-2784 192 -55 ) (-2784 192 128 ) (-2848 192 128 ) (-2848 192 -55 ) 
4 302 313 (-2976 192 128 ) (-3040 192 128 ) (-3040 192 -55 ) (-2976 192 -55 ) 
4 302 304 (-2912 192 -55 ) (-2944 192 -55 ) (-2944 320 -55 ) (-2912 320 -55 ) 
4 302 303 (-2784 192 -55 ) (-2912 192 -55 ) (-2912 352 -55 ) (-2784 352 -55 ) 
4 302 305 (-2944 192 -55 ) (-3040 192 -55 ) (-3040 352 -55 ) (-2944 352 -55 ) 
4 303 312 (-2848 192 -55 ) (-2912 192 -55 ) (-2912 192 -56 ) (-2848 192 -56 ) 
4 303 311 (-2784 192 -56 ) (-2784 192 -55 ) (-2848 192 -55 ) (-2848 192 -56 ) 
4 303 309 (-2880 192 -56 ) (-2912 192 -56 ) (-2912 320 -56 ) (-2880 320 -56 ) 
4 303 308 (-2784 192 -56 ) (-2848 192 -56 ) (-2848 320 -56 ) (-2784 320 -56 ) 
4 303 306 (-2848 352 -56 ) (-2784 352 -56 ) (-2784 320 -56 ) (-2848 320 -56 ) 
4 303 304 (-2912 320 -56 ) (-2912 192 -56 ) (-2912 192 -55 ) (-2912 320 -55 ) 
4 304 312 (-2912 192 -55 ) (-2944 192 -55 ) (-2944 192 -56 ) (-2912 192 -56 ) 
4 304 309 (-2912 192 -56 ) (-2944 192 -56 ) (-2944 320 -56 ) (-2912 320 -56 ) 
4 304 305 (-2944 320 -56 ) (-2944 192 -56 ) (-2944 192 -55 ) (-2944 320 -55 ) 
4 305 312 (-2944 192 -55 ) (-2976 192 -55 ) (-2976 192 -56 ) (-2944 192 -56 ) 
4 305 313 (-2976 192 -55 ) (-3040 192 -55 ) (-3040 192 -56 ) (-2976 192 -56 ) 
4 305 310 (-2976 192 -56 ) (-3040 192 -56 ) (-3040 320 -56 ) (-2976 320 -56 ) 
4 305 307 (-3040 320 -56 ) (-3040 352 -56 ) (-2976 352 -56 ) (-2976 320 -56 ) 
4 306 308 (-2848 320 -64 ) (-2784 320 -64 ) (-2784 320 -56 ) (-2848 320 -56 ) 
4 307 310 (-3040 320 -64 ) (-2976 320 -64 ) (-2976 320 -56 ) (-3040 320 -56 ) 
4 308 311 (-2848 192 -64 ) (-2784 192 -64 ) (-2784 192 -56 ) (-2848 192 -56 ) 
4 309 318 (-2944 320 -64 ) (-2880 320 -64 ) (-2880 192 -64 ) (-2944 192 -64 ) 
4 310 313 (-3040 192 -64 ) (-2976 192 -64 ) (-2976 192 -56 ) (-3040 192 -56 ) 
4 311 317 (-2848 160 -64 ) (-2784 160 -64 ) (-2784 160 128 ) (-2848 160 128 ) 
4 311 312 (-2848 160 -56 ) (-2848 160 128 ) (-2848 192 128 ) (-2848 192 -56 ) 
4 312 317 (-2848 160 -56 ) (-2848 160 128 ) (-2976 160 128 ) (-2976 160 -56 ) 
4 312 313 (-2976 160 -56 ) (-2976 160 128 ) (-2976 192 128 ) (-2976 192 -56 ) 
4 313 317 (-3040 160 -64 ) (-2976 160 -64 ) (-2976 160 128 ) (-3040 160 128 ) 
4 314 315 (-2720 96 -64 ) (-2304 96 -64 ) (-2304 96 192 ) (-2720 96 192 ) 
4 315 391 (-2752 0 128 ) (-2752 0 -64 ) (-2272 0 -64 ) (-2272 0 128 ) 
4 315 370 (-2272 0 192 ) (-2752 0 192 ) (-2752 0 128 ) (-2272 0 128 ) 
4 315 319 (-2272 0 -64 ) (-2304 0 -64 ) (-2304 96 -64 ) (-2272 96 -64 ) 
4 315 316 (-2752 96 -64 ) (-2752 0 -64 ) (-2752 0 128 ) (-2752 96 128 ) 
4 316 393 (-2784 0 128 ) (-2784 0 -64 ) (-2752 0 -64 ) (-2752 0 128 ) 
4 316 317 (-2784 160 128 ) (-2784 160 -64 ) (-2784 0 -64 ) (-2784 0 128 ) 
4 317 394 (-3072 0 128 ) (-3072 0 -64 ) (-2784 0 -64 ) (-2784 0 128 ) 
4 317 374 (-2784 0 192 ) (-3072 0 192 ) (-3072 0 128 ) (-2784 0 128 ) 
4 317 321 (-3072 160 -64 ) (-3072 0 -64 ) (-3072 0 192 ) (-3072 160 192 ) 
4 319 412 (-2272 0 -72 ) (-2272 0 -64 ) (-2304 0 -64 ) (-2304 0 -72 ) 
4 320 321 (-3104 160 64 ) (-3232 160 64 ) (-3232 160 -64 ) (-3104 160 -64 ) 
4 321 420 (-3072 0 -64 ) (-3072 0 384 ) (-3296 0 384 ) (-3296 0 -64 ) 
4 321 322 (-3296 160 384 ) (-3296 160 256 ) (-3296 32 256 ) (-3296 32 384 ) 
4 323 330 (-2048 -192 320 ) (-2048 -224 320 ) (-2080 -224 320 ) (-2080 -192 320 ) 
4 323 326 (-2048 -64 320 ) (-2048 -192 320 ) (-2080 -192 320 ) (-2080 -64 320 ) 
4 323 325 (-2048 -32 320 ) (-2048 -64 320 ) (-2080 -64 320 ) (-2080 -32 320 ) 
4 324 331 (-2208 -544 320 ) (-2208 -416 320 ) (-2144 -416 320 ) (-2144 -544 320 ) 
4 325 351 (-2080 -32 256 ) (-2048 -32 256 ) (-2048 -64 256 ) (-2080 -64 256 ) 
5 325 328 (-2080 -64 279.435760 ) (-2080 -64 256 ) (-2048 -64 256 ) (-2048 -64 295.247009 ) (-2056.128906 -64 303.376038 ) 
3 325 327 (-2048 -64 298.073029 ) (-2048 -64 311.528534 ) (-2054.718018 -64 304.791016 ) 
4 325 326 (-2080 -64 320 ) (-2080 -64 279.435760 ) (-2048 -64 311.528534 ) (-2048 -64 320 ) 
4 326 330 (-2048 -192 320 ) (-2080 -192 320 ) (-2080 -192 279.435760 ) (-2048 -192 311.528534 ) 
4 326 329 (-2080 -192 279.435760 ) (-2080 -192 320 ) (-2080 -64 320 ) (-2080 -64 279.435760 ) 
4 326 328 (-2056.130615 -192 303.376007 ) (-2080 -192 279.437500 ) (-2080 -64 279.437500 ) (-2056.129883 -64 303.377014 ) 
4 326 327 (-2048 -192 311.530212 ) (-2054.720459 -192 304.790375 ) (-2054.718994 -64 304.791901 ) (-2048 -64 311.530304 ) 
3 327 330 (-2048 -192 298.070099 ) (-2048 -192 311.528534 ) (-2054.719482 -192 304.789551 ) 
4 328 351 (-2048 -64 256 ) (-2048 -192 256 ) (-2080 -192 256 ) (-2080 -64 256 ) 
5 328 330 (-2080 -192 279.435760 ) (-2080 -192 256 ) (-2048 -192 256 ) (-2048 -192 295.245117 ) (-2056.129883 -192 303.375031 ) 
4 328 329 (-2080 -64 256 ) (-2080 -192 256 ) (-2080 -192 279.435760 ) (-2080 -64 279.435760 ) 
4 329 355 (-2208 -192 256 ) (-2208 -64 256 ) (-2144 -64 256 ) (-2144 -192 256 ) 
4 329 352 (-2144 -64 256 ) (-2080 -64 256 ) (-2080 -192 256 ) (-2144 -192 256 ) 
4 330 353 (-2080 -192 256 ) (-2048 -192 256 ) (-2048 -224 256 ) (-2080 -224 256 ) 
4 331 356 (-2208 -544 256 ) (-2208 -416 256 ) (-2144 -416 256 ) (-2144 -544 256 ) 
4 332 333 (-2241 -416 320 ) (-2241 -544 320 ) (-2241 -544 328 ) (-2241 -416 328 ) 
4 333 340 (-2241 -608 320 ) (-2304 -608 320 ) (-2304 -544 320 ) (-2241 -544 320 ) 
4 333 335 (-2304 -544 320 ) (-2304 -416 320 ) (-2241 -416 320 ) (-2241 -544 320 ) 
4 333 334 (-2304 -416 320 ) (-2304 -352 320 ) (-2241 -352 320 ) (-2241 -416 320 ) 
4 334 376 (-2336 -416 256 ) (-2336 -320 256 ) (-2272 -320 256 ) (-2272 -416 256 ) 
4 334 363 (-2272 -320 256 ) (-2241 -320 256 ) (-2241 -416 256 ) (-2272 -416 256 ) 
4 334 344 (-2336 -320 256 ) (-2336 -416 256 ) (-2336 -416 320 ) (-2336 -320 320 ) 
4 334 339 (-2336 -416 288 ) (-2336 -416 256 ) (-2241 -416 256 ) (-2241 -416 288 ) 
4 334 335 (-2241 -416 320 ) (-2336 -416 320 ) (-2336 -416 288 ) (-2241 -416 288 ) 
4 335 347 (-2336 -544 288 ) (-2336 -544 320 ) (-2336 -512 320 ) (-2336 -512 288 ) 
4 335 345 (-2336 -512 320 ) (-2336 -448 320 ) (-2336 -448 288 ) (-2336 -512 288 ) 
4 335 344 (-2336 -448 320 ) (-2336 -416 320 ) (-2336 -416 288 ) (-2336 -448 288 ) 
4 335 340 (-2241 -544 320 ) (-2336 -544 320 ) (-2336 -544 288 ) (-2241 -544 288 ) 
4 335 339 (-2336 -416 288 ) (-2241 -416 288 ) (-2241 -544 288 ) (-2336 -544 288 ) 
4 336 363 (-2241 -416 256 ) (-2240 -416 256 ) (-2240 -448 256 ) (-2241 -448 256 ) 
4 337 363 (-2240 -448 256 ) (-2240 -512 256 ) (-2241 -512 256 ) (-2241 -448 256 ) 
4 337 339 (-2241 -512 288 ) (-2241 -448 288 ) (-2241 -448 256 ) (-2241 -512 256 ) 
4 338 363 (-2240 -512 256 ) (-2240 -544 256 ) (-2241 -544 256 ) (-2241 -512 256 ) 
4 339 376 (-2336 -544 256 ) (-2336 -416 256 ) (-2272 -416 256 ) (-2272 -544 256 ) 
4 339 363 (-2272 -416 256 ) (-2241 -416 256 ) (-2241 -544 256 ) (-2272 -544 256 ) 
4 339 347 (-2336 -512 256 ) (-2336 -544 256 ) (-2336 -544 288 ) (-2336 -512 288 ) 
4 339 345 (-2336 -448 256 ) (-2336 -512 256 ) (-2336 -512 288 ) (-2336 -448 288 ) 
4 339 344 (-2336 -416 256 ) (-2336 -448 256 ) (-2336 -448 288 ) (-2336 -416 288 ) 
4 339 340 (-2336 -544 288 ) (-2336 -544 256 ) (-2241 -544 256 ) (-2241 -544 288 ) 
4 340 376 (-2336 -640 256 ) (-2336 -544 256 ) (-2272 -544 256 ) (-2272 -640 256 ) 
4 340 363 (-2272 -544 256 ) (-2241 -544 256 ) (-2241 -640 256 ) (-2272 -640 256 ) 
4 340 347 (-2336 -544 256 ) (-2336 -640 256 ) (-2336 -640 320 ) (-2336 -544 320 ) 
4 341 365 (-2400 -32 256 ) (-2336 -32 256 ) (-2336 -96 256 ) (-2400 -96 256 ) 
4 342 366 (-2592 -96 256 ) (-2592 -32 256 ) (-2528 -32 256 ) (-2528 -96 256 ) 
4 343 344 (-2496 -384 448 ) (-2496 -320 448 ) (-2432 -320 448 ) (-2432 -384 448 ) 
4 344 379 (-2368 -416 256 ) (-2368 -448 256 ) (-2432 -448 256 ) (-2432 -416 256 ) 
4 344 378 (-2432 -256 256 ) (-2368 -256 256 ) (-2368 -416 256 ) (-2432 -416 256 ) 
4 344 377 (-2368 -256 256 ) (-2336 -256 256 ) (-2336 -448 256 ) (-2368 -448 256 ) 
4 344 381 (-2592 -448 256 ) (-2592 -256 256 ) (-2432 -256 256 ) (-2432 -448 256 ) 
4 344 345 (-2592 -448 448 ) (-2592 -448 256 ) (-2336 -448 256 ) (-2336 -448 448 ) 
4 345 379 (-2432 -448 256 ) (-2368 -448 256 ) (-2368 -512 256 ) (-2432 -512 256 ) 
4 345 377 (-2368 -448 256 ) (-2336 -448 256 ) (-2336 -512 256 ) (-2368 -512 256 ) 
4 345 381 (-2592 -512 256 ) (-2592 -448 256 ) (-2432 -448 256 ) (-2432 -512 256 ) 
4 345 347 (-2592 -512 448 ) (-2592 -512 256 ) (-2336 -512 256 ) (-2336 -512 448 ) 
4 346 347 (-2496 -640 448 ) (-2496 -576 448 ) (-2432 -576 448 ) (-2432 -640 448 ) 
4 347 379 (-2432 -512 256 ) (-2368 -512 256 ) (-2368 -544 256 ) (-2432 -544 256 ) 
4 347 380 (-2368 -544 256 ) (-2368 -704 256 ) (-2432 -704 256 ) (-2432 -544 256 ) 
4 347 377 (-2368 -512 256 ) (-2336 -512 256 ) (-2336 -704 256 ) (-2368 -704 256 ) 
4 347 381 (-2592 -704 256 ) (-2592 -512 256 ) (-2432 -512 256 ) (-2432 -704 256 ) 
4 348 349 (-2624 -544 320 ) (-2688 -544 320 ) (-2688 -416 320 ) (-2624 -416 320 ) 
4 349 383 (-2688 -544 256 ) (-2688 -416 256 ) (-2624 -416 256 ) (-2624 -544 256 ) 
4 350 420 (-3072 0 384 ) (-3072 0 256 ) (-3072 -96 256 ) (-3072 -96 384 ) 
4 350 421 (-3072 -96 256 ) (-3072 -608 256 ) (-3072 -608 384 ) (-3072 -96 384 ) 
4 350 390 (-3072 -608 256 ) (-3072 -256 256 ) (-2784 -256 256 ) (-2784 -608 256 ) 
4 350 369 (-3072 -256 256 ) (-3072 -160 256 ) (-2784 -160 256 ) (-2784 -256 256 ) 
4 350 368 (-3072 -160 256 ) (-3072 -96 256 ) (-2784 -96 256 ) (-2784 -160 256 ) 
4 350 367 (-3072 -96 256 ) (-3072 -32 256 ) (-2784 -32 256 ) (-2784 -96 256 ) 
4 350 364 (-3072 -32 256 ) (-3072 0 256 ) (-2784 0 256 ) (-2784 -32 256 ) 
4 351 353 (-2080 -192 192 ) (-2048 -192 192 ) (-2048 -192 256 ) (-2080 -192 256 ) 
4 351 352 (-2080 -64 192 ) (-2080 -192 192 ) (-2080 -192 256 ) (-2080 -64 256 ) 
4 352 355 (-2144 -64 192 ) (-2144 -192 192 ) (-2144 -192 256 ) (-2144 -64 256 ) 
4 354 357 (-2144 -544 192 ) (-2144 -416 192 ) (-2048 -416 192 ) (-2048 -544 192 ) 
4 354 356 (-2144 -416 192 ) (-2144 -544 192 ) (-2144 -544 256 ) (-2144 -416 256 ) 
4 356 359 (-2208 -544 256 ) (-2208 -416 256 ) (-2208 -416 192 ) (-2208 -544 192 ) 
4 356 358 (-2208 -544 192 ) (-2208 -416 192 ) (-2144 -416 192 ) (-2144 -544 192 ) 
4 357 358 (-2144 -416 128 ) (-2144 -544 128 ) (-2144 -544 192 ) (-2144 -416 192 ) 
4 358 401 (-2144 -416 128 ) (-2144 -544 128 ) (-2208 -544 128 ) (-2208 -416 128 ) 
4 358 361 (-2208 -416 128 ) (-2208 -544 128 ) (-2208 -544 192 ) (-2208 -416 192 ) 
4 359 361 (-2210 -416 192 ) (-2208 -416 192 ) (-2208 -544 192 ) (-2210 -544 192 ) 
4 359 360 (-2210 -416 256 ) (-2210 -416 192 ) (-2210 -544 192 ) (-2210 -544 256 ) 
4 360 363 (-2240 -544 256 ) (-2240 -416 256 ) (-2240 -416 192 ) (-2240 -544 192 ) 
4 360 362 (-2240 -544 192 ) (-2240 -416 192 ) (-2210 -416 192 ) (-2210 -544 192 ) 
4 361 362 (-2210 -416 192 ) (-2210 -416 128 ) (-2210 -544 128 ) (-2210 -544 192 ) 
4 362 363 (-2240 -416 128 ) (-2240 -544 128 ) (-2240 -544 192 ) (-2240 -416 192 ) 
4 363 409 (-2240 -544 128 ) (-2240 -608 128 ) (-2272 -608 128 ) (-2272 -544 128 ) 
4 363 403 (-2240 -416 128 ) (-2240 -544 128 ) (-2272 -544 128 ) (-2272 -416 128 ) 
4 363 398 (-2240 -352 128 ) (-2240 -416 128 ) (-2272 -416 128 ) (-2272 -352 128 ) 
4 363 376 (-2272 -320 128 ) (-2272 -640 128 ) (-2272 -640 256 ) (-2272 -320 256 ) 
4 364 420 (-3072 0 256 ) (-3072 0 192 ) (-3072 -32 192 ) (-3072 -32 256 ) 
4 364 374 (-3072 -32 192 ) (-3072 0 192 ) (-2784 0 192 ) (-2784 -32 192 ) 
4 364 367 (-3072 -32 192 ) (-2784 -32 192 ) (-2784 -32 256 ) (-3072 -32 256 ) 
4 365 371 (-2336 -64 192 ) (-2336 -96 192 ) (-2400 -96 192 ) (-2400 -64 192 ) 
4 365 370 (-2400 -32 192 ) (-2336 -32 192 ) (-2336 -64 192 ) (-2400 -64 192 ) 
4 366 371 (-2528 -64 192 ) (-2528 -96 192 ) (-2592 -96 192 ) (-2592 -64 192 ) 
4 366 370 (-2592 -32 192 ) (-2528 -32 192 ) (-2528 -64 192 ) (-2592 -64 192 ) 
4 367 420 (-3072 -32 192 ) (-3072 -96 192 ) (-3072 -96 256 ) (-3072 -32 256 ) 
4 367 374 (-3072 -96 192 ) (-3072 -32 192 ) (-2784 -32 192 ) (-2784 -96 192 ) 
4 367 368 (-3072 -96 192 ) (-2784 -96 192 ) (-2784 -96 256 ) (-3072 -96 256 ) 
4 368 421 (-3072 -96 192 ) (-3072 -160 192 ) (-3072 -160 256 ) (-3072 -96 256 ) 
4 368 374 (-3072 -160 192 ) (-3072 -96 192 ) (-2784 -96 192 ) (-2784 -160 192 ) 
4 368 369 (-3072 -160 192 ) (-2784 -160 192 ) (-2784 -160 256 ) (-3072 -160 256 ) 
4 369 421 (-3072 -160 192 ) (-3072 -256 192 ) (-3072 -256 256 ) (-3072 -160 256 ) 
4 369 390 (-2784 -256 256 ) (-3072 -256 256 ) (-3072 -256 192 ) (-2784 -256 192 ) 
4 369 375 (-2784 -256 192 ) (-3072 -256 192 ) (-3072 -160 192 ) (-2784 -160 192 ) 
4 370 391 (-2752 0 128 ) (-2272 0 128 ) (-2272 -64 128 ) (-2752 -64 128 ) 
4 370 371 (-2656 -64 128 ) (-2272 -64 128 ) (-2272 -64 192 ) (-2656 -64 192 ) 
4 371 392 (-2272 -64 128 ) (-2272 -128 128 ) (-2656 -128 128 ) (-2656 -64 128 ) 
4 371 372 (-2432 -128 128 ) (-2272 -128 128 ) (-2272 -128 192 ) (-2432 -128 192 ) 
4 371 373 (-2624 -128 128 ) (-2496 -128 128 ) (-2496 -128 192 ) (-2624 -128 192 ) 
4 372 395 (-2272 -128 128 ) (-2272 -160 128 ) (-2432 -160 128 ) (-2432 -128 128 ) 
4 373 396 (-2496 -160 128 ) (-2624 -160 128 ) (-2624 -128 128 ) (-2496 -128 128 ) 
4 374 420 (-3072 0 192 ) (-3072 0 128 ) (-3072 -96 128 ) (-3072 -96 192 ) 
4 374 421 (-3072 -96 128 ) (-3072 -160 128 ) (-3072 -160 192 ) (-3072 -96 192 ) 
4 374 397 (-3072 -160 128 ) (-3072 -128 128 ) (-2784 -128 128 ) (-2784 -160 128 ) 
4 374 394 (-3072 -128 128 ) (-3072 0 128 ) (-2784 0 128 ) (-2784 -128 128 ) 
4 374 375 (-3072 -160 128 ) (-2784 -160 128 ) (-2784 -160 192 ) (-3072 -160 192 ) 
4 375 421 (-3072 -160 128 ) (-3072 -256 128 ) (-3072 -256 192 ) (-3072 -160 192 ) 
4 375 397 (-3072 -256 128 ) (-3072 -160 128 ) (-2784 -160 128 ) (-2784 -256 128 ) 
4 375 390 (-3072 -256 128 ) (-2784 -256 128 ) (-2784 -256 192 ) (-3072 -256 192 ) 
4 376 409 (-2272 -544 128 ) (-2272 -608 128 ) (-2336 -608 128 ) (-2336 -544 128 ) 
4 376 403 (-2272 -416 128 ) (-2272 -544 128 ) (-2336 -544 128 ) (-2336 -416 128 ) 
4 376 398 (-2272 -352 128 ) (-2272 -416 128 ) (-2336 -416 128 ) (-2336 -352 128 ) 
4 376 377 (-2336 -320 128 ) (-2336 -640 128 ) (-2336 -640 256 ) (-2336 -320 256 ) 
4 377 409 (-2336 -544 128 ) (-2336 -608 128 ) (-2368 -608 128 ) (-2368 -544 128 ) 
4 377 403 (-2336 -416 128 ) (-2336 -544 128 ) (-2368 -544 128 ) (-2368 -416 128 ) 
4 377 398 (-2336 -352 128 ) (-2336 -416 128 ) (-2368 -416 128 ) (-2368 -352 128 ) 
4 377 379 (-2368 -544 129 ) (-2368 -544 256 ) (-2368 -416 256 ) (-2368 -416 129 ) 
4 377 378 (-2368 -256 256 ) (-2368 -256 128 ) (-2368 -416 128 ) (-2368 -416 256 ) 
4 377 380 (-2368 -544 128 ) (-2368 -704 128 ) (-2368 -704 256 ) (-2368 -544 256 ) 
4 378 399 (-2368 -288 128 ) (-2368 -416 128 ) (-2432 -416 128 ) (-2432 -288 128 ) 
4 378 379 (-2432 -416 256 ) (-2432 -416 129 ) (-2368 -416 129 ) (-2368 -416 256 ) 
4 378 381 (-2432 -256 256 ) (-2432 -256 128 ) (-2432 -416 128 ) (-2432 -416 256 ) 
4 379 381 (-2432 -544 129 ) (-2432 -544 256 ) (-2432 -416 256 ) (-2432 -416 129 ) 
4 379 380 (-2432 -544 256 ) (-2432 -544 129 ) (-2368 -544 129 ) (-2368 -544 256 ) 
4 380 411 (-2368 -608 128 ) (-2368 -672 128 ) (-2432 -672 128 ) (-2432 -608 128 ) 
4 380 409 (-2368 -544 128 ) (-2368 -608 128 ) (-2432 -608 128 ) (-2432 -544 128 ) 
4 380 381 (-2432 -544 128 ) (-2432 -704 128 ) (-2432 -704 256 ) (-2432 -544 256 ) 
4 381 411 (-2432 -608 128 ) (-2432 -672 128 ) (-2560 -672 128 ) (-2560 -608 128 ) 
4 381 409 (-2432 -544 128 ) (-2432 -608 128 ) (-2560 -608 128 ) (-2560 -544 128 ) 
4 381 405 (-2432 -416 128 ) (-2432 -544 128 ) (-2560 -544 128 ) (-2560 -416 128 ) 
4 381 399 (-2432 -288 128 ) (-2432 -416 128 ) (-2560 -416 128 ) (-2560 -288 128 ) 
4 381 382 (-2592 -416 128 ) (-2592 -544 128 ) (-2592 -544 256 ) (-2592 -416 256 ) 
4 382 386 (-2624 -416 128 ) (-2624 -544 128 ) (-2624 -544 192 ) (-2624 -416 192 ) 
4 382 383 (-2624 -544 192 ) (-2624 -544 256 ) (-2624 -416 256 ) (-2624 -416 192 ) 
4 383 386 (-2624 -544 192 ) (-2688 -544 192 ) (-2688 -416 192 ) (-2624 -416 192 ) 
4 383 384 (-2688 -416 256 ) (-2688 -416 192 ) (-2688 -544 192 ) (-2688 -544 256 ) 
4 384 387 (-2688 -544 192 ) (-2690 -544 192 ) (-2690 -416 192 ) (-2688 -416 192 ) 
4 384 385 (-2690 -416 256 ) (-2690 -416 192 ) (-2690 -544 192 ) (-2690 -544 256 ) 
4 385 389 (-2720 -544 192 ) (-2720 -544 256 ) (-2720 -416 256 ) (-2720 -416 192 ) 
4 385 388 (-2690 -544 192 ) (-2720 -544 192 ) (-2720 -416 192 ) (-2690 -416 192 ) 
4 386 406 (-2624 -416 128 ) (-2624 -544 128 ) (-2688 -544 128 ) (-2688 -416 128 ) 
4 386 387 (-2688 -544 128 ) (-2688 -544 192 ) (-2688 -416 192 ) (-2688 -416 128 ) 
4 387 388 (-2690 -544 128 ) (-2690 -544 192 ) (-2690 -416 192 ) (-2690 -416 128 ) 
4 388 389 (-2720 -416 128 ) (-2720 -544 128 ) (-2720 -544 192 ) (-2720 -416 192 ) 
4 389 390 (-2784 -416 128 ) (-2784 -544 128 ) (-2784 -544 256 ) (-2784 -416 256 ) 
4 390 421 (-3072 -256 128 ) (-3072 -608 128 ) (-3072 -608 256 ) (-3072 -256 256 ) 
4 390 410 (-3072 -608 128 ) (-3072 -544 128 ) (-2784 -544 128 ) (-2784 -608 128 ) 
4 390 408 (-3072 -544 128 ) (-3072 -416 128 ) (-2784 -416 128 ) (-2784 -544 128 ) 
4 390 400 (-3072 -416 128 ) (-3072 -288 128 ) (-2784 -288 128 ) (-2784 -416 128 ) 
4 390 397 (-3072 -288 128 ) (-3072 -256 128 ) (-2784 -256 128 ) (-2784 -288 128 ) 
4 391 412 (-2304 0 -64 ) (-2272 0 -64 ) (-2272 -64 -64 ) (-2304 -64 -64 ) 
4 391 393 (-2752 0 -64 ) (-2752 -64 -64 ) (-2752 -64 128 ) (-2752 0 128 ) 
4 391 392 (-2656 -64 -64 ) (-2272 -64 -64 ) (-2272 -64 128 ) (-2656 -64 128 ) 
4 392 413 (-2272 -96 -64 ) (-2272 -128 -64 ) (-2304 -128 -64 ) (-2304 -96 -64 ) 
4 392 412 (-2272 -64 -64 ) (-2272 -96 -64 ) (-2304 -96 -64 ) (-2304 -64 -64 ) 
4 392 396 (-2624 -128 -64 ) (-2496 -128 -64 ) (-2496 -128 128 ) (-2624 -128 128 ) 
4 392 395 (-2432 -128 -64 ) (-2272 -128 -64 ) (-2272 -128 128 ) (-2432 -128 128 ) 
4 393 394 (-2784 0 -64 ) (-2784 -96 -64 ) (-2784 -96 128 ) (-2784 0 128 ) 
4 394 420 (-3072 0 128 ) (-3072 0 -64 ) (-3072 -96 -64 ) (-3072 -96 128 ) 
4 394 421 (-3072 -96 -64 ) (-3072 -128 -64 ) (-3072 -128 128 ) (-3072 -96 128 ) 
4 394 415 (-3072 -128 -64 ) (-3072 -96 -64 ) (-2784 -96 -64 ) (-2784 -128 -64 ) 
4 394 397 (-3072 -128 -64 ) (-2784 -128 -64 ) (-2784 -128 128 ) (-3072 -128 128 ) 
4 395 414 (-2432 -128 -64 ) (-2304 -128 -64 ) (-2304 -160 -64 ) (-2432 -160 -64 ) 
4 395 413 (-2304 -128 -64 ) (-2272 -128 -64 ) (-2272 -160 -64 ) (-2304 -160 -64 ) 
4 396 416 (-2624 -128 -64 ) (-2496 -128 -64 ) (-2496 -160 -64 ) (-2624 -160 -64 ) 
4 397 421 (-3072 -128 -64 ) (-3072 -288 -64 ) (-3072 -288 128 ) (-3072 -128 128 ) 
4 397 418 (-3072 -288 -64 ) (-3072 -160 -64 ) (-2784 -160 -64 ) (-2784 -288 -64 ) 
4 397 417 (-3072 -160 -64 ) (-3072 -128 -64 ) (-2784 -128 -64 ) (-2784 -160 -64 ) 
4 397 400 (-3072 -288 -64 ) (-2784 -288 -64 ) (-2784 -288 128 ) (-3072 -288 128 ) 
4 398 403 (-2240 -416 64 ) (-2240 -416 128 ) (-2368 -416 128 ) (-2368 -416 64 ) 
4 398 399 (-2368 -416 64 ) (-2368 -416 128 ) (-2368 -352 128 ) (-2368 -352 64 ) 
4 399 405 (-2432 -416 128 ) (-2560 -416 128 ) (-2560 -416 64 ) (-2432 -416 64 ) 
4 399 404 (-2368 -416 64 ) (-2368 -416 126 ) (-2432 -416 126 ) (-2432 -416 64 ) 
4 400 421 (-3072 -288 -64 ) (-3072 -416 -64 ) (-3072 -416 128 ) (-3072 -288 128 ) 
4 400 418 (-3072 -416 -64 ) (-3072 -288 -64 ) (-2784 -288 -64 ) (-2784 -416 -64 ) 
4 400 408 (-3072 -416 -64 ) (-2784 -416 -64 ) (-2784 -416 128 ) (-3072 -416 128 ) 
4 401 402 (-2208 -544 64 ) (-2208 -416 64 ) (-2144 -416 64 ) (-2144 -544 64 ) 
4 403 409 (-2240 -544 64 ) (-2240 -544 128 ) (-2368 -544 128 ) (-2368 -544 64 ) 
4 403 404 (-2368 -416 126 ) (-2368 -416 64 ) (-2368 -544 64 ) (-2368 -544 126 ) 
4 404 409 (-2432 -544 126 ) (-2432 -544 64 ) (-2368 -544 64 ) (-2368 -544 126 ) 
4 404 405 (-2432 -416 126 ) (-2432 -416 64 ) (-2432 -544 64 ) (-2432 -544 126 ) 
4 405 409 (-2432 -544 128 ) (-2560 -544 128 ) (-2560 -544 64 ) (-2432 -544 64 ) 
4 406 407 (-2688 -544 64 ) (-2688 -416 64 ) (-2624 -416 64 ) (-2624 -544 64 ) 
4 408 421 (-3072 -416 -64 ) (-3072 -544 -64 ) (-3072 -544 128 ) (-3072 -416 128 ) 
4 408 418 (-3072 -544 -64 ) (-3072 -416 -64 ) (-2784 -416 -64 ) (-2784 -544 -64 ) 
4 408 410 (-3072 -544 -64 ) (-2784 -544 -64 ) (-2784 -544 128 ) (-3072 -544 128 ) 
4 409 411 (-2368 -608 128 ) (-2560 -608 128 ) (-2560 -608 64 ) (-2368 -608 64 ) 
4 410 421 (-3072 -544 -64 ) (-3072 -608 -64 ) (-3072 -608 128 ) (-3072 -544 128 ) 
4 410 418 (-3072 -608 -64 ) (-3072 -544 -64 ) (-2784 -544 -64 ) (-2784 -608 -64 ) 
4 412 413 (-2304 -96 -72 ) (-2272 -96 -72 ) (-2272 -96 -64 ) (-2304 -96 -64 ) 
4 413 414 (-2304 -128 -72 ) (-2304 -160 -72 ) (-2304 -160 -64 ) (-2304 -128 -64 ) 
4 415 421 (-3072 -96 -72 ) (-3072 -128 -72 ) (-3072 -128 -64 ) (-3072 -96 -64 ) 
4 415 419 (-3072 -128 -72 ) (-3072 -96 -72 ) (-2784 -96 -72 ) (-2784 -128 -72 ) 
4 415 417 (-3072 -128 -72 ) (-2784 -128 -72 ) (-2784 -128 -64 ) (-3072 -128 -64 ) 
4 417 421 (-3072 -128 -72 ) (-3072 -160 -72 ) (-3072 -160 -64 ) (-3072 -128 -64 ) 
4 417 419 (-3072 -160 -72 ) (-3072 -128 -72 ) (-2784 -128 -72 ) (-2784 -160 -72 ) 
4 417 418 (-3072 -160 -72 ) (-2784 -160 -72 ) (-2784 -160 -64 ) (-3072 -160 -64 ) 
4 418 421 (-3072 -160 -72 ) (-3072 -608 -72 ) (-3072 -608 -64 ) (-3072 -160 -64 ) 
4 418 419 (-3072 -608 -72 ) (-3072 -160 -72 ) (-2784 -160 -72 ) (-2784 -608 -72 ) 
4 419 424 (-3072 -608 -216 ) (-3072 -608 -72 ) (-3072 -96 -72 ) (-3072 -96 -216 ) 
4 420 421 (-3072 -96 384 ) (-3296 -96 384 ) (-3296 -96 -64 ) (-3072 -96 -64 ) 
4 421 424 (-3296 -608 -72 ) (-3296 -96 -72 ) (-3072 -96 -72 ) (-3072 -608 -72 ) 
4 421 423 (-3296 -544 128 ) (-3296 -416 128 ) (-3296 -416 0 ) (-3296 -544 0 ) 
4 421 422 (-3296 -544 320 ) (-3296 -416 320 ) (-3296 -416 192 ) (-3296 -544 192 ) 
