PRT1
225
549
4 1 24 (4096 2432 -64 ) (4096 2432 64 ) (4096 2688 64 ) (4096 2688 -64 ) 
4 2 143 (4672 1024 -72 ) (4672 1024 0 ) (4176 1024 0 ) (4176 1024 -72 ) 
4 2 19 (4672 1184 -72 ) (4672 1024 -72 ) (4176 1024 -72 ) (4176 1184 -72 ) 
4 2 12 (4672 1312 -72 ) (4672 1184 -72 ) (4176 1184 -72 ) (4176 1312 -72 ) 
4 2 7 (4176 1408 -72 ) (4672 1408 -72 ) (4672 1312 -72 ) (4176 1312 -72 ) 
4 2 4 (4176 1184 0 ) (4176 1376 0 ) (4176 1376 -72 ) (4176 1184 -72 ) 
4 2 3 (4176 1376 0 ) (4176 1408 0 ) (4176 1408 -72 ) (4176 1376 -72 ) 
4 2 5 (4176 1024 0 ) (4176 1184 0 ) (4176 1184 -72 ) (4176 1024 -72 ) 
4 3 8 (4144 1408 -72 ) (4176 1408 -72 ) (4176 1376 -72 ) (4144 1376 -72 ) 
4 3 6 (4144 1376 0 ) (4144 1408 0 ) (4144 1408 -72 ) (4144 1376 -72 ) 
4 3 4 (4144 1376 0 ) (4144 1376 -72 ) (4176 1376 -72 ) (4176 1376 0 ) 
4 4 13 (4176 1312 -72 ) (4176 1184 -72 ) (4144 1184 -72 ) (4144 1312 -72 ) 
4 4 9 (4176 1376 -72 ) (4176 1360 -72 ) (4144 1360 -72 ) (4144 1376 -72 ) 
4 4 10 (4176 1360 -72 ) (4176 1312 -72 ) (4144 1312 -72 ) (4144 1360 -72 ) 
4 4 5 (4144 1184 0 ) (4144 1184 -72 ) (4176 1184 -72 ) (4176 1184 0 ) 
4 4 6 (4144 1184 0 ) (4144 1376 0 ) (4144 1376 -72 ) (4144 1184 -72 ) 
4 5 143 (4176 1024 0 ) (4144 1024 0 ) (4144 1024 -72 ) (4176 1024 -72 ) 
4 5 21 (4176 1168 -72 ) (4176 1024 -72 ) (4144 1024 -72 ) (4144 1168 -72 ) 
4 5 20 (4176 1184 -72 ) (4176 1168 -72 ) (4144 1168 -72 ) (4144 1184 -72 ) 
4 5 6 (4144 1024 0 ) (4144 1184 0 ) (4144 1184 -72 ) (4144 1024 -72 ) 
4 6 143 (4144 1024 0 ) (4096 1024 0 ) (4096 1024 -72 ) (4144 1024 -72 ) 
4 6 63 (4096 1024 -72 ) (4096 1024 0 ) (4096 1408 0 ) (4096 1408 -72 ) 
4 6 22 (4096 1024 -72 ) (4096 1184 -72 ) (4144 1184 -72 ) (4144 1024 -72 ) 
4 6 14 (4096 1184 -72 ) (4096 1312 -72 ) (4144 1312 -72 ) (4144 1184 -72 ) 
4 6 11 (4096 1312 -72 ) (4096 1408 -72 ) (4144 1408 -72 ) (4144 1312 -72 ) 
4 7 15 (4176 1408 -120 ) (4672 1408 -120 ) (4672 1312 -120 ) (4176 1312 -120 ) 
4 7 12 (4176 1312 -120 ) (4672 1312 -120 ) (4672 1312 -72 ) (4176 1312 -72 ) 
4 7 9 (4176 1376 -120 ) (4176 1360 -120 ) (4176 1360 -72 ) (4176 1376 -72 ) 
4 7 8 (4176 1408 -72 ) (4176 1408 -120 ) (4176 1376 -120 ) (4176 1376 -72 ) 
4 7 10 (4176 1360 -120 ) (4176 1312 -120 ) (4176 1312 -72 ) (4176 1360 -72 ) 
4 8 16 (4144 1408 -120 ) (4176 1408 -120 ) (4176 1376 -120 ) (4144 1376 -120 ) 
4 8 11 (4144 1408 -72 ) (4144 1408 -120 ) (4144 1376 -120 ) (4144 1376 -72 ) 
4 8 9 (4144 1376 -72 ) (4144 1376 -120 ) (4176 1376 -120 ) (4176 1376 -72 ) 
4 9 17 (4176 1376 -120 ) (4176 1360 -120 ) (4144 1360 -120 ) (4144 1376 -120 ) 
4 9 10 (4144 1360 -72 ) (4144 1360 -120 ) (4176 1360 -120 ) (4176 1360 -72 ) 
4 9 11 (4144 1376 -120 ) (4144 1360 -120 ) (4144 1360 -72 ) (4144 1376 -72 ) 
4 10 17 (4176 1360 -120 ) (4176 1312 -120 ) (4144 1312 -120 ) (4144 1360 -120 ) 
4 10 13 (4144 1312 -120 ) (4176 1312 -120 ) (4176 1312 -72 ) (4144 1312 -72 ) 
4 10 11 (4144 1360 -120 ) (4144 1312 -120 ) (4144 1312 -72 ) (4144 1360 -72 ) 
4 11 63 (4096 1312 -72 ) (4096 1408 -72 ) (4096 1408 -120 ) (4096 1312 -120 ) 
4 11 18 (4096 1312 -120 ) (4096 1408 -120 ) (4144 1408 -120 ) (4144 1312 -120 ) 
4 11 14 (4096 1312 -120 ) (4144 1312 -120 ) (4144 1312 -72 ) (4096 1312 -72 ) 
4 12 19 (4672 1184 -120 ) (4672 1184 -72 ) (4176 1184 -72 ) (4176 1184 -120 ) 
4 12 15 (4672 1184 -120 ) (4176 1184 -120 ) (4176 1312 -120 ) (4672 1312 -120 ) 
4 12 13 (4176 1312 -72 ) (4176 1312 -120 ) (4176 1184 -120 ) (4176 1184 -72 ) 
4 13 20 (4176 1184 -72 ) (4144 1184 -72 ) (4144 1184 -120 ) (4176 1184 -120 ) 
4 13 17 (4176 1184 -120 ) (4144 1184 -120 ) (4144 1312 -120 ) (4176 1312 -120 ) 
4 13 14 (4144 1312 -72 ) (4144 1312 -120 ) (4144 1184 -120 ) (4144 1184 -72 ) 
4 14 63 (4096 1184 -120 ) (4096 1184 -72 ) (4096 1312 -72 ) (4096 1312 -120 ) 
4 14 22 (4144 1184 -72 ) (4096 1184 -72 ) (4096 1184 -120 ) (4144 1184 -120 ) 
4 14 18 (4144 1184 -120 ) (4096 1184 -120 ) (4096 1312 -120 ) (4144 1312 -120 ) 
4 15 23 (4672 1184 -192 ) (4672 1184 -120 ) (4176 1184 -120 ) (4176 1184 -192 ) 
4 15 17 (4176 1376 -192 ) (4176 1184 -192 ) (4176 1184 -120 ) (4176 1376 -120 ) 
4 15 16 (4176 1408 -120 ) (4176 1408 -192 ) (4176 1376 -192 ) (4176 1376 -120 ) 
4 16 18 (4144 1408 -120 ) (4144 1408 -192 ) (4144 1376 -192 ) (4144 1376 -120 ) 
4 16 17 (4144 1376 -120 ) (4144 1376 -192 ) (4176 1376 -192 ) (4176 1376 -120 ) 
4 17 23 (4176 1184 -120 ) (4144 1184 -120 ) (4144 1184 -192 ) (4176 1184 -192 ) 
4 17 18 (4144 1376 -192 ) (4144 1184 -192 ) (4144 1184 -120 ) (4144 1376 -120 ) 
4 18 63 (4096 1184 -192 ) (4096 1184 -120 ) (4096 1408 -120 ) (4096 1408 -192 ) 
4 18 23 (4144 1184 -120 ) (4096 1184 -120 ) (4096 1184 -192 ) (4144 1184 -192 ) 
4 19 143 (4672 1024 -120 ) (4672 1024 -72 ) (4176 1024 -72 ) (4176 1024 -120 ) 
4 19 23 (4176 1184 -120 ) (4672 1184 -120 ) (4672 1024 -120 ) (4176 1024 -120 ) 
4 19 21 (4176 1168 -120 ) (4176 1024 -120 ) (4176 1024 -72 ) (4176 1168 -72 ) 
4 19 20 (4176 1184 -72 ) (4176 1184 -120 ) (4176 1168 -120 ) (4176 1168 -72 ) 
4 20 23 (4144 1184 -120 ) (4176 1184 -120 ) (4176 1168 -120 ) (4144 1168 -120 ) 
4 20 22 (4144 1184 -72 ) (4144 1184 -120 ) (4144 1168 -120 ) (4144 1168 -72 ) 
4 20 21 (4144 1168 -72 ) (4144 1168 -120 ) (4176 1168 -120 ) (4176 1168 -72 ) 
4 21 143 (4176 1024 -72 ) (4144 1024 -72 ) (4144 1024 -120 ) (4176 1024 -120 ) 
4 21 23 (4176 1168 -120 ) (4176 1024 -120 ) (4144 1024 -120 ) (4144 1168 -120 ) 
4 21 22 (4144 1168 -120 ) (4144 1024 -120 ) (4144 1024 -72 ) (4144 1168 -72 ) 
4 22 143 (4144 1024 -72 ) (4096 1024 -72 ) (4096 1024 -120 ) (4144 1024 -120 ) 
4 22 63 (4096 1024 -120 ) (4096 1024 -72 ) (4096 1184 -72 ) (4096 1184 -120 ) 
4 22 23 (4096 1024 -120 ) (4096 1184 -120 ) (4144 1184 -120 ) (4144 1024 -120 ) 
4 23 143 (4672 1024 -192 ) (4672 1024 -120 ) (4096 1024 -120 ) (4096 1024 -192 ) 
4 23 63 (4096 1024 -192 ) (4096 1024 -120 ) (4096 1184 -120 ) (4096 1184 -192 ) 
4 25 28 (3520 2272 96 ) (3520 2272 480 ) (3488 2272 480 ) (3488 2272 96 ) 
4 25 26 (3488 2280 96 ) (3488 2272 96 ) (3488 2272 480 ) (3488 2280 480 ) 
4 26 28 (3488 2272 -32 ) (3488 2272 480 ) (3456 2272 480 ) (3456 2272 -32 ) 
4 27 72 (3072 2272 -96 ) (3072 2272 32 ) (3072 2496 32 ) (3072 2496 -96 ) 
4 27 30 (3072 2272 32 ) (3072 2272 -96 ) (3136 2272 -96 ) (3136 2272 32 ) 
4 28 46 (3840 2048 -224 ) (3872 2048 -224 ) (3872 2048 -216 ) (3840 2048 -216 ) 
4 28 48 (3328 2048 -216 ) (3328 2048 -224 ) (3840 2048 -224 ) (3840 2048 -216 ) 
4 28 43 (3872 2048 -224 ) (4000 2048 -224 ) (4000 2048 -216 ) (3872 2048 -216 ) 
4 28 41 (4000 2048 -224 ) (4032 2048 -224 ) (4032 2048 -216 ) (4000 2048 -216 ) 
4 28 37 (3328 2048 416 ) (3328 2048 -216 ) (3336 2048 -216 ) (3336 2048 416 ) 
4 28 36 (3336 2048 -216 ) (4032 2048 -216 ) (4032 2048 416 ) (3336 2048 416 ) 
4 28 35 (3328 2048 544 ) (3328 2048 416 ) (3488 2048 416 ) (3488 2048 544 ) 
4 28 33 (3680 2048 416 ) (3968 2048 416 ) (3968 2048 544 ) (3680 2048 544 ) 
4 28 34 (3488 2048 416 ) (3680 2048 416 ) (3680 2048 544 ) (3488 2048 544 ) 
4 28 32 (3968 2048 416 ) (4032 2048 416 ) (4032 2048 544 ) (3968 2048 544 ) 
4 28 31 (3328 2048 608 ) (3328 2048 544 ) (4032 2048 544 ) (4032 2048 608 ) 
4 28 29 (3328 2240 -224 ) (3328 2112 -224 ) (3328 2112 -96 ) (3328 2240 -96 ) 
4 29 30 (3296 2240 -224 ) (3296 2112 -224 ) (3296 2112 -96 ) (3296 2240 -96 ) 
4 30 74 (3072 2048 -224 ) (3072 2048 -96 ) (3072 2272 -96 ) (3072 2272 -224 ) 
4 30 72 (3072 2048 -96 ) (3072 2048 32 ) (3072 2272 32 ) (3072 2272 -96 ) 
4 30 71 (3072 2048 32 ) (3072 2048 96 ) (3072 2272 96 ) (3072 2272 32 ) 
4 30 68 (3072 2048 96 ) (3072 2048 -224 ) (3296 2048 -224 ) (3296 2048 96 ) 
4 31 35 (3328 1568 544 ) (3328 2048 544 ) (3488 2048 544 ) (3488 1568 544 ) 
4 31 33 (3680 2048 544 ) (3968 2048 544 ) (3968 1568 544 ) (3680 1568 544 ) 
4 31 34 (3488 2048 544 ) (3680 2048 544 ) (3680 1568 544 ) (3488 1568 544 ) 
4 31 32 (3968 2048 544 ) (4032 2048 544 ) (4032 1568 544 ) (3968 1568 544 ) 
4 32 36 (3968 1568 416 ) (3968 2048 416 ) (4032 2048 416 ) (4032 1568 416 ) 
4 32 33 (3968 2048 416 ) (3968 1568 416 ) (3968 1568 544 ) (3968 2048 544 ) 
4 33 36 (3680 1568 416 ) (3680 2048 416 ) (3968 2048 416 ) (3968 1568 416 ) 
4 33 34 (3680 2048 416 ) (3680 1568 416 ) (3680 1568 544 ) (3680 2048 544 ) 
4 34 51 (3488 1504 416 ) (3584 1504 416 ) (3584 1504 544 ) (3488 1504 544 ) 
4 34 50 (3584 1504 416 ) (3680 1504 416 ) (3680 1504 544 ) (3584 1504 544 ) 
4 34 36 (3488 1568 416 ) (3488 2048 416 ) (3680 2048 416 ) (3680 1568 416 ) 
4 34 35 (3488 2048 416 ) (3488 1568 416 ) (3488 1568 544 ) (3488 2048 544 ) 
4 35 38 (3328 1632 416 ) (3328 1760 416 ) (3336 1760 416 ) (3336 1632 416 ) 
4 35 37 (3328 1760 416 ) (3328 2048 416 ) (3336 2048 416 ) (3336 1760 416 ) 
4 35 40 (3328 1568 416 ) (3328 1632 416 ) (3336 1632 416 ) (3336 1568 416 ) 
4 35 36 (3336 2048 416 ) (3488 2048 416 ) (3488 1568 416 ) (3336 1568 416 ) 
4 36 49 (3336 1568 160 ) (3336 1568 -216 ) (3968 1568 -216 ) (3968 1568 160 ) 
4 36 46 (3840 1760 -216 ) (3840 2048 -216 ) (3872 2048 -216 ) (3872 1760 -216 ) 
4 36 47 (3872 1568 -216 ) (3840 1568 -216 ) (3840 1632 -216 ) (3872 1632 -216 ) 
4 36 48 (3840 1568 -216 ) (3336 1568 -216 ) (3336 2048 -216 ) (3840 2048 -216 ) 
4 36 45 (4000 1568 -216 ) (3872 1568 -216 ) (3872 1632 -216 ) (4000 1632 -216 ) 
4 36 43 (3872 1760 -216 ) (3872 2048 -216 ) (4000 2048 -216 ) (4000 1760 -216 ) 
4 36 44 (3872 1664 -216 ) (3872 1728 -216 ) (4000 1728 -216 ) (4000 1664 -216 ) 
4 36 41 (4032 2048 -216 ) (4032 1760 -216 ) (4000 1760 -216 ) (4000 2048 -216 ) 
4 36 42 (4032 1632 -216 ) (4032 1568 -216 ) (4000 1568 -216 ) (4000 1632 -216 ) 
4 36 38 (3336 1632 288 ) (3336 1632 416 ) (3336 1760 416 ) (3336 1760 288 ) 
4 36 39 (3336 1760 -216 ) (3336 1632 -216 ) (3336 1632 160 ) (3336 1760 160 ) 
4 36 37 (3336 2048 -216 ) (3336 1760 -216 ) (3336 1760 416 ) (3336 2048 416 ) 
4 36 40 (3336 1632 -216 ) (3336 1568 -216 ) (3336 1568 416 ) (3336 1632 416 ) 
4 37 66 (3328 2048 -96 ) (3328 2048 -216 ) (3328 1792 -216 ) (3328 1792 -96 ) 
4 37 48 (3328 1760 -216 ) (3328 2048 -216 ) (3336 2048 -216 ) (3336 1760 -216 ) 
4 37 38 (3336 1760 288 ) (3336 1760 416 ) (3328 1760 416 ) (3328 1760 288 ) 
4 37 39 (3328 1760 -216 ) (3336 1760 -216 ) (3336 1760 160 ) (3328 1760 160 ) 
4 38 40 (3336 1632 288 ) (3336 1632 416 ) (3328 1632 416 ) (3328 1632 288 ) 
4 39 48 (3328 1632 -216 ) (3328 1760 -216 ) (3336 1760 -216 ) (3336 1632 -216 ) 
4 39 40 (3328 1632 -216 ) (3336 1632 -216 ) (3336 1632 160 ) (3328 1632 160 ) 
4 40 49 (3328 1568 160 ) (3328 1568 -216 ) (3336 1568 -216 ) (3336 1568 160 ) 
4 40 48 (3336 1568 -216 ) (3328 1568 -216 ) (3328 1632 -216 ) (3336 1632 -216 ) 
4 41 43 (4000 2048 -224 ) (4000 1760 -224 ) (4000 1760 -216 ) (4000 2048 -216 ) 
4 42 45 (4000 1632 -224 ) (4000 1568 -224 ) (4000 1568 -216 ) (4000 1632 -216 ) 
4 43 46 (3872 2048 -224 ) (3872 1760 -224 ) (3872 1760 -216 ) (3872 2048 -216 ) 
4 44 70 (4000 1728 -224 ) (4000 1664 -224 ) (3872 1664 -224 ) (3872 1728 -224 ) 
4 45 49 (3872 1568 -224 ) (3968 1568 -224 ) (3968 1568 -216 ) (3872 1568 -216 ) 
4 45 47 (3872 1632 -224 ) (3872 1568 -224 ) (3872 1568 -216 ) (3872 1632 -216 ) 
4 46 48 (3840 2048 -224 ) (3840 1760 -224 ) (3840 1760 -216 ) (3840 2048 -216 ) 
4 47 49 (3840 1568 -224 ) (3872 1568 -224 ) (3872 1568 -216 ) (3840 1568 -216 ) 
4 47 48 (3840 1632 -224 ) (3840 1568 -224 ) (3840 1568 -216 ) (3840 1632 -216 ) 
4 48 66 (3328 2048 -224 ) (3328 1792 -224 ) (3328 1792 -216 ) (3328 2048 -216 ) 
4 48 49 (3328 1568 -216 ) (3328 1568 -224 ) (3840 1568 -224 ) (3840 1568 -216 ) 
4 49 54 (3584 1504 -224 ) (3776 1504 -224 ) (3776 1504 96 ) (3584 1504 96 ) 
4 50 52 (3680 1472 416 ) (3680 1472 544 ) (3584 1472 544 ) (3584 1472 416 ) 
4 50 51 (3584 1472 416 ) (3584 1472 544 ) (3584 1504 544 ) (3584 1504 416 ) 
4 51 52 (3584 1472 416 ) (3584 1472 544 ) (3488 1472 544 ) (3488 1472 416 ) 
4 53 61 (3552 1408 96 ) (3808 1408 96 ) (3808 1408 224 ) (3552 1408 224 ) 
4 53 58 (3776 1408 96 ) (3744 1408 96 ) (3744 1440 96 ) (3776 1440 96 ) 
4 53 59 (3744 1408 96 ) (3552 1408 96 ) (3552 1440 96 ) (3744 1440 96 ) 
4 53 57 (3552 1440 96 ) (3552 1472 96 ) (3744 1472 96 ) (3744 1440 96 ) 
4 53 55 (3744 1472 96 ) (3776 1472 96 ) (3776 1440 96 ) (3744 1440 96 ) 
4 54 57 (3744 1472 96 ) (3584 1472 96 ) (3584 1472 -224 ) (3744 1472 -224 ) 
4 54 55 (3776 1472 96 ) (3744 1472 96 ) (3744 1472 32 ) (3776 1472 32 ) 
4 55 58 (3776 1440 96 ) (3744 1440 96 ) (3744 1440 32 ) (3776 1440 32 ) 
4 55 57 (3744 1472 96 ) (3744 1472 32 ) (3744 1440 0 ) (3744 1440 96 ) 
3 56 57 (3744 1472 -224 ) (3744 1440 -224 ) (3744 1440 -192 ) 
4 57 59 (3744 1440 96 ) (3552 1440 96 ) (3552 1440 -224 ) (3744 1440 -224 ) 
4 58 62 (3776 1408 96 ) (3744 1408 96 ) (3744 1408 32 ) (3776 1408 32 ) 
4 58 59 (3744 1440 96 ) (3744 1440 32 ) (3744 1408 32 ) (3744 1408 96 ) 
4 59 64 (3552 1408 -224 ) (3744 1408 -224 ) (3744 1408 32 ) (3552 1408 32 ) 
4 59 62 (3744 1408 32 ) (3744 1408 96 ) (3552 1408 96 ) (3552 1408 32 ) 
4 60 165 (3584 1024 288 ) (3552 1024 288 ) (3552 1024 224 ) (3584 1024 224 ) 
4 60 61 (3552 1408 224 ) (3584 1408 224 ) (3584 1024 224 ) (3552 1024 224 ) 
4 61 166 (3808 1024 224 ) (3552 1024 224 ) (3552 1024 96 ) (3808 1024 96 ) 
4 61 62 (3776 1024 96 ) (3552 1024 96 ) (3552 1408 96 ) (3776 1408 96 ) 
4 62 169 (3744 1024 96 ) (3552 1024 96 ) (3552 1024 32 ) (3744 1024 32 ) 
4 62 167 (3776 1024 96 ) (3744 1024 96 ) (3744 1024 32 ) (3776 1024 32 ) 
4 62 64 (3552 1408 32 ) (3744 1408 32 ) (3744 1024 32 ) (3552 1024 32 ) 
4 63 168 (4096 1024 -192 ) (4096 1024 0 ) (3744 1024 0 ) (3744 1024 -192 ) 
4 63 64 (3744 1408 0 ) (3744 1408 -192 ) (3744 1024 -192 ) (3744 1024 0 ) 
4 64 169 (3744 1024 32 ) (3552 1024 32 ) (3552 1024 -224 ) (3744 1024 -224 ) 
4 64 65 (3552 1408 0 ) (3552 1408 -192 ) (3552 1024 -192 ) (3552 1024 0 ) 
4 65 177 (3328 1024 -120 ) (3328 1024 -192 ) (3552 1024 -192 ) (3552 1024 -120 ) 
4 65 171 (3328 1024 0 ) (3328 1024 -120 ) (3552 1024 -120 ) (3552 1024 0 ) 
4 65 67 (3328 1024 -192 ) (3328 1024 0 ) (3328 1408 0 ) (3328 1408 -192 ) 
4 66 68 (3296 2048 -96 ) (3296 2048 -224 ) (3296 1792 -224 ) (3296 1792 -96 ) 
4 67 177 (3296 1024 -120 ) (3296 1024 -192 ) (3328 1024 -192 ) (3328 1024 -120 ) 
4 67 171 (3296 1024 0 ) (3296 1024 -120 ) (3328 1024 -120 ) (3328 1024 0 ) 
4 67 69 (3296 1024 -192 ) (3296 1024 0 ) (3296 1408 0 ) (3296 1408 -192 ) 
4 68 103 (3072 2048 96 ) (3072 2048 -224 ) (3072 1760 -224 ) (3072 1760 96 ) 
4 69 177 (3072 1024 -120 ) (3072 1024 -192 ) (3296 1024 -192 ) (3296 1024 -120 ) 
4 69 172 (3120 1024 -120 ) (3152 1024 -120 ) (3152 1024 0 ) (3120 1024 0 ) 
4 69 171 (3152 1024 -120 ) (3296 1024 -120 ) (3296 1024 0 ) (3152 1024 0 ) 
4 69 176 (3072 1024 0 ) (3072 1024 -120 ) (3120 1024 -120 ) (3120 1024 0 ) 
4 69 104 (3072 1024 -192 ) (3072 1024 0 ) (3072 1408 0 ) (3072 1408 -192 ) 
4 71 103 (3072 2048 32 ) (3072 2048 96 ) (2816 2048 96 ) (2816 2048 32 ) 
4 71 73 (2816 2048 32 ) (2816 2272 32 ) (2944 2272 32 ) (2944 2048 32 ) 
4 71 72 (2944 2272 32 ) (3072 2272 32 ) (3072 2048 32 ) (2944 2048 32 ) 
4 72 103 (3072 2048 -96 ) (3072 2048 32 ) (2944 2048 32 ) (2944 2048 -96 ) 
4 72 74 (3072 2048 -96 ) (2944 2048 -96 ) (2944 2272 -96 ) (3072 2272 -96 ) 
4 72 73 (2944 2272 -96 ) (2944 2048 -96 ) (2944 2048 32 ) (2944 2272 32 ) 
4 73 103 (2944 2048 32 ) (2816 2048 32 ) (2816 2048 -96 ) (2944 2048 -96 ) 
4 73 74 (2944 2048 -96 ) (2816 2048 -96 ) (2816 2272 -96 ) (2944 2272 -96 ) 
4 74 103 (3072 2048 -224 ) (3072 2048 -96 ) (2816 2048 -96 ) (2816 2048 -224 ) 
4 74 76 (2816 2048 -224 ) (2816 2048 -96 ) (2816 2088 -96 ) (2816 2088 -224 ) 
4 74 75 (2816 2088 -96 ) (2816 2112 -96 ) (2816 2112 -224 ) (2816 2088 -224 ) 
4 75 76 (2814 2088 -224 ) (2816 2088 -224 ) (2816 2088 -96 ) (2814 2088 -96 ) 
4 76 105 (2816 2048 -224 ) (2816 2048 -96 ) (2814 2048 -96 ) (2814 2048 -224 ) 
4 76 77 (2814 2088 -108 ) (2814 2088 -224 ) (2814 2048 -224 ) (2814 2048 -108 ) 
4 77 106 (2800 2048 -108 ) (2800 2048 -224 ) (2814 2048 -224 ) (2814 2048 -108 ) 
4 77 78 (2800 2048 -224 ) (2800 2048 -108 ) (2800 2088 -108 ) (2800 2088 -224 ) 
4 78 110 (2800 2048 -224 ) (2800 2048 -96 ) (2784 2048 -96 ) (2784 2048 -224 ) 
4 78 79 (2784 2064 -96 ) (2784 2112 -96 ) (2784 2112 -224 ) (2784 2064 -224 ) 
4 78 81 (2784 2048 -224 ) (2784 2048 -96 ) (2784 2064 -96 ) (2784 2064 -224 ) 
5 79 101 (2584 2288 -292 ) (2784 2288 -292 ) (2784 2064 -292 ) (2629 2064 -292 ) (2584 2136 -292 ) 
4 79 80 (2604 2104 -292 ) (2629 2064 -292 ) (2629 2064 288 ) (2604 2104 288 ) 
4 79 81 (2629 2064 -292 ) (2784 2064 -292 ) (2784 2064 288 ) (2629 2064 288 ) 
4 79 82 (2584 2288 -292 ) (2584 2136 -292 ) (2584 2136 288 ) (2584 2288 288 ) 
3 80 101 (2629 2064 -292 ) (2616 2064 -292 ) (2604 2104 -292 ) 
4 80 81 (2616 2064 -292 ) (2629 2064 -292 ) (2629 2064 288 ) (2616 2064 288 ) 
4 81 114 (2624 2048 288 ) (2584 2048 288 ) (2584 2048 -292 ) (2624 2048 -292 ) 
4 81 112 (2784 2048 -292 ) (2784 2048 288 ) (2624 2048 288 ) (2624 2048 -292 ) 
4 81 101 (2784 2064 -292 ) (2784 2048 -292 ) (2584 2048 -292 ) (2584 2064 -292 ) 
4 81 82 (2584 2064 -292 ) (2584 2048 -292 ) (2584 2048 288 ) (2584 2064 288 ) 
4 82 118 (2584 2048 288 ) (2376 2048 288 ) (2376 2048 -292 ) (2584 2048 -292 ) 
4 82 101 (2376 2288 -292 ) (2584 2288 -292 ) (2584 2048 -292 ) (2376 2048 -292 ) 
4 82 97 (2376 2288 -292 ) (2376 2216 -292 ) (2376 2216 -274 ) (2376 2288 -274 ) 
4 82 100 (2376 2216 -292 ) (2376 2048 -292 ) (2376 2048 -274 ) (2376 2216 -274 ) 
4 82 94 (2376 2216 -166 ) (2376 2220 -166 ) (2376 2220 -274 ) (2376 2216 -274 ) 
4 82 96 (2376 2048 -274 ) (2376 2048 -166 ) (2376 2216 -166 ) (2376 2216 -274 ) 
4 82 91 (2376 2220 -166 ) (2376 2288 -166 ) (2376 2288 -274 ) (2376 2220 -274 ) 
4 82 86 (2376 2216 -70 ) (2376 2288 -70 ) (2376 2288 -166 ) (2376 2216 -166 ) 
4 82 89 (2376 2048 -166 ) (2376 2048 -70 ) (2376 2216 -70 ) (2376 2216 -166 ) 
4 82 84 (2376 2288 -38 ) (2376 2288 -70 ) (2376 2248 -70 ) (2376 2248 -38 ) 
4 82 83 (2376 2128 288 ) (2376 2288 288 ) (2376 2288 -38 ) (2376 2128 -38 ) 
4 82 85 (2376 2048 -70 ) (2376 2048 288 ) (2376 2128 288 ) (2376 2128 -70 ) 
4 83 84 (2184 2248 -38 ) (2184 2288 -38 ) (2376 2288 -38 ) (2376 2248 -38 ) 
4 83 85 (2184 2128 288 ) (2184 2128 -38 ) (2376 2128 -38 ) (2376 2128 288 ) 
4 83 90 (2184 2128 288 ) (2184 2288 288 ) (2184 2288 -38 ) (2184 2128 -38 ) 
4 84 87 (2244 2288 -70 ) (2316 2288 -70 ) (2316 2248 -70 ) (2244 2248 -70 ) 
4 84 86 (2316 2288 -70 ) (2376 2288 -70 ) (2376 2248 -70 ) (2316 2248 -70 ) 
4 84 88 (2184 2248 -70 ) (2184 2288 -70 ) (2244 2288 -70 ) (2244 2248 -70 ) 
4 84 90 (2184 2288 -38 ) (2184 2288 -70 ) (2184 2248 -70 ) (2184 2248 -38 ) 
4 85 119 (2376 2048 288 ) (2184 2048 288 ) (2184 2048 -70 ) (2376 2048 -70 ) 
4 85 89 (2184 2048 -70 ) (2184 2128 -70 ) (2376 2128 -70 ) (2376 2048 -70 ) 
4 85 90 (2184 2048 -70 ) (2184 2048 288 ) (2184 2128 288 ) (2184 2128 -70 ) 
4 86 94 (2376 2220 -166 ) (2376 2216 -166 ) (2316 2216 -166 ) (2316 2220 -166 ) 
4 86 91 (2316 2288 -166 ) (2376 2288 -166 ) (2376 2220 -166 ) (2316 2220 -166 ) 
4 86 87 (2316 2216 -162 ) (2316 2216 -70 ) (2316 2288 -70 ) (2316 2288 -162 ) 
4 86 89 (2376 2216 -70 ) (2316 2216 -70 ) (2316 2216 -166 ) (2376 2216 -166 ) 
4 87 89 (2316 2216 -70 ) (2244 2216 -70 ) (2244 2216 -162 ) (2316 2216 -162 ) 
4 87 88 (2244 2216 -162 ) (2244 2216 -70 ) (2244 2288 -70 ) (2244 2288 -162 ) 
4 88 95 (2244 2220 -166 ) (2244 2216 -166 ) (2184 2216 -166 ) (2184 2220 -166 ) 
4 88 93 (2184 2288 -166 ) (2244 2288 -166 ) (2244 2220 -166 ) (2184 2220 -166 ) 
4 88 89 (2244 2216 -70 ) (2184 2216 -70 ) (2184 2216 -166 ) (2244 2216 -166 ) 
4 88 90 (2184 2288 -166 ) (2184 2216 -166 ) (2184 2216 -70 ) (2184 2288 -70 ) 
4 89 122 (2184 2048 -70 ) (2184 2048 -166 ) (2376 2048 -166 ) (2376 2048 -70 ) 
4 89 96 (2376 2216 -166 ) (2376 2048 -166 ) (2184 2048 -166 ) (2184 2216 -166 ) 
4 89 90 (2184 2216 -166 ) (2184 2048 -166 ) (2184 2048 -70 ) (2184 2216 -70 ) 
4 90 126 (2184 2048 288 ) (2048 2048 288 ) (2048 2048 -166 ) (2184 2048 -166 ) 
4 90 102 (2048 2048 -166 ) (2048 2048 288 ) (2048 2288 288 ) (2048 2288 -166 ) 
4 90 95 (2184 2220 -166 ) (2184 2216 -166 ) (2048 2216 -166 ) (2048 2220 -166 ) 
4 90 96 (2184 2216 -166 ) (2184 2048 -166 ) (2048 2048 -166 ) (2048 2216 -166 ) 
4 90 93 (2048 2288 -166 ) (2184 2288 -166 ) (2184 2220 -166 ) (2048 2220 -166 ) 
4 91 97 (2316 2288 -274 ) (2376 2288 -274 ) (2376 2220 -274 ) (2316 2220 -274 ) 
4 91 94 (2316 2220 -274 ) (2376 2220 -274 ) (2376 2220 -166 ) (2316 2220 -166 ) 
4 93 102 (2048 2220 -166 ) (2048 2288 -166 ) (2048 2288 -274 ) (2048 2220 -274 ) 
4 93 99 (2048 2220 -274 ) (2048 2288 -274 ) (2244 2288 -274 ) (2244 2220 -274 ) 
4 93 95 (2048 2220 -274 ) (2244 2220 -274 ) (2244 2220 -166 ) (2048 2220 -166 ) 
4 94 97 (2316 2220 -274 ) (2376 2220 -274 ) (2376 2216 -274 ) (2316 2216 -274 ) 
4 94 96 (2316 2216 -274 ) (2376 2216 -274 ) (2376 2216 -166 ) (2316 2216 -166 ) 
4 95 102 (2048 2216 -166 ) (2048 2220 -166 ) (2048 2220 -274 ) (2048 2216 -274 ) 
4 95 99 (2048 2216 -274 ) (2048 2220 -274 ) (2244 2220 -274 ) (2244 2216 -274 ) 
4 95 96 (2048 2216 -274 ) (2244 2216 -274 ) (2244 2216 -166 ) (2048 2216 -166 ) 
4 96 127 (2048 2048 -166 ) (2048 2048 -274 ) (2376 2048 -274 ) (2376 2048 -166 ) 
4 96 102 (2048 2048 -274 ) (2048 2048 -166 ) (2048 2216 -166 ) (2048 2216 -274 ) 
4 96 100 (2048 2048 -274 ) (2048 2216 -274 ) (2376 2216 -274 ) (2376 2048 -274 ) 
4 97 101 (2316 2288 -292 ) (2376 2288 -292 ) (2376 2216 -292 ) (2316 2216 -292 ) 
4 97 98 (2316 2288 -292 ) (2316 2216 -292 ) (2316 2216 -278 ) (2316 2288 -278 ) 
4 97 100 (2316 2216 -292 ) (2376 2216 -292 ) (2376 2216 -274 ) (2316 2216 -274 ) 
4 98 101 (2244 2288 -292 ) (2316 2288 -292 ) (2316 2216 -292 ) (2244 2216 -292 ) 
4 98 100 (2244 2216 -292 ) (2316 2216 -292 ) (2316 2216 -278 ) (2244 2216 -278 ) 
4 98 99 (2244 2288 -292 ) (2244 2216 -292 ) (2244 2216 -278 ) (2244 2288 -278 ) 
4 99 102 (2048 2216 -274 ) (2048 2288 -274 ) (2048 2288 -292 ) (2048 2216 -292 ) 
4 99 101 (2048 2288 -292 ) (2244 2288 -292 ) (2244 2216 -292 ) (2048 2216 -292 ) 
4 99 100 (2048 2216 -292 ) (2244 2216 -292 ) (2244 2216 -274 ) (2048 2216 -274 ) 
4 100 136 (2048 2048 -278 ) (2048 2048 -292 ) (2376 2048 -292 ) (2376 2048 -278 ) 
4 100 133 (2048 2048 -274 ) (2048 2048 -278 ) (2376 2048 -278 ) (2376 2048 -274 ) 
4 100 102 (2048 2048 -292 ) (2048 2048 -274 ) (2048 2216 -274 ) (2048 2216 -292 ) 
4 100 101 (2376 2216 -292 ) (2376 2048 -292 ) (2048 2048 -292 ) (2048 2216 -292 ) 
4 101 136 (2376 2048 -292 ) (2048 2048 -292 ) (2048 2048 -480 ) (2376 2048 -480 ) 
4 101 114 (2624 2048 -292 ) (2584 2048 -292 ) (2584 2048 -480 ) (2624 2048 -480 ) 
4 101 118 (2584 2048 -292 ) (2376 2048 -292 ) (2376 2048 -480 ) (2584 2048 -480 ) 
4 101 112 (2784 2048 -480 ) (2784 2048 -292 ) (2624 2048 -292 ) (2624 2048 -480 ) 
4 101 102 (2048 2048 -480 ) (2048 2048 -292 ) (2048 2288 -292 ) (2048 2288 -480 ) 
4 102 142 (2048 2048 -480 ) (2048 2048 -204 ) (1920 2048 -204 ) (1920 2048 -480 ) 
4 102 138 (2048 2048 -204 ) (2048 2048 -108 ) (1920 2048 -108 ) (1920 2048 -204 ) 
4 102 137 (2048 2048 -108 ) (2048 2048 288 ) (1920 2048 288 ) (1920 2048 -108 ) 
4 103 108 (2816 1824 -224 ) (2816 1760 -224 ) (2816 1760 32 ) (2816 1824 32 ) 
4 103 107 (2816 1944 -224 ) (2816 1920 -224 ) (2816 1920 -96 ) (2816 1944 -96 ) 
4 103 105 (2816 2048 -96 ) (2816 2048 -224 ) (2816 1944 -224 ) (2816 1944 -96 ) 
4 104 184 (3072 1024 -192 ) (3072 1024 0 ) (2816 1024 0 ) (2816 1024 -192 ) 
4 104 109 (2816 1024 -192 ) (2816 1024 0 ) (2816 1408 0 ) (2816 1408 -192 ) 
4 105 107 (2814 1944 -224 ) (2816 1944 -224 ) (2816 1944 -96 ) (2814 1944 -96 ) 
4 105 106 (2814 2048 -224 ) (2814 1944 -224 ) (2814 1944 -108 ) (2814 2048 -108 ) 
4 106 110 (2800 2048 -108 ) (2800 2048 -224 ) (2800 1944 -224 ) (2800 1944 -108 ) 
4 109 184 (2816 1024 -192 ) (2816 1024 0 ) (2800 1024 0 ) (2800 1024 -192 ) 
4 109 111 (2800 1024 -192 ) (2800 1024 0 ) (2800 1408 0 ) (2800 1408 -192 ) 
4 110 112 (2784 2048 -96 ) (2784 2048 -224 ) (2784 1920 -224 ) (2784 1920 -96 ) 
4 111 184 (2800 1024 -192 ) (2800 1024 0 ) (2784 1024 0 ) (2784 1024 -192 ) 
4 111 113 (2784 1408 0 ) (2784 1408 -192 ) (2784 1024 -192 ) (2784 1024 0 ) 
4 112 115 (2624 1744 -292 ) (2624 1744 288 ) (2624 1968 288 ) (2624 1968 -292 ) 
4 112 117 (2624 1968 -480 ) (2624 1744 -480 ) (2624 1744 -292 ) (2624 1968 -292 ) 
4 112 114 (2624 2048 288 ) (2624 2048 -480 ) (2624 1968 -480 ) (2624 1968 288 ) 
4 113 184 (2784 1024 -192 ) (2784 1024 0 ) (2624 1024 0 ) (2624 1024 -192 ) 
4 114 115 (2616 1968 -292 ) (2624 1968 -292 ) (2624 1968 288 ) (2616 1968 288 ) 
4 114 117 (2584 1968 -292 ) (2584 1968 -480 ) (2624 1968 -480 ) (2624 1968 -292 ) 
4 114 118 (2584 2048 -480 ) (2584 1968 -480 ) (2584 1968 288 ) (2584 2048 288 ) 
4 115 116 (2603.996338 1927.994019 -292 ) (2584 1861.339844 -292 ) (2584 1861.339844 288 ) (2603.996338 1927.994019 288 ) 
5 115 117 (2624 1744 -292 ) (2584 1744 -292 ) (2584 1861.332520 -292 ) (2616 1968 -292 ) (2624 1968 -292 ) 
4 115 118 (2584 1744 -292 ) (2584 1744 288 ) (2584 1861.332520 288 ) (2584 1861.332520 -292 ) 
4 116 118 (2584 1861.332520 288 ) (2584 1896 288 ) (2584 1896 -292 ) (2584 1861.332520 -292 ) 
3 116 117 (2584 1861.332520 -292 ) (2584 1896 -292 ) (2604 1928 -292 ) 
4 117 118 (2584 1968 -480 ) (2584 1744 -480 ) (2584 1744 -292 ) (2584 1968 -292 ) 
4 118 136 (2376 1744 -480 ) (2376 1744 -278 ) (2376 2048 -278 ) (2376 2048 -480 ) 
4 118 134 (2376 1744 -278 ) (2376 1744 -274 ) (2376 1816 -274 ) (2376 1816 -278 ) 
4 118 133 (2376 1816 -274 ) (2376 2048 -274 ) (2376 2048 -278 ) (2376 1816 -278 ) 
4 118 130 (2376 1744 -274 ) (2376 1744 -166 ) (2376 1812 -166 ) (2376 1812 -274 ) 
4 118 128 (2376 1812 -166 ) (2376 1816 -166 ) (2376 1816 -274 ) (2376 1812 -274 ) 
4 118 127 (2376 1816 -166 ) (2376 2048 -166 ) (2376 2048 -274 ) (2376 1816 -274 ) 
4 118 123 (2376 1744 -166 ) (2376 1744 -70 ) (2376 1816 -70 ) (2376 1816 -166 ) 
4 118 122 (2376 1816 -70 ) (2376 2048 -70 ) (2376 2048 -166 ) (2376 1816 -166 ) 
4 118 121 (2376 1744 -70 ) (2376 1744 -38 ) (2376 1784 -38 ) (2376 1784 -70 ) 
4 118 120 (2376 1744 -38 ) (2376 1744 288 ) (2376 1904 288 ) (2376 1904 -38 ) 
4 118 119 (2376 1904 288 ) (2376 2048 288 ) (2376 2048 -70 ) (2376 1904 -70 ) 
4 119 122 (2184 1904 -70 ) (2184 2048 -70 ) (2376 2048 -70 ) (2376 1904 -70 ) 
4 119 120 (2184 1904 288 ) (2184 1904 -38 ) (2376 1904 -38 ) (2376 1904 288 ) 
4 119 126 (2184 1904 288 ) (2184 2048 288 ) (2184 2048 -70 ) (2184 1904 -70 ) 
4 120 121 (2184 1744 -38 ) (2184 1784 -38 ) (2376 1784 -38 ) (2376 1744 -38 ) 
4 120 126 (2184 1744 -38 ) (2184 1744 288 ) (2184 1904 288 ) (2184 1904 -38 ) 
4 121 124 (2244 1784 -70 ) (2316 1784 -70 ) (2316 1744 -70 ) (2244 1744 -70 ) 
4 121 123 (2316 1784 -70 ) (2376 1784 -70 ) (2376 1744 -70 ) (2316 1744 -70 ) 
4 121 125 (2184 1744 -70 ) (2184 1784 -70 ) (2244 1784 -70 ) (2244 1744 -70 ) 
4 121 126 (2184 1744 -70 ) (2184 1744 -38 ) (2184 1784 -38 ) (2184 1784 -70 ) 
4 122 127 (2184 2048 -166 ) (2376 2048 -166 ) (2376 1816 -166 ) (2184 1816 -166 ) 
4 122 124 (2316 1816 -70 ) (2244 1816 -70 ) (2244 1816 -162 ) (2316 1816 -162 ) 
4 122 123 (2376 1816 -70 ) (2316 1816 -70 ) (2316 1816 -166 ) (2376 1816 -166 ) 
4 122 125 (2244 1816 -70 ) (2184 1816 -70 ) (2184 1816 -166 ) (2244 1816 -166 ) 
4 122 126 (2184 2048 -166 ) (2184 1816 -166 ) (2184 1816 -70 ) (2184 2048 -70 ) 
4 123 130 (2376 1812 -166 ) (2376 1744 -166 ) (2316 1744 -166 ) (2316 1812 -166 ) 
4 123 128 (2376 1816 -166 ) (2376 1812 -166 ) (2316 1812 -166 ) (2316 1816 -166 ) 
4 123 124 (2316 1816 -70 ) (2316 1816 -162 ) (2316 1744 -162 ) (2316 1744 -70 ) 
4 124 125 (2244 1816 -70 ) (2244 1816 -162 ) (2244 1744 -162 ) (2244 1744 -70 ) 
4 125 132 (2244 1744 -166 ) (2184 1744 -166 ) (2184 1812 -166 ) (2244 1812 -166 ) 
4 125 129 (2184 1812 -166 ) (2184 1816 -166 ) (2244 1816 -166 ) (2244 1812 -166 ) 
4 125 126 (2184 1816 -166 ) (2184 1744 -166 ) (2184 1744 -70 ) (2184 1816 -70 ) 
4 126 141 (2048 1760 -166 ) (2048 1744 -166 ) (2048 1744 -108 ) (2048 1760 -108 ) 
4 126 139 (2048 1936 -166 ) (2048 1760 -166 ) (2048 1760 -108 ) (2048 1936 -108 ) 
4 126 138 (2048 2048 -108 ) (2048 2048 -166 ) (2048 1936 -166 ) (2048 1936 -108 ) 
4 126 137 (2048 2048 288 ) (2048 2048 -108 ) (2048 1744 -108 ) (2048 1744 288 ) 
4 126 132 (2184 1812 -166 ) (2184 1744 -166 ) (2048 1744 -166 ) (2048 1812 -166 ) 
4 126 129 (2184 1816 -166 ) (2184 1812 -166 ) (2048 1812 -166 ) (2048 1816 -166 ) 
4 126 127 (2048 2048 -166 ) (2184 2048 -166 ) (2184 1816 -166 ) (2048 1816 -166 ) 
4 127 142 (2048 2048 -204 ) (2048 2048 -274 ) (2048 1816 -274 ) (2048 1816 -204 ) 
4 127 139 (2048 1936 -204 ) (2048 1816 -204 ) (2048 1816 -166 ) (2048 1936 -166 ) 
4 127 138 (2048 2048 -166 ) (2048 2048 -204 ) (2048 1936 -204 ) (2048 1936 -166 ) 
4 127 133 (2376 2048 -274 ) (2376 1816 -274 ) (2048 1816 -274 ) (2048 2048 -274 ) 
4 127 128 (2316 1816 -274 ) (2376 1816 -274 ) (2376 1816 -166 ) (2316 1816 -166 ) 
4 127 129 (2048 1816 -274 ) (2244 1816 -274 ) (2244 1816 -166 ) (2048 1816 -166 ) 
4 128 134 (2376 1816 -274 ) (2376 1812 -274 ) (2316 1812 -274 ) (2316 1816 -274 ) 
4 128 130 (2316 1812 -274 ) (2376 1812 -274 ) (2376 1812 -166 ) (2316 1812 -166 ) 
4 129 142 (2048 1816 -274 ) (2048 1812 -274 ) (2048 1812 -204 ) (2048 1816 -204 ) 
4 129 139 (2048 1812 -204 ) (2048 1812 -166 ) (2048 1816 -166 ) (2048 1816 -204 ) 
4 129 135 (2244 1812 -274 ) (2048 1812 -274 ) (2048 1816 -274 ) (2244 1816 -274 ) 
4 129 132 (2048 1812 -274 ) (2244 1812 -274 ) (2244 1812 -166 ) (2048 1812 -166 ) 
4 130 134 (2376 1812 -274 ) (2376 1744 -274 ) (2316 1744 -274 ) (2316 1812 -274 ) 
4 132 142 (2048 1812 -274 ) (2048 1744 -274 ) (2048 1744 -204 ) (2048 1812 -204 ) 
4 132 141 (2048 1744 -204 ) (2048 1744 -166 ) (2048 1760 -166 ) (2048 1760 -204 ) 
4 132 139 (2048 1760 -166 ) (2048 1812 -166 ) (2048 1812 -204 ) (2048 1760 -204 ) 
4 132 135 (2244 1744 -274 ) (2048 1744 -274 ) (2048 1812 -274 ) (2244 1812 -274 ) 
4 133 142 (2048 2048 -274 ) (2048 2048 -278 ) (2048 1816 -278 ) (2048 1816 -274 ) 
4 133 136 (2048 2048 -278 ) (2376 2048 -278 ) (2376 1816 -278 ) (2048 1816 -278 ) 
4 133 134 (2316 1816 -278 ) (2376 1816 -278 ) (2376 1816 -274 ) (2316 1816 -274 ) 
4 133 135 (2048 1816 -278 ) (2244 1816 -278 ) (2244 1816 -274 ) (2048 1816 -274 ) 
4 134 136 (2376 1816 -278 ) (2376 1744 -278 ) (2316 1744 -278 ) (2316 1816 -278 ) 
4 135 142 (2048 1816 -278 ) (2048 1744 -278 ) (2048 1744 -274 ) (2048 1816 -274 ) 
4 135 136 (2244 1744 -278 ) (2048 1744 -278 ) (2048 1816 -278 ) (2244 1816 -278 ) 
4 136 142 (2048 2048 -278 ) (2048 2048 -480 ) (2048 1744 -480 ) (2048 1744 -278 ) 
4 137 141 (1920 1744 -108 ) (1920 1760 -108 ) (2048 1760 -108 ) (2048 1744 -108 ) 
4 137 139 (1920 1760 -108 ) (1920 1936 -108 ) (2048 1936 -108 ) (2048 1760 -108 ) 
4 137 138 (1920 1936 -108 ) (1920 2048 -108 ) (2048 2048 -108 ) (2048 1936 -108 ) 
4 138 142 (2048 2048 -204 ) (2048 1936 -204 ) (1920 1936 -204 ) (1920 2048 -204 ) 
4 138 139 (1920 1936 -204 ) (2048 1936 -204 ) (2048 1936 -108 ) (1920 1936 -108 ) 
4 139 142 (2048 1936 -204 ) (2048 1760 -204 ) (1920 1760 -204 ) (1920 1936 -204 ) 
4 139 141 (1920 1760 -204 ) (2048 1760 -204 ) (2048 1760 -108 ) (1920 1760 -108 ) 
4 141 142 (2048 1760 -204 ) (2048 1744 -204 ) (1920 1744 -204 ) (1920 1760 -204 ) 
4 143 168 (4096 1024 0 ) (4096 1024 -192 ) (4096 32 -192 ) (4096 32 0 ) 
4 144 152 (5056 -384 32 ) (5056 -416 32 ) (4992 -416 32 ) (4992 -384 32 ) 
4 144 151 (4992 -352 32 ) (5056 -352 32 ) (5056 -384 32 ) (4992 -384 32 ) 
4 145 152 (4864 -384 32 ) (4864 -416 32 ) (4800 -416 32 ) (4800 -384 32 ) 
4 145 151 (4800 -352 32 ) (4864 -352 32 ) (4864 -384 32 ) (4800 -384 32 ) 
4 146 156 (4640 -480 320 ) (4640 -480 384 ) (4640 -448 384 ) (4640 -448 320 ) 
4 146 148 (4640 -480 384 ) (4640 -480 320 ) (4832 -480 320 ) (4832 -480 384 ) 
4 146 147 (4736 -480 320 ) (4640 -480 320 ) (4640 -448 320 ) (4736 -448 320 ) 
4 147 156 (4640 -480 256 ) (4640 -480 320 ) (4640 -448 320 ) (4640 -448 256 ) 
4 147 148 (4640 -480 320 ) (4640 -480 256 ) (4736 -480 256 ) (4736 -480 320 ) 
4 148 156 (4640 -640 256 ) (4640 -640 384 ) (4640 -480 384 ) (4640 -480 256 ) 
4 149 150 (4800 -160 32 ) (4672 -160 32 ) (4672 -160 -224 ) (4800 -160 -224 ) 
4 150 151 (5088 -224 32 ) (4672 -224 32 ) (4672 -224 -224 ) (5088 -224 -224 ) 
4 151 161 (5088 -224 -224 ) (5120 -224 -224 ) (5120 -384 -224 ) (5088 -384 -224 ) 
4 151 155 (4640 -224 -224 ) (4640 -384 -224 ) (4640 -384 32 ) (4640 -224 32 ) 
4 151 152 (5120 -384 32 ) (4736 -384 32 ) (4736 -384 -224 ) (5120 -384 -224 ) 
4 152 161 (5088 -384 -224 ) (5120 -384 -224 ) (5120 -448 -224 ) (5088 -448 -224 ) 
4 152 154 (4896 -448 32 ) (4768 -448 32 ) (4768 -448 -224 ) (4896 -448 -224 ) 
4 152 153 (5120 -448 32 ) (4960 -448 32 ) (4960 -448 -224 ) (5120 -448 -224 ) 
4 153 162 (4960 -448 -224 ) (5120 -448 -224 ) (5120 -480 -224 ) (4960 -480 -224 ) 
4 154 163 (4768 -448 -224 ) (4896 -448 -224 ) (4896 -480 -224 ) (4768 -480 -224 ) 
4 155 159 (4608 -32 -216 ) (4608 -32 -224 ) (4608 -448 -224 ) (4608 -448 -216 ) 
4 155 158 (4608 -32 64 ) (4608 -32 -216 ) (4608 -448 -216 ) (4608 -448 64 ) 
4 155 157 (4608 -448 64 ) (4608 -448 -224 ) (4640 -448 -224 ) (4640 -448 64 ) 
4 156 158 (4608 -640 256 ) (4608 -640 384 ) (4608 -448 384 ) (4608 -448 256 ) 
4 157 159 (4608 -448 -224 ) (4608 -640 -224 ) (4608 -640 -216 ) (4608 -448 -216 ) 
4 157 158 (4608 -640 -216 ) (4608 -640 64 ) (4608 -448 64 ) (4608 -448 -216 ) 
4 158 219 (4096 -608 -216 ) (4096 -640 -216 ) (4096 -640 608 ) (4096 -608 608 ) 
4 158 217 (4096 -544 -216 ) (4096 -608 -216 ) (4096 -608 128 ) (4096 -544 128 ) 
4 158 212 (4096 -608 128 ) (4096 -608 608 ) (4096 -576 608 ) (4096 -576 128 ) 
4 158 210 (4096 -544 256 ) (4096 -544 128 ) (4096 -576 128 ) (4096 -576 256 ) 
4 158 209 (4096 -576 608 ) (4096 -544 608 ) (4096 -544 256 ) (4096 -576 256 ) 
4 158 206 (4096 -512 -216 ) (4096 -544 -216 ) (4096 -544 288 ) (4096 -512 288 ) 
4 158 205 (4096 -544 288 ) (4096 -544 608 ) (4096 -512 608 ) (4096 -512 288 ) 
4 158 187 (4096 -480 -216 ) (4096 -512 -216 ) (4096 -512 608 ) (4096 -480 608 ) 
4 158 186 (4096 -448 -216 ) (4096 -480 -216 ) (4096 -480 608 ) (4096 -448 608 ) 
4 158 185 (4096 -32 608 ) (4096 -32 -216 ) (4096 -448 -216 ) (4096 -448 608 ) 
4 158 160 (4096 -32 -216 ) (4128 -32 -216 ) (4128 -448 -216 ) (4096 -448 -216 ) 
4 158 159 (4128 -32 -216 ) (4608 -32 -216 ) (4608 -640 -216 ) (4128 -640 -216 ) 
4 159 160 (4128 -448 -216 ) (4128 -32 -216 ) (4128 -32 -224 ) (4128 -448 -224 ) 
4 160 185 (4096 -32 -216 ) (4096 -32 -224 ) (4096 -448 -224 ) (4096 -448 -216 ) 
4 161 162 (5120 -448 -232 ) (5120 -448 -224 ) (5088 -448 -224 ) (5088 -448 -232 ) 
4 164 166 (3616 416 224 ) (3616 480 224 ) (3680 480 224 ) (3680 416 224 ) 
4 165 198 (3584 0 288 ) (3424 0 288 ) (3424 0 224 ) (3584 0 224 ) 
4 165 166 (3584 0 224 ) (3424 0 224 ) (3424 1024 224 ) (3584 1024 224 ) 
4 166 198 (3808 0 224 ) (3424 0 224 ) (3424 0 96 ) (3808 0 96 ) 
4 166 169 (3552 1024 96 ) (3744 1024 96 ) (3744 0 96 ) (3552 0 96 ) 
4 166 167 (3744 1024 96 ) (3776 1024 96 ) (3776 0 96 ) (3744 0 96 ) 
4 167 198 (3776 0 96 ) (3744 0 96 ) (3744 0 32 ) (3776 0 32 ) 
4 167 169 (3744 0 32 ) (3744 0 96 ) (3744 1024 96 ) (3744 1024 32 ) 
4 168 169 (3744 32 0 ) (3744 1024 0 ) (3744 1024 -192 ) (3744 32 -192 ) 
4 169 198 (3744 0 96 ) (3552 0 96 ) (3552 0 -224 ) (3744 0 -224 ) 
4 169 183 (3552 2 -184 ) (3552 32 -184 ) (3552 32 -192 ) (3552 2 -192 ) 
4 169 179 (3552 2 -8 ) (3552 32 -8 ) (3552 32 -184 ) (3552 2 -184 ) 
4 169 178 (3552 2 0 ) (3552 32 0 ) (3552 32 -8 ) (3552 2 -8 ) 
4 169 177 (3552 1024 -120 ) (3552 1024 -192 ) (3552 32 -192 ) (3552 32 -120 ) 
4 169 171 (3552 1024 0 ) (3552 1024 -120 ) (3552 32 -120 ) (3552 32 0 ) 
4 169 170 (3712 640 -224 ) (3712 0 -224 ) (3584 0 -224 ) (3584 640 -224 ) 
4 171 182 (3394 32 -8 ) (3392 32 -8 ) (3392 32 -120 ) (3394 32 -120 ) 
4 171 180 (3550 32 -8 ) (3394 32 -8 ) (3394 32 -120 ) (3550 32 -120 ) 
4 171 179 (3552 32 -120 ) (3552 32 -8 ) (3550 32 -8 ) (3550 32 -120 ) 
4 171 178 (3552 32 -8 ) (3552 32 0 ) (3392 32 0 ) (3392 32 -8 ) 
4 171 177 (3552 32 -120 ) (3152 32 -120 ) (3152 1024 -120 ) (3552 1024 -120 ) 
4 171 174 (3152 240 -120 ) (3152 224 -120 ) (3152 224 -72 ) (3152 240 -72 ) 
4 171 173 (3152 224 -72 ) (3152 224 0 ) (3152 240 0 ) (3152 240 -72 ) 
4 171 172 (3152 1024 -120 ) (3152 240 -120 ) (3152 240 0 ) (3152 1024 0 ) 
4 171 175 (3152 224 -120 ) (3152 32 -120 ) (3152 32 0 ) (3152 224 0 ) 
4 172 177 (3120 240 -120 ) (3120 1024 -120 ) (3152 1024 -120 ) (3152 240 -120 ) 
4 172 174 (3120 240 -72 ) (3120 240 -120 ) (3152 240 -120 ) (3152 240 -72 ) 
4 172 173 (3120 240 0 ) (3120 240 -72 ) (3152 240 -72 ) (3152 240 0 ) 
4 172 176 (3120 1024 -120 ) (3120 240 -120 ) (3120 240 0 ) (3120 1024 0 ) 
4 173 176 (3120 224 -72 ) (3120 224 0 ) (3120 240 0 ) (3120 240 -72 ) 
4 173 175 (3120 224 0 ) (3120 224 -72 ) (3152 224 -72 ) (3152 224 0 ) 
4 173 174 (3152 224 -72 ) (3120 224 -72 ) (3120 240 -72 ) (3152 240 -72 ) 
4 174 177 (3120 224 -120 ) (3120 240 -120 ) (3152 240 -120 ) (3152 224 -120 ) 
4 174 176 (3120 240 -120 ) (3120 224 -120 ) (3120 224 -72 ) (3120 240 -72 ) 
4 174 175 (3120 224 -72 ) (3120 224 -120 ) (3152 224 -120 ) (3152 224 -72 ) 
4 175 177 (3152 32 -120 ) (3120 32 -120 ) (3120 224 -120 ) (3152 224 -120 ) 
4 175 176 (3120 224 -120 ) (3120 32 -120 ) (3120 32 0 ) (3120 224 0 ) 
4 176 184 (3072 1024 0 ) (3072 1024 -120 ) (3072 32 -120 ) (3072 32 0 ) 
4 176 177 (3120 32 -120 ) (3072 32 -120 ) (3072 1024 -120 ) (3120 1024 -120 ) 
4 177 184 (3072 1024 -120 ) (3072 1024 -192 ) (3072 32 -192 ) (3072 32 -120 ) 
4 177 183 (3552 32 -192 ) (3552 32 -184 ) (3392 32 -184 ) (3392 32 -192 ) 
4 177 182 (3394 32 -120 ) (3392 32 -120 ) (3392 32 -184 ) (3394 32 -184 ) 
4 177 180 (3550 32 -120 ) (3394 32 -120 ) (3394 32 -184 ) (3550 32 -184 ) 
4 177 179 (3552 32 -184 ) (3552 32 -120 ) (3550 32 -120 ) (3550 32 -184 ) 
4 178 182 (3392 2 -8 ) (3392 32 -8 ) (3394 32 -8 ) (3394 2 -8 ) 
4 178 180 (3394 32 -8 ) (3550 32 -8 ) (3550 2 -8 ) (3394 2 -8 ) 
4 178 179 (3550 32 -8 ) (3552 32 -8 ) (3552 2 -8 ) (3550 2 -8 ) 
4 179 183 (3550 32 -184 ) (3552 32 -184 ) (3552 2 -184 ) (3550 2 -184 ) 
4 179 180 (3550 32 -184 ) (3550 2 -184 ) (3550 2 -8 ) (3550 32 -8 ) 
4 180 183 (3394 32 -184 ) (3550 32 -184 ) (3550 2 -184 ) (3394 2 -184 ) 
4 180 182 (3394 32 -184 ) (3394 2 -184 ) (3394 2 -8 ) (3394 32 -8 ) 
4 180 181 (3394 2 -8 ) (3394 2 -184 ) (3550 2 -184 ) (3550 2 -8 ) 
4 181 198 (3550 0 -8 ) (3394 0 -8 ) (3394 0 -184 ) (3550 0 -184 ) 
4 182 183 (3392 2 -184 ) (3392 32 -184 ) (3394 32 -184 ) (3394 2 -184 ) 
4 185 191 (4000 -192 -224 ) (4000 -320 -224 ) (4000 -320 -96 ) (4000 -192 -96 ) 
4 185 190 (4000 -64 -128 ) (4000 -128 -128 ) (4000 -128 0 ) (4000 -64 0 ) 
4 185 186 (4096 -448 -216 ) (4096 -448 608 ) (4000 -448 608 ) (4000 -448 -216 ) 
4 186 188 (4032 -480 608 ) (4000 -480 608 ) (4000 -480 -216 ) (4032 -480 -216 ) 
4 186 187 (4096 -480 -216 ) (4096 -480 608 ) (4032 -480 608 ) (4032 -480 -216 ) 
4 187 206 (4096 -512 -224 ) (4096 -512 288 ) (4032 -512 288 ) (4032 -512 -224 ) 
4 187 205 (4096 -512 288 ) (4096 -512 608 ) (4032 -512 608 ) (4032 -512 288 ) 
4 187 189 (4096 -512 -224 ) (4032 -512 -224 ) (4032 -480 -224 ) (4096 -480 -224 ) 
4 187 188 (4032 -480 608 ) (4032 -480 -216 ) (4032 -512 -216 ) (4032 -512 608 ) 
4 188 207 (4000 -512 288 ) (4000 -512 -216 ) (4032 -512 -216 ) (4032 -512 288 ) 
4 188 205 (4032 -512 608 ) (4000 -512 608 ) (4000 -512 288 ) (4032 -512 288 ) 
4 189 206 (4096 -512 -272 ) (4096 -512 -224 ) (4032 -512 -224 ) (4032 -512 -272 ) 
4 190 194 (3968 -64 -128 ) (3968 -128 -128 ) (3968 -128 0 ) (3968 -64 0 ) 
4 191 196 (3968 -320 -96 ) (3968 -192 -96 ) (3968 -192 -224 ) (3968 -320 -224 ) 
4 192 198 (3424 0 608 ) (3552 0 608 ) (3552 -128 608 ) (3424 -128 608 ) 
4 193 198 (3408 -304 608 ) (3312 -304 608 ) (3312 -208 608 ) (3408 -208 608 ) 
4 194 195 (3936 -128 608 ) (3936 -128 160 ) (3968 -128 160 ) (3968 -128 608 ) 
4 194 198 (3936 0 -224 ) (3936 -128 -224 ) (3936 -128 608 ) (3936 0 608 ) 
4 195 196 (3936 -192 608 ) (3936 -192 160 ) (3968 -192 160 ) (3968 -192 608 ) 
4 195 198 (3936 -192 160 ) (3936 -192 608 ) (3936 -128 608 ) (3936 -128 160 ) 
4 196 198 (3936 -192 -224 ) (3936 -320 -224 ) (3936 -320 608 ) (3936 -192 608 ) 
4 197 198 (3936 -384 -224 ) (3936 -512 -224 ) (3936 -512 608 ) (3936 -384 608 ) 
4 198 208 (3712 -512 -96 ) (3712 -512 288 ) (3584 -512 288 ) (3584 -512 -96 ) 
4 198 203 (3200 -480 608 ) (3200 -448 608 ) (3200 -448 224 ) (3200 -480 224 ) 
4 198 204 (3200 -512 96 ) (3200 -512 608 ) (3200 -480 608 ) (3200 -480 96 ) 
4 198 201 (3200 -192.168015 416 ) (3200 -384 416 ) (3200 -384 542.124023 ) (3200 -192.168015 542.124023 ) 
4 198 200 (3200 -192.168015 542.124023 ) (3200 -384 542.124023 ) (3200 -384 544 ) (3200 -192.168015 544 ) 
3 199 200 (3200 -192.168015 542.124023 ) (3200 -192.168015 544 ) (3198.124268 -192.168015 544 ) 
4 201 202 (3168 -384 542.124023 ) (3168 -192.168015 542.124023 ) (3168 -192.168015 416 ) (3168 -384 416 ) 
4 202 223 (3072 -192.168015 414.123993 ) (3072 -384.168030 414.123993 ) (3072 -384.168030 542.124023 ) (3072 -192.168015 542.124023 ) 
4 203 204 (3184 -480 608 ) (3184 -480 224 ) (3200 -480 224 ) (3200 -480 608 ) 
4 205 209 (4096 -544 288 ) (4096 -544 608 ) (4000 -544 608 ) (4000 -544 288 ) 
4 205 207 (4032 -544 288 ) (4000 -544 288 ) (4000 -512 288 ) (4032 -512 288 ) 
4 205 206 (4096 -544 288 ) (4032 -544 288 ) (4032 -512 288 ) (4096 -512 288 ) 
4 206 217 (4096 -544 -272 ) (4096 -544 128 ) (4032 -544 128 ) (4032 -544 -272 ) 
4 206 210 (4096 -544 128 ) (4096 -544 256 ) (4032 -544 256 ) (4032 -544 128 ) 
4 206 209 (4096 -544 256 ) (4096 -544 288 ) (4032 -544 288 ) (4032 -544 256 ) 
4 206 207 (4032 -544 -216 ) (4032 -544 288 ) (4032 -512 288 ) (4032 -512 -216 ) 
4 207 218 (4032 -544 -216 ) (4032 -544 128 ) (4000 -544 128 ) (4000 -544 -216 ) 
4 207 210 (4032 -544 128 ) (4032 -544 256 ) (4000 -544 256 ) (4000 -544 128 ) 
4 207 209 (4032 -544 256 ) (4032 -544 288 ) (4000 -544 288 ) (4000 -544 256 ) 
4 208 211 (3680 -544 256 ) (3616 -544 256 ) (3616 -544 128 ) (3680 -544 128 ) 
4 209 212 (4000 -576 256 ) (4096 -576 256 ) (4096 -576 608 ) (4000 -576 608 ) 
4 209 210 (4096 -576 256 ) (4000 -576 256 ) (4000 -544 256 ) (4096 -544 256 ) 
4 210 218 (4000 -544 128 ) (4032 -544 128 ) (4032 -576 128 ) (4000 -576 128 ) 
4 210 217 (4032 -544 128 ) (4096 -544 128 ) (4096 -576 128 ) (4032 -576 128 ) 
4 210 212 (4000 -576 128 ) (4096 -576 128 ) (4096 -576 256 ) (4000 -576 256 ) 
4 211 216 (3616 -576 128 ) (3680 -576 128 ) (3680 -576 256 ) (3616 -576 256 ) 
4 212 219 (4000 -608 128 ) (4096 -608 128 ) (4096 -608 608 ) (4000 -608 608 ) 
4 212 218 (4032 -608 128 ) (4000 -608 128 ) (4000 -576 128 ) (4032 -576 128 ) 
4 212 217 (4096 -608 128 ) (4032 -608 128 ) (4032 -576 128 ) (4096 -576 128 ) 
4 212 213 (4000 -576 512 ) (4000 -576 128 ) (4000 -608 128 ) (4000 -608 512 ) 
4 213 220 (3992 -608 128 ) (4000 -608 128 ) (4000 -608 512 ) (3992 -608 512 ) 
4 213 214 (3992 -576 512 ) (3992 -576 511.546997 ) (3992 -608 511.546997 ) (3992 -608 512 ) 
4 214 221 (3992 -608 511.546997 ) (3992 -608 512 ) (3968 -608 512 ) (3968 -608 511.546997 ) 
4 214 215 (3968 -608 511.546997 ) (3968 -576 511.546997 ) (3986 -576 511.546997 ) (3986 -608 511.546997 ) 
4 215 222 (3968 -608 128 ) (3986 -608 128 ) (3986 -608 511.546997 ) (3968 -608 511.546997 ) 
4 217 219 (4096 -608 -216 ) (4096 -608 128 ) (4032 -608 128 ) (4032 -608 -216 ) 
4 217 218 (4032 -608 -216 ) (4032 -608 128 ) (4032 -544 128 ) (4032 -544 -216 ) 
4 218 219 (4032 -608 -216 ) (4032 -608 128 ) (4000 -608 128 ) (4000 -608 -216 ) 
4 219 220 (4000 -608 512 ) (4000 -608 0 ) (4000 -640 0 ) (4000 -640 512 ) 
4 220 221 (3992 -608 512 ) (3992 -608 511.546997 ) (3992 -640 511.546997 ) (3992 -640 512 ) 
4 221 222 (3968 -640 511.546997 ) (3968 -608 511.546997 ) (3986 -608 511.546997 ) (3986 -640 511.546997 ) 
