PRT1
283
807
4 0 10 (2240 -512 256 ) (2688 -512 256 ) (2688 -576 256 ) (2240 -576 256 ) 
4 0 9 (2752 -560 256 ) (2752 -576 256 ) (2688 -576 256 ) (2688 -560 256 ) 
4 0 8 (2688 -512 256 ) (2752 -512 256 ) (2752 -560 256 ) (2688 -560 256 ) 
4 1 5 (2080 -64 256 ) (2112 -64 256 ) (2112 -128 256 ) (2080 -128 256 ) 
4 1 6 (2048 -128 256 ) (2048 -64 256 ) (2080 -64 256 ) (2080 -128 256 ) 
4 2 5 (2080 -256 256 ) (2112 -256 256 ) (2112 -320 256 ) (2080 -320 256 ) 
4 2 6 (2048 -320 256 ) (2048 -256 256 ) (2080 -256 256 ) (2080 -320 256 ) 
4 3 17 (2176 -32 0 ) (2176 -160 0 ) (2144 -160 0 ) (2144 -32 0 ) 
4 3 16 (2144 0 0 ) (2176 0 0 ) (2176 -32 0 ) (2144 -32 0 ) 
4 3 5 (2144 0 0 ) (2144 -160 0 ) (2144 -160 256 ) (2144 0 256 ) 
4 4 18 (2176 -224 0 ) (2176 -352 0 ) (2144 -352 0 ) (2144 -224 0 ) 
4 4 5 (2144 -224 0 ) (2144 -352 0 ) (2144 -352 256 ) (2144 -224 256 ) 
4 5 16 (2080 0 0 ) (2144 0 0 ) (2144 -32 0 ) (2080 -32 0 ) 
4 5 6 (2080 0 0 ) (2080 -384 0 ) (2080 -384 256 ) (2080 0 256 ) 
4 6 165 (2048 0 256 ) (2048 0 0 ) (2048 -480 0 ) (2048 -480 256 ) 
4 6 16 (2048 -32 0 ) (2048 0 0 ) (2080 0 0 ) (2080 -32 0 ) 
4 6 7 (2048 -480 0 ) (2080 -480 0 ) (2080 -480 256 ) (2048 -480 256 ) 
4 7 165 (2048 -480 0 ) (2048 -512 0 ) (2048 -512 256 ) (2048 -480 256 ) 
4 7 11 (2048 -512 0 ) (2112 -512 0 ) (2112 -512 256 ) (2048 -512 256 ) 
4 8 15 (2688 -512 0 ) (2752 -512 0 ) (2752 -560 0 ) (2688 -560 0 ) 
4 8 10 (2688 -512 256 ) (2688 -512 0 ) (2688 -560 0 ) (2688 -560 256 ) 
4 8 9 (2688 -560 256 ) (2688 -560 64 ) (2752 -560 64 ) (2752 -560 256 ) 
4 9 10 (2688 -576 64 ) (2688 -576 256 ) (2688 -560 256 ) (2688 -560 64 ) 
4 10 15 (2240 -512 0 ) (2688 -512 0 ) (2688 -576 0 ) (2240 -576 0 ) 
4 10 13 (2272 -576 0 ) (2656 -576 0 ) (2656 -576 256 ) (2272 -576 256 ) 
4 11 165 (2048 -512 0 ) (2048 -576 0 ) (2048 -576 256 ) (2048 -512 256 ) 
4 11 14 (2048 -576 0 ) (2112 -576 0 ) (2112 -576 256 ) (2048 -576 256 ) 
4 12 28 (2688 -608 2 ) (2688 -608 0 ) (2752 -608 0 ) (2752 -608 2 ) 
4 12 27 (2688 -608 64 ) (2688 -608 2 ) (2752 -608 2 ) (2752 -608 64 ) 
4 13 28 (2272 -608 2 ) (2272 -608 0 ) (2656 -608 0 ) (2656 -608 2 ) 
4 13 27 (2656 -608 256 ) (2272 -608 256 ) (2272 -608 2 ) (2656 -608 2 ) 
4 14 165 (2048 -576 0 ) (2048 -608 0 ) (2048 -608 256 ) (2048 -576 256 ) 
4 14 52 (2112 -608 256 ) (2048 -608 256 ) (2048 -608 0 ) (2112 -608 0 ) 
4 15 75 (2752 -576 -135 ) (2240 -576 -135 ) (2240 -512 -135 ) (2752 -512 -135 ) 
4 16 180 (2048 0 0 ) (2048 0 -8 ) (2048 -32 -8 ) (2048 -32 0 ) 
4 16 17 (2176 -32 -8 ) (2176 -32 0 ) (2144 -32 0 ) (2144 -32 -8 ) 
4 19 29 (3040 -640 288 ) (3040 -832 288 ) (2848 -832 288 ) (2848 -640 288 ) 
4 20 33 (2720 -672 288 ) (2720 -800 288 ) (2592 -800 288 ) (2592 -672 288 ) 
4 21 162 (2048 -720 824 ) (2048 -720 384 ) (2048 -816 384 ) (2048 -816 824 ) 
4 21 22 (2064 -816 384 ) (2048 -816 384 ) (2048 -720 384 ) (2064 -720 384 ) 
4 22 163 (2048 -608 384 ) (2048 -608 288 ) (2048 -864 288 ) (2048 -864 384 ) 
4 22 52 (2048 -864 288 ) (2048 -608 288 ) (2112 -608 288 ) (2112 -864 288 ) 
4 23 33 (2336 -864 288 ) (2784 -864 288 ) (2784 -896 288 ) (2336 -896 288 ) 
4 23 25 (2336 -896 288 ) (2784 -896 288 ) (2784 -896 320 ) (2336 -896 320 ) 
4 24 86 (3008 -1024 296 ) (3008 -1024 288 ) (3040 -1024 288 ) (3040 -1024 296 ) 
4 24 31 (3008 -896 288 ) (3040 -896 288 ) (3040 -1024 288 ) (3008 -1024 288 ) 
4 25 87 (2784 -1024 320 ) (2336 -1024 320 ) (2336 -1024 288 ) (2784 -1024 288 ) 
4 25 33 (2336 -896 288 ) (2784 -896 288 ) (2784 -1024 288 ) (2336 -1024 288 ) 
4 26 29 (3040 -768 160 ) (3040 -704 160 ) (3040 -704 32 ) (3040 -768 32 ) 
4 27 51 (2176 -640 2 ) (2176 -640 128 ) (2176 -608 128 ) (2176 -608 2 ) 
4 27 46 (2178 -640 2 ) (2294 -640 2 ) (2294 -640 125.250000 ) (2178 -640 125.250000 ) 
4 27 45 (2294 -640 125.250000 ) (2294 -640 125.500000 ) (2178 -640 125.500000 ) (2178 -640 125.250000 ) 
4 27 50 (2176 -640 125.500000 ) (2176 -640 2 ) (2178 -640 2 ) (2178 -640 125.500000 ) 
4 27 40 (2294 -640 2 ) (2816 -640 2 ) (2816 -640 125.500000 ) (2294 -640 125.500000 ) 
4 27 38 (2176 -640 256 ) (2176 -640 125.500000 ) (2304 -640 125.500000 ) (2304 -640 256 ) 
4 27 37 (2304 -640 125.500000 ) (2816 -640 125.500000 ) (2816 -640 256 ) (2304 -640 256 ) 
4 27 34 (2176 -640 288 ) (2176 -640 256 ) (2304 -640 256 ) (2304 -640 288 ) 
4 27 33 (2304 -640 256 ) (2816 -640 256 ) (2816 -640 288 ) (2304 -640 288 ) 
4 27 28 (2816 -608 2 ) (2816 -640 2 ) (2176 -640 2 ) (2176 -608 2 ) 
4 28 70 (2432 -608 0 ) (2656 -608 0 ) (2656 -640 0 ) (2432 -640 0 ) 
4 28 68 (2688 -608 0 ) (2816 -608 0 ) (2816 -640 0 ) (2688 -640 0 ) 
4 28 51 (2176 -608 0 ) (2176 -640 0 ) (2176 -640 2 ) (2176 -608 2 ) 
4 28 46 (2294 -640 1.250000 ) (2294 -640 2 ) (2178 -640 2 ) (2178 -640 1.250000 ) 
4 28 49 (2178 -640 0 ) (2294 -640 0 ) (2294 -640 1.250000 ) (2178 -640 1.250000 ) 
4 28 50 (2176 -640 2 ) (2176 -640 0 ) (2178 -640 0 ) (2178 -640 2 ) 
4 28 40 (2294 -640 0 ) (2816 -640 0 ) (2816 -640 2 ) (2294 -640 2 ) 
4 29 65 (2848 -832 0 ) (2848 -640 0 ) (3040 -640 0 ) (3040 -832 0 ) 
4 29 35 (2848 -640 256 ) (2848 -640 0 ) (2848 -832 0 ) (2848 -832 256 ) 
4 29 30 (2848 -832 128 ) (2848 -832 0 ) (3040 -832 0 ) (3040 -832 128 ) 
4 30 31 (2848 -896 128 ) (2848 -896 0 ) (3040 -896 0 ) (3040 -896 128 ) 
4 31 96 (2848 -1024 256 ) (2848 -1024 0 ) (3040 -1024 0 ) (3040 -1024 256 ) 
4 31 90 (3040 -1024 288 ) (2848 -1024 288 ) (2848 -1024 256 ) (3040 -1024 256 ) 
4 31 66 (3040 -1024 0 ) (2848 -1024 0 ) (2848 -896 0 ) (3040 -896 0 ) 
4 31 36 (2848 -896 0 ) (2848 -1024 0 ) (2848 -1024 256 ) (2848 -896 256 ) 
4 31 32 (2848 -1024 256 ) (2848 -1024 288 ) (2848 -896 288 ) (2848 -896 256 ) 
4 32 90 (2848 -1024 288 ) (2816 -1024 288 ) (2816 -1024 256 ) (2848 -1024 256 ) 
4 32 36 (2848 -896 256 ) (2848 -1024 256 ) (2816 -1024 256 ) (2816 -896 256 ) 
4 32 33 (2816 -896 256 ) (2816 -1024 256 ) (2816 -1024 288 ) (2816 -896 288 ) 
4 33 90 (2816 -1024 288 ) (2304 -1024 288 ) (2304 -1024 256 ) (2816 -1024 256 ) 
4 33 37 (2304 -640 256 ) (2816 -640 256 ) (2816 -1024 256 ) (2304 -1024 256 ) 
4 33 34 (2304 -640 288 ) (2304 -640 256 ) (2304 -864 256 ) (2304 -864 288 ) 
4 34 38 (2176 -864 256 ) (2176 -640 256 ) (2304 -640 256 ) (2304 -864 256 ) 
4 35 40 (2816 -640 125.500000 ) (2816 -640 0 ) (2816 -832 0 ) (2816 -832 125.500000 ) 
4 35 37 (2816 -832 256 ) (2816 -640 256 ) (2816 -640 125.500000 ) (2816 -832 125.500000 ) 
4 36 97 (2816 -1024 0 ) (2848 -1024 0 ) (2848 -1024 256 ) (2816 -1024 256 ) 
4 36 67 (2848 -1024 0 ) (2816 -1024 0 ) (2816 -896 0 ) (2848 -896 0 ) 
4 36 41 (2816 -1024 1.500000 ) (2816 -1024 125.500000 ) (2816 -1002 125.500000 ) (2816 -1002 1.500000 ) 
4 36 44 (2816 -1002 0 ) (2816 -1024 0 ) (2816 -1024 1.500000 ) (2816 -1002 1.500000 ) 
4 36 40 (2816 -896 125.500000 ) (2816 -896 0 ) (2816 -1002 0 ) (2816 -1002 125.500000 ) 
4 36 37 (2816 -1024 256 ) (2816 -896 256 ) (2816 -896 125.500000 ) (2816 -1024 125.500000 ) 
4 37 102 (2304 -1024 125.500000 ) (2752 -1024 125.500000 ) (2752 -1024 128 ) (2304 -1024 128 ) 
4 37 99 (2752 -1024 128 ) (2752 -1024 256 ) (2304 -1024 256 ) (2304 -1024 128 ) 
4 37 97 (2752 -1024 125.500000 ) (2816 -1024 125.500000 ) (2816 -1024 256 ) (2752 -1024 256 ) 
4 37 41 (2816 -1002 125.500000 ) (2816 -1024 125.500000 ) (2304 -1024 125.500000 ) (2304 -1002 125.500000 ) 
4 37 40 (2304 -640 125.500000 ) (2816 -640 125.500000 ) (2816 -1002 125.500000 ) (2304 -1002 125.500000 ) 
4 37 39 (2304 -992 125.500000 ) (2304 -1024 125.500000 ) (2304 -1024 128 ) (2304 -992 128 ) 
4 37 38 (2304 -640 125.500000 ) (2304 -992 125.500000 ) (2304 -992 256 ) (2304 -640 256 ) 
4 38 53 (2176 -864 128 ) (2176 -864 125.500000 ) (2176 -992 125.500000 ) (2176 -992 128 ) 
4 38 51 (2176 -640 128 ) (2176 -640 125.500000 ) (2176 -864 125.500000 ) (2176 -864 128 ) 
4 38 45 (2178 -640 125.500000 ) (2294 -640 125.500000 ) (2294 -992 125.500000 ) (2178 -992 125.500000 ) 
4 38 50 (2176 -992 125.500000 ) (2176 -640 125.500000 ) (2178 -640 125.500000 ) (2178 -992 125.500000 ) 
4 38 40 (2294 -640 125.500000 ) (2304 -640 125.500000 ) (2304 -992 125.500000 ) (2294 -992 125.500000 ) 
4 38 39 (2176 -992 125.500000 ) (2304 -992 125.500000 ) (2304 -992 128 ) (2176 -992 128 ) 
4 39 102 (2176 -1024 128 ) (2176 -1024 125.500000 ) (2304 -1024 125.500000 ) (2304 -1024 128 ) 
4 39 64 (2176 -1024 125.500000 ) (2176 -1024 128 ) (2176 -992 128 ) (2176 -992 125.500000 ) 
4 39 45 (2178 -992 125.500000 ) (2294 -992 125.500000 ) (2294 -1024 125.500000 ) (2178 -1024 125.500000 ) 
4 39 50 (2176 -1024 125.500000 ) (2176 -992 125.500000 ) (2178 -992 125.500000 ) (2178 -1024 125.500000 ) 
4 39 42 (2301 -1024 125.500000 ) (2299 -1024 125.500000 ) (2299 -1002 125.500000 ) (2301 -1002 125.500000 ) 
4 39 41 (2304 -1002 125.500000 ) (2304 -1024 125.500000 ) (2301 -1024 125.500000 ) (2301 -1002 125.500000 ) 
4 39 43 (2299 -1024 125.500000 ) (2294 -1024 125.500000 ) (2294 -1002 125.500000 ) (2299 -1002 125.500000 ) 
4 39 40 (2294 -992 125.500000 ) (2304 -992 125.500000 ) (2304 -1002 125.500000 ) (2294 -1002 125.500000 ) 
4 40 73 (2592 -992 0 ) (2688 -992 0 ) (2688 -1002 0 ) (2592 -1002 0 ) 
4 40 72 (2400 -864 0 ) (2688 -864 0 ) (2688 -992 0 ) (2400 -992 0 ) 
4 40 70 (2432 -640 0 ) (2656 -640 0 ) (2656 -768 0 ) (2432 -768 0 ) 
4 40 71 (2688 -768 0 ) (2688 -864 0 ) (2304 -864 0 ) (2304 -768 0 ) 
4 40 69 (2816 -768 0 ) (2816 -1002 0 ) (2688 -1002 0 ) (2688 -768 0 ) 
4 40 47 (2294 -995 1.250000 ) (2294 -997 1.250000 ) (2294 -997 125.250000 ) (2294 -995 125.250000 ) 
4 40 46 (2294 -640 125.250000 ) (2294 -640 1.250000 ) (2294 -995 1.250000 ) (2294 -995 125.250000 ) 
4 40 48 (2294 -997 1.250000 ) (2294 -1002 1.250000 ) (2294 -1002 125.250000 ) (2294 -997 125.250000 ) 
4 40 45 (2294 -1002 125.500000 ) (2294 -640 125.500000 ) (2294 -640 125.250000 ) (2294 -1002 125.250000 ) 
4 40 49 (2294 -640 1.250000 ) (2294 -640 0 ) (2294 -1002 0 ) (2294 -1002 1.250000 ) 
4 40 42 (2299 -1002 1.500000 ) (2301 -1002 1.500000 ) (2301 -1002 125.500000 ) (2299 -1002 125.500000 ) 
4 40 41 (2301 -1002 1.500000 ) (2816 -1002 1.500000 ) (2816 -1002 125.500000 ) (2301 -1002 125.500000 ) 
4 40 43 (2294 -1002 125.500000 ) (2294 -1002 1.500000 ) (2299 -1002 1.500000 ) (2299 -1002 125.500000 ) 
4 40 44 (2294 -1002 1.500000 ) (2294 -1002 0 ) (2816 -1002 0 ) (2816 -1002 1.500000 ) 
4 41 103 (2752 -1024 125.500000 ) (2301 -1024 125.500000 ) (2301 -1024 1.500000 ) (2752 -1024 1.500000 ) 
4 41 97 (2816 -1024 1.500000 ) (2816 -1024 125.500000 ) (2752 -1024 125.500000 ) (2752 -1024 1.500000 ) 
4 41 44 (2301 -1002 1.500000 ) (2816 -1002 1.500000 ) (2816 -1024 1.500000 ) (2301 -1024 1.500000 ) 
4 41 42 (2301 -1002 125.500000 ) (2301 -1002 1.500000 ) (2301 -1024 1.500000 ) (2301 -1024 125.500000 ) 
4 42 104 (2301 -1024 125.500000 ) (2299 -1024 125.500000 ) (2299 -1024 1.500000 ) (2301 -1024 1.500000 ) 
4 42 43 (2299 -1002 125.500000 ) (2299 -1002 1.500000 ) (2299 -1024 1.500000 ) (2299 -1024 125.500000 ) 
4 42 44 (2299 -1002 1.500000 ) (2301 -1002 1.500000 ) (2301 -1024 1.500000 ) (2299 -1024 1.500000 ) 
4 43 105 (2299 -1024 125.500000 ) (2294 -1024 125.500000 ) (2294 -1024 1.500000 ) (2299 -1024 1.500000 ) 
4 43 48 (2294 -1002 125.250000 ) (2294 -1002 1.500000 ) (2294 -1024 1.500000 ) (2294 -1024 125.250000 ) 
4 43 45 (2294 -1024 125.500000 ) (2294 -1002 125.500000 ) (2294 -1002 125.250000 ) (2294 -1024 125.250000 ) 
4 43 44 (2294 -1024 1.500000 ) (2294 -1002 1.500000 ) (2299 -1002 1.500000 ) (2299 -1024 1.500000 ) 
4 44 106 (2294 -1024 0 ) (2752 -1024 0 ) (2752 -1024 1.500000 ) (2294 -1024 1.500000 ) 
4 44 97 (2752 -1024 0 ) (2816 -1024 0 ) (2816 -1024 1.500000 ) (2752 -1024 1.500000 ) 
4 44 73 (2688 -1024 0 ) (2592 -1024 0 ) (2592 -1002 0 ) (2688 -1002 0 ) 
4 44 69 (2816 -1024 0 ) (2688 -1024 0 ) (2688 -1002 0 ) (2816 -1002 0 ) 
4 44 48 (2294 -1002 1.500000 ) (2294 -1002 1.250000 ) (2294 -1024 1.250000 ) (2294 -1024 1.500000 ) 
4 44 49 (2294 -1002 1.250000 ) (2294 -1002 0 ) (2294 -1024 0 ) (2294 -1024 1.250000 ) 
4 45 105 (2294 -1024 125.250000 ) (2294 -1024 125.500000 ) (2178 -1024 125.500000 ) (2178 -1024 125.250000 ) 
4 45 47 (2178 -997 125.250000 ) (2178 -995 125.250000 ) (2294 -995 125.250000 ) (2294 -997 125.250000 ) 
4 45 46 (2178 -995 125.250000 ) (2178 -640 125.250000 ) (2294 -640 125.250000 ) (2294 -995 125.250000 ) 
4 45 48 (2178 -1024 125.250000 ) (2178 -997 125.250000 ) (2294 -997 125.250000 ) (2294 -1024 125.250000 ) 
4 45 50 (2178 -1024 125.500000 ) (2178 -640 125.500000 ) (2178 -640 125.250000 ) (2178 -1024 125.250000 ) 
4 46 49 (2178 -995 1.250000 ) (2178 -640 1.250000 ) (2294 -640 1.250000 ) (2294 -995 1.250000 ) 
4 46 50 (2178 -640 125.250000 ) (2178 -640 1.250000 ) (2178 -995 1.250000 ) (2178 -995 125.250000 ) 
4 46 47 (2178 -995 1.250000 ) (2294 -995 1.250000 ) (2294 -995 125.250000 ) (2178 -995 125.250000 ) 
4 47 48 (2178 -997 1.250000 ) (2294 -997 1.250000 ) (2294 -997 125.250000 ) (2178 -997 125.250000 ) 
4 47 49 (2178 -997 1.250000 ) (2178 -995 1.250000 ) (2294 -995 1.250000 ) (2294 -997 1.250000 ) 
4 47 50 (2178 -995 1.250000 ) (2178 -997 1.250000 ) (2178 -997 125.250000 ) (2178 -995 125.250000 ) 
4 48 105 (2294 -1024 1.500000 ) (2294 -1024 125.250000 ) (2178 -1024 125.250000 ) (2178 -1024 1.500000 ) 
4 48 106 (2294 -1024 1.250000 ) (2294 -1024 1.500000 ) (2178 -1024 1.500000 ) (2178 -1024 1.250000 ) 
4 48 50 (2178 -997 1.250000 ) (2178 -1024 1.250000 ) (2178 -1024 125.250000 ) (2178 -997 125.250000 ) 
4 48 49 (2178 -1024 1.250000 ) (2178 -997 1.250000 ) (2294 -997 1.250000 ) (2294 -1024 1.250000 ) 
4 49 106 (2178 -1024 0 ) (2294 -1024 0 ) (2294 -1024 1.250000 ) (2178 -1024 1.250000 ) 
4 49 50 (2178 -640 1.250000 ) (2178 -640 0 ) (2178 -1024 0 ) (2178 -1024 1.250000 ) 
4 50 105 (2176 -1024 125.500000 ) (2176 -1024 1.500000 ) (2178 -1024 1.500000 ) (2178 -1024 125.500000 ) 
4 50 106 (2176 -1024 1.500000 ) (2176 -1024 0 ) (2178 -1024 0 ) (2178 -1024 1.500000 ) 
4 50 64 (2176 -992 0 ) (2176 -1024 0 ) (2176 -1024 125.500000 ) (2176 -992 125.500000 ) 
4 50 55 (2176 -990 125.250000 ) (2176 -874 125.250000 ) (2176 -874 1.250000 ) (2176 -990 1.250000 ) 
4 50 54 (2176 -874 125.250000 ) (2176 -864 125.250000 ) (2176 -864 1.250000 ) (2176 -874 1.250000 ) 
4 50 58 (2176 -992 1.250000 ) (2176 -992 125.250000 ) (2176 -990 125.250000 ) (2176 -990 1.250000 ) 
4 50 62 (2176 -864 0 ) (2176 -992 0 ) (2176 -992 1.250000 ) (2176 -864 1.250000 ) 
4 50 53 (2176 -992 125.250000 ) (2176 -992 125.500000 ) (2176 -864 125.500000 ) (2176 -864 125.250000 ) 
4 50 51 (2176 -640 0 ) (2176 -864 0 ) (2176 -864 125.500000 ) (2176 -640 125.500000 ) 
4 51 74 (2176 -832 0 ) (2176 -864 0 ) (2112 -864 0 ) (2112 -832 0 ) 
4 51 59 (2166 -864 125.250000 ) (2112 -864 125.250000 ) (2112 -864 1.250000 ) (2166 -864 1.250000 ) 
4 51 54 (2176 -864 1.250000 ) (2176 -864 125.250000 ) (2166 -864 125.250000 ) (2166 -864 1.250000 ) 
4 51 62 (2112 -864 0 ) (2176 -864 0 ) (2176 -864 1.250000 ) (2112 -864 1.250000 ) 
4 51 53 (2176 -864 125.250000 ) (2176 -864 128 ) (2112 -864 128 ) (2112 -864 125.250000 ) 
4 51 52 (2112 -608 0 ) (2112 -864 0 ) (2112 -864 128 ) (2112 -608 128 ) 
4 52 165 (2048 -608 256 ) (2048 -608 0 ) (2048 -864 0 ) (2048 -864 256 ) 
4 52 163 (2048 -864 288 ) (2048 -608 288 ) (2048 -608 256 ) (2048 -864 256 ) 
4 52 74 (2048 -864 0 ) (2048 -832 0 ) (2112 -832 0 ) (2112 -864 0 ) 
4 52 59 (2112 -864 1.250000 ) (2112 -864 125.250000 ) (2048 -864 125.250000 ) (2048 -864 1.250000 ) 
4 52 62 (2048 -864 0 ) (2112 -864 0 ) (2112 -864 1.250000 ) (2048 -864 1.250000 ) 
4 52 53 (2112 -864 125.250000 ) (2112 -864 128 ) (2048 -864 128 ) (2048 -864 125.250000 ) 
4 53 168 (2048 -864 128 ) (2048 -864 125.250000 ) (2048 -992 125.250000 ) (2048 -992 128 ) 
4 53 64 (2176 -992 125.250000 ) (2176 -992 128 ) (2048 -992 128 ) (2048 -992 125.250000 ) 
4 53 60 (2048 -869 125.250000 ) (2048 -867 125.250000 ) (2166 -867 125.250000 ) (2166 -869 125.250000 ) 
4 53 59 (2048 -867 125.250000 ) (2048 -864 125.250000 ) (2166 -864 125.250000 ) (2166 -867 125.250000 ) 
4 53 61 (2166 -992 125.250000 ) (2048 -992 125.250000 ) (2048 -869 125.250000 ) (2166 -869 125.250000 ) 
4 53 56 (2171 -874 125.250000 ) (2173 -874 125.250000 ) (2173 -990 125.250000 ) (2171 -990 125.250000 ) 
4 53 55 (2173 -874 125.250000 ) (2176 -874 125.250000 ) (2176 -990 125.250000 ) (2173 -990 125.250000 ) 
4 53 57 (2166 -990 125.250000 ) (2166 -874 125.250000 ) (2171 -874 125.250000 ) (2171 -990 125.250000 ) 
4 53 54 (2166 -874 125.250000 ) (2166 -864 125.250000 ) (2176 -864 125.250000 ) (2176 -874 125.250000 ) 
4 53 58 (2176 -992 125.250000 ) (2166 -992 125.250000 ) (2166 -990 125.250000 ) (2176 -990 125.250000 ) 
4 54 60 (2166 -867 1.250000 ) (2166 -869 1.250000 ) (2166 -869 125.250000 ) (2166 -867 125.250000 ) 
4 54 59 (2166 -864 1.250000 ) (2166 -867 1.250000 ) (2166 -867 125.250000 ) (2166 -864 125.250000 ) 
4 54 61 (2166 -869 1.250000 ) (2166 -874 1.250000 ) (2166 -874 125.250000 ) (2166 -869 125.250000 ) 
4 54 56 (2171 -874 1.250000 ) (2173 -874 1.250000 ) (2173 -874 125.250000 ) (2171 -874 125.250000 ) 
4 54 55 (2173 -874 1.250000 ) (2176 -874 1.250000 ) (2176 -874 125.250000 ) (2173 -874 125.250000 ) 
4 54 57 (2166 -874 125.250000 ) (2166 -874 1.250000 ) (2171 -874 1.250000 ) (2171 -874 125.250000 ) 
4 54 62 (2166 -874 1.250000 ) (2166 -864 1.250000 ) (2176 -864 1.250000 ) (2176 -874 1.250000 ) 
4 55 58 (2173 -990 1.250000 ) (2176 -990 1.250000 ) (2176 -990 125.250000 ) (2173 -990 125.250000 ) 
4 55 62 (2173 -874 1.250000 ) (2176 -874 1.250000 ) (2176 -990 1.250000 ) (2173 -990 1.250000 ) 
4 55 56 (2173 -874 125.250000 ) (2173 -874 1.250000 ) (2173 -990 1.250000 ) (2173 -990 125.250000 ) 
4 56 57 (2171 -874 125.250000 ) (2171 -874 1.250000 ) (2171 -990 1.250000 ) (2171 -990 125.250000 ) 
4 56 58 (2171 -990 1.250000 ) (2173 -990 1.250000 ) (2173 -990 125.250000 ) (2171 -990 125.250000 ) 
4 56 62 (2171 -874 1.250000 ) (2173 -874 1.250000 ) (2173 -990 1.250000 ) (2171 -990 1.250000 ) 
4 57 61 (2166 -874 1.250000 ) (2166 -990 1.250000 ) (2166 -990 125.250000 ) (2166 -874 125.250000 ) 
4 57 62 (2166 -990 1.250000 ) (2166 -874 1.250000 ) (2171 -874 1.250000 ) (2171 -990 1.250000 ) 
4 57 58 (2166 -990 125.250000 ) (2166 -990 1.250000 ) (2171 -990 1.250000 ) (2171 -990 125.250000 ) 
4 58 64 (2176 -992 1.250000 ) (2176 -992 125.250000 ) (2166 -992 125.250000 ) (2166 -992 1.250000 ) 
4 58 61 (2166 -990 1.250000 ) (2166 -992 1.250000 ) (2166 -992 125.250000 ) (2166 -990 125.250000 ) 
4 58 62 (2176 -992 1.250000 ) (2166 -992 1.250000 ) (2166 -990 1.250000 ) (2176 -990 1.250000 ) 
4 59 169 (2048 -864 125.250000 ) (2048 -864 1.250000 ) (2048 -867 1.250000 ) (2048 -867 125.250000 ) 
4 59 62 (2048 -867 1.250000 ) (2048 -864 1.250000 ) (2166 -864 1.250000 ) (2166 -867 1.250000 ) 
4 59 60 (2048 -867 1.250000 ) (2166 -867 1.250000 ) (2166 -867 125.250000 ) (2048 -867 125.250000 ) 
4 60 170 (2048 -867 1.250000 ) (2048 -869 1.250000 ) (2048 -869 125.250000 ) (2048 -867 125.250000 ) 
4 60 61 (2048 -869 1.250000 ) (2166 -869 1.250000 ) (2166 -869 125.250000 ) (2048 -869 125.250000 ) 
4 60 62 (2048 -869 1.250000 ) (2048 -867 1.250000 ) (2166 -867 1.250000 ) (2166 -869 1.250000 ) 
4 61 171 (2048 -869 1.250000 ) (2048 -992 1.250000 ) (2048 -992 125.250000 ) (2048 -869 125.250000 ) 
4 61 64 (2166 -992 125.250000 ) (2048 -992 125.250000 ) (2048 -992 1.250000 ) (2166 -992 1.250000 ) 
4 61 62 (2166 -992 1.250000 ) (2048 -992 1.250000 ) (2048 -869 1.250000 ) (2166 -869 1.250000 ) 
4 62 172 (2048 -864 1.250000 ) (2048 -864 0 ) (2048 -992 0 ) (2048 -992 1.250000 ) 
4 62 64 (2048 -992 0 ) (2176 -992 0 ) (2176 -992 1.250000 ) (2048 -992 1.250000 ) 
4 63 174 (2048 -1024 254 ) (2048 -1024 256 ) (2048 -992 256 ) (2048 -992 254 ) 
4 63 164 (2048 -1024 256 ) (2048 -1024 264 ) (2048 -992 264 ) (2048 -992 256 ) 
4 63 101 (2048 -1024 256 ) (2048 -1024 254 ) (2176 -1024 254 ) (2176 -1024 256 ) 
4 63 64 (2048 -1024 254 ) (2048 -992 254 ) (2176 -992 254 ) (2176 -1024 254 ) 
4 64 175 (2048 -1024 0 ) (2048 -1024 254 ) (2048 -992 254 ) (2048 -992 0 ) 
4 64 105 (2048 -1024 125.500000 ) (2048 -1024 1.500000 ) (2176 -1024 1.500000 ) (2176 -1024 125.500000 ) 
4 64 102 (2048 -1024 128 ) (2048 -1024 125.500000 ) (2176 -1024 125.500000 ) (2176 -1024 128 ) 
4 64 106 (2048 -1024 1.500000 ) (2048 -1024 0 ) (2176 -1024 0 ) (2176 -1024 1.500000 ) 
4 64 101 (2048 -1024 254 ) (2048 -1024 128 ) (2176 -1024 128 ) (2176 -1024 254 ) 
4 66 118 (3040 -1024 0 ) (2848 -1024 0 ) (2848 -1024 -135 ) (3040 -1024 -135 ) 
4 66 77 (3040 -992 -135 ) (3040 -1024 -135 ) (2848 -1024 -135 ) (2848 -992 -135 ) 
4 66 76 (3040 -896 -135 ) (3040 -992 -135 ) (2848 -992 -135 ) (2848 -896 -135 ) 
4 66 67 (2848 -1024 0 ) (2848 -896 0 ) (2848 -896 -135 ) (2848 -1024 -135 ) 
4 67 120 (2848 -1024 0 ) (2816 -1024 0 ) (2816 -1024 -135 ) (2848 -1024 -135 ) 
4 67 77 (2848 -992 -135 ) (2848 -1024 -135 ) (2816 -1024 -135 ) (2816 -992 -135 ) 
4 67 76 (2848 -896 -135 ) (2848 -992 -135 ) (2816 -992 -135 ) (2816 -896 -135 ) 
4 67 69 (2816 -1024 0 ) (2816 -896 0 ) (2816 -896 -135 ) (2816 -1024 -135 ) 
4 69 121 (2752 -1024 0 ) (2688 -1024 0 ) (2688 -1024 -135 ) (2752 -1024 -135 ) 
4 69 120 (2816 -1024 0 ) (2752 -1024 0 ) (2752 -1024 -135 ) (2816 -1024 -135 ) 
4 69 79 (2816 -992 -135 ) (2816 -1024 -135 ) (2688 -1024 -135 ) (2688 -992 -135 ) 
4 69 78 (2816 -768 -135 ) (2816 -992 -135 ) (2688 -992 -135 ) (2688 -768 -135 ) 
4 69 73 (2688 -1024 0 ) (2688 -992 0 ) (2688 -992 -135 ) (2688 -1024 -135 ) 
4 69 72 (2688 -992 0 ) (2688 -864 0 ) (2688 -864 -135 ) (2688 -992 -135 ) 
4 69 71 (2688 -864 0 ) (2688 -768 0 ) (2688 -768 -135 ) (2688 -864 -135 ) 
4 70 80 (2432 -608 -135 ) (2656 -608 -135 ) (2656 -768 -135 ) (2432 -768 -135 ) 
4 70 71 (2432 -768 -135 ) (2656 -768 -135 ) (2656 -768 0 ) (2432 -768 0 ) 
4 71 81 (2688 -768 -135 ) (2688 -864 -135 ) (2304 -864 -135 ) (2304 -768 -135 ) 
4 71 72 (2400 -864 -135 ) (2688 -864 -135 ) (2688 -864 0 ) (2400 -864 0 ) 
4 72 82 (2688 -864 -135 ) (2688 -992 -135 ) (2400 -992 -135 ) (2400 -864 -135 ) 
4 72 73 (2592 -992 -135 ) (2688 -992 -135 ) (2688 -992 0 ) (2592 -992 0 ) 
4 73 123 (2624 -1024 0 ) (2592 -1024 0 ) (2592 -1024 -135 ) (2624 -1024 -135 ) 
4 73 121 (2688 -1024 0 ) (2624 -1024 0 ) (2624 -1024 -135 ) (2688 -1024 -135 ) 
4 73 83 (2688 -992 -135 ) (2688 -1024 -135 ) (2592 -1024 -135 ) (2592 -992 -135 ) 
4 74 181 (2048 -864 0 ) (2048 -832 0 ) (2048 -832 -8 ) (2048 -864 -8 ) 
4 75 84 (2752 -512 -256 ) (2752 -576 -256 ) (2240 -576 -256 ) (2240 -512 -256 ) 
4 76 78 (2816 -896 -256 ) (2816 -992 -256 ) (2816 -992 -135 ) (2816 -896 -135 ) 
4 76 77 (2816 -992 -135 ) (2816 -992 -256 ) (3040 -992 -256 ) (3040 -992 -135 ) 
4 77 150 (2848 -1024 -135 ) (2816 -1024 -135 ) (2816 -1024 -256 ) (2848 -1024 -256 ) 
4 77 148 (3040 -1024 -135 ) (2848 -1024 -135 ) (2848 -1024 -256 ) (3040 -1024 -256 ) 
4 77 79 (2816 -992 -256 ) (2816 -1024 -256 ) (2816 -1024 -135 ) (2816 -992 -135 ) 
4 78 82 (2688 -864 -256 ) (2688 -992 -256 ) (2688 -992 -135 ) (2688 -864 -135 ) 
4 78 81 (2688 -768 -256 ) (2688 -864 -256 ) (2688 -864 -135 ) (2688 -768 -135 ) 
4 78 79 (2688 -992 -135 ) (2688 -992 -256 ) (2816 -992 -256 ) (2816 -992 -135 ) 
4 79 152 (2752 -1024 -135 ) (2688 -1024 -135 ) (2688 -1024 -256 ) (2752 -1024 -256 ) 
4 79 150 (2816 -1024 -135 ) (2752 -1024 -135 ) (2752 -1024 -256 ) (2816 -1024 -256 ) 
4 79 83 (2688 -992 -256 ) (2688 -1024 -256 ) (2688 -1024 -135 ) (2688 -992 -135 ) 
4 80 81 (2432 -768 -256 ) (2656 -768 -256 ) (2656 -768 -135 ) (2432 -768 -135 ) 
4 81 82 (2400 -864 -256 ) (2688 -864 -256 ) (2688 -864 -135 ) (2400 -864 -135 ) 
4 82 83 (2592 -992 -256 ) (2688 -992 -256 ) (2688 -992 -135 ) (2592 -992 -135 ) 
4 83 154 (2624 -1024 -135 ) (2592 -1024 -135 ) (2592 -1024 -256 ) (2624 -1024 -256 ) 
4 83 152 (2688 -1024 -135 ) (2624 -1024 -135 ) (2624 -1024 -256 ) (2688 -1024 -256 ) 
4 85 87 (2464 -1088 320 ) (2560 -1088 320 ) (2560 -1184 320 ) (2464 -1184 320 ) 
4 86 90 (3008 -1024 288 ) (3040 -1024 288 ) (3040 -1408 288 ) (3008 -1408 288 ) 
4 87 90 (2336 -1024 288 ) (2784 -1024 288 ) (2784 -1408 288 ) (2336 -1408 288 ) 
4 88 92 (2848 -1632 288 ) (2848 -1440 288 ) (3040 -1440 288 ) (3040 -1632 288 ) 
4 89 94 (2560 -1600 288 ) (2560 -1472 288 ) (2688 -1472 288 ) (2688 -1600 288 ) 
4 90 99 (2304 -1024 256 ) (2752 -1024 256 ) (2752 -1408 256 ) (2304 -1408 256 ) 
4 90 97 (2752 -1024 256 ) (2848 -1024 256 ) (2848 -1408 256 ) (2752 -1408 256 ) 
4 90 96 (2848 -1024 256 ) (3040 -1024 256 ) (3040 -1408 256 ) (2848 -1408 256 ) 
4 90 91 (2304 -1408 256 ) (3040 -1408 256 ) (3040 -1408 288 ) (2304 -1408 288 ) 
4 91 100 (2176 -1408 256 ) (2304 -1408 256 ) (2304 -1440 256 ) (2176 -1440 256 ) 
4 91 99 (2304 -1408 256 ) (2752 -1408 256 ) (2752 -1440 256 ) (2304 -1440 256 ) 
4 91 101 (2048 -1440 256 ) (2048 -1408 256 ) (2176 -1408 256 ) (2176 -1440 256 ) 
4 91 97 (2752 -1408 256 ) (2848 -1408 256 ) (2848 -1440 256 ) (2752 -1440 256 ) 
4 91 96 (2848 -1408 256 ) (3040 -1408 256 ) (3040 -1440 256 ) (2848 -1440 256 ) 
4 91 93 (2048 -1440 256 ) (2752 -1440 256 ) (2752 -1440 288 ) (2048 -1440 288 ) 
4 91 92 (2848 -1440 256 ) (3040 -1440 256 ) (3040 -1440 288 ) (2848 -1440 288 ) 
4 92 96 (2848 -1632 256 ) (2848 -1440 256 ) (3040 -1440 256 ) (3040 -1632 256 ) 
4 93 100 (2176 -1440 256 ) (2304 -1440 256 ) (2304 -1472 256 ) (2176 -1472 256 ) 
4 93 99 (2304 -1440 256 ) (2752 -1440 256 ) (2752 -1472 256 ) (2304 -1472 256 ) 
4 93 101 (2048 -1472 256 ) (2048 -1440 256 ) (2176 -1440 256 ) (2176 -1472 256 ) 
4 93 94 (2048 -1472 256 ) (2752 -1472 256 ) (2752 -1472 288 ) (2048 -1472 288 ) 
4 94 116 (2144 -1664 256 ) (2080 -1664 256 ) (2080 -1632 256 ) (2144 -1632 256 ) 
4 94 117 (2080 -1664 256 ) (2048 -1664 256 ) (2048 -1632 256 ) (2080 -1632 256 ) 
4 94 114 (2752 -1664 256 ) (2144 -1664 256 ) (2144 -1632 256 ) (2752 -1632 256 ) 
4 94 100 (2176 -1472 256 ) (2304 -1472 256 ) (2304 -1632 256 ) (2176 -1632 256 ) 
4 94 99 (2304 -1472 256 ) (2752 -1472 256 ) (2752 -1632 256 ) (2304 -1632 256 ) 
4 94 101 (2048 -1632 256 ) (2048 -1472 256 ) (2176 -1472 256 ) (2176 -1632 256 ) 
4 95 96 (3040 -1568 160 ) (3040 -1504 160 ) (3040 -1504 32 ) (3040 -1568 32 ) 
4 96 119 (2848 -1632 0 ) (2848 -1440 0 ) (3040 -1440 0 ) (3040 -1632 0 ) 
4 96 118 (2848 -1440 0 ) (2848 -1024 0 ) (3040 -1024 0 ) (3040 -1440 0 ) 
4 96 97 (2848 -1024 0 ) (2848 -1440 0 ) (2848 -1440 256 ) (2848 -1024 256 ) 
4 96 98 (2848 -1472 0 ) (2848 -1600 0 ) (2848 -1600 256 ) (2848 -1472 256 ) 
4 97 120 (2752 -1440 0 ) (2752 -1024 0 ) (2848 -1024 0 ) (2848 -1440 0 ) 
4 97 107 (2752 -1366 0 ) (2752 -1440 0 ) (2752 -1440 128 ) (2752 -1366 128 ) 
4 97 103 (2752 -1366 1.500000 ) (2752 -1366 125.500000 ) (2752 -1024 125.500000 ) (2752 -1024 1.500000 ) 
4 97 102 (2752 -1366 125.500000 ) (2752 -1366 128 ) (2752 -1024 128 ) (2752 -1024 125.500000 ) 
4 97 106 (2752 -1024 0 ) (2752 -1366 0 ) (2752 -1366 1.500000 ) (2752 -1024 1.500000 ) 
4 97 99 (2752 -1440 128 ) (2752 -1440 256 ) (2752 -1024 256 ) (2752 -1024 128 ) 
4 98 107 (2752 -1472 0 ) (2752 -1600 0 ) (2752 -1600 128 ) (2752 -1472 128 ) 
4 98 99 (2752 -1600 128 ) (2752 -1600 256 ) (2752 -1472 256 ) (2752 -1472 128 ) 
4 99 114 (2752 -1632 128 ) (2752 -1632 256 ) (2304 -1632 256 ) (2304 -1632 128 ) 
4 99 107 (2752 -1632 128 ) (2304 -1632 128 ) (2304 -1366 128 ) (2752 -1366 128 ) 
4 99 102 (2304 -1366 128 ) (2304 -1024 128 ) (2752 -1024 128 ) (2752 -1366 128 ) 
4 99 100 (2304 -1376 128 ) (2304 -1632 128 ) (2304 -1632 256 ) (2304 -1376 256 ) 
4 100 114 (2304 -1632 256 ) (2176 -1632 256 ) (2176 -1632 128 ) (2304 -1632 128 ) 
4 100 108 (2294 -1632 128 ) (2178 -1632 128 ) (2178 -1376 128 ) (2294 -1376 128 ) 
4 100 107 (2304 -1632 128 ) (2294 -1632 128 ) (2294 -1376 128 ) (2304 -1376 128 ) 
4 100 113 (2178 -1632 128 ) (2176 -1632 128 ) (2176 -1376 128 ) (2178 -1376 128 ) 
4 100 101 (2176 -1376 128 ) (2176 -1632 128 ) (2176 -1632 256 ) (2176 -1376 256 ) 
4 101 206 (2048 -1024 254 ) (2048 -1024 128 ) (2048 -1408 128 ) (2048 -1408 254 ) 
4 101 205 (2048 -1024 256 ) (2048 -1024 254 ) (2048 -1408 254 ) (2048 -1408 256 ) 
4 101 116 (2144 -1632 256 ) (2080 -1632 256 ) (2080 -1632 128 ) (2144 -1632 128 ) 
4 101 117 (2080 -1632 256 ) (2048 -1632 256 ) (2048 -1632 128 ) (2080 -1632 128 ) 
4 101 114 (2176 -1632 256 ) (2144 -1632 256 ) (2144 -1632 128 ) (2176 -1632 128 ) 
4 101 113 (2176 -1632 128 ) (2048 -1632 128 ) (2048 -1366 128 ) (2176 -1366 128 ) 
4 101 102 (2048 -1366 128 ) (2048 -1024 128 ) (2176 -1024 128 ) (2176 -1366 128 ) 
4 102 237 (2048 -1312 125.500000 ) (2048 -1366 125.500000 ) (2048 -1366 128 ) (2048 -1312 128 ) 
4 102 235 (2048 -1288 125.500000 ) (2048 -1312 125.500000 ) (2048 -1312 128 ) (2048 -1288 128 ) 
4 102 232 (2048 -1144 125.500000 ) (2048 -1288 125.500000 ) (2048 -1288 128 ) (2048 -1144 128 ) 
4 102 230 (2048 -1120 125.500000 ) (2048 -1144 125.500000 ) (2048 -1144 128 ) (2048 -1120 128 ) 
4 102 229 (2048 -1024 128 ) (2048 -1024 125.500000 ) (2048 -1120 125.500000 ) (2048 -1120 128 ) 
4 102 108 (2294 -1366 128 ) (2178 -1366 128 ) (2178 -1366 125.500000 ) (2294 -1366 125.500000 ) 
4 102 107 (2752 -1366 125.500000 ) (2752 -1366 128 ) (2294 -1366 128 ) (2294 -1366 125.500000 ) 
4 102 113 (2178 -1366 128 ) (2048 -1366 128 ) (2048 -1366 125.500000 ) (2178 -1366 125.500000 ) 
4 102 104 (2301 -1366 125.500000 ) (2299 -1366 125.500000 ) (2299 -1024 125.500000 ) (2301 -1024 125.500000 ) 
4 102 103 (2752 -1366 125.500000 ) (2301 -1366 125.500000 ) (2301 -1024 125.500000 ) (2752 -1024 125.500000 ) 
4 102 105 (2299 -1366 125.500000 ) (2048 -1366 125.500000 ) (2048 -1024 125.500000 ) (2299 -1024 125.500000 ) 
4 103 107 (2752 -1366 1.500000 ) (2752 -1366 125.500000 ) (2301 -1366 125.500000 ) (2301 -1366 1.500000 ) 
4 103 106 (2752 -1366 1.500000 ) (2301 -1366 1.500000 ) (2301 -1024 1.500000 ) (2752 -1024 1.500000 ) 
4 103 104 (2301 -1024 1.500000 ) (2301 -1366 1.500000 ) (2301 -1366 125.500000 ) (2301 -1024 125.500000 ) 
4 104 107 (2301 -1366 125.500000 ) (2299 -1366 125.500000 ) (2299 -1366 1.500000 ) (2301 -1366 1.500000 ) 
4 104 105 (2299 -1024 1.500000 ) (2299 -1366 1.500000 ) (2299 -1366 125.500000 ) (2299 -1024 125.500000 ) 
4 104 106 (2301 -1366 1.500000 ) (2299 -1366 1.500000 ) (2299 -1024 1.500000 ) (2301 -1024 1.500000 ) 
4 105 237 (2048 -1312 1.500000 ) (2048 -1366 1.500000 ) (2048 -1366 125.500000 ) (2048 -1312 125.500000 ) 
4 105 235 (2048 -1288 1.500000 ) (2048 -1312 1.500000 ) (2048 -1312 125.500000 ) (2048 -1288 125.500000 ) 
4 105 232 (2048 -1288 116 ) (2048 -1288 125.500000 ) (2048 -1144 125.500000 ) (2048 -1144 116 ) 
4 105 234 (2048 -1144 1.500000 ) (2048 -1288 1.500000 ) (2048 -1288 116 ) (2048 -1144 116 ) 
4 105 230 (2048 -1120 1.500000 ) (2048 -1144 1.500000 ) (2048 -1144 125.500000 ) (2048 -1120 125.500000 ) 
4 105 229 (2048 -1024 125.500000 ) (2048 -1024 1.500000 ) (2048 -1120 1.500000 ) (2048 -1120 125.500000 ) 
4 105 109 (2178 -1366 125.250000 ) (2178 -1366 1.500000 ) (2294 -1366 1.500000 ) (2294 -1366 125.250000 ) 
4 105 108 (2294 -1366 125.500000 ) (2178 -1366 125.500000 ) (2178 -1366 125.250000 ) (2294 -1366 125.250000 ) 
4 105 107 (2299 -1366 125.500000 ) (2294 -1366 125.500000 ) (2294 -1366 1.500000 ) (2299 -1366 1.500000 ) 
4 105 113 (2178 -1366 125.500000 ) (2048 -1366 125.500000 ) (2048 -1366 1.500000 ) (2178 -1366 1.500000 ) 
4 105 106 (2299 -1366 1.500000 ) (2048 -1366 1.500000 ) (2048 -1024 1.500000 ) (2299 -1024 1.500000 ) 
4 106 237 (2048 -1312 0 ) (2048 -1366 0 ) (2048 -1366 1.500000 ) (2048 -1312 1.500000 ) 
4 106 235 (2048 -1288 0 ) (2048 -1312 0 ) (2048 -1312 1.500000 ) (2048 -1288 1.500000 ) 
4 106 234 (2048 -1144 0 ) (2048 -1288 0 ) (2048 -1288 1.500000 ) (2048 -1144 1.500000 ) 
4 106 230 (2048 -1120 0 ) (2048 -1144 0 ) (2048 -1144 1.500000 ) (2048 -1120 1.500000 ) 
4 106 229 (2048 -1024 1.500000 ) (2048 -1024 0 ) (2048 -1120 0 ) (2048 -1120 1.500000 ) 
4 106 129 (2368 -1280 0 ) (2368 -1366 0 ) (2304 -1366 0 ) (2304 -1280 0 ) 
4 106 128 (2400 -1280 0 ) (2400 -1366 0 ) (2368 -1366 0 ) (2368 -1280 0 ) 
4 106 127 (2496 -1280 0 ) (2496 -1366 0 ) (2400 -1366 0 ) (2400 -1280 0 ) 
4 106 125 (2496 -1088 0 ) (2496 -1184 0 ) (2400 -1184 0 ) (2400 -1088 0 ) 
4 106 124 (2592 -1280 0 ) (2592 -1366 0 ) (2496 -1366 0 ) (2496 -1280 0 ) 
4 106 123 (2592 -1024 0 ) (2624 -1024 0 ) (2624 -1366 0 ) (2592 -1366 0 ) 
4 106 121 (2624 -1024 0 ) (2752 -1024 0 ) (2752 -1366 0 ) (2624 -1366 0 ) 
4 106 109 (2294 -1366 1.250000 ) (2294 -1366 1.500000 ) (2178 -1366 1.500000 ) (2178 -1366 1.250000 ) 
4 106 112 (2178 -1366 0 ) (2294 -1366 0 ) (2294 -1366 1.250000 ) (2178 -1366 1.250000 ) 
4 106 107 (2294 -1366 0 ) (2752 -1366 0 ) (2752 -1366 1.500000 ) (2294 -1366 1.500000 ) 
4 106 113 (2048 -1366 0 ) (2178 -1366 0 ) (2178 -1366 1.500000 ) (2048 -1366 1.500000 ) 
4 107 130 (2304 -1376 0 ) (2304 -1504 0 ) (2294 -1504 0 ) (2294 -1376 0 ) 
4 107 129 (2304 -1366 0 ) (2368 -1366 0 ) (2368 -1504 0 ) (2304 -1504 0 ) 
4 107 128 (2368 -1366 0 ) (2400 -1366 0 ) (2400 -1632 0 ) (2368 -1632 0 ) 
4 107 127 (2400 -1366 0 ) (2496 -1366 0 ) (2496 -1632 0 ) (2400 -1632 0 ) 
4 107 124 (2496 -1366 0 ) (2592 -1366 0 ) (2592 -1632 0 ) (2496 -1632 0 ) 
4 107 123 (2592 -1366 0 ) (2624 -1366 0 ) (2624 -1504 0 ) (2592 -1504 0 ) 
4 107 121 (2624 -1366 0 ) (2752 -1366 0 ) (2752 -1504 0 ) (2624 -1504 0 ) 
4 107 115 (2294 -1632 0 ) (2752 -1632 0 ) (2752 -1632 2 ) (2294 -1632 2 ) 
4 107 114 (2752 -1632 2 ) (2752 -1632 128 ) (2294 -1632 128 ) (2294 -1632 2 ) 
4 107 110 (2294 -1371 1.250000 ) (2294 -1373 1.250000 ) (2294 -1373 125.250000 ) (2294 -1371 125.250000 ) 
4 107 109 (2294 -1366 125.250000 ) (2294 -1366 1.250000 ) (2294 -1371 1.250000 ) (2294 -1371 125.250000 ) 
4 107 111 (2294 -1373 1.250000 ) (2294 -1632 1.250000 ) (2294 -1632 125.250000 ) (2294 -1373 125.250000 ) 
4 107 108 (2294 -1366 128 ) (2294 -1366 125.250000 ) (2294 -1632 125.250000 ) (2294 -1632 128 ) 
4 107 112 (2294 -1366 1.250000 ) (2294 -1366 0 ) (2294 -1632 0 ) (2294 -1632 1.250000 ) 
4 108 114 (2294 -1632 125.250000 ) (2294 -1632 128 ) (2178 -1632 128 ) (2178 -1632 125.250000 ) 
4 108 110 (2178 -1373 125.250000 ) (2178 -1371 125.250000 ) (2294 -1371 125.250000 ) (2294 -1373 125.250000 ) 
4 108 109 (2178 -1371 125.250000 ) (2178 -1366 125.250000 ) (2294 -1366 125.250000 ) (2294 -1371 125.250000 ) 
4 108 111 (2178 -1632 125.250000 ) (2178 -1373 125.250000 ) (2294 -1373 125.250000 ) (2294 -1632 125.250000 ) 
4 108 113 (2178 -1366 128 ) (2178 -1366 125.250000 ) (2178 -1632 125.250000 ) (2178 -1632 128 ) 
4 109 112 (2178 -1371 1.250000 ) (2178 -1366 1.250000 ) (2294 -1366 1.250000 ) (2294 -1371 1.250000 ) 
4 109 113 (2178 -1366 125.250000 ) (2178 -1366 1.250000 ) (2178 -1371 1.250000 ) (2178 -1371 125.250000 ) 
4 109 110 (2178 -1371 1.250000 ) (2294 -1371 1.250000 ) (2294 -1371 125.250000 ) (2178 -1371 125.250000 ) 
4 110 111 (2178 -1373 1.250000 ) (2294 -1373 1.250000 ) (2294 -1373 125.250000 ) (2178 -1373 125.250000 ) 
4 110 112 (2178 -1373 1.250000 ) (2178 -1371 1.250000 ) (2294 -1371 1.250000 ) (2294 -1373 1.250000 ) 
4 110 113 (2178 -1371 1.250000 ) (2178 -1373 1.250000 ) (2178 -1373 125.250000 ) (2178 -1371 125.250000 ) 
4 111 115 (2294 -1632 1.250000 ) (2294 -1632 2 ) (2178 -1632 2 ) (2178 -1632 1.250000 ) 
4 111 114 (2294 -1632 2 ) (2294 -1632 125.250000 ) (2178 -1632 125.250000 ) (2178 -1632 2 ) 
4 111 113 (2178 -1373 1.250000 ) (2178 -1632 1.250000 ) (2178 -1632 125.250000 ) (2178 -1373 125.250000 ) 
4 111 112 (2178 -1632 1.250000 ) (2178 -1373 1.250000 ) (2294 -1373 1.250000 ) (2294 -1632 1.250000 ) 
4 112 130 (2294 -1376 0 ) (2294 -1504 0 ) (2178 -1504 0 ) (2178 -1376 0 ) 
4 112 115 (2178 -1632 0 ) (2294 -1632 0 ) (2294 -1632 1.250000 ) (2178 -1632 1.250000 ) 
4 112 113 (2178 -1366 1.250000 ) (2178 -1366 0 ) (2178 -1632 0 ) (2178 -1632 1.250000 ) 
4 113 237 (2048 -1366 0 ) (2048 -1408 0 ) (2048 -1408 128 ) (2048 -1366 128 ) 
4 113 130 (2178 -1376 0 ) (2178 -1504 0 ) (2176 -1504 0 ) (2176 -1376 0 ) 
4 113 116 (2144 -1632 8 ) (2144 -1632 128 ) (2080 -1632 128 ) (2080 -1632 8 ) 
4 113 117 (2048 -1632 0 ) (2080 -1632 0 ) (2080 -1632 128 ) (2048 -1632 128 ) 
4 113 115 (2144 -1632 0 ) (2178 -1632 0 ) (2178 -1632 2 ) (2144 -1632 2 ) 
4 113 114 (2178 -1632 2 ) (2178 -1632 128 ) (2144 -1632 128 ) (2144 -1632 2 ) 
4 114 137 (2240 -1664 256 ) (2144 -1664 256 ) (2144 -1664 2 ) (2240 -1664 2 ) 
4 114 133 (2432 -1664 256 ) (2304 -1664 256 ) (2304 -1664 128 ) (2432 -1664 128 ) 
4 114 132 (2464 -1664 2 ) (2528 -1664 2 ) (2528 -1664 64 ) (2464 -1664 64 ) 
4 114 131 (2720 -1664 256 ) (2528 -1664 256 ) (2528 -1664 128 ) (2720 -1664 128 ) 
4 114 116 (2144 -1632 256 ) (2144 -1632 8 ) (2144 -1664 8 ) (2144 -1664 256 ) 
4 114 115 (2144 -1664 2 ) (2144 -1632 2 ) (2752 -1632 2 ) (2752 -1664 2 ) 
4 115 137 (2144 -1664 2 ) (2144 -1664 0 ) (2240 -1664 0 ) (2240 -1664 2 ) 
4 115 132 (2464 -1664 0 ) (2528 -1664 0 ) (2528 -1664 2 ) (2464 -1664 2 ) 
4 115 128 (2400 -1664 0 ) (2368 -1664 0 ) (2368 -1632 0 ) (2400 -1632 0 ) 
4 115 127 (2496 -1664 0 ) (2400 -1664 0 ) (2400 -1632 0 ) (2496 -1632 0 ) 
4 115 124 (2592 -1664 0 ) (2496 -1664 0 ) (2496 -1632 0 ) (2592 -1632 0 ) 
4 115 122 (2752 -1664 0 ) (2624 -1664 0 ) (2624 -1632 0 ) (2752 -1632 0 ) 
4 116 137 (2144 -1664 256 ) (2080 -1664 256 ) (2080 -1664 8 ) (2144 -1664 8 ) 
4 116 117 (2080 -1632 256 ) (2080 -1632 8 ) (2080 -1664 8 ) (2080 -1664 256 ) 
4 117 137 (2080 -1664 256 ) (2048 -1664 256 ) (2048 -1664 0 ) (2080 -1664 0 ) 
4 118 149 (3040 -1280 -135 ) (3040 -1440 -135 ) (2848 -1440 -135 ) (2848 -1280 -135 ) 
4 118 148 (2848 -1024 -135 ) (3040 -1024 -135 ) (3040 -1280 -135 ) (2848 -1280 -135 ) 
4 118 120 (2848 -1024 -135 ) (2848 -1440 -135 ) (2848 -1440 0 ) (2848 -1024 0 ) 
4 118 119 (2848 -1440 0 ) (2848 -1440 -4 ) (3040 -1440 -4 ) (3040 -1440 0 ) 
4 120 151 (2848 -1280 -135 ) (2848 -1440 -135 ) (2752 -1440 -135 ) (2752 -1280 -135 ) 
4 120 150 (2752 -1024 -135 ) (2848 -1024 -135 ) (2848 -1280 -135 ) (2752 -1280 -135 ) 
4 120 121 (2752 -1024 -135 ) (2752 -1440 -135 ) (2752 -1440 0 ) (2752 -1024 0 ) 
4 121 153 (2752 -1280 -135 ) (2752 -1504 -135 ) (2624 -1504 -135 ) (2624 -1280 -135 ) 
4 121 152 (2624 -1024 -135 ) (2752 -1024 -135 ) (2752 -1280 -135 ) (2624 -1280 -135 ) 
4 121 123 (2624 -1024 -135 ) (2624 -1504 -135 ) (2624 -1504 0 ) (2624 -1024 0 ) 
4 123 155 (2624 -1280 -135 ) (2624 -1504 -135 ) (2592 -1504 -135 ) (2592 -1280 -135 ) 
4 123 154 (2592 -1024 -135 ) (2624 -1024 -135 ) (2624 -1280 -135 ) (2592 -1280 -135 ) 
4 123 124 (2592 -1280 -135 ) (2592 -1504 -135 ) (2592 -1504 0 ) (2592 -1280 0 ) 
4 124 156 (2592 -1280 -135 ) (2592 -1664 -135 ) (2496 -1664 -135 ) (2496 -1280 -135 ) 
4 124 127 (2496 -1280 -135 ) (2496 -1664 -135 ) (2496 -1664 0 ) (2496 -1280 0 ) 
4 125 126 (2416 -1168 -32 ) (2416 -1104 -32 ) (2480 -1104 -32 ) (2480 -1168 -32 ) 
4 127 156 (2496 -1280 -135 ) (2496 -1664 -135 ) (2400 -1664 -135 ) (2400 -1280 -135 ) 
4 127 128 (2400 -1280 -135 ) (2400 -1664 -135 ) (2400 -1664 0 ) (2400 -1280 0 ) 
4 128 156 (2400 -1280 -135 ) (2400 -1664 -135 ) (2368 -1664 -135 ) (2368 -1280 -135 ) 
4 128 129 (2368 -1280 -135 ) (2368 -1504 -135 ) (2368 -1504 0 ) (2368 -1280 0 ) 
4 129 157 (2368 -1280 -135 ) (2368 -1504 -135 ) (2304 -1504 -135 ) (2304 -1280 -135 ) 
4 129 130 (2304 -1376 -135 ) (2304 -1504 -135 ) (2304 -1504 0 ) (2304 -1376 0 ) 
4 130 158 (2304 -1376 -135 ) (2304 -1504 -135 ) (2176 -1504 -135 ) (2176 -1376 -135 ) 
4 133 139 (2432 -1696 128 ) (2432 -1696 256 ) (2304 -1696 256 ) (2304 -1696 128 ) 
3 134 135 (2304 -1696 96 ) (2304 -1696 112 ) (2304 -1680 112 ) 
4 135 145 (2288 -1696 0 ) (2304 -1696 0 ) (2304 -1696 96 ) (2288 -1696 96 ) 
4 135 141 (2304 -1696 112 ) (2304 -1696 128 ) (2288 -1696 128 ) (2288 -1696 112 ) 
4 135 136 (2288 -1680.001953 128 ) (2288 -1680.001953 0 ) (2288 -1696 0 ) (2288 -1696 128 ) 
4 136 145 (2272 -1696 0 ) (2288 -1696 0 ) (2288 -1696 96 ) (2272 -1696 96 ) 
4 137 147 (2048 -1696 112 ) (2048 -1696 0 ) (2240 -1696 0 ) (2240 -1696 112 ) 
4 137 144 (2048 -1696 256 ) (2048 -1696 112 ) (2240 -1696 112 ) (2240 -1696 256 ) 
4 138 144 (2272 -1696 832 ) (2272 -1696 288 ) (2272 -1808 288 ) (2272 -1808 832 ) 
4 138 142 (2272 -1808 832 ) (2272 -1808 288 ) (2432 -1808 288 ) (2432 -1808 832 ) 
4 140 141 (2304 -1792 112 ) (2304 -1808 112 ) (2304 -1808 128 ) (2304 -1792 128 ) 
4 142 144 (2272 -1952 288 ) (2272 -1952 832 ) (2272 -1808 832 ) (2272 -1808 288 ) 
4 142 143 (2432 -1952 288 ) (2272 -1952 288 ) (2272 -1824 288 ) (2432 -1824 288 ) 
4 143 146 (2432 -1952 112 ) (2272 -1952 112 ) (2272 -1824 112 ) (2432 -1824 112 ) 
4 143 144 (2272 -1824 112 ) (2272 -1952 112 ) (2272 -1952 288 ) (2272 -1824 288 ) 
4 144 270 (2048 -1696 832 ) (2048 -1696 112 ) (2048 -1952 112 ) (2048 -1952 832 ) 
4 144 147 (2272 -1952 112 ) (2048 -1952 112 ) (2048 -1696 112 ) (2272 -1696 112 ) 
4 145 159 (2272 -1696 -135 ) (2432 -1696 -135 ) (2432 -1824 -135 ) (2272 -1824 -135 ) 
4 145 146 (2272 -1824 96 ) (2272 -1824 -135 ) (2432 -1824 -135 ) (2432 -1824 96 ) 
4 145 147 (2272 -1696 96 ) (2272 -1696 -135 ) (2272 -1824 -135 ) (2272 -1824 96 ) 
4 146 159 (2432 -1824 -135 ) (2432 -1952 -135 ) (2272 -1952 -135 ) (2272 -1824 -135 ) 
4 146 147 (2272 -1952 -135 ) (2272 -1952 112 ) (2272 -1824 112 ) (2272 -1824 -135 ) 
4 147 270 (2048 -1696 112 ) (2048 -1696 -135 ) (2048 -1952 -135 ) (2048 -1952 112 ) 
4 147 159 (2048 -1952 -135 ) (2048 -1696 -135 ) (2272 -1696 -135 ) (2272 -1952 -135 ) 
4 148 150 (2848 -1024 -256 ) (2848 -1280 -256 ) (2848 -1280 -135 ) (2848 -1024 -135 ) 
4 148 149 (2848 -1280 -135 ) (2848 -1280 -256 ) (3040 -1280 -256 ) (3040 -1280 -135 ) 
4 149 151 (2848 -1280 -256 ) (2848 -1440 -256 ) (2848 -1440 -135 ) (2848 -1280 -135 ) 
4 150 152 (2752 -1024 -256 ) (2752 -1280 -256 ) (2752 -1280 -135 ) (2752 -1024 -135 ) 
4 150 151 (2752 -1280 -135 ) (2752 -1280 -256 ) (2848 -1280 -256 ) (2848 -1280 -135 ) 
4 151 153 (2752 -1280 -256 ) (2752 -1440 -256 ) (2752 -1440 -135 ) (2752 -1280 -135 ) 
4 152 154 (2624 -1024 -256 ) (2624 -1280 -256 ) (2624 -1280 -135 ) (2624 -1024 -135 ) 
4 152 153 (2624 -1280 -135 ) (2624 -1280 -256 ) (2752 -1280 -256 ) (2752 -1280 -135 ) 
4 153 155 (2624 -1280 -256 ) (2624 -1504 -256 ) (2624 -1504 -135 ) (2624 -1280 -135 ) 
4 154 155 (2592 -1280 -135 ) (2592 -1280 -256 ) (2624 -1280 -256 ) (2624 -1280 -135 ) 
4 155 156 (2592 -1280 -256 ) (2592 -1504 -256 ) (2592 -1504 -135 ) (2592 -1280 -135 ) 
4 156 157 (2368 -1280 -135 ) (2368 -1280 -256 ) (2368 -1504 -256 ) (2368 -1504 -135 ) 
4 157 158 (2304 -1376 -256 ) (2304 -1504 -256 ) (2304 -1504 -135 ) (2304 -1376 -135 ) 
4 159 270 (2048 -1952 -135 ) (2048 -1696 -135 ) (2048 -1696 -256 ) (2048 -1952 -256 ) 
4 159 160 (2048 -1952 -256 ) (2048 -1696 -256 ) (2432 -1696 -256 ) (2432 -1952 -256 ) 
4 160 270 (2048 -1952 -256 ) (2048 -1696 -256 ) (2048 -1696 -544 ) (2048 -1952 -544 ) 
4 161 165 (2048 -480 256 ) (2048 -608 256 ) (1920 -608 256 ) (1920 -480 256 ) 
4 161 163 (1920 -608 256 ) (2048 -608 256 ) (2048 -608 264 ) (1920 -608 264 ) 
4 162 163 (2048 -720 384 ) (2048 -816 384 ) (1968 -816 384 ) (1968 -720 384 ) 
4 163 178 (1856 -608 256 ) (1856 -864 256 ) (1856 -864 384 ) (1856 -608 384 ) 
4 163 167 (1856 -864 256 ) (1856 -608 256 ) (1920 -608 256 ) (1920 -864 256 ) 
4 163 165 (1920 -608 256 ) (2048 -608 256 ) (2048 -864 256 ) (1920 -864 256 ) 
4 164 174 (1920 -992 256 ) (2048 -992 256 ) (2048 -1024 256 ) (1920 -1024 256 ) 
4 165 181 (2048 -832 0 ) (2048 -864 0 ) (1920 -864 0 ) (1920 -832 0 ) 
4 165 180 (1920 0 0 ) (2048 0 0 ) (2048 -32 0 ) (1920 -32 0 ) 
4 165 169 (2048 -864 1.250000 ) (2048 -864 125.250000 ) (1922 -864 125.250000 ) (1922 -864 1.250000 ) 
4 165 168 (2048 -864 125.250000 ) (2048 -864 128 ) (1922 -864 128 ) (1922 -864 125.250000 ) 
4 165 172 (1922 -864 0 ) (2048 -864 0 ) (2048 -864 1.250000 ) (1922 -864 1.250000 ) 
4 165 173 (1920 -864 128 ) (1920 -864 0 ) (1922 -864 0 ) (1922 -864 128 ) 
4 165 166 (1920 -32 0 ) (1920 -448 0 ) (1920 -448 256 ) (1920 -32 256 ) 
4 165 167 (1920 -480 0 ) (1920 -864 0 ) (1920 -864 256 ) (1920 -480 256 ) 
4 166 176 (1856 -320 0 ) (1856 -448 0 ) (1856 -448 256 ) (1856 -320 256 ) 
4 167 182 (1888 -864 0 ) (1856 -864 0 ) (1856 -480 0 ) (1888 -480 0 ) 
4 167 178 (1856 -608 0 ) (1856 -864 0 ) (1856 -864 256 ) (1856 -608 256 ) 
4 168 175 (2048 -992 125.250000 ) (2048 -992 128 ) (1922 -992 128 ) (1922 -992 125.250000 ) 
4 168 170 (1922 -869 125.250000 ) (1922 -867 125.250000 ) (2048 -867 125.250000 ) (2048 -869 125.250000 ) 
4 168 169 (1922 -867 125.250000 ) (1922 -864 125.250000 ) (2048 -864 125.250000 ) (2048 -867 125.250000 ) 
4 168 171 (2048 -992 125.250000 ) (1922 -992 125.250000 ) (1922 -869 125.250000 ) (2048 -869 125.250000 ) 
4 168 173 (1922 -992 125.250000 ) (1922 -992 128 ) (1922 -864 128 ) (1922 -864 125.250000 ) 
4 169 172 (1922 -867 1.250000 ) (1922 -864 1.250000 ) (2048 -864 1.250000 ) (2048 -867 1.250000 ) 
4 169 173 (1922 -867 125.250000 ) (1922 -864 125.250000 ) (1922 -864 1.250000 ) (1922 -867 1.250000 ) 
4 169 170 (1922 -867 1.250000 ) (2048 -867 1.250000 ) (2048 -867 125.250000 ) (1922 -867 125.250000 ) 
4 170 171 (1922 -869 1.250000 ) (2048 -869 1.250000 ) (2048 -869 125.250000 ) (1922 -869 125.250000 ) 
4 170 172 (1922 -869 1.250000 ) (1922 -867 1.250000 ) (2048 -867 1.250000 ) (2048 -869 1.250000 ) 
4 170 173 (1922 -869 125.250000 ) (1922 -867 125.250000 ) (1922 -867 1.250000 ) (1922 -869 1.250000 ) 
4 171 175 (2048 -992 1.250000 ) (2048 -992 125.250000 ) (1922 -992 125.250000 ) (1922 -992 1.250000 ) 
4 171 173 (1922 -992 1.250000 ) (1922 -992 125.250000 ) (1922 -869 125.250000 ) (1922 -869 1.250000 ) 
4 171 172 (2048 -992 1.250000 ) (1922 -992 1.250000 ) (1922 -869 1.250000 ) (2048 -869 1.250000 ) 
4 172 175 (1922 -992 0 ) (2048 -992 0 ) (2048 -992 1.250000 ) (1922 -992 1.250000 ) 
4 172 173 (1922 -992 0 ) (1922 -992 1.250000 ) (1922 -864 1.250000 ) (1922 -864 0 ) 
4 173 175 (1920 -992 0 ) (1922 -992 0 ) (1922 -992 128 ) (1920 -992 128 ) 
4 174 205 (2048 -1024 254 ) (2048 -1024 256 ) (1920 -1024 256 ) (1920 -1024 254 ) 
4 174 175 (2048 -1024 254 ) (1920 -1024 254 ) (1920 -992 254 ) (2048 -992 254 ) 
4 175 229 (2048 -1024 0 ) (2048 -1024 128 ) (1920 -1024 128 ) (1920 -1024 0 ) 
4 175 206 (2048 -1024 128 ) (2048 -1024 254 ) (1920 -1024 254 ) (1920 -1024 128 ) 
4 177 179 (1824 -992 384 ) (1760 -992 384 ) (1760 -480 384 ) (1824 -480 384 ) 
4 178 179 (1824 -864 384 ) (1824 -608 384 ) (1824 -608 0 ) (1824 -864 0 ) 
4 179 183 (1760 -992 0 ) (1760 -480 0 ) (1824 -480 0 ) (1824 -992 0 ) 
4 184 193 (1648 -992 58 ) (1240 -992 58 ) (1240 -944 58 ) (1648 -944 58 ) 
4 184 189 (1240 -944 154 ) (1240 -944 58 ) (1240 -992 58 ) (1240 -992 154 ) 
4 184 187 (1240 -992 186 ) (1240 -992 512 ) (1240 -984 512 ) (1240 -984 186 ) 
4 184 186 (1240 -944 512 ) (1240 -944 154 ) (1240 -984 154 ) (1240 -984 512 ) 
4 184 185 (1240 -992 512 ) (1240 -992 58 ) (1648 -992 58 ) (1648 -992 512 ) 
4 185 242 (1448 -1024 58 ) (1648 -1024 58 ) (1648 -1024 128 ) (1448 -1024 128 ) 
4 185 244 (1240 -1024 128 ) (1240 -1024 58 ) (1448 -1024 58 ) (1448 -1024 128 ) 
4 185 209 (1648 -1024 512 ) (1448 -1024 512 ) (1448 -1024 128 ) (1648 -1024 128 ) 
4 185 210 (1448 -1024 512 ) (1240 -1024 512 ) (1240 -1024 128 ) (1448 -1024 128 ) 
4 185 196 (1648 -1024 58 ) (1240 -1024 58 ) (1240 -1012 58 ) (1648 -1012 58 ) 
4 185 193 (1240 -1012 58 ) (1240 -992 58 ) (1648 -992 58 ) (1648 -1012 58 ) 
4 185 189 (1240 -992 58 ) (1240 -1024 58 ) (1240 -1024 154 ) (1240 -992 154 ) 
4 185 187 (1240 -1024 186 ) (1240 -1024 512 ) (1240 -992 512 ) (1240 -992 186 ) 
4 186 190 (1108 -944 154 ) (1180 -944 154 ) (1180 -984 154 ) (1108 -984 154 ) 
4 186 189 (1180 -944 154 ) (1240 -944 154 ) (1240 -984 154 ) (1180 -984 154 ) 
4 186 192 (1048 -944 154 ) (1108 -944 154 ) (1108 -984 154 ) (1048 -984 154 ) 
4 186 187 (1048 -984 512 ) (1048 -984 186 ) (1240 -984 186 ) (1240 -984 512 ) 
4 186 188 (1048 -944 512 ) (1048 -944 154 ) (1048 -984 154 ) (1048 -984 512 ) 
4 187 211 (1240 -1024 512 ) (1048 -1024 512 ) (1048 -1024 186 ) (1240 -1024 186 ) 
4 187 188 (1048 -1024 186 ) (1048 -1024 512 ) (1048 -984 512 ) (1048 -984 186 ) 
4 188 214 (1048 -1024 512 ) (1024 -1024 512 ) (1024 -1024 154 ) (1048 -1024 154 ) 
4 188 203 (1024 -1024 154 ) (1024 -1024 512 ) (1024 -944 512 ) (1024 -944 154 ) 
4 188 192 (1024 -944 154 ) (1048 -944 154 ) (1048 -1024 154 ) (1024 -1024 154 ) 
4 189 244 (1180 -1024 58 ) (1240 -1024 58 ) (1240 -1024 128 ) (1180 -1024 128 ) 
4 189 212 (1240 -1024 128 ) (1240 -1024 154 ) (1180 -1024 154 ) (1180 -1024 128 ) 
4 189 196 (1240 -1024 58 ) (1180 -1024 58 ) (1180 -1012 58 ) (1240 -1012 58 ) 
4 189 193 (1180 -1012 58 ) (1180 -944 58 ) (1240 -944 58 ) (1240 -1012 58 ) 
4 189 190 (1180 -1016 154 ) (1180 -944 154 ) (1180 -944 62 ) (1180 -1016 62 ) 
4 189 191 (1180 -1024 154 ) (1180 -1016 154 ) (1180 -1016 58 ) (1180 -1024 58 ) 
4 190 191 (1108 -1016 154 ) (1108 -1016 62 ) (1180 -1016 62 ) (1180 -1016 154 ) 
4 190 192 (1108 -1016 154 ) (1108 -944 154 ) (1108 -944 62 ) (1108 -1016 62 ) 
4 191 249 (1108 -1024 58 ) (1180 -1024 58 ) (1180 -1024 128 ) (1108 -1024 128 ) 
4 191 212 (1180 -1024 128 ) (1180 -1024 154 ) (1108 -1024 154 ) (1108 -1024 128 ) 
4 191 197 (1180 -1024 58 ) (1108 -1024 58 ) (1108 -1016 58 ) (1180 -1016 58 ) 
4 191 192 (1108 -1024 154 ) (1108 -1016 154 ) (1108 -1016 58 ) (1108 -1024 58 ) 
4 192 251 (1024 -1024 128 ) (1024 -1024 58 ) (1108 -1024 58 ) (1108 -1024 128 ) 
4 192 212 (1048 -1024 128 ) (1108 -1024 128 ) (1108 -1024 154 ) (1048 -1024 154 ) 
4 192 214 (1024 -1024 154 ) (1024 -1024 128 ) (1048 -1024 128 ) (1048 -1024 154 ) 
4 192 203 (1024 -1024 58 ) (1024 -1024 154 ) (1024 -944 154 ) (1024 -944 58 ) 
4 192 198 (1108 -1024 58 ) (1024 -1024 58 ) (1024 -1012 58 ) (1108 -1012 58 ) 
4 192 195 (1024 -1012 58 ) (1024 -944 58 ) (1108 -944 58 ) (1108 -1012 58 ) 
4 193 199 (1180 -944 -50 ) (1648 -944 -50 ) (1648 -1012 -50 ) (1180 -1012 -50 ) 
4 193 196 (1180 -1012 -50 ) (1648 -1012 -50 ) (1648 -1012 58 ) (1180 -1012 58 ) 
4 195 203 (1024 -1012 58 ) (1024 -944 58 ) (1024 -944 -50 ) (1024 -1012 -50 ) 
4 195 202 (1024 -944 -50 ) (1108 -944 -50 ) (1108 -1012 -50 ) (1024 -1012 -50 ) 
4 195 198 (1024 -1012 -50 ) (1108 -1012 -50 ) (1108 -1012 58 ) (1024 -1012 58 ) 
4 196 256 (1448 -1024 -50 ) (1648 -1024 -50 ) (1648 -1024 0 ) (1448 -1024 0 ) 
4 196 261 (1180 -1024 0 ) (1180 -1024 -50 ) (1448 -1024 -50 ) (1448 -1024 0 ) 
4 196 242 (1648 -1024 58 ) (1448 -1024 58 ) (1448 -1024 0 ) (1648 -1024 0 ) 
4 196 244 (1448 -1024 58 ) (1180 -1024 58 ) (1180 -1024 0 ) (1448 -1024 0 ) 
4 196 199 (1648 -1012 -50 ) (1648 -1024 -50 ) (1180 -1024 -50 ) (1180 -1012 -50 ) 
4 196 197 (1180 -1016 -50 ) (1180 -1024 -50 ) (1180 -1024 58 ) (1180 -1016 58 ) 
4 197 263 (1108 -1024 0 ) (1108 -1024 -50 ) (1180 -1024 -50 ) (1180 -1024 0 ) 
4 197 252 (1180 -1024 58 ) (1108 -1024 58 ) (1108 -1024 0 ) (1180 -1024 0 ) 
4 197 201 (1180 -1024 -50 ) (1108 -1024 -50 ) (1108 -1016 -50 ) (1180 -1016 -50 ) 
4 197 198 (1108 -1016 -50 ) (1108 -1024 -50 ) (1108 -1024 58 ) (1108 -1016 58 ) 
4 198 264 (1024 -1024 0 ) (1024 -1024 -50 ) (1108 -1024 -50 ) (1108 -1024 0 ) 
4 198 253 (1108 -1024 58 ) (1024 -1024 58 ) (1024 -1024 0 ) (1108 -1024 0 ) 
4 198 203 (1024 -1024 -50 ) (1024 -1024 58 ) (1024 -1012 58 ) (1024 -1012 -50 ) 
4 198 202 (1108 -1024 -50 ) (1024 -1024 -50 ) (1024 -1012 -50 ) (1108 -1012 -50 ) 
4 199 262 (1180 -1024 -256 ) (1648 -1024 -256 ) (1648 -1024 -68 ) (1180 -1024 -68 ) 
4 199 256 (1648 -1024 -68 ) (1648 -1024 -50 ) (1448 -1024 -50 ) (1448 -1024 -68 ) 
4 199 261 (1448 -1024 -50 ) (1180 -1024 -50 ) (1180 -1024 -68 ) (1448 -1024 -68 ) 
4 199 200 (1180 -944 -54 ) (1180 -944 -256 ) (1180 -1016 -256 ) (1180 -1016 -54 ) 
4 199 201 (1180 -1024 -50 ) (1180 -1016 -50 ) (1180 -1016 -256 ) (1180 -1024 -256 ) 
4 200 201 (1108 -1016 -54 ) (1108 -1016 -256 ) (1180 -1016 -256 ) (1180 -1016 -54 ) 
4 200 202 (1108 -944 -54 ) (1108 -944 -256 ) (1108 -1016 -256 ) (1108 -1016 -54 ) 
4 201 269 (1108 -1024 -256 ) (1180 -1024 -256 ) (1180 -1024 -54 ) (1108 -1024 -54 ) 
4 201 267 (1180 -1024 -54 ) (1180 -1024 -50 ) (1108 -1024 -50 ) (1108 -1024 -54 ) 
4 201 202 (1108 -1024 -50 ) (1108 -1016 -50 ) (1108 -1016 -256 ) (1108 -1024 -256 ) 
4 202 269 (1024 -1024 -54 ) (1024 -1024 -256 ) (1108 -1024 -256 ) (1108 -1024 -54 ) 
4 202 268 (1024 -1024 -50 ) (1024 -1024 -54 ) (1108 -1024 -54 ) (1108 -1024 -50 ) 
4 202 203 (1024 -1024 -256 ) (1024 -1024 -50 ) (1024 -944 -50 ) (1024 -944 -256 ) 
4 203 276 (1024 -1024 -256 ) (1024 -1024 20 ) (784 -1024 20 ) (784 -1024 -256 ) 
4 203 272 (1024 -1024 20 ) (1024 -1024 116 ) (784 -1024 116 ) (784 -1024 20 ) 
4 203 271 (1024 -1024 116 ) (1024 -1024 512 ) (784 -1024 512 ) (784 -1024 116 ) 
4 204 205 (1856 -1408 256 ) (1856 -1024 256 ) (1888 -1024 256 ) (1888 -1408 256 ) 
4 205 207 (1856 -1312 256 ) (1856 -1120 256 ) (1856 -1120 254 ) (1856 -1312 254 ) 
4 205 206 (2048 -1408 254 ) (1856 -1408 254 ) (1856 -1024 254 ) (2048 -1024 254 ) 
4 206 238 (2016 -1408 128 ) (1856 -1408 128 ) (1856 -1312 128 ) (2016 -1312 128 ) 
4 206 237 (2048 -1312 128 ) (2048 -1408 128 ) (2016 -1408 128 ) (2016 -1312 128 ) 
4 206 235 (2048 -1288 128 ) (2048 -1312 128 ) (1856 -1312 128 ) (1856 -1288 128 ) 
4 206 232 (2048 -1144 128 ) (2048 -1288 128 ) (1856 -1288 128 ) (1856 -1144 128 ) 
4 206 230 (2048 -1120 128 ) (2048 -1144 128 ) (1856 -1144 128 ) (1856 -1120 128 ) 
4 206 229 (1856 -1024 128 ) (2048 -1024 128 ) (2048 -1120 128 ) (1856 -1120 128 ) 
4 206 207 (1856 -1120 128 ) (1856 -1312 128 ) (1856 -1312 254 ) (1856 -1120 254 ) 
4 207 235 (1824 -1312 128 ) (1824 -1288 128 ) (1856 -1288 128 ) (1856 -1312 128 ) 
4 207 232 (1824 -1288 128 ) (1824 -1144 128 ) (1856 -1144 128 ) (1856 -1288 128 ) 
4 207 230 (1824 -1144 128 ) (1824 -1120 128 ) (1856 -1120 128 ) (1856 -1144 128 ) 
4 208 240 (1824 -1680 128 ) (1824 -1424 128 ) (2016 -1424 128 ) (2016 -1680 128 ) 
4 209 243 (1465.599976 -1120 128 ) (1463 -1120 128 ) (1448 -1096 128 ) (1448 -1061.332886 128 ) 
5 209 242 (1448 -1024 128 ) (1648 -1024 128 ) (1648 -1120 128 ) (1465.599976 -1120 128 ) (1448 -1061.332886 128 ) 
4 209 216 (1463 -1120 128 ) (1465.599976 -1120 128 ) (1465.599976 -1120 512 ) (1463 -1120 512 ) 
4 209 215 (1465.599976 -1120 128 ) (1648 -1120 128 ) (1648 -1120 512 ) (1465.599976 -1120 512 ) 
4 209 210 (1448 -1024 128 ) (1448 -1096 128 ) (1448 -1096 512 ) (1448 -1024 512 ) 
4 210 244 (1240 -1024 128 ) (1448 -1024 128 ) (1448 -1120 128 ) (1240 -1120 128 ) 
4 210 217 (1240 -1120 128 ) (1448 -1120 128 ) (1448 -1120 512 ) (1240 -1120 512 ) 
4 210 211 (1240 -1104 186 ) (1240 -1104 512 ) (1240 -1024 512 ) (1240 -1024 186 ) 
4 210 212 (1240 -1024 128 ) (1240 -1104 128 ) (1240 -1104 154 ) (1240 -1024 154 ) 
4 210 213 (1240 -1104 128 ) (1240 -1120 128 ) (1240 -1120 512 ) (1240 -1104 512 ) 
4 211 214 (1048 -1104 186 ) (1048 -1104 512 ) (1048 -1024 512 ) (1048 -1024 186 ) 
4 211 213 (1048 -1104 512 ) (1048 -1104 186 ) (1240 -1104 186 ) (1240 -1104 512 ) 
4 212 249 (1108 -1024 128 ) (1180 -1024 128 ) (1180 -1104 128 ) (1108 -1104 128 ) 
4 212 251 (1048 -1024 128 ) (1108 -1024 128 ) (1108 -1104 128 ) (1048 -1104 128 ) 
4 212 244 (1180 -1024 128 ) (1240 -1024 128 ) (1240 -1104 128 ) (1180 -1104 128 ) 
4 212 213 (1048 -1104 154 ) (1048 -1104 128 ) (1240 -1104 128 ) (1240 -1104 154 ) 
4 212 214 (1048 -1024 128 ) (1048 -1104 128 ) (1048 -1104 154 ) (1048 -1024 154 ) 
4 213 249 (1180 -1120 128 ) (1108 -1120 128 ) (1108 -1104 128 ) (1180 -1104 128 ) 
4 213 251 (1108 -1120 128 ) (1048 -1120 128 ) (1048 -1104 128 ) (1108 -1104 128 ) 
4 213 244 (1240 -1104 128 ) (1240 -1120 128 ) (1180 -1120 128 ) (1180 -1104 128 ) 
4 213 217 (1048 -1120 128 ) (1240 -1120 128 ) (1240 -1120 512 ) (1048 -1120 512 ) 
4 213 214 (1048 -1104 128 ) (1048 -1120 128 ) (1048 -1120 512 ) (1048 -1104 512 ) 
4 214 271 (1024 -1024 512 ) (1024 -1024 128 ) (1024 -1120 128 ) (1024 -1120 512 ) 
4 214 251 (1024 -1120 128 ) (1024 -1024 128 ) (1048 -1024 128 ) (1048 -1120 128 ) 
4 214 217 (1024 -1120 128 ) (1048 -1120 128 ) (1048 -1120 512 ) (1024 -1120 512 ) 
4 215 242 (1465.600098 -1120 128 ) (1648 -1120 128 ) (1648 -1168 128 ) (1480 -1168 128 ) 
4 215 218 (1480 -1168 128 ) (1648 -1168 128 ) (1648 -1168 512 ) (1480 -1168 512 ) 
4 215 216 (1465.599854 -1120 512 ) (1465.599854 -1120 128 ) (1468 -1128 128 ) (1468 -1128 512 ) 
3 216 243 (1463 -1120 128 ) (1465.600098 -1120 128 ) (1468 -1128 128 ) 
4 217 271 (1024 -1120 128 ) (1024 -1168 128 ) (1024 -1168 512 ) (1024 -1120 512 ) 
4 217 249 (1108 -1120 128 ) (1180 -1120 128 ) (1180 -1168 128 ) (1108 -1168 128 ) 
4 217 251 (1024 -1168 128 ) (1024 -1120 128 ) (1108 -1120 128 ) (1108 -1168 128 ) 
4 217 244 (1180 -1120 128 ) (1448 -1120 128 ) (1448 -1168 128 ) (1180 -1168 128 ) 
4 217 218 (1024 -1168 128 ) (1448 -1168 128 ) (1448 -1168 512 ) (1024 -1168 512 ) 
4 218 271 (1024 -1168 128 ) (1024 -1264 128 ) (1024 -1264 512 ) (1024 -1168 512 ) 
4 218 249 (1108 -1168 128 ) (1180 -1168 128 ) (1180 -1264 128 ) (1108 -1264 128 ) 
4 218 251 (1024 -1264 128 ) (1024 -1168 128 ) (1108 -1168 128 ) (1108 -1264 128 ) 
4 218 245 (1180 -1168 128 ) (1648 -1168 128 ) (1648 -1264 128 ) (1180 -1264 128 ) 
4 218 219 (1480 -1264 128 ) (1648 -1264 128 ) (1648 -1264 512 ) (1480 -1264 512 ) 
4 218 221 (1024 -1264 128 ) (1448 -1264 128 ) (1448 -1264 512 ) (1024 -1264 512 ) 
4 219 246 (1480 -1264 128 ) (1648 -1264 128 ) (1648 -1312 128 ) (1465.600098 -1312 128 ) 
4 219 222 (1465.600098 -1312 128 ) (1648 -1312 128 ) (1648 -1312 512 ) (1465.600098 -1312 512 ) 
4 219 220 (1468.005249 -1303.981567 128 ) (1465.599731 -1312 128 ) (1465.599731 -1312 512 ) (1468.005249 -1303.981567 512 ) 
3 220 247 (1468.005859 -1303.980713 128 ) (1465.600098 -1312 128 ) (1462.995361 -1312 128 ) 
4 220 222 (1462.995361 -1312 128 ) (1465.600098 -1312 128 ) (1465.600098 -1312 512 ) (1462.995361 -1312 512 ) 
4 221 271 (1024 -1264 128 ) (1024 -1312 128 ) (1024 -1312 512 ) (1024 -1264 512 ) 
4 221 249 (1108 -1264 128 ) (1180 -1264 128 ) (1180 -1312 128 ) (1108 -1312 128 ) 
4 221 251 (1024 -1312 128 ) (1024 -1264 128 ) (1108 -1264 128 ) (1108 -1312 128 ) 
4 221 248 (1180 -1264 128 ) (1448 -1264 128 ) (1448 -1312 128 ) (1180 -1312 128 ) 
4 221 224 (1048 -1312 128 ) (1240 -1312 128 ) (1240 -1312 512 ) (1048 -1312 512 ) 
4 221 228 (1024 -1312 128 ) (1048 -1312 128 ) (1048 -1312 512 ) (1024 -1312 512 ) 
4 221 223 (1240 -1312 128 ) (1448 -1312 128 ) (1448 -1312 512 ) (1240 -1312 512 ) 
4 222 247 (1462.995483 -1312 128 ) (1465.600098 -1312 128 ) (1448 -1370.667114 128 ) (1448 -1336 128 ) 
5 222 246 (1465.600098 -1312 128 ) (1648 -1312 128 ) (1648 -1488 128 ) (1448 -1488 128 ) (1448 -1370.667114 128 ) 
4 222 223 (1448 -1336 128 ) (1448 -1488 128 ) (1448 -1488 512 ) (1448 -1336 512 ) 
4 223 248 (1240 -1488 128 ) (1240 -1312 128 ) (1448 -1312 128 ) (1448 -1488 128 ) 
4 223 226 (1240 -1488 154 ) (1240 -1488 186 ) (1240 -1448 186 ) (1240 -1448 154 ) 
4 223 225 (1240 -1488 186 ) (1240 -1488 512 ) (1240 -1328 512 ) (1240 -1328 186 ) 
4 223 227 (1240 -1328 128 ) (1240 -1488 128 ) (1240 -1488 154 ) (1240 -1328 154 ) 
4 223 224 (1240 -1312 512 ) (1240 -1312 128 ) (1240 -1328 128 ) (1240 -1328 512 ) 
4 224 249 (1108 -1312 128 ) (1180 -1312 128 ) (1180 -1328 128 ) (1108 -1328 128 ) 
4 224 251 (1048 -1312 128 ) (1108 -1312 128 ) (1108 -1328 128 ) (1048 -1328 128 ) 
4 224 248 (1180 -1312 128 ) (1240 -1312 128 ) (1240 -1328 128 ) (1180 -1328 128 ) 
4 224 225 (1048 -1328 512 ) (1048 -1328 186 ) (1240 -1328 186 ) (1240 -1328 512 ) 
4 224 227 (1048 -1328 154 ) (1048 -1328 128 ) (1240 -1328 128 ) (1240 -1328 154 ) 
4 224 228 (1048 -1312 512 ) (1048 -1312 128 ) (1048 -1328 128 ) (1048 -1328 512 ) 
4 225 226 (1240 -1488 186 ) (1048 -1488 186 ) (1048 -1448 186 ) (1240 -1448 186 ) 
4 225 228 (1048 -1488 186 ) (1048 -1488 512 ) (1048 -1328 512 ) (1048 -1328 186 ) 
4 226 228 (1048 -1488 154 ) (1048 -1488 186 ) (1048 -1448 186 ) (1048 -1448 154 ) 
4 226 227 (1240 -1488 154 ) (1048 -1488 154 ) (1048 -1448 154 ) (1240 -1448 154 ) 
4 227 250 (1180 -1488 128 ) (1108 -1488 128 ) (1108 -1416 128 ) (1180 -1416 128 ) 
4 227 249 (1108 -1416 128 ) (1108 -1328 128 ) (1180 -1328 128 ) (1180 -1416 128 ) 
4 227 251 (1108 -1488 128 ) (1048 -1488 128 ) (1048 -1328 128 ) (1108 -1328 128 ) 
4 227 248 (1240 -1328 128 ) (1240 -1488 128 ) (1180 -1488 128 ) (1180 -1328 128 ) 
4 227 228 (1048 -1328 128 ) (1048 -1488 128 ) (1048 -1488 154 ) (1048 -1328 154 ) 
4 228 271 (1024 -1312 128 ) (1024 -1488 128 ) (1024 -1488 512 ) (1024 -1312 512 ) 
4 228 251 (1024 -1488 128 ) (1024 -1312 128 ) (1048 -1312 128 ) (1048 -1488 128 ) 
4 229 230 (1856 -1120 0 ) (2048 -1120 0 ) (2048 -1120 128 ) (1856 -1120 128 ) 
4 230 232 (2048 -1144 116 ) (2048 -1144 128 ) (1822 -1144 128 ) (1822 -1144 116 ) 
4 230 234 (1822 -1144 0 ) (2048 -1144 0 ) (2048 -1144 116 ) (1822 -1144 116 ) 
4 231 233 (1808 -1144 116 ) (1808 -1144 128 ) (1678 -1144 128 ) (1678 -1144 116 ) 
4 231 234 (1678 -1144 0 ) (1808 -1144 0 ) (1808 -1144 116 ) (1678 -1144 116 ) 
4 232 235 (1822 -1288 116 ) (2048 -1288 116 ) (2048 -1288 128 ) (1822 -1288 128 ) 
4 232 234 (2048 -1288 116 ) (1822 -1288 116 ) (1822 -1144 116 ) (2048 -1144 116 ) 
4 233 236 (1678 -1288 116 ) (1808 -1288 116 ) (1808 -1288 128 ) (1678 -1288 128 ) 
4 233 234 (1808 -1288 116 ) (1678 -1288 116 ) (1678 -1144 116 ) (1808 -1144 116 ) 
4 234 241 (1664 -1144 0 ) (1664 -1288 0 ) (1664 -1288 116 ) (1664 -1144 116 ) 
4 234 236 (1678 -1288 0 ) (1808 -1288 0 ) (1808 -1288 116 ) (1678 -1288 116 ) 
4 234 235 (1822 -1288 0 ) (2048 -1288 0 ) (2048 -1288 116 ) (1822 -1288 116 ) 
4 235 238 (1856 -1312 0 ) (2016 -1312 0 ) (2016 -1312 128 ) (1856 -1312 128 ) 
4 235 237 (2016 -1312 0 ) (2048 -1312 0 ) (2048 -1312 128 ) (2016 -1312 128 ) 
4 237 238 (2016 -1312 128 ) (2016 -1312 0 ) (2016 -1408 0 ) (2016 -1408 128 ) 
4 238 239 (1888 -1408 0 ) (2016 -1408 0 ) (2016 -1408 128 ) (1888 -1408 128 ) 
4 239 240 (1888 -1424 0 ) (2016 -1424 0 ) (2016 -1424 128 ) (1888 -1424 128 ) 
4 241 246 (1648 -1264 0 ) (1648 -1312 0 ) (1648 -1312 128 ) (1648 -1264 128 ) 
4 241 242 (1648 -1120 0 ) (1648 -1168 0 ) (1648 -1168 128 ) (1648 -1120 128 ) 
4 241 245 (1648 -1168 0 ) (1648 -1264 0 ) (1648 -1264 128 ) (1648 -1168 128 ) 
5 242 256 (1448 -1024 0 ) (1648 -1024 0 ) (1648 -1168 0 ) (1480 -1168 0 ) (1448 -1061.333008 0 ) 
4 242 243 (1448 -1061.333984 128 ) (1448 -1061.333984 0 ) (1468 -1128 0 ) (1468 -1128 128 ) 
4 242 244 (1448 -1024 0 ) (1448 -1061.333008 0 ) (1448 -1061.333008 128 ) (1448 -1024 128 ) 
4 242 245 (1480 -1168 0 ) (1648 -1168 0 ) (1648 -1168 128 ) (1480 -1168 128 ) 
3 243 257 (1448 -1096 0 ) (1448 -1061.333008 0 ) (1468 -1128 0 ) 
4 243 244 (1448 -1061.333008 0 ) (1448 -1096 0 ) (1448 -1096 128 ) (1448 -1061.333008 128 ) 
4 244 261 (1180 -1168 0 ) (1180 -1024 0 ) (1448 -1024 0 ) (1448 -1168 0 ) 
4 244 252 (1180 -1024 0 ) (1180 -1168 0 ) (1180 -1168 58 ) (1180 -1024 58 ) 
4 244 249 (1180 -1168 58 ) (1180 -1168 128 ) (1180 -1024 128 ) (1180 -1024 58 ) 
4 244 245 (1180 -1168 128 ) (1180 -1168 0 ) (1448 -1168 0 ) (1448 -1168 128 ) 
4 245 258 (1448 -1168 0 ) (1648 -1168 0 ) (1648 -1264 0 ) (1448 -1264 0 ) 
4 245 261 (1180 -1264 0 ) (1180 -1168 0 ) (1448 -1168 0 ) (1448 -1264 0 ) 
4 245 252 (1180 -1168 0 ) (1180 -1264 0 ) (1180 -1264 58 ) (1180 -1168 58 ) 
4 245 249 (1180 -1264 58 ) (1180 -1264 128 ) (1180 -1168 128 ) (1180 -1168 58 ) 
4 245 246 (1480 -1264 0 ) (1648 -1264 0 ) (1648 -1264 128 ) (1480 -1264 128 ) 
4 245 248 (1180 -1264 128 ) (1180 -1264 0 ) (1448 -1264 0 ) (1448 -1264 128 ) 
5 246 259 (1480 -1264 0 ) (1648 -1264 0 ) (1648 -1488 0 ) (1448 -1488 0 ) (1448 -1370.666992 0 ) 
4 246 247 (1468.005005 -1303.982178 0 ) (1448 -1370.666016 0 ) (1448 -1370.666016 128 ) (1468.005005 -1303.982178 128 ) 
4 246 248 (1448 -1370.666992 0 ) (1448 -1488 0 ) (1448 -1488 128 ) (1448 -1370.666992 128 ) 
3 247 260 (1468.005859 -1303.980957 0 ) (1448 -1370.666992 0 ) (1448 -1336 0 ) 
4 247 248 (1448 -1336 0 ) (1448 -1370.666992 0 ) (1448 -1370.666992 128 ) (1448 -1336 128 ) 
4 248 261 (1180 -1488 0 ) (1180 -1264 0 ) (1448 -1264 0 ) (1448 -1488 0 ) 
4 248 252 (1180 -1264 0 ) (1180 -1416 0 ) (1180 -1416 58 ) (1180 -1264 58 ) 
4 248 250 (1180 -1488 62 ) (1180 -1488 128 ) (1180 -1416 128 ) (1180 -1416 62 ) 
4 248 249 (1180 -1416 128 ) (1180 -1264 128 ) (1180 -1264 58 ) (1180 -1416 58 ) 
4 249 252 (1108 -1416 58 ) (1108 -1024 58 ) (1180 -1024 58 ) (1180 -1416 58 ) 
4 249 250 (1108 -1416 128 ) (1108 -1416 62 ) (1180 -1416 62 ) (1180 -1416 128 ) 
4 249 251 (1108 -1024 58 ) (1108 -1416 58 ) (1108 -1416 128 ) (1108 -1024 128 ) 
4 250 251 (1108 -1488 62 ) (1108 -1488 128 ) (1108 -1416 128 ) (1108 -1416 62 ) 
4 251 275 (1024 -1472 58 ) (1024 -1488 58 ) (1024 -1488 116 ) (1024 -1472 116 ) 
4 251 273 (1024 -1296 58 ) (1024 -1472 58 ) (1024 -1472 116 ) (1024 -1296 116 ) 
4 251 272 (1024 -1024 116 ) (1024 -1024 58 ) (1024 -1296 58 ) (1024 -1296 116 ) 
4 251 271 (1024 -1024 128 ) (1024 -1024 116 ) (1024 -1488 116 ) (1024 -1488 128 ) 
4 251 255 (1108 -1488 58 ) (1024 -1488 58 ) (1024 -1420 58 ) (1108 -1420 58 ) 
4 251 253 (1024 -1420 58 ) (1024 -1024 58 ) (1108 -1024 58 ) (1108 -1420 58 ) 
4 252 263 (1108 -1024 0 ) (1180 -1024 0 ) (1180 -1416 0 ) (1108 -1416 0 ) 
4 252 253 (1108 -1024 0 ) (1108 -1416 0 ) (1108 -1416 58 ) (1108 -1024 58 ) 
4 253 276 (1024 -1024 20 ) (1024 -1024 0 ) (1024 -1420 0 ) (1024 -1420 20 ) 
4 253 273 (1024 -1296 20 ) (1024 -1420 20 ) (1024 -1420 58 ) (1024 -1296 58 ) 
4 253 272 (1024 -1024 58 ) (1024 -1024 20 ) (1024 -1296 20 ) (1024 -1296 58 ) 
4 253 264 (1024 -1420 0 ) (1024 -1024 0 ) (1108 -1024 0 ) (1108 -1420 0 ) 
4 253 255 (1024 -1420 0 ) (1108 -1420 0 ) (1108 -1420 58 ) (1024 -1420 58 ) 
4 254 265 (1112 -1420 0 ) (1176 -1420 0 ) (1176 -1488 0 ) (1112 -1488 0 ) 
4 255 276 (1024 -1420 0 ) (1024 -1488 0 ) (1024 -1488 20 ) (1024 -1420 20 ) 
4 255 275 (1024 -1488 20 ) (1024 -1488 58 ) (1024 -1472 58 ) (1024 -1472 20 ) 
4 255 273 (1024 -1472 58 ) (1024 -1420 58 ) (1024 -1420 20 ) (1024 -1472 20 ) 
4 255 266 (1024 -1488 0 ) (1024 -1420 0 ) (1108 -1420 0 ) (1108 -1488 0 ) 
5 256 262 (1448 -1061.333008 -68 ) (1448 -1024 -68 ) (1648 -1024 -68 ) (1648 -1168 -68 ) (1480 -1168 -68 ) 
4 256 257 (1448 -1061.332642 0 ) (1448 -1061.332642 -68 ) (1468 -1128 -68 ) (1468 -1128 0 ) 
4 256 258 (1480 -1168 -68 ) (1648 -1168 -68 ) (1648 -1168 0 ) (1480 -1168 0 ) 
4 256 261 (1448 -1024 -68 ) (1448 -1061.333008 -68 ) (1448 -1061.333008 0 ) (1448 -1024 0 ) 
3 257 262 (1448 -1096 -68 ) (1448 -1061.333008 -68 ) (1468 -1128 -68 ) 
4 257 261 (1448 -1061.333008 -68 ) (1448 -1096 -68 ) (1448 -1096 0 ) (1448 -1061.333008 0 ) 
4 258 262 (1448 -1264 -68 ) (1448 -1168 -68 ) (1648 -1168 -68 ) (1648 -1264 -68 ) 
4 258 259 (1480 -1264 -68 ) (1648 -1264 -68 ) (1648 -1264 0 ) (1480 -1264 0 ) 
4 258 261 (1448 -1168 -68 ) (1448 -1264 -68 ) (1448 -1264 0 ) (1448 -1168 0 ) 
5 259 262 (1648 -1488 -68 ) (1448 -1488 -68 ) (1448 -1370.666992 -68 ) (1480 -1264 -68 ) (1648 -1264 -68 ) 
4 259 260 (1468.005859 -1303.980713 -68 ) (1448 -1370.667236 -68 ) (1448 -1370.667236 0 ) (1468.005859 -1303.980713 0 ) 
4 259 261 (1448 -1370.666992 -68 ) (1448 -1488 -68 ) (1448 -1488 0 ) (1448 -1370.666992 0 ) 
3 260 262 (1448 -1370.666992 -68 ) (1448 -1336 -68 ) (1468.005859 -1303.980957 -68 ) 
4 260 261 (1448 -1336 -68 ) (1448 -1370.666992 -68 ) (1448 -1370.666992 0 ) (1448 -1336 0 ) 
4 261 269 (1180 -1488 -68 ) (1180 -1488 -54 ) (1180 -1024 -54 ) (1180 -1024 -68 ) 
4 261 267 (1180 -1416 -50 ) (1180 -1024 -50 ) (1180 -1024 -54 ) (1180 -1416 -54 ) 
4 261 263 (1180 -1416 0 ) (1180 -1024 0 ) (1180 -1024 -50 ) (1180 -1416 -50 ) 
4 261 262 (1448 -1488 -68 ) (1180 -1488 -68 ) (1180 -1024 -68 ) (1448 -1024 -68 ) 
4 262 269 (1180 -1488 -256 ) (1180 -1488 -68 ) (1180 -1024 -68 ) (1180 -1024 -256 ) 
4 263 267 (1108 -1024 -50 ) (1180 -1024 -50 ) (1180 -1416 -50 ) (1108 -1416 -50 ) 
4 263 264 (1108 -1024 -50 ) (1108 -1416 -50 ) (1108 -1416 0 ) (1108 -1024 0 ) 
4 264 276 (1024 -1024 0 ) (1024 -1024 -50 ) (1024 -1420 -50 ) (1024 -1420 0 ) 
4 264 268 (1024 -1024 -50 ) (1108 -1024 -50 ) (1108 -1420 -50 ) (1024 -1420 -50 ) 
4 264 266 (1024 -1420 -50 ) (1108 -1420 -50 ) (1108 -1420 0 ) (1024 -1420 0 ) 
4 266 276 (1024 -1420 -50 ) (1024 -1488 -50 ) (1024 -1488 0 ) (1024 -1420 0 ) 
4 266 268 (1108 -1488 -50 ) (1024 -1488 -50 ) (1024 -1420 -50 ) (1108 -1420 -50 ) 
4 267 269 (1180 -1024 -54 ) (1180 -1416 -54 ) (1108 -1416 -54 ) (1108 -1024 -54 ) 
4 267 268 (1108 -1024 -54 ) (1108 -1416 -54 ) (1108 -1416 -50 ) (1108 -1024 -50 ) 
4 268 276 (1024 -1024 -50 ) (1024 -1024 -54 ) (1024 -1488 -54 ) (1024 -1488 -50 ) 
4 268 269 (1108 -1488 -54 ) (1024 -1488 -54 ) (1024 -1024 -54 ) (1108 -1024 -54 ) 
4 269 276 (1024 -1024 -54 ) (1024 -1024 -256 ) (1024 -1488 -256 ) (1024 -1488 -54 ) 
4 271 275 (784 -1488 116 ) (784 -1472 116 ) (1024 -1472 116 ) (1024 -1488 116 ) 
4 271 273 (784 -1472 116 ) (784 -1296 116 ) (1024 -1296 116 ) (1024 -1472 116 ) 
4 271 272 (784 -1296 116 ) (784 -1024 116 ) (1024 -1024 116 ) (1024 -1296 116 ) 
4 272 276 (784 -1024 20 ) (1024 -1024 20 ) (1024 -1296 20 ) (784 -1296 20 ) 
4 272 273 (784 -1296 20 ) (1024 -1296 20 ) (1024 -1296 116 ) (784 -1296 116 ) 
4 273 276 (784 -1296 20 ) (1024 -1296 20 ) (1024 -1472 20 ) (784 -1472 20 ) 
4 273 275 (784 -1472 20 ) (1024 -1472 20 ) (1024 -1472 116 ) (784 -1472 116 ) 
4 275 276 (784 -1472 20 ) (1024 -1472 20 ) (1024 -1488 20 ) (784 -1488 20 ) 
4 277 279 (1168 -3072 -76 ) (1168 -3072 52 ) (1024 -3072 52 ) (1024 -3072 -76 ) 
4 277 278 (1024 -3072 -76 ) (1024 -3072 52 ) (1024 -2848 52 ) (1024 -2848 -76 ) 
4 278 280 (1024 -3072 -76 ) (1024 -3072 52 ) (848 -3072 52 ) (848 -3072 -76 ) 
4 279 280 (1024 -3072 52 ) (1024 -3072 -76 ) (1024 -3104 -76 ) (1024 -3104 52 ) 
4 281 282 (-3072 2336 -76 ) (-3072 2336 52 ) (-3072 2592 52 ) (-3072 2592 -76 ) 
