PRT1
417
1167
4 0 1 (3072 1504 0 ) (3072 1504 128 ) (3072 1760 128 ) (3072 1760 0 ) 
4 2 3 (3072 576 0 ) (3072 576 128 ) (3072 832 128 ) (3072 832 0 ) 
4 4 5 (1024 480 -128 ) (1024 288 -128 ) (1024 288 0 ) (1024 480 0 ) 
4 5 11 (928 320 -128 ) (928 288 -128 ) (928 288 128 ) (928 320 128 ) 
4 5 10 (928 448 -128 ) (928 320 -128 ) (928 320 128 ) (928 448 128 ) 
4 5 8 (928 480 -128 ) (928 448 -128 ) (928 448 128 ) (928 480 128 ) 
4 6 59 (1024 0 384 ) (1024 0 448 ) (928 0 448 ) (928 0 384 ) 
4 6 12 (928 0 384 ) (928 0 448 ) (928 64 448 ) (928 64 384 ) 
4 6 7 (1024 0 384 ) (928 0 384 ) (928 64 384 ) (1024 64 384 ) 
4 7 82 (960 0 0 ) (928 0 0 ) (928 0 -128 ) (960 0 -128 ) 
4 7 79 (1024 0 -128 ) (1024 0 0 ) (960 0 0 ) (960 0 -128 ) 
4 7 59 (1024 0 0 ) (1024 0 384 ) (928 0 384 ) (928 0 0 ) 
4 7 14 (1024 64 -128 ) (1024 0 -128 ) (928 0 -128 ) (928 64 -128 ) 
4 7 13 (928 64 -128 ) (928 0 -128 ) (928 0 384 ) (928 64 384 ) 
4 8 30 (896 480 128 ) (896 480 -128 ) (896 448 -128 ) (896 448 128 ) 
4 8 10 (896 448 -128 ) (928 448 -128 ) (928 448 128 ) (896 448 128 ) 
4 9 23 (896 448 138 ) (896 448 128 ) (896 320 128 ) (896 320 138 ) 
4 9 10 (928 320 128 ) (896 320 128 ) (896 448 128 ) (928 448 128 ) 
4 10 30 (896 448 128 ) (896 448 -128 ) (896 320 -128 ) (896 320 128 ) 
4 10 11 (896 320 -128 ) (928 320 -128 ) (928 320 128 ) (896 320 128 ) 
4 11 30 (896 320 128 ) (896 320 -128 ) (896 288 -128 ) (896 288 128 ) 
4 12 59 (928 0 448 ) (896 0 448 ) (896 0 384 ) (928 0 384 ) 
4 12 31 (896 0 384 ) (896 0 448 ) (896 64 448 ) (896 64 384 ) 
4 12 13 (896 0 384 ) (896 64 384 ) (928 64 384 ) (928 0 384 ) 
4 13 82 (896 0 0 ) (896 0 -128 ) (928 0 -128 ) (928 0 0 ) 
4 13 59 (896 0 384 ) (896 0 0 ) (928 0 0 ) (928 0 384 ) 
4 13 37 (896 0 -128 ) (896 0 384 ) (896 64 384 ) (896 64 -128 ) 
4 13 14 (896 0 -128 ) (896 64 -128 ) (928 64 -128 ) (928 0 -128 ) 
4 14 102 (1024 0 -576 ) (1024 0 -256 ) (896 0 -256 ) (896 0 -576 ) 
4 14 97 (1024 0 -256 ) (1024 0 -128 ) (896 0 -128 ) (896 0 -256 ) 
4 14 37 (896 0 -576 ) (896 0 -128 ) (896 64 -128 ) (896 64 -576 ) 
4 15 25 (864 192 256 ) (832 192 256 ) (832 320 256 ) (864 320 256 ) 
4 15 24 (896 192 256 ) (864 192 256 ) (864 288 256 ) (896 288 256 ) 
4 15 16 (832 320 256 ) (832 192 256 ) (832 192 384 ) (832 320 384 ) 
4 16 33 (672 192 256 ) (704 192 256 ) (704 192 384 ) (672 192 384 ) 
4 16 26 (832 192 256 ) (672 192 256 ) (672 448 256 ) (832 448 256 ) 
4 16 22 (672 448 256 ) (672 480 256 ) (832 480 256 ) (832 448 256 ) 
4 16 17 (672 480 256 ) (672 192 256 ) (672 192 384 ) (672 480 384 ) 
4 17 33 (640 192 256 ) (672 192 256 ) (672 192 384 ) (640 192 384 ) 
4 17 26 (672 192 256 ) (640 192 256 ) (640 448 256 ) (672 448 256 ) 
4 17 22 (640 448 256 ) (640 480 256 ) (672 480 256 ) (672 448 256 ) 
4 17 20 (640 480 256 ) (640 512 256 ) (672 512 256 ) (672 480 256 ) 
4 17 18 (640 512 256 ) (640 192 256 ) (640 192 384 ) (640 512 384 ) 
4 18 301 (0 192 256 ) (0 192 384 ) (0 256 384 ) (0 256 256 ) 
4 18 291 (0 256 384 ) (0 512 384 ) (0 512 256 ) (0 256 256 ) 
4 18 285 (0 512 384 ) (0 544 384 ) (0 544 256 ) (0 512 256 ) 
4 18 43 (0 192 384 ) (0 192 256 ) (256 192 256 ) (256 192 384 ) 
4 18 36 (256 192 256 ) (276 192 256 ) (276 192 384 ) (256 192 384 ) 
4 18 34 (276 192 256 ) (280 192 256 ) (280 192 384 ) (276 192 384 ) 
4 18 33 (280 192 256 ) (640 192 256 ) (640 192 384 ) (280 192 384 ) 
4 18 26 (640 192 256 ) (0 192 256 ) (0 448 256 ) (640 448 256 ) 
4 18 22 (0 448 256 ) (0 480 256 ) (640 480 256 ) (640 448 256 ) 
4 18 21 (0 480 256 ) (0 544 256 ) (640 544 256 ) (640 480 256 ) 
4 19 30 (704 512 128 ) (704 480 128 ) (672 480 128 ) (672 512 128 ) 
4 19 22 (672 480 128 ) (704 480 128 ) (704 480 256 ) (672 480 256 ) 
4 19 20 (672 512 128 ) (672 480 128 ) (672 480 256 ) (672 512 256 ) 
4 20 30 (672 576 128 ) (672 480 128 ) (640 480 128 ) (640 576 128 ) 
4 20 22 (640 480 128 ) (672 480 128 ) (672 480 256 ) (640 480 256 ) 
4 20 21 (640 576 128 ) (640 480 128 ) (640 480 256 ) (640 576 256 ) 
4 21 291 (0 480 256 ) (0 512 256 ) (0 512 128 ) (0 480 128 ) 
4 21 288 (0 512 256 ) (0 640 256 ) (0 640 128 ) (0 512 128 ) 
4 21 30 (0 480 128 ) (0 640 128 ) (640 640 128 ) (640 480 128 ) 
4 21 22 (0 480 128 ) (640 480 128 ) (640 480 256 ) (0 480 256 ) 
4 22 291 (0 448 256 ) (0 480 256 ) (0 480 128 ) (0 448 128 ) 
4 22 30 (0 448 128 ) (0 480 128 ) (832 480 128 ) (832 448 128 ) 
4 22 26 (0 448 128 ) (832 448 128 ) (832 448 256 ) (0 448 256 ) 
4 23 30 (864 320 128 ) (864 448 128 ) (896 448 128 ) (896 320 128 ) 
4 24 30 (896 192 128 ) (864 192 128 ) (864 288 128 ) (896 288 128 ) 
4 24 25 (864 288 128 ) (864 192 128 ) (864 192 256 ) (864 288 256 ) 
4 25 30 (864 192 128 ) (832 192 128 ) (832 320 128 ) (864 320 128 ) 
4 25 26 (832 320 128 ) (832 192 128 ) (832 192 256 ) (832 320 256 ) 
4 26 303 (0 192 128 ) (0 192 256 ) (0 256 256 ) (0 256 128 ) 
4 26 291 (0 256 256 ) (0 448 256 ) (0 448 128 ) (0 256 128 ) 
4 26 43 (0 192 256 ) (0 192 128 ) (256 192 128 ) (256 192 256 ) 
4 26 36 (256 192 128 ) (276 192 128 ) (276 192 256 ) (256 192 256 ) 
4 26 34 (276 192 128 ) (280 192 128 ) (280 192 256 ) (276 192 256 ) 
4 26 33 (280 192 128 ) (704 192 128 ) (704 192 256 ) (280 192 256 ) 
4 26 30 (832 192 128 ) (0 192 128 ) (0 448 128 ) (832 448 128 ) 
4 27 30 (896 640 -256 ) (896 640 -128 ) (128 640 -128 ) (128 640 -256 ) 
4 27 28 (128 672 -128 ) (128 672 -256 ) (128 640 -256 ) (128 640 -128 ) 
4 28 283 (0 640 -256 ) (0 640 -128 ) (0 672 -128 ) (0 672 -256 ) 
4 28 30 (128 640 -256 ) (128 640 -128 ) (0 640 -128 ) (0 640 -256 ) 
4 28 29 (0 672 -256 ) (128 672 -256 ) (128 640 -256 ) (0 640 -256 ) 
4 29 284 (0 640 -264 ) (0 640 -256 ) (0 672 -256 ) (0 672 -264 ) 
4 30 303 (0 192 -256 ) (0 192 128 ) (0 256 128 ) (0 256 -256 ) 
4 30 291 (0 256 128 ) (0 512 128 ) (0 512 -256 ) (0 256 -256 ) 
4 30 288 (0 512 128 ) (0 640 128 ) (0 640 -256 ) (0 512 -256 ) 
4 30 43 (0 192 128 ) (0 192 -256 ) (256 192 -256 ) (256 192 128 ) 
4 30 36 (256 192 -256 ) (276 192 -256 ) (276 192 128 ) (256 192 128 ) 
4 30 34 (276 192 -256 ) (280 192 -256 ) (280 192 128 ) (276 192 128 ) 
4 30 33 (280 192 -256 ) (704 192 -256 ) (704 192 128 ) (280 192 128 ) 
4 31 62 (640 0 448 ) (320 0 448 ) (320 0 384 ) (640 0 384 ) 
4 31 61 (640 0 446 ) (640 0 384 ) (768 0 384 ) (768 0 446 ) 
4 31 60 (768 0 448 ) (640 0 448 ) (640 0 446 ) (768 0 446 ) 
4 31 59 (896 0 384 ) (896 0 448 ) (768 0 448 ) (768 0 384 ) 
4 31 37 (320 64 384 ) (896 64 384 ) (896 0 384 ) (320 0 384 ) 
4 32 305 (0 0 384 ) (0 0 448 ) (0 64 448 ) (0 64 384 ) 
4 32 63 (192 0 448 ) (0 0 448 ) (0 0 384 ) (192 0 384 ) 
4 32 44 (0 0 384 ) (0 64 384 ) (192 64 384 ) (192 0 384 ) 
4 33 38 (288 64 384 ) (280 64 384 ) (280 64 -256 ) (288 64 -256 ) 
4 33 37 (704 64 -256 ) (704 64 384 ) (288 64 384 ) (288 64 -256 ) 
4 33 35 (280 64 1.500000 ) (280 64 384 ) (280 76 384 ) (280 76 1.500000 ) 
4 33 34 (280 76 384 ) (280 192 384 ) (280 192 -256 ) (280 76 -256 ) 
4 34 36 (276 76 -256 ) (276 76 384 ) (276 192 384 ) (276 192 -256 ) 
4 34 35 (276 76 384 ) (276 76 1.500000 ) (280 76 1.500000 ) (280 76 384 ) 
4 35 39 (280 64 1.500000 ) (280 64 384 ) (276 64 384 ) (276 64 1.500000 ) 
4 35 36 (276 64 1.500000 ) (276 64 384 ) (276 76 384 ) (276 76 1.500000 ) 
4 36 45 (256 64 -256 ) (256 64 1.500000 ) (256 76 1.500000 ) (256 76 -256 ) 
4 36 44 (256 64 1.500000 ) (256 64 384 ) (256 76 384 ) (256 76 1.500000 ) 
4 36 43 (256 76 384 ) (256 192 384 ) (256 192 -256 ) (256 76 -256 ) 
4 36 40 (256 64 384 ) (256 64 -256 ) (276 64 -256 ) (276 64 384 ) 
4 37 105 (288 0 -512 ) (288 0 -576 ) (704 0 -576 ) (704 0 -512 ) 
4 37 103 (704 0 -256 ) (288 0 -256 ) (288 0 -512 ) (704 0 -512 ) 
4 37 102 (896 0 -576 ) (896 0 -256 ) (704 0 -256 ) (704 0 -576 ) 
4 37 100 (768 0 -128 ) (704 0 -128 ) (704 0 -256 ) (768 0 -256 ) 
4 37 98 (896 0 -256 ) (896 0 -128 ) (768 0 -128 ) (768 0 -256 ) 
4 37 101 (704 0 -128 ) (288 0 -128 ) (288 0 -256 ) (704 0 -256 ) 
4 37 82 (896 0 -128 ) (896 0 0 ) (704 0 0 ) (704 0 -128 ) 
4 37 84 (704 0 0 ) (288 0 0 ) (288 0 -128 ) (704 0 -128 ) 
4 37 64 (640 0 384 ) (288 0 384 ) (288 0 0 ) (640 0 0 ) 
4 37 61 (768 0 384 ) (640 0 384 ) (640 0 0 ) (768 0 0 ) 
4 37 59 (896 0 0 ) (896 0 384 ) (768 0 384 ) (768 0 0 ) 
4 37 41 (288 32 -256 ) (288 32 384 ) (288 52 384 ) (288 52 -256 ) 
4 37 42 (288 32 -576 ) (288 0 -576 ) (288 0 384 ) (288 32 384 ) 
4 37 38 (288 64 384 ) (288 64 -256 ) (288 52 -256 ) (288 52 384 ) 
4 38 41 (288 52 -256 ) (288 52 384 ) (280 52 384 ) (280 52 -256 ) 
4 38 39 (280 64 384 ) (280 64 1.500000 ) (280 52 1.500000 ) (280 52 384 ) 
4 39 41 (280 52 1.500000 ) (280 52 384 ) (276 52 384 ) (276 52 1.500000 ) 
4 39 40 (276 64 384 ) (276 64 1.500000 ) (276 52 1.500000 ) (276 52 384 ) 
4 40 46 (256 52 -256 ) (256 52 1.500000 ) (256 64 1.500000 ) (256 64 -256 ) 
4 40 44 (256 52 1.500000 ) (256 52 384 ) (256 64 384 ) (256 64 1.500000 ) 
4 40 41 (256 52 384 ) (256 52 -256 ) (276 52 -256 ) (276 52 384 ) 
4 41 46 (256 32 -256 ) (256 32 1.500000 ) (256 52 1.500000 ) (256 52 -256 ) 
4 41 44 (256 32 1.500000 ) (256 32 384 ) (256 52 384 ) (256 52 1.500000 ) 
4 41 42 (256 32 384 ) (256 32 -256 ) (288 32 -256 ) (288 32 384 ) 
4 42 105 (256 0 -512 ) (256 0 -576 ) (288 0 -576 ) (288 0 -512 ) 
4 42 103 (256 0 -256 ) (256 0 -512 ) (288 0 -512 ) (288 0 -256 ) 
4 42 101 (256 0 -128 ) (256 0 -256 ) (288 0 -256 ) (288 0 -128 ) 
4 42 84 (256 0 0 ) (256 0 -128 ) (288 0 -128 ) (288 0 0 ) 
4 42 64 (288 0 384 ) (256 0 384 ) (256 0 0 ) (288 0 0 ) 
4 42 58 (256 32 -576 ) (256 0 -576 ) (256 0 -512 ) (256 32 -512 ) 
4 42 55 (256 0 -512 ) (256 0 -384 ) (256 32 -384 ) (256 32 -512 ) 
4 42 46 (256 0 -256 ) (256 0 1.500000 ) (256 32 1.500000 ) (256 32 -256 ) 
4 42 44 (256 0 1.500000 ) (256 0 384 ) (256 32 384 ) (256 32 1.500000 ) 
4 43 304 (0 76 384 ) (0 192 384 ) (0 192 -256 ) (0 76 -256 ) 
4 43 49 (104 76 1.500000 ) (0 76 1.500000 ) (0 76 -256 ) (104 76 -256 ) 
4 43 47 (128 76 1.500000 ) (108 76 1.500000 ) (108 76 -256 ) (128 76 -256 ) 
4 43 45 (256 76 -256 ) (256 76 1.500000 ) (128 76 1.500000 ) (128 76 -256 ) 
4 43 44 (256 76 1.500000 ) (256 76 384 ) (0 76 384 ) (0 76 1.500000 ) 
4 44 305 (0 0 1.500000 ) (0 0 384 ) (0 64 384 ) (0 64 1.500000 ) 
4 44 304 (0 64 384 ) (0 76 384 ) (0 76 1.500000 ) (0 64 1.500000 ) 
4 44 64 (256 0 384 ) (0 0 384 ) (0 0 1.500000 ) (256 0 1.500000 ) 
4 44 52 (128 52 1.500000 ) (128 32 1.500000 ) (96 32 1.500000 ) (96 52 1.500000 ) 
4 44 53 (96 32 1.500000 ) (0 32 1.500000 ) (0 52 1.500000 ) (96 52 1.500000 ) 
4 44 50 (104 64 1.500000 ) (104 52 1.500000 ) (96 52 1.500000 ) (96 64 1.500000 ) 
4 44 51 (96 52 1.500000 ) (0 52 1.500000 ) (0 64 1.500000 ) (96 64 1.500000 ) 
4 44 49 (0 76 1.500000 ) (104 76 1.500000 ) (104 64 1.500000 ) (0 64 1.500000 ) 
4 44 48 (128 64 1.500000 ) (128 52 1.500000 ) (108 52 1.500000 ) (108 64 1.500000 ) 
4 44 47 (108 76 1.500000 ) (128 76 1.500000 ) (128 64 1.500000 ) (108 64 1.500000 ) 
4 44 54 (128 32 1.500000 ) (128 0 1.500000 ) (0 0 1.500000 ) (0 32 1.500000 ) 
4 44 46 (256 64 1.500000 ) (256 0 1.500000 ) (128 0 1.500000 ) (128 64 1.500000 ) 
4 44 45 (128 76 1.500000 ) (256 76 1.500000 ) (256 64 1.500000 ) (128 64 1.500000 ) 
4 45 47 (128 64 1.500000 ) (128 76 1.500000 ) (128 76 -256 ) (128 64 -256 ) 
4 45 46 (128 64 1.500000 ) (128 64 -256 ) (256 64 -256 ) (256 64 1.500000 ) 
4 46 101 (256 0 -256 ) (256 0 -128 ) (128 0 -128 ) (128 0 -256 ) 
4 46 84 (256 0 -128 ) (256 0 0 ) (128 0 0 ) (128 0 -128 ) 
4 46 64 (256 0 0 ) (256 0 1.500000 ) (128 0 1.500000 ) (128 0 0 ) 
4 46 52 (128 32 1.500000 ) (128 52 1.500000 ) (128 52 -256 ) (128 32 -256 ) 
4 46 48 (128 52 1.500000 ) (128 64 1.500000 ) (128 64 -256 ) (128 52 -256 ) 
4 46 54 (128 0 1.500000 ) (128 32 1.500000 ) (128 32 -256 ) (128 0 -256 ) 
4 47 48 (128 64 -256 ) (128 64 1.500000 ) (108 64 1.500000 ) (108 64 -256 ) 
4 48 52 (128 52 -256 ) (128 52 1.500000 ) (108 52 1.500000 ) (108 52 -256 ) 
4 49 304 (0 64 1.500000 ) (0 76 1.500000 ) (0 76 -256 ) (0 64 -256 ) 
4 49 50 (104 64 -256 ) (104 64 1.500000 ) (96 64 1.500000 ) (96 64 -256 ) 
4 49 51 (96 64 1.500000 ) (0 64 1.500000 ) (0 64 -256 ) (96 64 -256 ) 
4 50 52 (104 52 -256 ) (104 52 1.500000 ) (96 52 1.500000 ) (96 52 -256 ) 
4 50 51 (96 64 1.500000 ) (96 64 -256 ) (96 52 -256 ) (96 52 1.500000 ) 
4 51 305 (0 52 1.500000 ) (0 64 1.500000 ) (0 64 -384 ) (0 52 -384 ) 
4 51 57 (0 52 -384 ) (0 64 -384 ) (96 64 -384 ) (96 52 -384 ) 
4 51 53 (0 52 -384 ) (96 52 -384 ) (96 52 1.500000 ) (0 52 1.500000 ) 
4 52 53 (96 52 1.500000 ) (96 52 -256 ) (96 32 -256 ) (96 32 1.500000 ) 
4 52 54 (128 32 -256 ) (128 32 1.500000 ) (96 32 1.500000 ) (96 32 -256 ) 
4 53 305 (0 32 1.500000 ) (0 52 1.500000 ) (0 52 -384 ) (0 32 -384 ) 
4 53 57 (0 32 -384 ) (0 52 -384 ) (96 52 -384 ) (96 32 -384 ) 
4 53 54 (0 32 -384 ) (96 32 -384 ) (96 32 1.500000 ) (0 32 1.500000 ) 
4 54 305 (0 0 -384 ) (0 0 1.500000 ) (0 32 1.500000 ) (0 32 -384 ) 
4 54 106 (0 0 -256 ) (0 0 -384 ) (128 0 -384 ) (128 0 -256 ) 
4 54 101 (0 0 -128 ) (0 0 -256 ) (128 0 -256 ) (128 0 -128 ) 
4 54 84 (0 0 0 ) (0 0 -128 ) (128 0 -128 ) (128 0 0 ) 
4 54 64 (0 0 1.500000 ) (0 0 0 ) (128 0 0 ) (128 0 1.500000 ) 
4 54 56 (128 0 -384 ) (96 0 -384 ) (96 32 -384 ) (128 32 -384 ) 
4 54 57 (96 0 -384 ) (0 0 -384 ) (0 32 -384 ) (96 32 -384 ) 
4 55 104 (128 0 -512 ) (256 0 -512 ) (256 0 -384 ) (128 0 -384 ) 
4 55 58 (144 64 -512 ) (256 64 -512 ) (256 0 -512 ) (144 0 -512 ) 
4 55 56 (128 32 -512 ) (128 0 -512 ) (128 0 -384 ) (128 32 -384 ) 
4 56 106 (96 0 -512 ) (128 0 -512 ) (128 0 -384 ) (96 0 -384 ) 
4 56 57 (96 32 -512 ) (96 0 -512 ) (96 0 -384 ) (96 32 -384 ) 
4 57 305 (0 0 -512 ) (0 0 -384 ) (0 64 -384 ) (0 64 -512 ) 
4 57 106 (0 0 -384 ) (0 0 -512 ) (96 0 -512 ) (96 0 -384 ) 
4 58 105 (144 0 -576 ) (256 0 -576 ) (256 0 -512 ) (144 0 -512 ) 
4 59 82 (768 0 0 ) (960 0 0 ) (960 -128 0 ) (768 -128 0 ) 
4 59 79 (960 0 0 ) (1024 0 0 ) (1024 -128 0 ) (960 -128 0 ) 
4 59 66 (768 -128 0 ) (960 -128 0 ) (960 -128 448 ) (768 -128 448 ) 
4 59 65 (960 -128 0 ) (1024 -128 0 ) (1024 -128 448 ) (960 -128 448 ) 
4 59 61 (768 0 446 ) (768 0 0 ) (768 -128 0 ) (768 -128 446 ) 
4 59 60 (768 0 448 ) (768 0 446 ) (768 -128 446 ) (768 -128 448 ) 
4 60 68 (704 -128 448 ) (640 -128 448 ) (640 -128 446 ) (704 -128 446 ) 
4 60 66 (768 -128 446 ) (768 -128 448 ) (704 -128 448 ) (704 -128 446 ) 
4 60 62 (640 -128 446 ) (640 -128 448 ) (640 0 448 ) (640 0 446 ) 
4 60 61 (640 -128 446 ) (640 0 446 ) (768 0 446 ) (768 -128 446 ) 
4 61 82 (704 0 0 ) (768 0 0 ) (768 -128 0 ) (704 -128 0 ) 
4 61 84 (640 0 0 ) (704 0 0 ) (704 -128 0 ) (640 -128 0 ) 
4 61 68 (704 -128 384 ) (704 -128 446 ) (640 -128 446 ) (640 -128 384 ) 
4 61 70 (640 -128 0 ) (704 -128 0 ) (704 -128 384 ) (640 -128 384 ) 
4 61 66 (704 -128 0 ) (768 -128 0 ) (768 -128 446 ) (704 -128 446 ) 
4 61 62 (640 -128 384 ) (640 -128 446 ) (640 0 446 ) (640 0 384 ) 
4 61 64 (640 0 0 ) (640 -128 0 ) (640 -128 384 ) (640 0 384 ) 
4 62 68 (512 -128 384 ) (640 -128 384 ) (640 -128 448 ) (512 -128 448 ) 
4 62 64 (320 0 384 ) (640 0 384 ) (640 -128 384 ) (320 -128 384 ) 
4 63 315 (0 0 448 ) (0 0 384 ) (0 -128 384 ) (0 -128 448 ) 
4 63 69 (0 -128 448 ) (0 -128 384 ) (192 -128 384 ) (192 -128 448 ) 
4 63 64 (0 0 384 ) (192 0 384 ) (192 -128 384 ) (0 -128 384 ) 
4 64 315 (0 0 384 ) (0 0 0 ) (0 -128 0 ) (0 -128 384 ) 
4 64 84 (0 -128 0 ) (0 0 0 ) (640 0 0 ) (640 -128 0 ) 
4 64 70 (0 -128 384 ) (0 -128 0 ) (640 -128 0 ) (640 -128 384 ) 
4 65 79 (960 -320 0 ) (960 -128 0 ) (1024 -128 0 ) (1024 -320 0 ) 
4 65 66 (960 -320 448 ) (960 -128 448 ) (960 -128 0 ) (960 -320 0 ) 
4 66 82 (704 -320 0 ) (704 -128 0 ) (960 -128 0 ) (960 -320 0 ) 
4 66 71 (704 -320 448 ) (704 -256 448 ) (704 -256 0 ) (704 -320 0 ) 
4 66 68 (704 -256 448 ) (704 -128 448 ) (704 -128 384 ) (704 -256 384 ) 
4 66 70 (704 -128 384 ) (704 -128 0 ) (704 -256 0 ) (704 -256 384 ) 
4 67 89 (704 -704 0 ) (704 -640 0 ) (960 -640 0 ) (960 -704 0 ) 
4 67 85 (704 -640 0 ) (704 -512 0 ) (960 -512 0 ) (960 -640 0 ) 
4 67 83 (704 -512 0 ) (704 -448 0 ) (960 -448 0 ) (960 -512 0 ) 
4 67 71 (704 -704 448 ) (704 -448 448 ) (704 -448 0 ) (704 -704 0 ) 
4 68 71 (704 -256 384 ) (704 -256 448 ) (512 -256 448 ) (512 -256 384 ) 
4 68 70 (704 -256 384 ) (512 -256 384 ) (512 -128 384 ) (704 -128 384 ) 
4 69 316 (0 -128 448 ) (0 -128 384 ) (0 -256 384 ) (0 -256 448 ) 
4 69 70 (192 -256 384 ) (0 -256 384 ) (0 -128 384 ) (192 -128 384 ) 
4 70 318 (0 -128 384 ) (0 -128 0 ) (0 -256 0 ) (0 -256 384 ) 
4 70 84 (0 -256 0 ) (0 -128 0 ) (704 -128 0 ) (704 -256 0 ) 
4 70 72 (0 -256 0 ) (512 -256 0 ) (512 -256 384 ) (0 -256 384 ) 
4 70 71 (512 -256 0 ) (704 -256 0 ) (704 -256 384 ) (512 -256 384 ) 
4 71 90 (704 -640 0 ) (704 -736 0 ) (512 -736 0 ) (512 -640 0 ) 
4 71 85 (704 -512 0 ) (704 -640 0 ) (512 -640 0 ) (512 -512 0 ) 
4 71 84 (512 -256 0 ) (704 -256 0 ) (704 -512 0 ) (512 -512 0 ) 
4 71 74 (512 -736 0 ) (704 -736 0 ) (704 -736 256 ) (512 -736 256 ) 
4 71 72 (512 -256 384 ) (512 -256 0 ) (512 -384 0 ) (512 -384 384 ) 
4 71 73 (512 -384 0 ) (512 -736 0 ) (512 -736 448 ) (512 -384 448 ) 
4 72 325 (0 -320 0 ) (0 -384 0 ) (0 -384 384 ) (0 -320 384 ) 
4 72 318 (0 -256 0 ) (0 -320 0 ) (0 -320 384 ) (0 -256 384 ) 
4 72 84 (0 -384 0 ) (0 -256 0 ) (512 -256 0 ) (512 -384 0 ) 
4 72 73 (0 -384 0 ) (512 -384 0 ) (512 -384 384 ) (0 -384 384 ) 
4 73 326 (0 -448 0 ) (0 -736 0 ) (0 -736 448 ) (0 -448 448 ) 
4 73 325 (0 -384 0 ) (0 -448 0 ) (0 -448 384 ) (0 -384 384 ) 
4 73 323 (0 -448 384 ) (0 -448 448 ) (0 -384 448 ) (0 -384 384 ) 
4 73 90 (0 -736 0 ) (0 -640 0 ) (512 -640 0 ) (512 -736 0 ) 
4 73 85 (0 -640 0 ) (0 -512 0 ) (512 -512 0 ) (512 -640 0 ) 
4 73 84 (0 -512 0 ) (0 -384 0 ) (512 -384 0 ) (512 -512 0 ) 
4 73 74 (0 -736 0 ) (512 -736 0 ) (512 -736 256 ) (0 -736 256 ) 
4 74 327 (0 -736 0 ) (0 -768 0 ) (0 -768 256 ) (0 -736 256 ) 
4 74 90 (0 -768 0 ) (0 -736 0 ) (704 -736 0 ) (704 -768 0 ) 
4 74 77 (0 -768 0 ) (448 -768 0 ) (448 -768 256 ) (0 -768 256 ) 
4 74 75 (448 -768 0 ) (704 -768 0 ) (704 -768 256 ) (448 -768 256 ) 
4 75 90 (448 -768 0 ) (704 -768 0 ) (704 -800 0 ) (448 -800 0 ) 
4 75 78 (448 -800 0 ) (704 -800 0 ) (704 -800 256 ) (448 -800 256 ) 
4 75 77 (448 -768 256 ) (448 -768 0 ) (448 -800 0 ) (448 -800 256 ) 
4 76 328 (0 -800 256 ) (0 -800 264 ) (0 -768 264 ) (0 -768 256 ) 
4 76 77 (0 -768 256 ) (448 -768 256 ) (448 -800 256 ) (0 -800 256 ) 
4 77 329 (0 -768 0 ) (0 -800 0 ) (0 -800 256 ) (0 -768 256 ) 
4 77 90 (0 -800 0 ) (0 -768 0 ) (448 -768 0 ) (448 -800 0 ) 
4 77 78 (0 -800 0 ) (448 -800 0 ) (448 -800 256 ) (0 -800 256 ) 
4 78 331 (0 -800 0 ) (0 -832 0 ) (0 -832 256 ) (0 -800 256 ) 
4 78 95 (0 -832 128 ) (0 -832 0 ) (32 -832 0 ) (32 -832 128 ) 
4 78 91 (32 -832 0 ) (416 -832 0 ) (416 -832 128 ) (32 -832 128 ) 
4 78 90 (704 -832 0 ) (0 -832 0 ) (0 -800 0 ) (704 -800 0 ) 
4 79 97 (960 0 -128 ) (1024 0 -128 ) (1024 -320 -128 ) (960 -320 -128 ) 
4 79 82 (960 0 -128 ) (960 -320 -128 ) (960 -320 0 ) (960 0 0 ) 
4 80 83 (960 -448 -128 ) (960 -480 -128 ) (960 -480 0 ) (960 -448 0 ) 
4 81 89 (960 -672 -128 ) (960 -704 -128 ) (960 -704 0 ) (960 -672 0 ) 
4 82 100 (704 0 -128 ) (768 0 -128 ) (768 -320 -128 ) (704 -320 -128 ) 
4 82 98 (768 0 -128 ) (896 0 -128 ) (896 -320 -128 ) (768 -320 -128 ) 
4 82 97 (896 0 -128 ) (960 0 -128 ) (960 -320 -128 ) (896 -320 -128 ) 
4 82 84 (704 0 -128 ) (704 -320 -128 ) (704 -320 0 ) (704 0 0 ) 
4 83 88 (704 -512 -128 ) (736 -512 -128 ) (736 -512 -120 ) (704 -512 -120 ) 
4 83 86 (928 -512 -128 ) (960 -512 -128 ) (960 -512 -120 ) (928 -512 -120 ) 
4 83 85 (960 -512 -120 ) (960 -512 0 ) (704 -512 0 ) (704 -512 -120 ) 
4 83 84 (704 -448 -128 ) (704 -512 -128 ) (704 -512 0 ) (704 -448 0 ) 
4 84 326 (0 -448 -128 ) (0 -512 -128 ) (0 -512 0 ) (0 -448 0 ) 
4 84 325 (0 -320 -128 ) (0 -448 -128 ) (0 -448 0 ) (0 -320 0 ) 
4 84 318 (0 -128 -128 ) (0 -320 -128 ) (0 -320 0 ) (0 -128 0 ) 
4 84 315 (0 0 0 ) (0 0 -128 ) (0 -128 -128 ) (0 -128 0 ) 
4 84 101 (0 -512 -128 ) (0 0 -128 ) (704 0 -128 ) (704 -512 -128 ) 
4 84 88 (0 -512 -128 ) (704 -512 -128 ) (704 -512 -120 ) (0 -512 -120 ) 
4 84 85 (704 -512 -120 ) (704 -512 0 ) (0 -512 0 ) (0 -512 -120 ) 
4 85 326 (0 -640 -120 ) (0 -640 0 ) (0 -512 0 ) (0 -512 -120 ) 
4 85 89 (960 -640 -120 ) (960 -640 0 ) (704 -640 0 ) (704 -640 -120 ) 
4 85 90 (704 -640 0 ) (0 -640 0 ) (0 -640 -120 ) (704 -640 -120 ) 
4 85 88 (736 -640 -120 ) (0 -640 -120 ) (0 -512 -120 ) (736 -512 -120 ) 
4 85 87 (768 -608 -120 ) (768 -544 -120 ) (896 -544 -120 ) (896 -608 -120 ) 
4 85 86 (960 -640 -120 ) (928 -640 -120 ) (928 -512 -120 ) (960 -512 -120 ) 
4 86 89 (928 -640 -128 ) (960 -640 -128 ) (960 -640 -120 ) (928 -640 -120 ) 
4 87 99 (896 -544 -128 ) (896 -608 -128 ) (768 -608 -128 ) (768 -544 -128 ) 
4 88 326 (0 -512 -128 ) (0 -640 -128 ) (0 -640 -120 ) (0 -512 -120 ) 
4 88 101 (0 -640 -128 ) (0 -512 -128 ) (704 -512 -128 ) (704 -640 -128 ) 
4 88 89 (704 -640 -128 ) (736 -640 -128 ) (736 -640 -120 ) (704 -640 -120 ) 
4 88 90 (0 -640 -128 ) (704 -640 -128 ) (704 -640 -120 ) (0 -640 -120 ) 
4 89 90 (704 -640 0 ) (704 -640 -128 ) (704 -704 -128 ) (704 -704 0 ) 
4 90 331 (0 -800 -128 ) (0 -832 -128 ) (0 -832 0 ) (0 -800 0 ) 
4 90 329 (0 -768 -128 ) (0 -800 -128 ) (0 -800 0 ) (0 -768 0 ) 
4 90 327 (0 -736 -128 ) (0 -768 -128 ) (0 -768 0 ) (0 -736 0 ) 
4 90 326 (0 -640 -128 ) (0 -736 -128 ) (0 -736 0 ) (0 -640 0 ) 
4 90 101 (0 -832 -128 ) (0 -640 -128 ) (704 -640 -128 ) (704 -832 -128 ) 
4 90 95 (0 -832 0 ) (0 -832 -128 ) (32 -832 -128 ) (32 -832 0 ) 
4 90 91 (32 -832 -128 ) (416 -832 -128 ) (416 -832 0 ) (32 -832 0 ) 
4 91 95 (32 -864 128 ) (32 -832 128 ) (32 -832 -128 ) (32 -864 -128 ) 
4 91 92 (96 -864 -128 ) (256 -864 -128 ) (256 -864 128 ) (96 -864 128 ) 
4 92 93 (96 -896 128 ) (96 -896 -128 ) (256 -896 -128 ) (256 -896 128 ) 
4 93 111 (256 -1024 128 ) (96 -1024 128 ) (96 -1024 -128 ) (256 -1024 -128 ) 
4 93 110 (320 -1024 128 ) (256 -1024 128 ) (256 -1024 -128 ) (320 -1024 -128 ) 
4 93 94 (96 -960 -128 ) (96 -1024 -128 ) (96 -1024 128 ) (96 -960 128 ) 
4 94 111 (96 -1024 128 ) (32 -1024 128 ) (32 -1024 -128 ) (96 -1024 -128 ) 
4 94 96 (32 -1024 128 ) (32 -992 128 ) (32 -992 -128 ) (32 -1024 -128 ) 
4 95 333 (0 -864 128 ) (0 -832 128 ) (0 -832 -128 ) (0 -864 -128 ) 
4 96 112 (32 -1024 128 ) (0 -1024 128 ) (0 -1024 -128 ) (32 -1024 -128 ) 
4 96 107 (32 -1024 -128 ) (0 -1024 -128 ) (0 -992 -128 ) (32 -992 -128 ) 
4 97 102 (896 -320 -256 ) (896 0 -256 ) (1024 0 -256 ) (1024 -320 -256 ) 
4 97 98 (896 0 -256 ) (896 -320 -256 ) (896 -320 -128 ) (896 0 -128 ) 
4 98 102 (768 -320 -256 ) (768 0 -256 ) (896 0 -256 ) (896 -320 -256 ) 
4 98 100 (768 0 -256 ) (768 -320 -256 ) (768 -320 -128 ) (768 0 -128 ) 
4 100 102 (704 -320 -256 ) (704 0 -256 ) (768 0 -256 ) (768 -320 -256 ) 
4 100 101 (704 0 -256 ) (704 -320 -256 ) (704 -320 -128 ) (704 0 -128 ) 
4 101 331 (0 -832 -256 ) (0 -832 -128 ) (0 -800 -128 ) (0 -800 -256 ) 
4 101 329 (0 -800 -128 ) (0 -768 -128 ) (0 -768 -256 ) (0 -800 -256 ) 
4 101 327 (0 -768 -128 ) (0 -736 -128 ) (0 -736 -256 ) (0 -768 -256 ) 
4 101 326 (0 -736 -128 ) (0 -448 -128 ) (0 -448 -256 ) (0 -736 -256 ) 
4 101 325 (0 -448 -128 ) (0 -320 -128 ) (0 -320 -256 ) (0 -448 -256 ) 
4 101 318 (0 -320 -128 ) (0 -128 -128 ) (0 -128 -256 ) (0 -320 -256 ) 
4 101 315 (0 -128 -128 ) (0 0 -128 ) (0 0 -256 ) (0 -128 -256 ) 
4 101 106 (0 -320 -256 ) (0 0 -256 ) (128 0 -256 ) (128 -320 -256 ) 
4 101 103 (256 0 -256 ) (704 0 -256 ) (704 -384 -256 ) (256 -384 -256 ) 
4 102 105 (704 0 -576 ) (704 -320 -576 ) (704 -320 -512 ) (704 0 -512 ) 
4 102 103 (704 -320 -512 ) (704 -320 -256 ) (704 0 -256 ) (704 0 -512 ) 
4 103 105 (704 0 -512 ) (704 -384 -512 ) (256 -384 -512 ) (256 0 -512 ) 
4 103 104 (256 0 -512 ) (256 -384 -512 ) (256 -384 -384 ) (256 0 -384 ) 
4 104 106 (128 -320 -384 ) (128 0 -384 ) (128 0 -512 ) (128 -320 -512 ) 
4 104 105 (256 -384 -512 ) (144 -384 -512 ) (144 0 -512 ) (256 0 -512 ) 
4 106 318 (0 -320 -256 ) (0 -128 -256 ) (0 -128 -512 ) (0 -320 -512 ) 
4 106 315 (0 -128 -256 ) (0 0 -256 ) (0 0 -512 ) (0 -128 -512 ) 
4 107 114 (32 -1024 -136 ) (32 -1024 -128 ) (0 -1024 -128 ) (0 -1024 -136 ) 
4 108 111 (64 -1024 128 ) (128 -1024 128 ) (128 -1088 128 ) (64 -1088 128 ) 
4 109 111 (128 -1216 128 ) (128 -1280 128 ) (64 -1280 128 ) (64 -1216 128 ) 
4 110 111 (256 -1024 -128 ) (256 -1312 -128 ) (256 -1312 128 ) (256 -1024 128 ) 
4 111 116 (256 -1312 -128 ) (256 -1344 -128 ) (32 -1344 -128 ) (32 -1312 -128 ) 
4 111 112 (32 -1024 -128 ) (32 -1120 -128 ) (32 -1120 128 ) (32 -1024 128 ) 
4 111 113 (32 -1184 -128 ) (32 -1344 -128 ) (32 -1344 128 ) (32 -1184 128 ) 
4 112 114 (0 -1120 -128 ) (0 -1024 -128 ) (32 -1024 -128 ) (32 -1120 -128 ) 
4 113 116 (0 -1344 -128 ) (0 -1312 -128 ) (32 -1312 -128 ) (32 -1344 -128 ) 
4 113 115 (0 -1312 -128 ) (0 -1184 -128 ) (32 -1184 -128 ) (32 -1312 -128 ) 
4 115 116 (32 -1312 -128 ) (0 -1312 -128 ) (0 -1312 -136 ) (32 -1312 -136 ) 
4 117 141 (-2320 2048 192 ) (-2320 2048 0 ) (-2192 2048 0 ) (-2192 2048 192 ) 
4 117 118 (-2320 2048 0 ) (-2320 2048 128 ) (-2320 2240 128 ) (-2320 2240 0 ) 
4 118 144 (-2336 2048 128 ) (-2336 2048 0 ) (-2320 2048 0 ) (-2320 2048 128 ) 
4 118 119 (-2336 2048 0 ) (-2336 2048 128 ) (-2336 2240 128 ) (-2336 2240 0 ) 
4 119 149 (-2464 2048 832 ) (-2464 2048 -128 ) (-2336 2048 -128 ) (-2336 2048 832 ) 
4 119 146 (-2464 2048 896 ) (-2464 2048 832 ) (-2336 2048 832 ) (-2336 2048 896 ) 
4 119 121 (-2336 2048 -128 ) (-2464 2048 -128 ) (-2464 2368 -128 ) (-2336 2368 -128 ) 
4 119 120 (-2464 2368 -128 ) (-2464 2048 -128 ) (-2464 2048 640 ) (-2464 2368 640 ) 
4 120 168 (-3072 2048 -128 ) (-3072 2048 -56 ) (-3072 2432 -56 ) (-3072 2432 -128 ) 
4 120 165 (-3072 2048 -56 ) (-3072 2048 384 ) (-3072 2368 384 ) (-3072 2368 -56 ) 
4 120 164 (-3072 2368 384 ) (-3072 2432 384 ) (-3072 2432 -56 ) (-3072 2368 -56 ) 
4 120 163 (-3072 2048 384 ) (-3072 2048 400 ) (-3072 2080 400 ) (-3072 2080 384 ) 
4 120 162 (-3072 2048 400 ) (-3072 2048 640 ) (-3072 2080 640 ) (-3072 2080 400 ) 
4 120 159 (-3072 2080 640 ) (-3072 2336 640 ) (-3072 2336 384 ) (-3072 2080 384 ) 
4 120 157 (-3072 2336 640 ) (-3072 2432 640 ) (-3072 2432 384 ) (-3072 2336 384 ) 
4 120 150 (-3072 2048 640 ) (-3072 2048 -128 ) (-2720 2048 -128 ) (-2720 2048 640 ) 
4 120 149 (-2720 2048 -128 ) (-2464 2048 -128 ) (-2464 2048 640 ) (-2720 2048 640 ) 
4 120 122 (-2464 2048 -128 ) (-3072 2048 -128 ) (-3072 2432 -128 ) (-2464 2432 -128 ) 
4 121 154 (-2336 2048 -128 ) (-2464 2048 -128 ) (-2464 2048 -384 ) (-2336 2048 -384 ) 
4 121 122 (-2464 2368 -384 ) (-2464 2048 -384 ) (-2464 2048 -128 ) (-2464 2368 -128 ) 
4 122 170 (-3072 2048 -384 ) (-3072 2048 -128 ) (-3072 2432 -128 ) (-3072 2432 -384 ) 
4 122 155 (-2720 2048 -128 ) (-3072 2048 -128 ) (-3072 2048 -384 ) (-2720 2048 -384 ) 
4 122 154 (-2464 2048 -128 ) (-2720 2048 -128 ) (-2720 2048 -384 ) (-2464 2048 -384 ) 
4 123 140 (-2048 2000 512 ) (-2048 1888 512 ) (-2048 1888 576 ) (-2048 2000 576 ) 
4 123 126 (-2048 1888 512 ) (-2048 2000 512 ) (-1824 2000 512 ) (-1824 1888 512 ) 
4 124 143 (-2048 1856 512 ) (-2048 1792 512 ) (-2048 1792 896 ) (-2048 1856 896 ) 
4 124 128 (-2048 1792 512 ) (-2048 1856 512 ) (-1440 1856 512 ) (-1440 1792 512 ) 
4 124 125 (-2048 1792 896 ) (-2048 1792 512 ) (-1440 1792 512 ) (-1440 1792 896 ) 
4 125 348 (-1568 1024 512 ) (-1408 1024 512 ) (-1408 1024 638 ) (-1568 1024 638 ) 
4 125 349 (-2048 1024 638 ) (-2048 1024 512 ) (-1568 1024 512 ) (-1568 1024 638 ) 
4 125 346 (-1568 1024 638 ) (-1408 1024 638 ) (-1408 1024 640 ) (-1568 1024 640 ) 
4 125 347 (-2048 1024 640 ) (-2048 1024 638 ) (-1568 1024 638 ) (-1568 1024 640 ) 
4 125 345 (-1408 1024 512 ) (-1312 1024 512 ) (-1312 1024 640 ) (-1408 1024 640 ) 
4 125 341 (-1408 1024 640 ) (-1312 1024 640 ) (-1312 1024 896 ) (-1408 1024 896 ) 
4 125 342 (-2048 1024 896 ) (-2048 1024 640 ) (-1408 1024 640 ) (-1408 1024 896 ) 
4 125 143 (-2048 1792 512 ) (-2048 1024 512 ) (-2048 1024 896 ) (-2048 1792 896 ) 
4 125 133 (-2048 1024 512 ) (-2048 1600 512 ) (-1312 1600 512 ) (-1312 1024 512 ) 
4 125 131 (-1620.797729 1728 512 ) (-1364.887329 1728 512 ) (-1364.880493 1600 512 ) (-1620.797852 1600 512 ) 
4 125 130 (-2048 1600 512 ) (-2048 1728 512 ) (-1620.797729 1728 512 ) (-1620.797852 1600 512 ) 
4 125 129 (-1364.887329 1728 512 ) (-1312 1728 512 ) (-1312 1600 512 ) (-1364.880493 1600 512 ) 
4 125 127 (-1440 1792 512 ) (-1312 1792 512 ) (-1312 1728 512 ) (-1440 1728 512 ) 
4 125 128 (-2048 1728 512 ) (-2048 1792 512 ) (-1440 1792 512 ) (-1440 1728 512 ) 
4 126 142 (-2048 1888 384 ) (-2048 1856 384 ) (-2048 1856 512 ) (-2048 1888 512 ) 
4 126 140 (-2048 2000 384 ) (-2048 1888 384 ) (-2048 1888 512 ) (-2048 2000 512 ) 
4 126 128 (-2048 1856 384 ) (-1824 1856 384 ) (-1824 1856 512 ) (-2048 1856 512 ) 
4 127 134 (-1312 1792 384 ) (-1312 1728 384 ) (-1440 1728 384 ) (-1440 1792 384 ) 
5 127 132 (-1399.162720 1728 384 ) (-1312 1728 384 ) (-1312 1728 481.547821 ) (-1351.730835 1728 504.424591 ) (-1415.730957 1728 393.568512 ) 
5 127 131 (-1355.192505 1728 506.417816 ) (-1364.887329 1728 512 ) (-1440 1728 512 ) (-1440 1728 407.584595 ) (-1419.191772 1728 395.567261 ) 
3 127 130 (-1440 1728 384 ) (-1399.162720 1728 384 ) (-1440 1728 407.584595 ) 
3 127 129 (-1312 1728 481.547821 ) (-1312 1728 512 ) (-1364.887329 1728 512 ) 
4 127 128 (-1440 1792 384 ) (-1440 1728 384 ) (-1440 1728 512 ) (-1440 1792 512 ) 
4 128 143 (-2048 1856 384 ) (-2048 1728 384 ) (-2048 1728 512 ) (-2048 1856 512 ) 
4 128 135 (-2048 1728 384 ) (-2048 1856 384 ) (-1440 1856 384 ) (-1440 1728 384 ) 
3 128 131 (-1440 1728 407.584595 ) (-1440 1728 512 ) (-1620.797729 1728 512 ) 
5 128 130 (-2048 1728 384 ) (-1440 1728 384 ) (-1440 1728 407.584595 ) (-1620.797729 1728 512 ) (-2048 1728 512 ) 
3 129 133 (-1312 1600 512 ) (-1364.880493 1600 512 ) (-1312 1600 481.551758 ) 
4 129 132 (-1351.729736 1728 504.426514 ) (-1142.582031 1728 384 ) (-1142.575806 1600 384 ) (-1351.730225 1600 504.429688 ) 
4 129 131 (-1364.882813 1728 512 ) (-1355.191406 1728 506.419739 ) (-1355.195923 1600 506.425232 ) (-1364.877808 1600 512 ) 
4 130 143 (-2048 1728 384 ) (-2048 1600 384 ) (-2048 1600 512 ) (-2048 1728 512 ) 
4 130 134 (-1440 1728 384 ) (-1399.162720 1728 384 ) (-1399.162720 1600 384 ) (-1440 1600 384 ) 
4 130 135 (-2048 1600 384 ) (-2048 1728 384 ) (-1440 1728 384 ) (-1440 1600 384 ) 
4 130 133 (-2048 1600 384 ) (-1399.162720 1600 384 ) (-1620.797852 1600 512 ) (-2048 1600 512 ) 
4 130 132 (-1415.732910 1600 393.569031 ) (-1399.164063 1600 384 ) (-1399.163330 1728 384 ) (-1415.731079 1728 393.568329 ) 
4 130 131 (-1620.796875 1600 512 ) (-1419.197632 1600 395.570068 ) (-1419.191772 1728 395.566956 ) (-1620.798584 1728 512 ) 
4 131 133 (-1355.196533 1600 506.424011 ) (-1364.880493 1600 512 ) (-1620.797852 1600 512 ) (-1419.197388 1600 395.570557 ) 
4 132 134 (-1399.162720 1728 384 ) (-1312 1728 384 ) (-1312 1600 384 ) (-1399.162720 1600 384 ) 
5 132 133 (-1399.162720 1600 384 ) (-1312 1600 384 ) (-1312 1600 481.551758 ) (-1351.730957 1600 504.428558 ) (-1415.732666 1600 393.569550 ) 
4 133 350 (-1312 1024 512 ) (-1376 1024 512 ) (-1376 1024 384 ) (-1312 1024 384 ) 
4 133 352 (-1376 1024 512 ) (-2048 1024 512 ) (-2048 1024 384 ) (-1376 1024 384 ) 
4 133 143 (-2048 1600 384 ) (-2048 1024 384 ) (-2048 1024 512 ) (-2048 1600 512 ) 
4 133 134 (-1312 1024 384 ) (-1440 1024 384 ) (-1440 1600 384 ) (-1312 1600 384 ) 
4 133 135 (-1440 1024 384 ) (-2048 1024 384 ) (-2048 1600 384 ) (-1440 1600 384 ) 
4 134 360 (-1440 1024 64 ) (-1440 1024 -128 ) (-1312 1024 -128 ) (-1312 1024 64 ) 
4 134 350 (-1312 1024 384 ) (-1376 1024 384 ) (-1376 1024 64 ) (-1312 1024 64 ) 
4 134 352 (-1376 1024 384 ) (-1440 1024 384 ) (-1440 1024 64 ) (-1376 1024 64 ) 
4 134 136 (-1312 1024 -128 ) (-1440 1024 -128 ) (-1440 1792 -128 ) (-1312 1792 -128 ) 
4 134 135 (-1440 1792 -128 ) (-1440 1024 -128 ) (-1440 1024 384 ) (-1440 1792 384 ) 
4 135 362 (-2048 1024 64 ) (-2048 1024 -128 ) (-1824 1024 -128 ) (-1824 1024 64 ) 
4 135 360 (-1824 1024 -128 ) (-1440 1024 -128 ) (-1440 1024 64 ) (-1824 1024 64 ) 
4 135 352 (-1440 1024 384 ) (-2048 1024 384 ) (-2048 1024 64 ) (-1440 1024 64 ) 
4 135 143 (-2048 1856 -128 ) (-2048 1024 -128 ) (-2048 1024 384 ) (-2048 1856 384 ) 
4 135 137 (-1440 1024 -128 ) (-2048 1024 -128 ) (-2048 1856 -128 ) (-1440 1856 -128 ) 
4 136 364 (-1312 1024 -128 ) (-1440 1024 -128 ) (-1440 1024 -384 ) (-1312 1024 -384 ) 
4 136 137 (-1440 1792 -384 ) (-1440 1024 -384 ) (-1440 1024 -128 ) (-1440 1792 -128 ) 
4 137 364 (-1440 1024 -128 ) (-2048 1024 -128 ) (-2048 1024 -384 ) (-1440 1024 -384 ) 
4 137 153 (-2048 1856 -384 ) (-2048 1024 -384 ) (-2048 1024 -128 ) (-2048 1856 -128 ) 
4 138 139 (-2400 1792 928 ) (-2272 1792 928 ) (-2272 1536 928 ) (-2400 1536 928 ) 
4 139 146 (-2400 1792 896 ) (-2336 1792 896 ) (-2336 1536 896 ) (-2400 1536 896 ) 
4 139 145 (-2336 1792 896 ) (-2320 1792 896 ) (-2320 1536 896 ) (-2336 1536 896 ) 
4 139 143 (-2320 1792 896 ) (-2272 1792 896 ) (-2272 1536 896 ) (-2320 1536 896 ) 
4 140 142 (-2048 1888 384 ) (-2048 1888 512 ) (-2080 1888 512 ) (-2080 1888 384 ) 
4 141 144 (-2320 1984 0 ) (-2320 1984 128 ) (-2320 2048 128 ) (-2320 2048 0 ) 
4 142 143 (-2080 1856 384 ) (-2048 1856 384 ) (-2048 1856 512 ) (-2080 1856 512 ) 
4 143 373 (-2080 1024 896 ) (-2112 1024 896 ) (-2112 1024 -128 ) (-2080 1024 -128 ) 
4 143 376 (-2112 1024 896 ) (-2320 1024 896 ) (-2320 1024 -128 ) (-2112 1024 -128 ) 
4 143 368 (-2048 1024 -128 ) (-2048 1024 640 ) (-2080 1024 640 ) (-2080 1024 -128 ) 
4 143 367 (-2048 1024 640 ) (-2048 1024 896 ) (-2080 1024 896 ) (-2080 1024 640 ) 
4 143 153 (-2048 1856 -128 ) (-2048 1024 -128 ) (-2320 1024 -128 ) (-2320 1856 -128 ) 
4 143 145 (-2320 1856 -128 ) (-2320 1024 -128 ) (-2320 1024 896 ) (-2320 1856 896 ) 
4 144 149 (-2336 1984 0 ) (-2336 1984 128 ) (-2336 2048 128 ) (-2336 2048 0 ) 
4 145 376 (-2320 1024 896 ) (-2336 1024 896 ) (-2336 1024 -128 ) (-2320 1024 -128 ) 
4 145 153 (-2320 1024 -128 ) (-2336 1024 -128 ) (-2336 1856 -128 ) (-2320 1856 -128 ) 
4 145 149 (-2336 1856 -128 ) (-2336 1024 -128 ) (-2336 1024 832 ) (-2336 1856 832 ) 
4 145 146 (-2336 1024 832 ) (-2336 1024 896 ) (-2336 1856 896 ) (-2336 1856 832 ) 
4 146 376 (-2336 1024 896 ) (-2976 1024 896 ) (-2976 1024 832 ) (-2336 1024 832 ) 
4 146 151 (-2976 1504 832 ) (-2976 1888 832 ) (-2720 1888 832 ) (-2720 1504 832 ) 
4 146 150 (-2976 1888 832 ) (-2976 2048 832 ) (-2720 2048 832 ) (-2720 1888 832 ) 
4 146 152 (-2720 1024 832 ) (-2976 1024 832 ) (-2976 1504 832 ) (-2720 1504 832 ) 
4 146 149 (-2336 2048 832 ) (-2336 1024 832 ) (-2720 1024 832 ) (-2720 2048 832 ) 
4 146 148 (-2976 1504 832 ) (-2976 1024 832 ) (-2976 1024 896 ) (-2976 1504 896 ) 
4 146 147 (-2976 2048 832 ) (-2976 1824 832 ) (-2976 1824 896 ) (-2976 2048 896 ) 
4 147 172 (-3072 1824 896 ) (-3072 2048 896 ) (-3072 2048 832 ) (-3072 1824 832 ) 
4 147 151 (-3072 1824 832 ) (-3072 1888 832 ) (-2976 1888 832 ) (-2976 1824 832 ) 
4 147 150 (-3072 1888 832 ) (-3072 2048 832 ) (-2976 2048 832 ) (-2976 1888 832 ) 
4 148 376 (-2976 1024 896 ) (-3072 1024 896 ) (-3072 1024 832 ) (-2976 1024 832 ) 
4 148 209 (-3072 1024 832 ) (-3072 1024 896 ) (-3072 1504 896 ) (-3072 1504 832 ) 
4 148 152 (-2976 1024 832 ) (-3072 1024 832 ) (-3072 1504 832 ) (-2976 1504 832 ) 
4 149 376 (-2720 1024 -128 ) (-2336 1024 -128 ) (-2336 1024 832 ) (-2720 1024 832 ) 
4 149 154 (-2336 1024 -128 ) (-2720 1024 -128 ) (-2720 2048 -128 ) (-2336 2048 -128 ) 
4 149 151 (-2720 1504 -56 ) (-2720 1504 832 ) (-2720 1888 832 ) (-2720 1888 -56 ) 
4 149 150 (-2720 2048 -128 ) (-2720 1888 -128 ) (-2720 1888 832 ) (-2720 2048 832 ) 
4 149 152 (-2720 1504 -128 ) (-2720 1024 -128 ) (-2720 1024 832 ) (-2720 1504 832 ) 
4 150 178 (-3072 2048 -56 ) (-3072 2048 -128 ) (-3072 1888 -128 ) (-3072 1888 -56 ) 
4 150 174 (-3072 2048 400 ) (-3072 2048 -56 ) (-3072 1888 -56 ) (-3072 1888 400 ) 
4 150 172 (-3072 1888 832 ) (-3072 2048 832 ) (-3072 2048 400 ) (-3072 1888 400 ) 
4 150 155 (-3072 1888 -128 ) (-3072 2048 -128 ) (-2720 2048 -128 ) (-2720 1888 -128 ) 
4 150 151 (-2720 1888 -56 ) (-2720 1888 832 ) (-3072 1888 832 ) (-3072 1888 -56 ) 
4 151 208 (-3072 1504 832 ) (-3072 1536 832 ) (-3072 1536 -56 ) (-3072 1504 -56 ) 
4 151 203 (-3072 1536 832 ) (-3072 1600 832 ) (-3072 1600 -56 ) (-3072 1536 -56 ) 
4 151 189 (-3072 1600 832 ) (-3072 1728 832 ) (-3072 1728 -56 ) (-3072 1600 -56 ) 
4 151 185 (-3072 1760 -56 ) (-3072 1728 -56 ) (-3072 1728 400 ) (-3072 1760 400 ) 
4 151 183 (-3072 1792 400 ) (-3072 1792 -56 ) (-3072 1760 -56 ) (-3072 1760 400 ) 
4 151 179 (-3072 1728 832 ) (-3072 1792 832 ) (-3072 1792 400 ) (-3072 1728 400 ) 
4 151 174 (-3072 1888 400 ) (-3072 1888 -56 ) (-3072 1792 -56 ) (-3072 1792 400 ) 
4 151 173 (-3072 1792 832 ) (-3072 1824 832 ) (-3072 1824 400 ) (-3072 1792 400 ) 
4 151 172 (-3072 1824 832 ) (-3072 1888 832 ) (-3072 1888 400 ) (-3072 1824 400 ) 
4 151 152 (-2720 1504 -56 ) (-2720 1504 832 ) (-3072 1504 832 ) (-3072 1504 -56 ) 
4 152 376 (-3072 1024 832 ) (-3072 1024 -128 ) (-2720 1024 -128 ) (-2720 1024 832 ) 
4 152 211 (-3072 1024 -128 ) (-3072 1024 -56 ) (-3072 1504 -56 ) (-3072 1504 -128 ) 
4 152 209 (-3072 1024 -56 ) (-3072 1024 832 ) (-3072 1504 832 ) (-3072 1504 -56 ) 
4 152 156 (-2720 1024 -128 ) (-3072 1024 -128 ) (-3072 1504 -128 ) (-2720 1504 -128 ) 
4 153 377 (-2048 1024 -384 ) (-2048 1024 -128 ) (-2112 1024 -128 ) (-2112 1024 -384 ) 
4 153 379 (-2112 1024 -128 ) (-2336 1024 -128 ) (-2336 1024 -384 ) (-2112 1024 -384 ) 
4 153 154 (-2336 1856 -384 ) (-2336 1024 -384 ) (-2336 1024 -128 ) (-2336 1856 -128 ) 
4 154 379 (-2336 1024 -128 ) (-2720 1024 -128 ) (-2720 1024 -384 ) (-2336 1024 -384 ) 
4 154 155 (-2720 2048 -384 ) (-2720 1888 -384 ) (-2720 1888 -128 ) (-2720 2048 -128 ) 
4 154 156 (-2720 1504 -384 ) (-2720 1024 -384 ) (-2720 1024 -128 ) (-2720 1504 -128 ) 
4 155 236 (-3072 1888 -128 ) (-3072 2048 -128 ) (-3072 2048 -384 ) (-3072 1888 -384 ) 
4 156 379 (-2720 1024 -128 ) (-3072 1024 -128 ) (-3072 1024 -384 ) (-2720 1024 -384 ) 
4 156 237 (-3072 1024 -384 ) (-3072 1024 -128 ) (-3072 1504 -128 ) (-3072 1504 -384 ) 
4 157 165 (-3072 2368 384 ) (-3072 2336 384 ) (-3488 2336 384 ) (-3488 2368 384 ) 
4 157 164 (-3072 2432 384 ) (-3072 2368 384 ) (-3488 2368 384 ) (-3488 2432 384 ) 
4 157 159 (-3488 2336 384 ) (-3072 2336 384 ) (-3072 2336 640 ) (-3488 2336 640 ) 
4 157 158 (-3488 2368 384 ) (-3488 2336 384 ) (-3488 2336 640 ) (-3488 2368 640 ) 
4 158 165 (-3488 2336 384 ) (-3520 2336 384 ) (-3520 2368 384 ) (-3488 2368 384 ) 
4 158 159 (-3520 2336 384 ) (-3488 2336 384 ) (-3488 2336 640 ) (-3520 2336 640 ) 
4 159 165 (-3520 2336 384 ) (-3072 2336 384 ) (-3072 2080 384 ) (-3520 2080 384 ) 
4 159 163 (-3520 2080 384 ) (-3072 2080 384 ) (-3072 2080 400 ) (-3520 2080 400 ) 
4 159 162 (-3072 2080 400 ) (-3072 2080 640 ) (-3520 2080 640 ) (-3520 2080 400 ) 
4 160 161 (-3616 2336 386 ) (-3584 2336 386 ) (-3584 2080 386 ) (-3616 2080 386 ) 
4 161 166 (-3616 2080 384 ) (-3616 2336 384 ) (-3584 2336 384 ) (-3584 2080 384 ) 
4 162 172 (-3072 2048 400 ) (-3072 2048 640 ) (-3520 2048 640 ) (-3520 2048 400 ) 
4 162 163 (-3072 2048 400 ) (-3520 2048 400 ) (-3520 2080 400 ) (-3072 2080 400 ) 
4 163 174 (-3072 2048 384 ) (-3072 2048 400 ) (-3552 2048 400 ) (-3552 2048 384 ) 
4 163 165 (-3072 2048 384 ) (-3552 2048 384 ) (-3552 2080 384 ) (-3072 2080 384 ) 
4 164 168 (-3264 2432 -56 ) (-3072 2432 -56 ) (-3072 2368 -56 ) (-3264 2368 -56 ) 
4 164 165 (-3488 2368 -56 ) (-3072 2368 -56 ) (-3072 2368 384 ) (-3488 2368 384 ) 
4 165 174 (-3072 2048 -56 ) (-3072 2048 384 ) (-3552 2048 384 ) (-3552 2048 -56 ) 
4 165 168 (-3072 2048 -56 ) (-3264 2048 -56 ) (-3264 2368 -56 ) (-3072 2368 -56 ) 
4 165 167 (-3552 2080 -56 ) (-3552 2048 -56 ) (-3552 2048 144 ) (-3552 2080 144 ) 
4 165 166 (-3552 2368 384 ) (-3552 2368 -56 ) (-3552 2080 -56 ) (-3552 2080 384 ) 
4 166 167 (-3616 2080 -56 ) (-3552 2080 -56 ) (-3552 2080 144 ) (-3616 2080 144 ) 
4 167 177 (-3616 2048 144 ) (-3616 2048 -56 ) (-3584 2048 -56 ) (-3584 2048 144 ) 
4 167 175 (-3584 2048 -56 ) (-3552 2048 -56 ) (-3552 2048 144 ) (-3584 2048 144 ) 
4 168 178 (-3072 2048 -128 ) (-3072 2048 -56 ) (-3264 2048 -56 ) (-3264 2048 -128 ) 
4 168 170 (-3072 2432 -128 ) (-3072 2048 -128 ) (-3264 2048 -128 ) (-3264 2432 -128 ) 
4 169 255 (-4096 2048 -128 ) (-4096 2048 -98 ) (-4096 2192 -98 ) (-4096 2192 -128 ) 
4 169 252 (-4096 2048 -98 ) (-4096 2048 10 ) (-4096 2124 10 ) (-4096 2124 -98 ) 
4 169 249 (-4096 2124 10 ) (-4096 2192 10 ) (-4096 2192 -98 ) (-4096 2124 -98 ) 
4 169 246 (-4096 2048 10 ) (-4096 2048 14 ) (-4096 2192 14 ) (-4096 2192 10 ) 
4 169 241 (-4096 2048 14 ) (-4096 2048 464 ) (-4096 2192 464 ) (-4096 2192 14 ) 
4 169 227 (-3808 2048 -116 ) (-3808 2048 464 ) (-4008 2048 464 ) (-4008 2048 -116 ) 
4 169 229 (-4008 2048 -128 ) (-3808 2048 -128 ) (-3808 2048 -116 ) (-4008 2048 -116 ) 
4 169 231 (-4096 2048 464 ) (-4096 2048 -128 ) (-4008 2048 -128 ) (-4008 2048 464 ) 
4 169 171 (-4096 2048 -128 ) (-4096 2192 -128 ) (-3808 2192 -128 ) (-3808 2048 -128 ) 
4 170 236 (-3072 2048 -384 ) (-3072 2048 -128 ) (-3264 2048 -128 ) (-3264 2048 -384 ) 
4 171 255 (-4096 2048 -304 ) (-4096 2048 -128 ) (-4096 2192 -128 ) (-4096 2192 -304 ) 
4 171 240 (-3808 2048 -304 ) (-3808 2048 -128 ) (-4096 2048 -128 ) (-4096 2048 -304 ) 
4 172 174 (-3520 1824 400 ) (-3520 2048 400 ) (-3072 2048 400 ) (-3072 1824 400 ) 
4 172 173 (-3520 1824 832 ) (-3520 1824 400 ) (-3072 1824 400 ) (-3072 1824 832 ) 
4 173 180 (-3520 1792 400 ) (-3328 1792 400 ) (-3328 1792 800 ) (-3520 1792 800 ) 
4 173 179 (-3328 1792 400 ) (-3072 1792 400 ) (-3072 1792 832 ) (-3328 1792 832 ) 
4 173 174 (-3072 1792 400 ) (-3520 1792 400 ) (-3520 1824 400 ) (-3072 1824 400 ) 
4 174 183 (-3552 1792 -56 ) (-3072 1792 -56 ) (-3072 1792 400 ) (-3552 1792 400 ) 
4 174 178 (-3264 1888 -56 ) (-3264 2048 -56 ) (-3072 2048 -56 ) (-3072 1888 -56 ) 
4 174 175 (-3552 2048 -56 ) (-3552 1792 -56 ) (-3552 1792 144 ) (-3552 2048 144 ) 
4 175 184 (-3584 1792 -56 ) (-3552 1792 -56 ) (-3552 1792 144 ) (-3584 1792 144 ) 
4 175 177 (-3584 2048 -56 ) (-3584 1792 -56 ) (-3584 1792 144 ) (-3584 2048 144 ) 
4 176 177 (-3584 2048 144 ) (-3584 1792 144 ) (-3616 1792 144 ) (-3616 2048 144 ) 
4 177 218 (-3616 1824 80 ) (-3616 1848 80 ) (-3616 1848 -48 ) (-3616 1824 -48 ) 
4 177 215 (-3616 1848 80 ) (-3616 1992 80 ) (-3616 1992 -48 ) (-3616 1848 -48 ) 
4 177 213 (-3616 1992 80 ) (-3616 2016 80 ) (-3616 2016 -48 ) (-3616 1992 -48 ) 
4 177 212 (-3616 2016 80 ) (-3616 2048 80 ) (-3616 2048 48 ) (-3616 2016 48 ) 
4 177 184 (-3616 1792 144 ) (-3616 1792 -56 ) (-3584 1792 -56 ) (-3584 1792 144 ) 
4 178 236 (-3264 2048 -128 ) (-3072 2048 -128 ) (-3072 1888 -128 ) (-3264 1888 -128 ) 
4 179 198 (-3328 1728 400 ) (-3296 1728 400 ) (-3296 1728 800 ) (-3328 1728 800 ) 
4 179 196 (-3296 1728 800 ) (-3296 1728 832 ) (-3328 1728 832 ) (-3328 1728 800 ) 
4 179 193 (-3264 1728 400 ) (-3232 1728 400 ) (-3232 1728 830 ) (-3264 1728 830 ) 
4 179 192 (-3232 1728 400 ) (-3168 1728 400 ) (-3168 1728 830 ) (-3232 1728 830 ) 
4 179 194 (-3296 1728 400 ) (-3264 1728 400 ) (-3264 1728 830 ) (-3296 1728 830 ) 
4 179 191 (-3168 1728 830 ) (-3168 1728 832 ) (-3296 1728 832 ) (-3296 1728 830 ) 
4 179 190 (-3168 1728 400 ) (-3136 1728 400 ) (-3136 1728 832 ) (-3168 1728 832 ) 
4 179 189 (-3136 1728 400 ) (-3072 1728 400 ) (-3072 1728 832 ) (-3136 1728 832 ) 
4 179 186 (-3136 1728 400 ) (-3264 1728 400 ) (-3264 1760 400 ) (-3136 1760 400 ) 
4 179 185 (-3072 1728 400 ) (-3136 1728 400 ) (-3136 1760 400 ) (-3072 1760 400 ) 
4 179 187 (-3264 1728 400 ) (-3328 1728 400 ) (-3328 1760 400 ) (-3264 1760 400 ) 
4 179 183 (-3328 1760 400 ) (-3328 1792 400 ) (-3072 1792 400 ) (-3072 1760 400 ) 
4 179 180 (-3328 1792 400 ) (-3328 1728 400 ) (-3328 1728 800 ) (-3328 1792 800 ) 
4 180 198 (-3520 1728 400 ) (-3328 1728 400 ) (-3328 1728 800 ) (-3520 1728 800 ) 
4 180 187 (-3328 1728 400 ) (-3520 1728 400 ) (-3520 1760 400 ) (-3328 1760 400 ) 
4 180 183 (-3520 1760 400 ) (-3520 1792 400 ) (-3328 1792 400 ) (-3328 1760 400 ) 
4 180 181 (-3520 1760 400 ) (-3520 1728 400 ) (-3520 1728 800 ) (-3520 1760 800 ) 
4 181 198 (-3584 1728 400 ) (-3520 1728 400 ) (-3520 1728 800 ) (-3584 1728 800 ) 
4 181 187 (-3520 1728 400 ) (-3584 1728 400 ) (-3584 1760 400 ) (-3520 1760 400 ) 
4 181 182 (-3584 1760 400 ) (-3584 1728 400 ) (-3584 1728 800 ) (-3584 1760 800 ) 
4 182 198 (-3616 1728 800 ) (-3616 1728 400 ) (-3584 1728 400 ) (-3584 1728 800 ) 
4 182 187 (-3584 1728 400 ) (-3616 1728 400 ) (-3616 1760 400 ) (-3584 1760 400 ) 
4 183 186 (-3136 1760 -48 ) (-3136 1760 400 ) (-3264 1760 400 ) (-3264 1760 -48 ) 
4 183 185 (-3136 1760 -56 ) (-3072 1760 -56 ) (-3072 1760 400 ) (-3136 1760 400 ) 
4 183 187 (-3552 1760 -56 ) (-3264 1760 -56 ) (-3264 1760 400 ) (-3552 1760 400 ) 
4 183 184 (-3552 1792 -56 ) (-3552 1760 -56 ) (-3552 1760 144 ) (-3552 1792 144 ) 
4 184 187 (-3616 1760 -56 ) (-3552 1760 -56 ) (-3552 1760 144 ) (-3616 1760 144 ) 
4 185 189 (-3136 1728 -56 ) (-3072 1728 -56 ) (-3072 1728 400 ) (-3136 1728 400 ) 
4 185 186 (-3136 1760 400 ) (-3136 1760 -48 ) (-3136 1728 -48 ) (-3136 1728 400 ) 
4 186 193 (-3232 1728 400 ) (-3264 1728 400 ) (-3264 1728 -48 ) (-3232 1728 -48 ) 
4 186 192 (-3168 1728 400 ) (-3232 1728 400 ) (-3232 1728 -48 ) (-3168 1728 -48 ) 
4 186 190 (-3136 1728 -48 ) (-3136 1728 400 ) (-3168 1728 400 ) (-3168 1728 -48 ) 
4 186 187 (-3264 1760 400 ) (-3264 1760 -48 ) (-3264 1728 -48 ) (-3264 1728 400 ) 
4 187 201 (-3328 1728 -56 ) (-3296 1728 -56 ) (-3296 1728 -34 ) (-3328 1728 -34 ) 
4 187 202 (-3616 1728 -34 ) (-3616 1728 -56 ) (-3328 1728 -56 ) (-3328 1728 -34 ) 
4 187 199 (-3359.530029 1728 -34 ) (-3296 1728 -34 ) (-3296 1728 -32 ) (-3359.530029 1728 -32 ) 
4 187 200 (-3616 1728 -32 ) (-3616 1728 -34 ) (-3487.530029 1728 -34 ) (-3487.530029 1728 -32 ) 
4 187 198 (-3616 1728 400 ) (-3616 1728 -32 ) (-3296 1728 -32 ) (-3296 1728 400 ) 
4 187 194 (-3296 1728 -56 ) (-3264 1728 -56 ) (-3264 1728 400 ) (-3296 1728 400 ) 
4 187 188 (-3328 1728 -56 ) (-3616 1728 -56 ) (-3616 1760 -56 ) (-3328 1760 -56 ) 
4 188 238 (-3616 1728 -128 ) (-3616 1760 -128 ) (-3328 1760 -128 ) (-3328 1728 -128 ) 
4 188 202 (-3616 1728 -56 ) (-3616 1728 -128 ) (-3328 1728 -128 ) (-3328 1728 -56 ) 
4 189 203 (-3072 1600 -56 ) (-3072 1600 832 ) (-3136 1600 832 ) (-3136 1600 -56 ) 
4 189 190 (-3136 1600 -48 ) (-3136 1600 832 ) (-3136 1728 832 ) (-3136 1728 -48 ) 
4 190 204 (-3136 1600 832 ) (-3168 1600 832 ) (-3168 1600 -48 ) (-3136 1600 -48 ) 
4 190 192 (-3168 1728 830 ) (-3168 1728 -48 ) (-3168 1600 -48 ) (-3168 1600 830 ) 
4 190 191 (-3168 1728 832 ) (-3168 1728 830 ) (-3168 1600 830 ) (-3168 1600 832 ) 
4 191 204 (-3168 1600 830 ) (-3168 1600 832 ) (-3264 1600 832 ) (-3264 1600 830 ) 
4 191 206 (-3264 1600 832 ) (-3296 1600 832 ) (-3296 1600 830 ) (-3264 1600 830 ) 
4 191 196 (-3296 1728 832 ) (-3296 1728 830 ) (-3296 1600 830 ) (-3296 1600 832 ) 
4 191 193 (-3264 1728 830 ) (-3232 1728 830 ) (-3232 1600 830 ) (-3264 1600 830 ) 
4 191 192 (-3232 1728 830 ) (-3168 1728 830 ) (-3168 1600 830 ) (-3232 1600 830 ) 
4 191 194 (-3296 1600 830 ) (-3296 1728 830 ) (-3264 1728 830 ) (-3264 1600 830 ) 
4 192 204 (-3168 1600 -48 ) (-3168 1600 830 ) (-3232 1600 830 ) (-3232 1600 -48 ) 
4 192 195 (-3232 1728 -56 ) (-3168 1728 -56 ) (-3168 1600 -56 ) (-3232 1600 -56 ) 
4 192 193 (-3232 1600 -48 ) (-3232 1600 830 ) (-3232 1728 830 ) (-3232 1728 -48 ) 
4 193 204 (-3232 1600 830 ) (-3264 1600 830 ) (-3264 1600 -48 ) (-3232 1600 -48 ) 
4 193 194 (-3264 1600 -48 ) (-3264 1600 830 ) (-3264 1728 830 ) (-3264 1728 -48 ) 
4 194 206 (-3264 1600 830 ) (-3296 1600 830 ) (-3296 1600 -56 ) (-3264 1600 -56 ) 
4 194 201 (-3296 1728 -34 ) (-3296 1728 -56 ) (-3296 1600 -56 ) (-3296 1600 -34 ) 
4 194 199 (-3296 1728 -32 ) (-3296 1728 -34 ) (-3296 1600 -34 ) (-3296 1600 -32 ) 
4 194 198 (-3296 1728 800 ) (-3296 1728 -32 ) (-3296 1600 -32 ) (-3296 1600 800 ) 
4 194 196 (-3296 1728 830 ) (-3296 1728 800 ) (-3296 1600 800 ) (-3296 1600 830 ) 
4 196 206 (-3328 1600 800 ) (-3296 1600 800 ) (-3296 1600 832 ) (-3328 1600 832 ) 
4 196 198 (-3328 1728 800 ) (-3296 1728 800 ) (-3296 1600 800 ) (-3328 1600 800 ) 
4 197 198 (-3408 1712 800 ) (-3408 1616 800 ) (-3504 1616 800 ) (-3504 1712 800 ) 
4 198 220 (-3616 1600 192 ) (-3616 1600 320 ) (-3616 1728 320 ) (-3616 1728 192 ) 
4 198 207 (-3616 1600 800 ) (-3616 1600 -32 ) (-3328 1600 -32 ) (-3328 1600 800 ) 
4 198 206 (-3328 1600 -32 ) (-3296 1600 -32 ) (-3296 1600 800 ) (-3328 1600 800 ) 
4 198 199 (-3359.530029 1728 -32 ) (-3296 1728 -32 ) (-3296 1600 -32 ) (-3359.530029 1600 -32 ) 
4 198 200 (-3616 1728 -32 ) (-3487.530029 1728 -32 ) (-3487.530029 1600 -32 ) (-3616 1600 -32 ) 
4 199 207 (-3359.530029 1600 -34 ) (-3328 1600 -34 ) (-3328 1600 -32 ) (-3359.530029 1600 -32 ) 
4 199 206 (-3328 1600 -34 ) (-3296 1600 -34 ) (-3296 1600 -32 ) (-3328 1600 -32 ) 
4 199 201 (-3328 1728 -34 ) (-3296 1728 -34 ) (-3296 1600 -34 ) (-3328 1600 -34 ) 
4 199 202 (-3359.530029 1728 -34 ) (-3328 1728 -34 ) (-3328 1600 -34 ) (-3359.530029 1600 -34 ) 
4 200 207 (-3616 1600 -32 ) (-3616 1600 -34 ) (-3487.530029 1600 -34 ) (-3487.530029 1600 -32 ) 
4 200 202 (-3616 1728 -34 ) (-3487.530029 1728 -34 ) (-3487.530029 1600 -34 ) (-3616 1600 -34 ) 
4 201 206 (-3296 1600 -56 ) (-3296 1600 -34 ) (-3328 1600 -34 ) (-3328 1600 -56 ) 
4 201 202 (-3328 1600 -56 ) (-3328 1600 -34 ) (-3328 1728 -34 ) (-3328 1728 -56 ) 
4 202 238 (-3616 1600 -128 ) (-3616 1728 -128 ) (-3328 1728 -128 ) (-3328 1600 -128 ) 
4 202 210 (-3616 1600 -56 ) (-3616 1600 -128 ) (-3328 1600 -128 ) (-3328 1600 -56 ) 
4 202 207 (-3616 1600 -34 ) (-3616 1600 -56 ) (-3328 1600 -56 ) (-3328 1600 -34 ) 
4 203 208 (-3136 1536 -56 ) (-3072 1536 -56 ) (-3072 1536 832 ) (-3136 1536 832 ) 
4 203 204 (-3136 1568 -48 ) (-3136 1568 832 ) (-3136 1600 832 ) (-3136 1600 -48 ) 
4 203 205 (-3136 1568 -56 ) (-3136 1536 -56 ) (-3136 1536 832 ) (-3136 1568 832 ) 
4 204 205 (-3264 1568 832 ) (-3264 1568 -48 ) (-3136 1568 -48 ) (-3136 1568 832 ) 
4 204 206 (-3264 1568 -48 ) (-3264 1568 832 ) (-3264 1600 832 ) (-3264 1600 -48 ) 
4 205 208 (-3264 1536 -56 ) (-3136 1536 -56 ) (-3136 1536 832 ) (-3264 1536 832 ) 
4 205 206 (-3264 1568 -56 ) (-3264 1536 -56 ) (-3264 1536 832 ) (-3264 1568 832 ) 
4 206 208 (-3328 1536 -56 ) (-3264 1536 -56 ) (-3264 1536 832 ) (-3328 1536 832 ) 
4 206 207 (-3328 1600 -56 ) (-3328 1536 -56 ) (-3328 1536 800 ) (-3328 1600 800 ) 
4 207 210 (-3616 1568 -56 ) (-3616 1600 -56 ) (-3328 1600 -56 ) (-3328 1568 -56 ) 
4 207 208 (-3616 1536 -56 ) (-3328 1536 -56 ) (-3328 1536 800 ) (-3616 1536 800 ) 
4 208 209 (-3616 1504 -56 ) (-3072 1504 -56 ) (-3072 1504 832 ) (-3616 1504 832 ) 
4 209 395 (-3584 1024 896 ) (-3616 1024 896 ) (-3616 1024 -56 ) (-3584 1024 -56 ) 
4 209 391 (-3360 1024 832 ) (-3488 1024 832 ) (-3488 1024 -56 ) (-3360 1024 -56 ) 
4 209 390 (-3072 1024 -56 ) (-3072 1024 832 ) (-3360 1024 832 ) (-3360 1024 -56 ) 
4 209 394 (-3488 1024 832 ) (-3584 1024 832 ) (-3584 1024 -56 ) (-3488 1024 -56 ) 
4 209 389 (-3072 1024 832 ) (-3072 1024 896 ) (-3584 1024 896 ) (-3584 1024 832 ) 
4 209 221 (-3616 1344 512 ) (-3616 1088 512 ) (-3616 1088 640 ) (-3616 1344 640 ) 
4 209 211 (-3072 1024 -56 ) (-3616 1024 -56 ) (-3616 1504 -56 ) (-3072 1504 -56 ) 
4 210 238 (-3616 1568 -128 ) (-3616 1600 -128 ) (-3328 1600 -128 ) (-3328 1568 -128 ) 
4 211 395 (-3584 1024 -56 ) (-3616 1024 -56 ) (-3616 1024 -128 ) (-3584 1024 -128 ) 
4 211 391 (-3360 1024 -56 ) (-3488 1024 -56 ) (-3488 1024 -128 ) (-3360 1024 -128 ) 
4 211 390 (-3072 1024 -128 ) (-3072 1024 -56 ) (-3360 1024 -56 ) (-3360 1024 -128 ) 
4 211 394 (-3488 1024 -56 ) (-3584 1024 -56 ) (-3584 1024 -128 ) (-3488 1024 -128 ) 
4 211 239 (-3264 1024 -128 ) (-3616 1024 -128 ) (-3616 1504 -128 ) (-3264 1504 -128 ) 
4 211 237 (-3072 1024 -128 ) (-3264 1024 -128 ) (-3264 1504 -128 ) (-3072 1504 -128 ) 
4 213 215 (-3618 1992 -48 ) (-3616 1992 -48 ) (-3616 1992 80 ) (-3618 1992 80 ) 
4 214 224 (-3648 1992 80 ) (-3648 2016 80 ) (-3648 2016 -48 ) (-3648 1992 -48 ) 
4 214 217 (-3648 1992 -48 ) (-3632 1992 -48 ) (-3632 1992 80 ) (-3648 1992 80 ) 
4 215 218 (-3618 1848 -48 ) (-3616 1848 -48 ) (-3616 1848 80 ) (-3618 1848 80 ) 
4 215 216 (-3618 1992 68 ) (-3618 1992 -48 ) (-3618 1848 -48 ) (-3618 1848 68 ) 
4 216 217 (-3632 1992 68 ) (-3632 1992 -48 ) (-3632 1848 -48 ) (-3632 1848 68 ) 
4 217 224 (-3648 1848 80 ) (-3648 1992 80 ) (-3648 1992 -48 ) (-3648 1848 -48 ) 
4 217 219 (-3648 1848 -48 ) (-3632 1848 -48 ) (-3632 1848 80 ) (-3648 1848 80 ) 
4 219 224 (-3648 1824 80 ) (-3648 1848 80 ) (-3648 1848 -48 ) (-3648 1824 -48 ) 
4 220 223 (-3648 1600 192 ) (-3648 1600 320 ) (-3648 1728 320 ) (-3648 1728 192 ) 
4 221 222 (-3648 1088 512 ) (-3648 1088 640 ) (-3648 1344 640 ) (-3648 1344 512 ) 
4 224 225 (-3778 1992 -48 ) (-3778 1848 -48 ) (-3778 1848 68 ) (-3778 1992 68 ) 
4 225 226 (-3792 1992 68 ) (-3792 1992 -48 ) (-3792 1848 -48 ) (-3792 1848 68 ) 
4 226 232 (-3808 1872 -48 ) (-3808 1824 -48 ) (-3808 1824 80 ) (-3808 1872 80 ) 
4 226 227 (-3808 2016 80 ) (-3808 2016 -48 ) (-3808 1968 -48 ) (-3808 1968 80 ) 
4 226 230 (-3808 1968 -48 ) (-3808 1872 -48 ) (-3808 1872 80 ) (-3808 1968 80 ) 
4 227 228 (-3987.996094 2007.987671 -116 ) (-3963.011719 1968 -116 ) (-3963.011719 1968 464 ) (-3987.996094 2007.987671 464 ) 
5 227 229 (-3808 1968 -116 ) (-3963.013916 1968 -116 ) (-4008 2040 -116 ) (-4008 2048 -116 ) (-3808 2048 -116 ) 
4 227 231 (-4008 2040 464 ) (-4008 2048 464 ) (-4008 2048 -116 ) (-4008 2040 -116 ) 
4 227 230 (-3963.013916 1968 -116 ) (-3808 1968 -116 ) (-3808 1968 464 ) (-3963.013916 1968 464 ) 
4 228 230 (-3976 1968 -116 ) (-3963.013916 1968 -116 ) (-3963.013916 1968 464 ) (-3976 1968 464 ) 
3 228 229 (-3963.013916 1968 -116 ) (-3976 1968 -116 ) (-3987.993896 2007.980347 -116 ) 
4 229 240 (-4008 2048 -128 ) (-3808 2048 -128 ) (-3808 1968 -128 ) (-4008 1968 -128 ) 
4 229 230 (-4008 1968 -116 ) (-4008 1968 -128 ) (-3808 1968 -128 ) (-3808 1968 -116 ) 
4 229 231 (-4008 2048 -128 ) (-4008 1968 -128 ) (-4008 1968 -116 ) (-4008 2048 -116 ) 
4 230 240 (-3808 1968 -128 ) (-3808 1872 -128 ) (-4008 1872 -128 ) (-4008 1968 -128 ) 
4 230 232 (-3808 1872 -116 ) (-3808 1872 464 ) (-3976 1872 464 ) (-3976 1872 -116 ) 
4 230 234 (-4008 1872 -128 ) (-3808 1872 -128 ) (-3808 1872 -116 ) (-4008 1872 -116 ) 
4 230 231 (-4008 1968 -128 ) (-4008 1872 -128 ) (-4008 1872 464 ) (-4008 1968 464 ) 
4 231 274 (-4096 2048 -102 ) (-4096 2048 -128 ) (-4096 1872 -128 ) (-4096 1872 -102 ) 
4 231 272 (-4096 2048 -98 ) (-4096 2048 -102 ) (-4096 1872 -102 ) (-4096 1872 -98 ) 
4 231 268 (-4096 2048 10 ) (-4096 2048 -98 ) (-4096 1872 -98 ) (-4096 1872 10 ) 
4 231 265 (-4096 2048 68 ) (-4096 2048 10 ) (-4096 1872 10 ) (-4096 1872 68 ) 
4 231 259 (-4096 1872 464 ) (-4096 2048 464 ) (-4096 2048 68 ) (-4096 1872 68 ) 
4 231 240 (-4096 1872 -128 ) (-4096 2048 -128 ) (-4008 2048 -128 ) (-4008 1872 -128 ) 
4 231 235 (-4096 1872 -128 ) (-4008 1872 -128 ) (-4008 1872 464 ) (-4096 1872 464 ) 
4 232 233 (-3988 1831.991211 -116 ) (-4008 1765.304688 -116 ) (-4008 1765.304688 464 ) (-3988 1831.991211 464 ) 
5 232 234 (-3808 1648 -116 ) (-4008 1648 -116 ) (-4008 1765.307251 -116 ) (-3976 1872 -116 ) (-3808 1872 -116 ) 
4 232 235 (-4008 1765.307129 -116 ) (-4008 1648 -116 ) (-4008 1648 464 ) (-4008 1765.307251 464 ) 
4 233 235 (-4008 1800 -116 ) (-4008 1765.307129 -116 ) (-4008 1765.307251 464 ) (-4008 1800 464 ) 
3 233 234 (-4008 1765.307251 -116 ) (-4008 1800 -116 ) (-3988 1831.989136 -116 ) 
4 234 240 (-4008 1872 -128 ) (-3808 1872 -128 ) (-3808 1648 -128 ) (-4008 1648 -128 ) 
4 234 235 (-4008 1872 -116 ) (-4008 1872 -128 ) (-4008 1648 -128 ) (-4008 1648 -116 ) 
4 235 274 (-4096 1872 -102 ) (-4096 1872 -128 ) (-4096 1648 -128 ) (-4096 1648 -102 ) 
4 235 272 (-4096 1872 -98 ) (-4096 1872 -102 ) (-4096 1648 -102 ) (-4096 1648 -98 ) 
4 235 270 (-4096 1716 -98 ) (-4096 1648 -98 ) (-4096 1648 10 ) (-4096 1716 10 ) 
4 235 268 (-4096 1872 10 ) (-4096 1872 -98 ) (-4096 1716 -98 ) (-4096 1716 10 ) 
4 235 265 (-4096 1872 68 ) (-4096 1872 10 ) (-4096 1648 10 ) (-4096 1648 68 ) 
4 235 259 (-4096 1648 464 ) (-4096 1872 464 ) (-4096 1872 68 ) (-4096 1648 68 ) 
4 235 240 (-4096 1648 -128 ) (-4096 1872 -128 ) (-4008 1872 -128 ) (-4008 1648 -128 ) 
4 237 412 (-3072 1024 -384 ) (-3072 1024 -128 ) (-3264 1024 -128 ) (-3264 1024 -384 ) 
4 237 239 (-3264 1024 -128 ) (-3264 1504 -128 ) (-3264 1504 -384 ) (-3264 1024 -384 ) 
4 239 413 (-3584 1024 -128 ) (-3616 1024 -128 ) (-3616 1024 -384 ) (-3584 1024 -384 ) 
4 239 412 (-3264 1024 -384 ) (-3264 1024 -128 ) (-3584 1024 -128 ) (-3584 1024 -384 ) 
4 240 274 (-4096 1648 -128 ) (-4096 2048 -128 ) (-4096 2048 -304 ) (-4096 1648 -304 ) 
4 241 265 (-4096 2048 14 ) (-4096 2048 68 ) (-4216 2048 68 ) (-4216 2048 14 ) 
4 241 259 (-4096 2048 68 ) (-4096 2048 464 ) (-4216 2048 464 ) (-4216 2048 68 ) 
4 241 246 (-4096 2048 14 ) (-4216 2048 14 ) (-4216 2192 14 ) (-4096 2192 14 ) 
4 241 243 (-4216 2048 138 ) (-4216 2048 464 ) (-4216 2152 464 ) (-4216 2152 138 ) 
4 241 244 (-4216 2152 14 ) (-4216 2048 14 ) (-4216 2048 106 ) (-4216 2152 106 ) 
4 241 242 (-4216 2192 464 ) (-4216 2192 14 ) (-4216 2152 14 ) (-4216 2152 464 ) 
4 242 246 (-4276 2192 14 ) (-4216 2192 14 ) (-4216 2152 14 ) (-4276 2152 14 ) 
4 242 248 (-4408 2152 14 ) (-4408 2192 14 ) (-4348 2192 14 ) (-4348 2152 14 ) 
4 242 243 (-4408 2152 464 ) (-4408 2152 138 ) (-4216 2152 138 ) (-4216 2152 464 ) 
4 242 244 (-4408 2152 106 ) (-4408 2152 14 ) (-4216 2152 14 ) (-4216 2152 106 ) 
4 242 245 (-4408 2192 464 ) (-4408 2192 14 ) (-4408 2152 14 ) (-4408 2152 464 ) 
4 243 260 (-4216 2048 464 ) (-4408 2048 464 ) (-4408 2048 138 ) (-4216 2048 138 ) 
4 243 245 (-4408 2048 138 ) (-4408 2048 464 ) (-4408 2152 464 ) (-4408 2152 138 ) 
4 244 275 (-4408 2048 68 ) (-4408 2048 14 ) (-4348 2048 14 ) (-4348 2048 68 ) 
4 244 266 (-4348 2048 14 ) (-4276 2048 14 ) (-4276 2048 68 ) (-4348 2048 68 ) 
4 244 265 (-4276 2048 14 ) (-4216 2048 14 ) (-4216 2048 68 ) (-4276 2048 68 ) 
4 244 263 (-4408 2048 106 ) (-4408 2048 68 ) (-4216 2048 68 ) (-4216 2048 106 ) 
4 244 247 (-4276 2048 14 ) (-4348 2048 14 ) (-4348 2120 14 ) (-4276 2120 14 ) 
4 244 246 (-4216 2048 14 ) (-4276 2048 14 ) (-4276 2152 14 ) (-4216 2152 14 ) 
4 244 248 (-4348 2048 14 ) (-4408 2048 14 ) (-4408 2152 14 ) (-4348 2152 14 ) 
4 244 245 (-4408 2152 14 ) (-4408 2048 14 ) (-4408 2048 106 ) (-4408 2152 106 ) 
4 245 275 (-4672 2048 68 ) (-4672 2048 14 ) (-4408 2048 14 ) (-4408 2048 68 ) 
4 245 264 (-4408 2048 464 ) (-4672 2048 464 ) (-4672 2048 68 ) (-4408 2048 68 ) 
4 245 248 (-4408 2048 14 ) (-4672 2048 14 ) (-4672 2192 14 ) (-4408 2192 14 ) 
4 246 265 (-4096 2048 10 ) (-4096 2048 14 ) (-4276 2048 14 ) (-4276 2048 10 ) 
4 246 252 (-4096 2048 10 ) (-4276 2048 10 ) (-4276 2124 10 ) (-4096 2124 10 ) 
4 246 249 (-4276 2124 10 ) (-4276 2192 10 ) (-4096 2192 10 ) (-4096 2124 10 ) 
4 246 247 (-4276 2048 14 ) (-4276 2120 14 ) (-4276 2120 10 ) (-4276 2048 10 ) 
4 247 266 (-4276 2048 14 ) (-4348 2048 14 ) (-4348 2048 10 ) (-4276 2048 10 ) 
4 247 253 (-4276 2048 10 ) (-4348 2048 10 ) (-4348 2120 10 ) (-4276 2120 10 ) 
4 247 248 (-4348 2048 14 ) (-4348 2120 14 ) (-4348 2120 10 ) (-4348 2048 10 ) 
4 248 275 (-4348 2048 14 ) (-4672 2048 14 ) (-4672 2048 10 ) (-4348 2048 10 ) 
4 248 254 (-4348 2048 10 ) (-4672 2048 10 ) (-4672 2124 10 ) (-4348 2124 10 ) 
4 248 251 (-4672 2124 10 ) (-4672 2192 10 ) (-4348 2192 10 ) (-4348 2124 10 ) 
4 249 255 (-4276 2192 -98 ) (-4096 2192 -98 ) (-4096 2124 -98 ) (-4276 2124 -98 ) 
4 249 252 (-4276 2124 -98 ) (-4096 2124 -98 ) (-4096 2124 10 ) (-4276 2124 10 ) 
4 251 258 (-4672 2124 -98 ) (-4672 2192 -98 ) (-4348 2192 -98 ) (-4348 2124 -98 ) 
4 251 254 (-4672 2124 10 ) (-4672 2124 -98 ) (-4348 2124 -98 ) (-4348 2124 10 ) 
4 252 268 (-4096 2048 -98 ) (-4096 2048 10 ) (-4276 2048 10 ) (-4276 2048 -98 ) 
4 252 255 (-4096 2048 -98 ) (-4276 2048 -98 ) (-4276 2124 -98 ) (-4096 2124 -98 ) 
4 252 253 (-4276 2120 -98 ) (-4276 2048 -98 ) (-4276 2048 10 ) (-4276 2120 10 ) 
4 253 269 (-4276 2048 10 ) (-4348 2048 10 ) (-4348 2048 -98 ) (-4276 2048 -98 ) 
4 253 257 (-4276 2048 -98 ) (-4348 2048 -98 ) (-4348 2120 -98 ) (-4276 2120 -98 ) 
4 253 254 (-4348 2120 -98 ) (-4348 2048 -98 ) (-4348 2048 10 ) (-4348 2120 10 ) 
4 254 279 (-4672 2048 -28 ) (-4672 2048 -98 ) (-4348 2048 -98 ) (-4348 2048 -28 ) 
4 254 275 (-4348 2048 10 ) (-4672 2048 10 ) (-4672 2048 -28 ) (-4348 2048 -28 ) 
4 254 258 (-4348 2048 -98 ) (-4672 2048 -98 ) (-4672 2124 -98 ) (-4348 2124 -98 ) 
4 255 274 (-4096 2048 -304 ) (-4096 2048 -102 ) (-4276 2048 -102 ) (-4276 2048 -304 ) 
4 255 272 (-4096 2048 -102 ) (-4096 2048 -98 ) (-4276 2048 -98 ) (-4276 2048 -102 ) 
4 255 256 (-4276 2192 -102 ) (-4276 2192 -304 ) (-4276 2120 -304 ) (-4276 2120 -102 ) 
4 255 257 (-4276 2120 -304 ) (-4276 2048 -304 ) (-4276 2048 -98 ) (-4276 2120 -98 ) 
4 256 257 (-4348 2120 -102 ) (-4348 2120 -304 ) (-4276 2120 -304 ) (-4276 2120 -102 ) 
4 256 258 (-4348 2192 -102 ) (-4348 2192 -304 ) (-4348 2120 -304 ) (-4348 2120 -102 ) 
4 257 274 (-4348 2048 -102 ) (-4348 2048 -304 ) (-4276 2048 -304 ) (-4276 2048 -102 ) 
4 257 273 (-4276 2048 -98 ) (-4348 2048 -98 ) (-4348 2048 -102 ) (-4276 2048 -102 ) 
4 257 258 (-4348 2120 -304 ) (-4348 2048 -304 ) (-4348 2048 -98 ) (-4348 2120 -98 ) 
4 258 279 (-4348 2048 -98 ) (-4672 2048 -98 ) (-4672 2048 -304 ) (-4348 2048 -304 ) 
4 259 265 (-4096 1648 68 ) (-4216 1648 68 ) (-4216 2048 68 ) (-4096 2048 68 ) 
4 259 262 (-4216 1688 106 ) (-4216 1648 106 ) (-4216 1648 138 ) (-4216 1688 138 ) 
4 259 261 (-4216 2032 106 ) (-4216 1808 106 ) (-4216 1808 138 ) (-4216 2032 138 ) 
4 259 263 (-4216 2048 106 ) (-4216 2048 68 ) (-4216 1648 68 ) (-4216 1648 106 ) 
4 259 260 (-4216 2048 464 ) (-4216 2048 138 ) (-4216 1648 138 ) (-4216 1648 464 ) 
4 260 264 (-4408 1648 138 ) (-4408 1648 464 ) (-4408 2048 464 ) (-4408 2048 138 ) 
4 260 262 (-4408 1648 138 ) (-4408 1688 138 ) (-4216 1688 138 ) (-4216 1648 138 ) 
4 260 261 (-4408 1808 138 ) (-4408 2032 138 ) (-4216 2032 138 ) (-4216 1808 138 ) 
4 261 264 (-4408 1808 138 ) (-4408 2032 138 ) (-4408 2032 106 ) (-4408 1808 106 ) 
4 261 263 (-4408 1808 106 ) (-4408 2032 106 ) (-4216 2032 106 ) (-4216 1808 106 ) 
4 262 264 (-4408 1648 106 ) (-4408 1648 138 ) (-4408 1688 138 ) (-4408 1688 106 ) 
4 262 263 (-4408 1648 106 ) (-4408 1688 106 ) (-4216 1688 106 ) (-4216 1648 106 ) 
4 263 278 (-4348 1648 68 ) (-4408 1648 68 ) (-4408 1664 68 ) (-4348 1664 68 ) 
4 263 276 (-4408 1664 68 ) (-4408 1840 68 ) (-4348 1840 68 ) (-4348 1664 68 ) 
4 263 275 (-4408 1840 68 ) (-4408 2048 68 ) (-4348 2048 68 ) (-4348 1840 68 ) 
4 263 267 (-4276 1648 68 ) (-4348 1648 68 ) (-4348 1720 68 ) (-4276 1720 68 ) 
4 263 266 (-4348 1720 68 ) (-4348 2048 68 ) (-4276 2048 68 ) (-4276 1720 68 ) 
4 263 265 (-4216 1648 68 ) (-4276 1648 68 ) (-4276 2048 68 ) (-4216 2048 68 ) 
4 263 264 (-4408 2048 68 ) (-4408 1648 68 ) (-4408 1648 106 ) (-4408 2048 106 ) 
4 264 278 (-4408 1648 68 ) (-4672 1648 68 ) (-4672 1664 68 ) (-4408 1664 68 ) 
4 264 276 (-4672 1664 68 ) (-4672 1840 68 ) (-4408 1840 68 ) (-4408 1664 68 ) 
4 264 275 (-4672 1840 68 ) (-4672 2048 68 ) (-4408 2048 68 ) (-4408 1840 68 ) 
4 265 270 (-4096 1648 10 ) (-4276 1648 10 ) (-4276 1716 10 ) (-4096 1716 10 ) 
4 265 268 (-4276 1716 10 ) (-4276 2048 10 ) (-4096 2048 10 ) (-4096 1716 10 ) 
4 265 267 (-4276 1648 14 ) (-4276 1648 68 ) (-4276 1720 68 ) (-4276 1720 14 ) 
4 265 266 (-4276 2048 10 ) (-4276 1720 10 ) (-4276 1720 68 ) (-4276 2048 68 ) 
4 266 276 (-4348 1720 68 ) (-4348 1840 68 ) (-4348 1840 10 ) (-4348 1720 10 ) 
4 266 275 (-4348 1840 68 ) (-4348 2048 68 ) (-4348 2048 10 ) (-4348 1840 10 ) 
4 266 269 (-4348 1720 10 ) (-4348 2048 10 ) (-4276 2048 10 ) (-4276 1720 10 ) 
4 266 267 (-4348 1720 68 ) (-4348 1720 14 ) (-4276 1720 14 ) (-4276 1720 68 ) 
4 267 278 (-4348 1648 14 ) (-4348 1648 68 ) (-4348 1664 68 ) (-4348 1664 14 ) 
4 267 276 (-4348 1664 68 ) (-4348 1720 68 ) (-4348 1720 14 ) (-4348 1664 14 ) 
4 268 272 (-4276 2048 -98 ) (-4096 2048 -98 ) (-4096 1716 -98 ) (-4276 1716 -98 ) 
4 268 270 (-4276 1716 -98 ) (-4096 1716 -98 ) (-4096 1716 10 ) (-4276 1716 10 ) 
4 268 269 (-4276 2048 -98 ) (-4276 1720 -98 ) (-4276 1720 10 ) (-4276 2048 10 ) 
4 269 279 (-4348 2048 -28 ) (-4348 2048 -98 ) (-4348 1720 -98 ) (-4348 1720 -28 ) 
4 269 276 (-4348 1720 10 ) (-4348 1840 10 ) (-4348 1840 -28 ) (-4348 1720 -28 ) 
4 269 275 (-4348 1840 10 ) (-4348 2048 10 ) (-4348 2048 -28 ) (-4348 1840 -28 ) 
4 269 273 (-4348 1720 -98 ) (-4348 2048 -98 ) (-4276 2048 -98 ) (-4276 1720 -98 ) 
4 270 272 (-4096 1648 -98 ) (-4276 1648 -98 ) (-4276 1716 -98 ) (-4096 1716 -98 ) 
4 272 274 (-4096 1648 -102 ) (-4276 1648 -102 ) (-4276 2048 -102 ) (-4096 2048 -102 ) 
4 272 273 (-4276 2048 -102 ) (-4276 1720 -102 ) (-4276 1720 -98 ) (-4276 2048 -98 ) 
4 273 279 (-4348 1720 -98 ) (-4348 2048 -98 ) (-4348 2048 -102 ) (-4348 1720 -102 ) 
4 273 274 (-4348 1720 -102 ) (-4348 2048 -102 ) (-4276 2048 -102 ) (-4276 1720 -102 ) 
4 274 279 (-4348 1648 -304 ) (-4348 1648 -102 ) (-4348 2048 -102 ) (-4348 2048 -304 ) 
4 275 279 (-4348 2048 -28 ) (-4348 1840 -28 ) (-4672 1840 -28 ) (-4672 2048 -28 ) 
4 275 276 (-4672 1840 -28 ) (-4348 1840 -28 ) (-4348 1840 68 ) (-4672 1840 68 ) 
4 276 279 (-4348 1840 -28 ) (-4348 1664 -28 ) (-4672 1664 -28 ) (-4672 1840 -28 ) 
4 276 278 (-4672 1664 -28 ) (-4348 1664 -28 ) (-4348 1664 68 ) (-4672 1664 68 ) 
4 278 279 (-4348 1664 -28 ) (-4348 1648 -28 ) (-4672 1648 -28 ) (-4672 1664 -28 ) 
4 280 282 (-352 670 256 ) (-352 672 256 ) (-224 672 256 ) (-224 670 256 ) 
4 280 281 (-224 670 256 ) (-224 670 288 ) (-352 670 288 ) (-352 670 256 ) 
4 281 287 (-352 640 256 ) (-320 640 256 ) (-320 640 288 ) (-352 640 288 ) 
4 281 286 (-320 640 256 ) (-224 640 256 ) (-224 640 288 ) (-320 640 288 ) 
4 281 282 (-224 640 256 ) (-352 640 256 ) (-352 670 256 ) (-224 670 256 ) 
4 282 289 (-352 640 64 ) (-224 640 64 ) (-224 640 256 ) (-352 640 256 ) 
4 283 308 (-384 640 -256 ) (-384 640 -128 ) (-384 672 -128 ) (-384 672 -256 ) 
4 283 290 (-384 640 -128 ) (-384 640 -256 ) (-224 640 -256 ) (-224 640 -128 ) 
4 283 288 (-224 640 -256 ) (0 640 -256 ) (0 640 -128 ) (-224 640 -128 ) 
4 283 284 (0 640 -256 ) (-384 640 -256 ) (-384 672 -256 ) (0 672 -256 ) 
4 285 291 (-128 512 256 ) (0 512 256 ) (0 512 384 ) (-128 512 384 ) 
4 285 288 (0 512 256 ) (-128 512 256 ) (-128 544 256 ) (0 544 256 ) 
4 285 286 (-128 544 256 ) (-128 512 256 ) (-128 512 384 ) (-128 544 384 ) 
4 286 297 (-320 512 256 ) (-256 512 256 ) (-256 512 384 ) (-320 512 384 ) 
4 286 295 (-256 512 256 ) (-224 512 256 ) (-224 512 382 ) (-256 512 382 ) 
4 286 294 (-224 512 382 ) (-224 512 384 ) (-256 512 384 ) (-256 512 382 ) 
4 286 293 (-224 512 256 ) (-128 512 256 ) (-128 512 382 ) (-224 512 382 ) 
4 286 292 (-128 512 382 ) (-128 512 384 ) (-224 512 384 ) (-224 512 382 ) 
4 286 289 (-224 512 256 ) (-320 512 256 ) (-320 640 256 ) (-224 640 256 ) 
4 286 288 (-128 512 256 ) (-224 512 256 ) (-224 640 256 ) (-128 640 256 ) 
4 286 287 (-320 640 384 ) (-320 640 256 ) (-320 544 256 ) (-320 544 384 ) 
4 287 289 (-384 544 256 ) (-384 640 256 ) (-320 640 256 ) (-320 544 256 ) 
4 288 293 (-224 512 -256 ) (-128 512 -256 ) (-128 512 256 ) (-224 512 256 ) 
4 288 291 (-128 512 -256 ) (0 512 -256 ) (0 512 256 ) (-128 512 256 ) 
4 288 289 (-224 512 64 ) (-224 512 256 ) (-224 640 256 ) (-224 640 64 ) 
4 288 290 (-224 640 -256 ) (-224 512 -256 ) (-224 512 32 ) (-224 640 32 ) 
4 289 299 (-384 512 256 ) (-384 512 64 ) (-256 512 64 ) (-256 512 256 ) 
4 289 295 (-256 512 64 ) (-224 512 64 ) (-224 512 256 ) (-256 512 256 ) 
4 290 310 (-384 512 -256 ) (-384 512 -254 ) (-384 576 -254 ) (-384 576 -256 ) 
4 290 309 (-384 512 -254 ) (-384 512 -128 ) (-384 576 -128 ) (-384 576 -254 ) 
4 290 308 (-384 576 -128 ) (-384 640 -128 ) (-384 640 -256 ) (-384 576 -256 ) 
4 290 300 (-384 512 32 ) (-384 512 -256 ) (-256 512 -256 ) (-256 512 32 ) 
4 290 296 (-256 512 -256 ) (-224 512 -256 ) (-224 512 32 ) (-256 512 32 ) 
4 291 301 (0 256 256 ) (0 256 384 ) (-128 256 384 ) (-128 256 256 ) 
4 291 303 (0 256 -256 ) (0 256 256 ) (-128 256 256 ) (-128 256 -256 ) 
4 291 293 (-128 512 382 ) (-128 512 -256 ) (-128 256 -256 ) (-128 256 382 ) 
4 291 292 (-128 512 384 ) (-128 512 382 ) (-128 256 382 ) (-128 256 384 ) 
4 292 301 (-128 256 382 ) (-128 256 384 ) (-224 256 384 ) (-224 256 382 ) 
4 292 294 (-224 512 392 ) (-224 512 382 ) (-224 256 382 ) (-224 256 392 ) 
4 292 293 (-224 256 382 ) (-224 512 382 ) (-128 512 382 ) (-128 256 382 ) 
4 293 301 (-128 256 256 ) (-128 256 382 ) (-224 256 382 ) (-224 256 256 ) 
4 293 303 (-128 256 -256 ) (-128 256 256 ) (-224 256 256 ) (-224 256 -256 ) 
4 293 296 (-224 512 32 ) (-224 512 -256 ) (-224 256 -256 ) (-224 256 32 ) 
4 293 295 (-224 512 382 ) (-224 512 64 ) (-224 256 64 ) (-224 256 382 ) 
4 294 301 (-224 256 382 ) (-224 256 384 ) (-256 256 384 ) (-256 256 382 ) 
4 294 297 (-256 512 384 ) (-256 512 382 ) (-256 256 382 ) (-256 256 384 ) 
4 294 295 (-256 256 382 ) (-256 512 382 ) (-224 512 382 ) (-224 256 382 ) 
4 295 301 (-224 256 256 ) (-224 256 382 ) (-256 256 382 ) (-256 256 256 ) 
4 295 303 (-224 256 64 ) (-224 256 256 ) (-256 256 256 ) (-256 256 64 ) 
4 295 299 (-256 512 256 ) (-256 512 64 ) (-256 256 64 ) (-256 256 256 ) 
4 295 297 (-256 512 382 ) (-256 512 256 ) (-256 256 256 ) (-256 256 382 ) 
4 296 303 (-224 256 -256 ) (-224 256 32 ) (-256 256 32 ) (-256 256 -256 ) 
4 296 300 (-256 512 32 ) (-256 512 -256 ) (-256 256 -256 ) (-256 256 32 ) 
4 297 301 (-320 256 256 ) (-256 256 256 ) (-256 256 384 ) (-320 256 384 ) 
4 297 299 (-320 512 256 ) (-256 512 256 ) (-256 256 256 ) (-320 256 256 ) 
4 298 299 (-384 512 256 ) (-352 512 256 ) (-352 256 256 ) (-384 256 256 ) 
4 299 306 (-384 448 192 ) (-384 448 64 ) (-384 320 64 ) (-384 320 192 ) 
4 299 303 (-384 256 256 ) (-384 256 64 ) (-256 256 64 ) (-256 256 256 ) 
4 300 310 (-384 256 -256 ) (-384 256 -254 ) (-384 512 -254 ) (-384 512 -256 ) 
4 300 309 (-384 256 -254 ) (-384 256 -128 ) (-384 512 -128 ) (-384 512 -254 ) 
4 300 303 (-384 256 32 ) (-384 256 -256 ) (-256 256 -256 ) (-256 256 32 ) 
4 301 304 (-320 192 256 ) (0 192 256 ) (0 192 384 ) (-320 192 384 ) 
4 301 302 (-320 224 256 ) (-320 192 256 ) (-320 192 384 ) (-320 224 384 ) 
4 301 303 (0 192 256 ) (-320 192 256 ) (-320 256 256 ) (0 256 256 ) 
4 302 304 (-384 192 384 ) (-384 192 256 ) (-320 192 256 ) (-320 192 384 ) 
4 302 303 (-320 192 256 ) (-384 192 256 ) (-384 224 256 ) (-320 224 256 ) 
4 303 310 (-384 192 -256 ) (-384 192 -254 ) (-384 256 -254 ) (-384 256 -256 ) 
4 303 309 (-384 192 -254 ) (-384 192 -128 ) (-384 256 -128 ) (-384 256 -254 ) 
4 303 304 (-384 192 256 ) (-384 192 -256 ) (0 192 -256 ) (0 192 256 ) 
4 304 305 (-384 64 384 ) (-384 64 -256 ) (0 64 -256 ) (0 64 384 ) 
4 305 315 (0 0 -512 ) (0 0 448 ) (-384 0 448 ) (-384 0 -512 ) 
4 305 312 (-384 0 -512 ) (-384 0 -128 ) (-384 64 -128 ) (-384 64 -512 ) 
4 305 307 (-384 0 -128 ) (-384 0 448 ) (-384 64 448 ) (-384 64 -128 ) 
4 306 313 (-416 448 192 ) (-416 448 64 ) (-416 320 64 ) (-416 320 192 ) 
4 307 315 (-384 0 -128 ) (-384 0 448 ) (-416 0 448 ) (-416 0 -128 ) 
4 307 314 (-416 0 -128 ) (-416 0 448 ) (-416 64 448 ) (-416 64 -128 ) 
4 307 312 (-416 0 -128 ) (-416 64 -128 ) (-384 64 -128 ) (-384 0 -128 ) 
4 308 310 (-384 576 -256 ) (-384 576 -254 ) (-416 576 -254 ) (-416 576 -256 ) 
4 308 309 (-384 576 -254 ) (-384 576 -128 ) (-416 576 -128 ) (-416 576 -254 ) 
4 309 310 (-384 192 -254 ) (-416 192 -254 ) (-416 576 -254 ) (-384 576 -254 ) 
4 310 311 (-384 192 -256 ) (-416 192 -256 ) (-416 576 -256 ) (-384 576 -256 ) 
4 312 315 (-384 0 -512 ) (-384 0 -128 ) (-416 0 -128 ) (-416 0 -512 ) 
4 312 314 (-416 0 -512 ) (-416 0 -128 ) (-416 64 -128 ) (-416 64 -512 ) 
4 313 337 (-1024 320 64 ) (-1024 320 192 ) (-1024 322 192 ) (-1024 322 64 ) 
4 313 336 (-1024 322 192 ) (-1024 448 192 ) (-1024 448 64 ) (-1024 322 64 ) 
4 314 315 (-416 0 -512 ) (-416 0 448 ) (-896 0 448 ) (-896 0 -512 ) 
4 315 322 (-896 -128 448 ) (-896 -128 -512 ) (-768 -128 -512 ) (-768 -128 448 ) 
4 315 321 (-768 -128 -512 ) (-640 -128 -512 ) (-640 -128 446 ) (-768 -128 446 ) 
4 315 319 (-640 -128 446 ) (-640 -128 448 ) (-768 -128 448 ) (-768 -128 446 ) 
4 315 318 (-640 -128 -512 ) (0 -128 -512 ) (0 -128 384 ) (-640 -128 384 ) 
4 315 316 (0 -128 384 ) (0 -128 448 ) (-256 -128 448 ) (-256 -128 384 ) 
4 315 317 (-256 -128 448 ) (-640 -128 448 ) (-640 -128 384 ) (-256 -128 384 ) 
4 316 318 (-256 -256 384 ) (-256 -128 384 ) (0 -128 384 ) (0 -256 384 ) 
4 316 317 (-256 -128 384 ) (-256 -256 384 ) (-256 -256 448 ) (-256 -128 448 ) 
4 317 324 (-256 -320 448 ) (-544 -320 448 ) (-544 -320 384 ) (-256 -320 384 ) 
4 317 321 (-640 -128 446 ) (-640 -128 384 ) (-640 -320 384 ) (-640 -320 446 ) 
4 317 320 (-640 -256 446 ) (-640 -320 446 ) (-640 -320 448 ) (-640 -256 448 ) 
4 317 319 (-640 -128 448 ) (-640 -128 446 ) (-640 -256 446 ) (-640 -256 448 ) 
4 317 318 (-256 -320 384 ) (-640 -320 384 ) (-640 -128 384 ) (-256 -128 384 ) 
4 318 325 (0 -320 -256 ) (0 -320 384 ) (-544 -320 384 ) (-544 -320 -256 ) 
4 318 321 (-640 -128 384 ) (-640 -128 -512 ) (-640 -320 -512 ) (-640 -320 384 ) 
4 319 322 (-768 -128 448 ) (-768 -128 446 ) (-768 -256 446 ) (-768 -256 448 ) 
4 319 321 (-768 -256 446 ) (-768 -128 446 ) (-640 -128 446 ) (-640 -256 446 ) 
4 319 320 (-768 -256 446 ) (-640 -256 446 ) (-640 -256 448 ) (-768 -256 448 ) 
4 320 322 (-768 -256 446 ) (-768 -320 446 ) (-768 -320 448 ) (-768 -256 448 ) 
4 320 321 (-768 -320 446 ) (-768 -256 446 ) (-640 -256 446 ) (-640 -320 446 ) 
4 321 322 (-768 -128 446 ) (-768 -128 -512 ) (-768 -320 -512 ) (-768 -320 446 ) 
4 323 326 (0 -448 448 ) (-256 -448 448 ) (-256 -448 384 ) (0 -448 384 ) 
4 323 325 (0 -448 384 ) (-256 -448 384 ) (-256 -384 384 ) (0 -384 384 ) 
4 323 324 (-256 -384 384 ) (-256 -448 384 ) (-256 -448 448 ) (-256 -384 448 ) 
4 324 326 (-256 -448 448 ) (-544 -448 448 ) (-544 -448 384 ) (-256 -448 384 ) 
4 324 325 (-256 -448 384 ) (-544 -448 384 ) (-544 -320 384 ) (-256 -320 384 ) 
4 325 326 (-544 -448 -256 ) (0 -448 -256 ) (0 -448 384 ) (-544 -448 384 ) 
4 326 332 (-608 -512 -256 ) (-608 -640 -256 ) (-608 -640 -128 ) (-608 -512 -128 ) 
4 326 327 (-608 -736 256 ) (-608 -736 -256 ) (0 -736 -256 ) (0 -736 256 ) 
4 327 330 (-608 -768 256 ) (-608 -768 -256 ) (-64 -768 -256 ) (-64 -768 256 ) 
4 327 329 (-64 -768 -256 ) (0 -768 -256 ) (0 -768 256 ) (-64 -768 256 ) 
4 328 329 (0 -800 256 ) (-64 -800 256 ) (-64 -768 256 ) (0 -768 256 ) 
4 329 331 (-64 -800 256 ) (-64 -800 -256 ) (0 -800 -256 ) (0 -800 256 ) 
4 329 330 (-64 -768 256 ) (-64 -768 -256 ) (-64 -800 -256 ) (-64 -800 256 ) 
4 330 331 (-608 -800 256 ) (-608 -800 -256 ) (-64 -800 -256 ) (-64 -800 256 ) 
4 331 335 (-224 -832 256 ) (-480 -832 256 ) (-480 -832 128 ) (-224 -832 128 ) 
4 331 333 (0 -832 -128 ) (0 -832 128 ) (-32 -832 128 ) (-32 -832 -128 ) 
4 334 335 (-480 -864 256 ) (-224 -864 256 ) (-224 -976 256 ) (-480 -976 256 ) 
4 336 340 (-1280 322 192 ) (-1280 448 192 ) (-1280 448 64 ) (-1280 322 64 ) 
4 336 337 (-1280 322 64 ) (-1024 322 64 ) (-1024 322 192 ) (-1280 322 192 ) 
4 337 340 (-1280 320 192 ) (-1280 322 192 ) (-1280 322 64 ) (-1280 320 64 ) 
4 337 338 (-1152 320 64 ) (-1088 320 64 ) (-1088 320 192 ) (-1152 320 192 ) 
4 339 353 (-1312 256 256 ) (-1312 256 264 ) (-1312 512 264 ) (-1312 512 256 ) 
4 339 340 (-1280 256 256 ) (-1312 256 256 ) (-1312 512 256 ) (-1280 512 256 ) 
4 340 354 (-1312 256 64 ) (-1312 256 256 ) (-1312 512 256 ) (-1312 512 64 ) 
4 341 345 (-1408 1024 640 ) (-1312 1024 640 ) (-1312 576 640 ) (-1408 576 640 ) 
4 341 342 (-1408 1024 640 ) (-1408 576 640 ) (-1408 576 896 ) (-1408 1024 896 ) 
4 342 367 (-2048 1024 896 ) (-2048 1024 640 ) (-2048 512 640 ) (-2048 512 896 ) 
4 342 346 (-1568 1024 640 ) (-1408 1024 640 ) (-1408 512 640 ) (-1568 512 640 ) 
4 342 347 (-2048 1024 640 ) (-1568 1024 640 ) (-1568 512 640 ) (-2048 512 640 ) 
4 343 347 (-1696 448 640 ) (-1568 448 640 ) (-1568 320 640 ) (-1696 320 640 ) 
4 344 347 (-2016 320 640 ) (-2016 448 640 ) (-1888 448 640 ) (-1888 320 640 ) 
4 345 350 (-1376 1024 512 ) (-1312 1024 512 ) (-1312 576 512 ) (-1376 576 512 ) 
4 345 352 (-1408 1024 512 ) (-1376 1024 512 ) (-1376 576 512 ) (-1408 576 512 ) 
4 345 348 (-1408 1024 512 ) (-1408 576 512 ) (-1408 576 638 ) (-1408 1024 638 ) 
4 345 346 (-1408 576 638 ) (-1408 576 640 ) (-1408 1024 640 ) (-1408 1024 638 ) 
4 346 348 (-1568 1024 638 ) (-1408 1024 638 ) (-1408 192 638 ) (-1568 192 638 ) 
4 346 347 (-1568 1024 638 ) (-1568 192 638 ) (-1568 192 640 ) (-1568 1024 640 ) 
4 347 380 (-2048 0 640 ) (-2048 0 638 ) (-1568 0 638 ) (-1568 0 640 ) 
4 347 369 (-2048 576 638 ) (-2048 192 638 ) (-2048 192 640 ) (-2048 576 640 ) 
4 347 368 (-2048 1024 640 ) (-2048 1024 638 ) (-2048 576 638 ) (-2048 576 640 ) 
4 347 370 (-2048 192 638 ) (-2048 0 638 ) (-2048 0 640 ) (-2048 192 640 ) 
4 347 349 (-2048 0 638 ) (-2048 1024 638 ) (-1568 1024 638 ) (-1568 0 638 ) 
4 348 359 (-1408 256 512 ) (-1408 192 512 ) (-1568 192 512 ) (-1568 256 512 ) 
4 348 356 (-1408 512 512 ) (-1408 256 512 ) (-1568 256 512 ) (-1568 512 512 ) 
4 348 352 (-1568 1024 512 ) (-1408 1024 512 ) (-1408 512 512 ) (-1568 512 512 ) 
4 348 349 (-1568 1024 512 ) (-1568 192 512 ) (-1568 192 638 ) (-1568 1024 638 ) 
4 349 380 (-2048 0 638 ) (-2048 0 512 ) (-1568 0 512 ) (-1568 0 638 ) 
4 349 369 (-2048 576 512 ) (-2048 192 512 ) (-2048 192 638 ) (-2048 576 638 ) 
4 349 368 (-2048 1024 638 ) (-2048 1024 512 ) (-2048 576 512 ) (-2048 576 638 ) 
4 349 370 (-2048 192 512 ) (-2048 0 512 ) (-2048 0 638 ) (-2048 192 638 ) 
4 349 363 (-2048 0 512 ) (-2048 192 512 ) (-1568 192 512 ) (-1568 0 512 ) 
4 349 359 (-2048 192 512 ) (-2048 256 512 ) (-1568 256 512 ) (-1568 192 512 ) 
4 349 356 (-2048 256 512 ) (-2048 512 512 ) (-1568 512 512 ) (-1568 256 512 ) 
4 349 352 (-2048 512 512 ) (-2048 1024 512 ) (-1568 1024 512 ) (-1568 512 512 ) 
4 350 360 (-1376 1024 64 ) (-1312 1024 64 ) (-1312 800 64 ) (-1376 800 64 ) 
4 350 351 (-1376 544 256 ) (-1376 544 64 ) (-1312 544 64 ) (-1312 544 256 ) 
4 350 352 (-1376 1024 64 ) (-1376 544 64 ) (-1376 544 512 ) (-1376 1024 512 ) 
4 351 355 (-1376 512 64 ) (-1344 512 64 ) (-1344 512 256 ) (-1376 512 256 ) 
4 351 354 (-1344 512 64 ) (-1312 512 64 ) (-1312 512 256 ) (-1344 512 256 ) 
4 351 352 (-1376 544 64 ) (-1376 512 64 ) (-1376 512 256 ) (-1376 544 256 ) 
4 352 369 (-2048 576 64 ) (-2048 512 64 ) (-2048 512 512 ) (-2048 576 512 ) 
4 352 368 (-2048 1024 512 ) (-2048 1024 64 ) (-2048 576 64 ) (-2048 576 512 ) 
4 352 362 (-2048 576 64 ) (-2048 1024 64 ) (-1824 1024 64 ) (-1824 576 64 ) 
4 352 360 (-1824 1024 64 ) (-1376 1024 64 ) (-1376 800 64 ) (-1824 800 64 ) 
4 352 356 (-2048 512 64 ) (-1376 512 64 ) (-1376 512 512 ) (-2048 512 512 ) 
4 353 354 (-1312 256 256 ) (-1344 256 256 ) (-1344 512 256 ) (-1312 512 256 ) 
4 354 357 (-1344 256 64 ) (-1312 256 64 ) (-1312 256 256 ) (-1344 256 256 ) 
4 354 355 (-1344 512 256 ) (-1344 512 64 ) (-1344 256 64 ) (-1344 256 256 ) 
4 355 357 (-1376 256 64 ) (-1344 256 64 ) (-1344 256 256 ) (-1376 256 256 ) 
4 355 356 (-1376 512 256 ) (-1376 512 64 ) (-1376 256 64 ) (-1376 256 256 ) 
4 356 369 (-2048 512 64 ) (-2048 256 64 ) (-2048 256 512 ) (-2048 512 512 ) 
4 356 359 (-2048 256 64 ) (-1376 256 64 ) (-1376 256 512 ) (-2048 256 512 ) 
4 357 358 (-1376 224 256 ) (-1376 224 64 ) (-1312 224 64 ) (-1312 224 256 ) 
4 357 359 (-1376 256 256 ) (-1376 256 64 ) (-1376 224 64 ) (-1376 224 256 ) 
4 358 359 (-1376 224 64 ) (-1376 192 64 ) (-1376 192 512 ) (-1376 224 512 ) 
4 359 369 (-2048 256 64 ) (-2048 192 64 ) (-2048 192 512 ) (-2048 256 512 ) 
4 359 363 (-1568 192 512 ) (-2048 192 512 ) (-2048 192 64 ) (-1568 192 64 ) 
4 360 364 (-1824 1024 -128 ) (-1312 1024 -128 ) (-1312 800 -128 ) (-1824 800 -128 ) 
4 360 362 (-1824 1024 -128 ) (-1824 800 -128 ) (-1824 800 64 ) (-1824 1024 64 ) 
4 360 361 (-1824 800 32 ) (-1824 800 -128 ) (-1312 800 -128 ) (-1312 800 32 ) 
4 361 364 (-1312 800 -128 ) (-1312 576 -128 ) (-1824 576 -128 ) (-1824 800 -128 ) 
4 361 362 (-1824 800 -128 ) (-1824 576 -128 ) (-1824 576 32 ) (-1824 800 32 ) 
4 362 368 (-2048 1024 64 ) (-2048 1024 -128 ) (-2048 576 -128 ) (-2048 576 64 ) 
4 362 364 (-2048 576 -128 ) (-2048 1024 -128 ) (-1824 1024 -128 ) (-1824 576 -128 ) 
4 363 380 (-2048 0 512 ) (-2048 0 -128 ) (-1568 0 -128 ) (-1568 0 512 ) 
4 363 370 (-2048 192 -128 ) (-2048 0 -128 ) (-2048 0 512 ) (-2048 192 512 ) 
4 363 365 (-1568 0 -128 ) (-2048 0 -128 ) (-2048 192 -128 ) (-1568 192 -128 ) 
4 364 377 (-2048 1024 -128 ) (-2048 1024 -384 ) (-2048 576 -384 ) (-2048 576 -128 ) 
4 365 381 (-1568 0 -128 ) (-2048 0 -128 ) (-2048 0 -384 ) (-1568 0 -384 ) 
4 365 378 (-2048 192 -384 ) (-2048 0 -384 ) (-2048 0 -128 ) (-2048 192 -128 ) 
4 366 372 (-2464 448 928 ) (-2464 192 928 ) (-2720 192 928 ) (-2720 448 928 ) 
4 366 371 (-2464 576 928 ) (-2464 448 928 ) (-2592 448 928 ) (-2592 576 928 ) 
4 367 374 (-2080 576 640 ) (-2080 512 640 ) (-2080 512 896 ) (-2080 576 896 ) 
4 367 373 (-2080 1024 896 ) (-2080 1024 640 ) (-2080 576 640 ) (-2080 576 896 ) 
4 367 369 (-2080 512 640 ) (-2080 576 640 ) (-2048 576 640 ) (-2048 512 640 ) 
4 367 368 (-2080 576 640 ) (-2080 1024 640 ) (-2048 1024 640 ) (-2048 576 640 ) 
4 368 377 (-2080 1024 -128 ) (-2048 1024 -128 ) (-2048 576 -128 ) (-2080 576 -128 ) 
4 368 373 (-2080 1024 -128 ) (-2080 576 -128 ) (-2080 576 640 ) (-2080 1024 640 ) 
4 368 369 (-2048 576 640 ) (-2080 576 640 ) (-2080 576 64 ) (-2048 576 64 ) 
4 369 374 (-2080 192 64 ) (-2080 192 640 ) (-2080 576 640 ) (-2080 576 64 ) 
4 369 370 (-2048 192 640 ) (-2080 192 640 ) (-2080 192 64 ) (-2048 192 64 ) 
4 370 382 (-2048 0 -128 ) (-2048 0 640 ) (-2080 0 640 ) (-2080 0 -128 ) 
4 370 378 (-2048 192 -128 ) (-2048 0 -128 ) (-2080 0 -128 ) (-2080 192 -128 ) 
4 370 375 (-2080 192 -128 ) (-2080 0 -128 ) (-2080 0 640 ) (-2080 192 640 ) 
4 371 376 (-2464 576 896 ) (-2464 448 896 ) (-2592 448 896 ) (-2592 576 896 ) 
4 371 372 (-2592 448 896 ) (-2464 448 896 ) (-2464 448 928 ) (-2592 448 928 ) 
4 372 376 (-2720 448 896 ) (-2464 448 896 ) (-2464 192 896 ) (-2720 192 896 ) 
4 373 377 (-2112 1024 -128 ) (-2080 1024 -128 ) (-2080 576 -128 ) (-2112 576 -128 ) 
4 373 374 (-2112 576 896 ) (-2112 576 64 ) (-2080 576 64 ) (-2080 576 896 ) 
4 373 376 (-2112 1024 -128 ) (-2112 576 -128 ) (-2112 576 896 ) (-2112 1024 896 ) 
4 374 376 (-2112 192 64 ) (-2112 192 896 ) (-2112 576 896 ) (-2112 576 64 ) 
4 374 375 (-2112 192 896 ) (-2112 192 64 ) (-2080 192 64 ) (-2080 192 896 ) 
4 375 383 (-2112 0 -128 ) (-2080 0 -128 ) (-2080 0 896 ) (-2112 0 896 ) 
4 375 378 (-2080 192 -128 ) (-2080 0 -128 ) (-2112 0 -128 ) (-2112 192 -128 ) 
4 375 376 (-2112 192 -128 ) (-2112 0 -128 ) (-2112 0 896 ) (-2112 192 896 ) 
4 376 411 (-3072 192 -128 ) (-3072 0 -128 ) (-3072 0 832 ) (-3072 192 832 ) 
4 376 406 (-3072 320 -128 ) (-3072 192 -128 ) (-3072 192 832 ) (-3072 320 832 ) 
4 376 398 (-3072 448 -128 ) (-3072 320 -128 ) (-3072 320 830 ) (-3072 448 830 ) 
4 376 396 (-3072 320 830 ) (-3072 320 832 ) (-3072 448 832 ) (-3072 448 830 ) 
4 376 390 (-3072 1024 832 ) (-3072 1024 -128 ) (-3072 448 -128 ) (-3072 448 832 ) 
4 376 389 (-3072 1024 896 ) (-3072 1024 832 ) (-3072 544 832 ) (-3072 544 896 ) 
4 376 383 (-3072 0 896 ) (-3072 0 -128 ) (-2112 0 -128 ) (-2112 0 896 ) 
4 376 379 (-3072 1024 -128 ) (-2112 1024 -128 ) (-2112 0 -128 ) (-3072 0 -128 ) 
4 377 379 (-2112 1024 -384 ) (-2112 576 -384 ) (-2112 576 -128 ) (-2112 1024 -128 ) 
4 378 388 (-2048 0 -384 ) (-2048 0 -128 ) (-2112 0 -128 ) (-2112 0 -384 ) 
4 378 379 (-2112 192 -384 ) (-2112 0 -384 ) (-2112 0 -128 ) (-2112 192 -128 ) 
4 379 414 (-3072 192 -384 ) (-3072 0 -384 ) (-3072 0 -128 ) (-3072 192 -128 ) 
4 379 412 (-3072 1024 -128 ) (-3072 1024 -384 ) (-3072 192 -384 ) (-3072 192 -128 ) 
4 379 388 (-2112 0 -128 ) (-3072 0 -128 ) (-3072 0 -384 ) (-2112 0 -384 ) 
4 380 382 (-2048 0 640 ) (-2048 0 -128 ) (-2048 -64 -128 ) (-2048 -64 640 ) 
4 380 381 (-2048 0 -128 ) (-1568 0 -128 ) (-1568 -64 -128 ) (-2048 -64 -128 ) 
4 381 388 (-2048 0 -128 ) (-2048 0 -384 ) (-2048 -64 -384 ) (-2048 -64 -128 ) 
4 382 388 (-2048 0 -128 ) (-2048 -64 -128 ) (-2080 -64 -128 ) (-2080 0 -128 ) 
4 382 383 (-2080 0 -128 ) (-2080 -64 -128 ) (-2080 -64 640 ) (-2080 0 640 ) 
4 383 415 (-3072 0 832 ) (-3072 0 -128 ) (-3072 -64 -128 ) (-3072 -64 832 ) 
4 383 388 (-2080 -64 -128 ) (-3072 -64 -128 ) (-3072 0 -128 ) (-2080 0 -128 ) 
4 383 387 (-2336 -64 256 ) (-2208 -64 256 ) (-2208 -64 384 ) (-2336 -64 384 ) 
4 383 386 (-2592 -64 384 ) (-2144 -64 384 ) (-2144 -64 512 ) (-2592 -64 512 ) 
4 383 385 (-2464 -64 512 ) (-2336 -64 512 ) (-2336 -64 640 ) (-2464 -64 640 ) 
4 383 384 (-2336 -64 512 ) (-2208 -64 512 ) (-2208 -64 768 ) (-2336 -64 768 ) 
4 384 386 (-2336 -64 512 ) (-2208 -64 512 ) (-2208 -144 512 ) (-2336 -144 512 ) 
4 384 385 (-2336 -64 640 ) (-2336 -64 512 ) (-2336 -144 512 ) (-2336 -144 640 ) 
4 385 386 (-2464 -64 512 ) (-2336 -64 512 ) (-2336 -144 512 ) (-2464 -144 512 ) 
4 386 387 (-2336 -64 384 ) (-2208 -64 384 ) (-2208 -144 384 ) (-2336 -144 384 ) 
4 388 416 (-3072 -64 -128 ) (-3072 0 -128 ) (-3072 0 -384 ) (-3072 -64 -384 ) 
4 389 395 (-3584 544 896 ) (-3584 1024 896 ) (-3584 1024 832 ) (-3584 544 832 ) 
4 389 391 (-3488 1024 832 ) (-3360 1024 832 ) (-3360 544 832 ) (-3488 544 832 ) 
4 389 390 (-3360 1024 832 ) (-3072 1024 832 ) (-3072 544 832 ) (-3360 544 832 ) 
4 389 394 (-3584 544 832 ) (-3584 1024 832 ) (-3488 1024 832 ) (-3488 544 832 ) 
4 390 412 (-3360 1024 -128 ) (-3072 1024 -128 ) (-3072 448 -128 ) (-3360 448 -128 ) 
4 390 398 (-3360 448 -128 ) (-3072 448 -128 ) (-3072 448 830 ) (-3360 448 830 ) 
4 390 396 (-3072 448 830 ) (-3072 448 832 ) (-3200 448 832 ) (-3200 448 830 ) 
4 390 397 (-3200 448 832 ) (-3360 448 832 ) (-3360 448 830 ) (-3200 448 830 ) 
4 390 392 (-3360 448 -48 ) (-3360 448 832 ) (-3360 480 832 ) (-3360 480 -48 ) 
4 390 393 (-3360 480 -128 ) (-3360 448 -128 ) (-3360 448 -112 ) (-3360 480 -112 ) 
4 390 391 (-3360 1024 -128 ) (-3360 480 -128 ) (-3360 480 832 ) (-3360 1024 832 ) 
4 391 412 (-3488 1024 -128 ) (-3360 1024 -128 ) (-3360 480 -128 ) (-3488 480 -128 ) 
4 391 392 (-3488 480 832 ) (-3488 480 -48 ) (-3360 480 -48 ) (-3360 480 832 ) 
4 391 393 (-3488 480 -112 ) (-3488 480 -128 ) (-3360 480 -128 ) (-3360 480 -112 ) 
4 391 394 (-3488 1024 -128 ) (-3488 480 -128 ) (-3488 480 832 ) (-3488 1024 832 ) 
4 392 403 (-3456 448 832 ) (-3488 448 832 ) (-3488 448 -48 ) (-3456 448 -48 ) 
4 392 401 (-3392 448 830 ) (-3456 448 830 ) (-3456 448 -48 ) (-3392 448 -48 ) 
4 392 399 (-3360 448 -48 ) (-3360 448 830 ) (-3392 448 830 ) (-3392 448 -48 ) 
4 392 397 (-3360 448 830 ) (-3360 448 832 ) (-3456 448 832 ) (-3456 448 830 ) 
4 392 394 (-3488 448 -48 ) (-3488 448 832 ) (-3488 480 832 ) (-3488 480 -48 ) 
4 393 412 (-3360 480 -128 ) (-3360 448 -128 ) (-3488 448 -128 ) (-3488 480 -128 ) 
4 393 404 (-3488 448 -128 ) (-3456 448 -128 ) (-3456 448 -112 ) (-3488 448 -112 ) 
4 393 402 (-3456 448 -128 ) (-3392 448 -128 ) (-3392 448 -112 ) (-3456 448 -112 ) 
4 393 400 (-3392 448 -128 ) (-3360 448 -128 ) (-3360 448 -112 ) (-3392 448 -112 ) 
4 393 394 (-3488 480 -128 ) (-3488 448 -128 ) (-3488 448 -112 ) (-3488 480 -112 ) 
4 394 412 (-3584 1024 -128 ) (-3488 1024 -128 ) (-3488 448 -128 ) (-3584 448 -128 ) 
4 394 405 (-3584 448 -128 ) (-3488 448 -128 ) (-3488 448 -48 ) (-3584 448 -48 ) 
4 394 403 (-3488 448 -48 ) (-3488 448 832 ) (-3584 448 832 ) (-3584 448 -48 ) 
4 394 395 (-3584 1024 -128 ) (-3584 512 -128 ) (-3584 512 832 ) (-3584 1024 832 ) 
4 395 413 (-3616 1024 -128 ) (-3584 1024 -128 ) (-3584 512 -128 ) (-3616 512 -128 ) 
4 396 406 (-3072 320 830 ) (-3072 320 832 ) (-3200 320 832 ) (-3200 320 830 ) 
4 396 398 (-3072 320 830 ) (-3200 320 830 ) (-3200 448 830 ) (-3072 448 830 ) 
4 396 397 (-3200 448 830 ) (-3200 320 830 ) (-3200 320 832 ) (-3200 448 832 ) 
4 397 407 (-3456 320 832 ) (-3456 320 830 ) (-3360 320 830 ) (-3360 320 832 ) 
4 397 406 (-3360 320 830 ) (-3200 320 830 ) (-3200 320 832 ) (-3360 320 832 ) 
4 397 403 (-3456 448 832 ) (-3456 448 830 ) (-3456 320 830 ) (-3456 320 832 ) 
4 397 401 (-3392 320 830 ) (-3456 320 830 ) (-3456 448 830 ) (-3392 448 830 ) 
4 397 399 (-3360 320 830 ) (-3392 320 830 ) (-3392 448 830 ) (-3360 448 830 ) 
4 397 398 (-3200 320 830 ) (-3360 320 830 ) (-3360 448 830 ) (-3200 448 830 ) 
4 398 412 (-3072 448 -128 ) (-3072 320 -128 ) (-3360 320 -128 ) (-3360 448 -128 ) 
4 398 406 (-3360 320 -128 ) (-3072 320 -128 ) (-3072 320 830 ) (-3360 320 830 ) 
4 398 399 (-3360 320 -48 ) (-3360 320 830 ) (-3360 448 830 ) (-3360 448 -48 ) 
4 398 400 (-3360 320 -128 ) (-3360 320 -112 ) (-3360 448 -112 ) (-3360 448 -128 ) 
4 399 407 (-3360 320 -48 ) (-3360 320 830 ) (-3392 320 830 ) (-3392 320 -48 ) 
4 399 401 (-3392 320 -48 ) (-3392 320 830 ) (-3392 448 830 ) (-3392 448 -48 ) 
4 400 412 (-3360 320 -128 ) (-3392 320 -128 ) (-3392 448 -128 ) (-3360 448 -128 ) 
4 400 408 (-3392 320 -128 ) (-3360 320 -128 ) (-3360 320 -112 ) (-3392 320 -112 ) 
4 400 402 (-3392 320 -128 ) (-3392 320 -112 ) (-3392 448 -112 ) (-3392 448 -128 ) 
4 401 407 (-3392 320 -48 ) (-3392 320 830 ) (-3456 320 830 ) (-3456 320 -48 ) 
4 401 403 (-3456 448 830 ) (-3456 448 -48 ) (-3456 320 -48 ) (-3456 320 830 ) 
4 402 412 (-3392 320 -128 ) (-3456 320 -128 ) (-3456 448 -128 ) (-3392 448 -128 ) 
4 402 408 (-3456 320 -128 ) (-3392 320 -128 ) (-3392 320 -112 ) (-3456 320 -112 ) 
4 402 404 (-3456 448 -112 ) (-3456 448 -128 ) (-3456 320 -128 ) (-3456 320 -112 ) 
4 403 407 (-3456 320 -48 ) (-3456 320 832 ) (-3488 320 832 ) (-3488 320 -48 ) 
4 403 410 (-3488 320 832 ) (-3584 320 832 ) (-3584 320 -48 ) (-3488 320 -48 ) 
4 403 405 (-3584 320 -48 ) (-3584 448 -48 ) (-3488 448 -48 ) (-3488 320 -48 ) 
4 404 412 (-3456 320 -128 ) (-3488 320 -128 ) (-3488 448 -128 ) (-3456 448 -128 ) 
4 404 408 (-3488 320 -128 ) (-3456 320 -128 ) (-3456 320 -112 ) (-3488 320 -112 ) 
4 404 405 (-3488 320 -128 ) (-3488 320 -112 ) (-3488 448 -112 ) (-3488 448 -128 ) 
4 405 412 (-3488 320 -128 ) (-3584 320 -128 ) (-3584 448 -128 ) (-3488 448 -128 ) 
4 405 410 (-3584 320 -128 ) (-3488 320 -128 ) (-3488 320 -48 ) (-3584 320 -48 ) 
4 406 412 (-3072 320 -128 ) (-3072 192 -128 ) (-3360 192 -128 ) (-3360 320 -128 ) 
4 406 411 (-3360 192 -128 ) (-3072 192 -128 ) (-3072 192 832 ) (-3360 192 832 ) 
4 406 408 (-3360 320 -112 ) (-3360 320 -128 ) (-3360 288 -128 ) (-3360 288 -112 ) 
4 406 407 (-3360 288 832 ) (-3360 320 832 ) (-3360 320 -48 ) (-3360 288 -48 ) 
4 406 409 (-3360 192 -128 ) (-3360 192 832 ) (-3360 288 832 ) (-3360 288 -128 ) 
4 407 409 (-3488 288 832 ) (-3488 288 -48 ) (-3360 288 -48 ) (-3360 288 832 ) 
4 407 410 (-3488 288 832 ) (-3488 320 832 ) (-3488 320 -48 ) (-3488 288 -48 ) 
4 408 412 (-3488 288 -128 ) (-3488 320 -128 ) (-3360 320 -128 ) (-3360 288 -128 ) 
4 408 410 (-3488 320 -112 ) (-3488 320 -128 ) (-3488 288 -128 ) (-3488 288 -112 ) 
4 408 409 (-3488 288 -112 ) (-3488 288 -128 ) (-3360 288 -128 ) (-3360 288 -112 ) 
4 409 412 (-3360 192 -128 ) (-3488 192 -128 ) (-3488 288 -128 ) (-3360 288 -128 ) 
4 409 410 (-3488 192 -128 ) (-3488 192 832 ) (-3488 288 832 ) (-3488 288 -128 ) 
4 410 412 (-3488 192 -128 ) (-3584 192 -128 ) (-3584 320 -128 ) (-3488 320 -128 ) 
4 411 415 (-3072 0 -128 ) (-3072 0 832 ) (-3360 0 832 ) (-3360 0 -128 ) 
4 411 414 (-3072 192 -128 ) (-3072 0 -128 ) (-3360 0 -128 ) (-3360 192 -128 ) 
4 412 414 (-3360 192 -384 ) (-3072 192 -384 ) (-3072 192 -128 ) (-3360 192 -128 ) 
4 412 413 (-3584 1024 -384 ) (-3584 512 -384 ) (-3584 512 -128 ) (-3584 1024 -128 ) 
4 414 416 (-3072 0 -384 ) (-3072 0 -128 ) (-3360 0 -128 ) (-3360 0 -384 ) 
4 415 416 (-3360 0 -128 ) (-3072 0 -128 ) (-3072 -64 -128 ) (-3360 -64 -128 ) 
