PRT1
243
579
4 0 9 (736 1632 256 ) (704 1632 256 ) (704 1696 256 ) (736 1696 256 ) 
4 0 8 (768 1696 256 ) (768 1632 256 ) (736 1632 256 ) (736 1696 256 ) 
4 1 9 (736 1440 256 ) (704 1440 256 ) (704 1504 256 ) (736 1504 256 ) 
4 1 8 (768 1504 256 ) (768 1440 256 ) (736 1440 256 ) (736 1504 256 ) 
4 2 30 (734 1024 256 ) (738 1024 256 ) (738 1024 446 ) (734 1024 446 ) 
4 2 29 (738 1024 256 ) (768 1024 256 ) (768 1024 446 ) (738 1024 446 ) 
4 2 33 (704 1024 446 ) (704 1024 256 ) (734 1024 256 ) (734 1024 446 ) 
4 2 28 (704 1024 448 ) (704 1024 446 ) (768 1024 446 ) (768 1024 448 ) 
4 2 14 (768 1120 256 ) (768 1024 256 ) (704 1024 256 ) (704 1120 256 ) 
4 2 13 (768 1248 256 ) (768 1120 256 ) (704 1120 256 ) (704 1248 256 ) 
4 2 3 (704 1248 256 ) (704 1024 256 ) (704 1024 448 ) (704 1248 448 ) 
4 3 33 (512 1024 256 ) (704 1024 256 ) (704 1024 446 ) (512 1024 446 ) 
4 3 28 (704 1024 446 ) (704 1024 448 ) (512 1024 448 ) (512 1024 446 ) 
4 3 14 (704 1120 256 ) (704 1024 256 ) (640 1024 256 ) (640 1120 256 ) 
4 3 13 (704 1248 256 ) (704 1120 256 ) (640 1120 256 ) (640 1248 256 ) 
4 3 16 (640 1024 256 ) (512 1024 256 ) (512 1248 256 ) (640 1248 256 ) 
4 3 4 (512 1248 256 ) (512 1024 256 ) (512 1024 448 ) (512 1248 448 ) 
4 4 35 (256 1024 256 ) (352 1024 256 ) (352 1024 448 ) (256 1024 448 ) 
4 4 33 (352 1024 256 ) (512 1024 256 ) (512 1024 446 ) (352 1024 446 ) 
4 4 28 (512 1024 446 ) (512 1024 448 ) (352 1024 448 ) (352 1024 446 ) 
4 4 16 (256 1248 256 ) (512 1248 256 ) (512 1024 256 ) (256 1024 256 ) 
4 4 5 (256 1120 256 ) (256 1024 256 ) (256 1024 448 ) (256 1120 448 ) 
4 5 53 (0 1024 448 ) (0 1024 256 ) (64 1024 256 ) (64 1024 448 ) 
4 5 41 (64 1024 256 ) (192 1024 256 ) (192 1024 448 ) (64 1024 448 ) 
4 5 35 (192 1024 256 ) (256 1024 256 ) (256 1024 448 ) (192 1024 448 ) 
4 5 17 (0 1024 256 ) (0 1120 256 ) (256 1120 256 ) (256 1024 256 ) 
4 6 19 (800 1600 0 ) (800 1728 0 ) (832 1728 0 ) (832 1600 0 ) 
4 6 18 (800 1728 0 ) (800 1760 0 ) (832 1760 0 ) (832 1728 0 ) 
4 6 8 (800 1760 0 ) (800 1600 0 ) (800 1600 256 ) (800 1760 256 ) 
4 7 20 (800 1408 0 ) (800 1536 0 ) (832 1536 0 ) (832 1408 0 ) 
4 7 8 (800 1536 0 ) (800 1408 0 ) (800 1408 256 ) (800 1536 256 ) 
4 8 21 (736 1760 0 ) (768 1760 0 ) (768 1728 0 ) (736 1728 0 ) 
4 8 18 (768 1760 0 ) (800 1760 0 ) (800 1728 0 ) (768 1728 0 ) 
4 8 9 (736 1760 256 ) (736 1760 0 ) (736 1376 0 ) (736 1376 256 ) 
4 9 21 (576 1760 0 ) (736 1760 0 ) (736 1728 0 ) (576 1728 0 ) 
4 9 12 (576 1280 0 ) (736 1280 0 ) (736 1280 256 ) (576 1280 256 ) 
4 9 10 (576 1728 0 ) (576 1312 0 ) (576 1312 256 ) (576 1728 256 ) 
4 10 11 (512 1440 0 ) (512 1312 0 ) (512 1312 256 ) (512 1440 256 ) 
4 12 13 (640 1248 0 ) (768 1248 0 ) (768 1248 256 ) (640 1248 256 ) 
4 12 16 (512 1248 0 ) (640 1248 0 ) (640 1248 256 ) (512 1248 256 ) 
4 13 14 (640 1120 256 ) (640 1120 18 ) (768 1120 18 ) (768 1120 256 ) 
4 13 15 (640 1120 14 ) (640 1120 0 ) (768 1120 0 ) (768 1120 14 ) 
4 13 16 (640 1248 256 ) (640 1248 0 ) (640 1120 0 ) (640 1120 256 ) 
4 14 58 (768 1024 256 ) (640 1024 256 ) (640 1024 18 ) (768 1024 18 ) 
4 14 16 (640 1024 18 ) (640 1024 256 ) (640 1120 256 ) (640 1120 18 ) 
4 15 59 (640 1024 14 ) (640 1024 0 ) (768 1024 0 ) (768 1024 14 ) 
4 15 22 (768 1024 0 ) (640 1024 0 ) (640 1120 0 ) (768 1120 0 ) 
4 15 16 (640 1120 0 ) (640 1024 0 ) (640 1024 14 ) (640 1120 14 ) 
4 16 60 (640 1024 256 ) (256 1024 256 ) (256 1024 0 ) (640 1024 0 ) 
4 16 17 (256 1120 128 ) (256 1024 128 ) (256 1024 256 ) (256 1120 256 ) 
4 17 61 (256 1024 256 ) (0 1024 256 ) (0 1024 128 ) (256 1024 128 ) 
4 18 21 (768 1728 -8 ) (768 1728 0 ) (768 1760 0 ) (768 1760 -8 ) 
4 18 19 (800 1728 -8 ) (832 1728 -8 ) (832 1728 0 ) (800 1728 0 ) 
4 22 78 (768 1024 -256 ) (768 1024 0 ) (640 1024 0 ) (640 1024 -256 ) 
4 23 28 (384 1024 448 ) (512 1024 448 ) (512 896 448 ) (384 896 448 ) 
4 24 36 (224 416 448 ) (288 416 448 ) (288 352 448 ) (224 352 448 ) 
4 25 44 (96 256 448 ) (96 512 448 ) (160 512 448 ) (160 256 448 ) 
4 26 154 (0 416 704 ) (0 416 448 ) (0 352 448 ) (0 352 704 ) 
4 26 54 (0 352 448 ) (0 416 448 ) (32 416 448 ) (32 352 448 ) 
4 27 29 (768 832 288 ) (768 832 416 ) (768 960 416 ) (768 960 288 ) 
4 28 35 (352 832 446 ) (352 832 448 ) (352 1024 448 ) (352 1024 446 ) 
4 28 34 (352 832 448 ) (352 832 446 ) (768 832 446 ) (768 832 448 ) 
4 28 31 (738 832 446 ) (734 832 446 ) (734 960 446 ) (738 960 446 ) 
4 28 30 (734 960 446 ) (734 1024 446 ) (738 1024 446 ) (738 960 446 ) 
4 28 29 (768 1024 446 ) (768 832 446 ) (738 832 446 ) (738 1024 446 ) 
4 28 33 (734 832 446 ) (352 832 446 ) (352 1024 446 ) (734 1024 446 ) 
4 29 64 (768 960 256 ) (768 832 256 ) (738 832 256 ) (738 960 256 ) 
4 29 62 (768 992 256 ) (768 960 256 ) (738 960 256 ) (738 992 256 ) 
4 29 58 (738 1024 256 ) (768 1024 256 ) (768 992 256 ) (738 992 256 ) 
4 29 34 (738 832 256 ) (768 832 256 ) (768 832 446 ) (738 832 446 ) 
4 29 31 (738 832 416 ) (738 832 446 ) (738 960 446 ) (738 960 416 ) 
4 29 32 (738 960 256 ) (738 832 256 ) (738 832 288 ) (738 960 288 ) 
4 29 30 (738 1024 256 ) (738 960 256 ) (738 960 446 ) (738 1024 446 ) 
4 30 62 (738 992 256 ) (738 960 256 ) (734 960 256 ) (734 992 256 ) 
4 30 58 (734 1024 256 ) (738 1024 256 ) (738 992 256 ) (734 992 256 ) 
4 30 31 (734 960 446 ) (734 960 416 ) (738 960 416 ) (738 960 446 ) 
4 30 32 (734 960 288 ) (734 960 256 ) (738 960 256 ) (738 960 288 ) 
4 30 33 (734 1024 256 ) (734 960 256 ) (734 960 446 ) (734 1024 446 ) 
4 31 34 (738 832 416 ) (738 832 446 ) (734 832 446 ) (734 832 416 ) 
4 31 33 (734 832 416 ) (734 832 446 ) (734 960 446 ) (734 960 416 ) 
4 32 64 (738 960 256 ) (738 832 256 ) (734 832 256 ) (734 960 256 ) 
4 32 34 (734 832 256 ) (738 832 256 ) (738 832 288 ) (734 832 288 ) 
4 32 33 (734 960 256 ) (734 832 256 ) (734 832 288 ) (734 960 288 ) 
4 33 64 (352 832 256 ) (352 960 256 ) (734 960 256 ) (734 832 256 ) 
4 33 62 (352 960 256 ) (352 992 256 ) (734 992 256 ) (734 960 256 ) 
4 33 58 (640 1024 256 ) (734 1024 256 ) (734 992 256 ) (640 992 256 ) 
4 33 60 (352 992 256 ) (352 1024 256 ) (640 1024 256 ) (640 992 256 ) 
4 33 35 (352 1024 256 ) (352 832 256 ) (352 832 446 ) (352 1024 446 ) 
4 33 34 (352 832 446 ) (352 832 256 ) (734 832 256 ) (734 832 446 ) 
4 34 64 (352 704 256 ) (352 832 256 ) (768 832 256 ) (768 704 256 ) 
4 34 35 (352 832 256 ) (352 704 256 ) (352 704 448 ) (352 832 448 ) 
4 35 65 (192 704 256 ) (192 960 256 ) (256 960 256 ) (256 704 256 ) 
4 35 64 (256 960 256 ) (352 960 256 ) (352 704 256 ) (256 704 256 ) 
4 35 63 (192 960 256 ) (192 992 256 ) (256 992 256 ) (256 960 256 ) 
4 35 62 (256 992 256 ) (352 992 256 ) (352 960 256 ) (256 960 256 ) 
4 35 61 (192 992 256 ) (192 1024 256 ) (256 1024 256 ) (256 992 256 ) 
4 35 60 (256 1024 256 ) (352 1024 256 ) (352 992 256 ) (256 992 256 ) 
4 35 41 (192 1024 256 ) (192 704 256 ) (192 704 448 ) (192 1024 448 ) 
4 36 81 (192 256 256 ) (192 512 256 ) (288 512 256 ) (288 256 256 ) 
4 36 80 (288 512 256 ) (352 512 256 ) (352 256 256 ) (288 256 256 ) 
4 36 46 (192 512 256 ) (192 256 256 ) (192 256 320 ) (192 512 320 ) 
4 36 44 (192 256 320 ) (192 256 448 ) (192 512 448 ) (192 512 320 ) 
4 36 37 (192 256 320 ) (192 256 256 ) (288 256 256 ) (288 256 320 ) 
4 37 81 (192 224 256 ) (192 256 256 ) (288 256 256 ) (288 224 256 ) 
4 37 46 (192 256 256 ) (192 224 256 ) (192 224 320 ) (192 256 320 ) 
4 37 40 (192 224 320 ) (192 224 256 ) (256 224 256 ) (256 224 320 ) 
4 37 38 (256 224 256 ) (288 224 256 ) (288 224 320 ) (256 224 320 ) 
4 38 81 (256 224 256 ) (288 224 256 ) (288 161 256 ) (256 161 256 ) 
4 38 40 (256 224 320 ) (256 224 256 ) (256 161 256 ) (256 161 320 ) 
4 39 45 (192 161 328 ) (192 224 328 ) (192 224 320 ) (192 161 320 ) 
4 39 40 (192 224 320 ) (256 224 320 ) (256 161 320 ) (192 161 320 ) 
4 40 81 (192 161 256 ) (192 224 256 ) (256 224 256 ) (256 161 256 ) 
4 40 46 (192 224 256 ) (192 161 256 ) (192 161 320 ) (192 224 320 ) 
4 41 65 (64 704 256 ) (64 960 256 ) (192 960 256 ) (192 704 256 ) 
4 41 63 (64 960 256 ) (64 992 256 ) (192 992 256 ) (192 960 256 ) 
4 41 61 (64 992 256 ) (64 1024 256 ) (192 1024 256 ) (192 992 256 ) 
4 41 53 (64 1024 256 ) (64 704 256 ) (64 704 448 ) (64 1024 448 ) 
4 42 43 (192 544 320 ) (64 544 320 ) (64 608 320 ) (192 608 320 ) 
4 43 72 (64 544 256 ) (64 608 256 ) (192 608 256 ) (192 544 256 ) 
4 44 54 (64 256 448 ) (64 512 448 ) (64 512 320 ) (64 256 320 ) 
4 44 46 (64 256 320 ) (64 512 320 ) (192 512 320 ) (192 256 320 ) 
4 45 56 (64 161 328 ) (64 224 328 ) (64 224 320 ) (64 161 320 ) 
4 45 46 (64 161 320 ) (64 224 320 ) (192 224 320 ) (192 161 320 ) 
4 46 83 (64 288 256 ) (64 352 256 ) (192 352 256 ) (192 288 256 ) 
4 46 82 (64 352 256 ) (64 512 256 ) (192 512 256 ) (192 352 256 ) 
4 46 84 (64 161 256 ) (64 288 256 ) (192 288 256 ) (192 161 256 ) 
4 46 57 (64 224 256 ) (64 161 256 ) (64 161 320 ) (64 224 320 ) 
4 46 55 (64 256 256 ) (64 224 256 ) (64 224 320 ) (64 256 320 ) 
4 46 54 (64 512 256 ) (64 256 256 ) (64 256 320 ) (64 512 320 ) 
4 46 48 (160 161 288 ) (96 161 288 ) (96 161 256 ) (160 161 256 ) 
4 47 84 (160 161 256 ) (192 161 256 ) (192 160 256 ) (160 160 256 ) 
4 48 84 (96 161 256 ) (160 161 256 ) (160 160 256 ) (96 160 256 ) 
4 49 84 (64 160 256 ) (64 161 256 ) (96 161 256 ) (96 160 256 ) 
4 50 51 (192 64 320 ) (64 64 320 ) (64 128 320 ) (192 128 320 ) 
4 51 88 (64 64 256 ) (64 128 256 ) (192 128 256 ) (192 64 256 ) 
4 52 122 (64 0 256 ) (192 0 256 ) (192 0 320 ) (64 0 320 ) 
4 52 92 (192 0 256 ) (64 0 256 ) (64 32 256 ) (192 32 256 ) 
4 53 157 (0 800 384 ) (0 800 256 ) (0 736 256 ) (0 736 384 ) 
4 53 156 (0 800 448 ) (0 928 448 ) (0 928 256 ) (0 800 256 ) 
4 53 155 (0 992 384 ) (0 992 320 ) (0 928 320 ) (0 928 384 ) 
4 53 65 (0 704 256 ) (0 960 256 ) (64 960 256 ) (64 704 256 ) 
4 53 63 (0 960 256 ) (0 992 256 ) (64 992 256 ) (64 960 256 ) 
4 53 61 (0 992 256 ) (0 1024 256 ) (64 1024 256 ) (64 992 256 ) 
4 54 158 (0 256 448 ) (0 512 448 ) (0 512 256 ) (0 256 256 ) 
4 54 85 (0 256 256 ) (0 512 256 ) (64 512 256 ) (64 256 256 ) 
4 54 55 (0 256 256 ) (64 256 256 ) (64 256 320 ) (0 256 320 ) 
4 55 163 (0 256 320 ) (0 256 256 ) (0 224 256 ) (0 224 320 ) 
4 55 85 (0 224 256 ) (0 256 256 ) (64 256 256 ) (64 224 256 ) 
4 55 57 (0 224 256 ) (64 224 256 ) (64 224 320 ) (0 224 320 ) 
4 56 57 (0 161 320 ) (0 224 320 ) (64 224 320 ) (64 161 320 ) 
4 57 163 (0 224 320 ) (0 224 256 ) (0 161 256 ) (0 161 320 ) 
4 57 85 (0 161 256 ) (0 224 256 ) (64 224 256 ) (64 161 256 ) 
4 58 62 (768 992 18 ) (768 992 256 ) (640 992 256 ) (640 992 18 ) 
4 58 60 (640 992 18 ) (640 992 256 ) (640 1024 256 ) (640 1024 18 ) 
4 59 78 (640 1024 0 ) (768 1024 0 ) (768 992 0 ) (640 992 0 ) 
4 59 62 (640 992 0 ) (768 992 0 ) (768 992 14 ) (640 992 14 ) 
4 59 60 (640 1024 0 ) (640 992 0 ) (640 992 14 ) (640 1024 14 ) 
4 60 62 (256 992 0 ) (640 992 0 ) (640 992 256 ) (256 992 256 ) 
4 60 61 (256 992 128 ) (256 992 256 ) (256 1024 256 ) (256 1024 128 ) 
4 61 63 (256 992 128 ) (256 992 256 ) (0 992 256 ) (0 992 128 ) 
4 62 67 (256 960 0 ) (768 960 0 ) (768 960 32 ) (256 960 32 ) 
4 62 64 (768 960 32 ) (768 960 256 ) (256 960 256 ) (256 960 32 ) 
4 62 63 (256 992 256 ) (256 992 128 ) (256 960 128 ) (256 960 256 ) 
4 63 65 (256 960 128 ) (256 960 256 ) (0 960 256 ) (0 960 128 ) 
4 64 67 (768 704 32 ) (256 704 32 ) (256 960 32 ) (768 960 32 ) 
4 64 65 (256 960 256 ) (256 960 128 ) (256 704 128 ) (256 704 256 ) 
4 65 159 (0 736 256 ) (0 864 256 ) (0 864 192 ) (0 736 192 ) 
4 65 68 (224 704 256 ) (32 704 256 ) (32 704 128 ) (224 704 128 ) 
4 66 67 (768 704 0 ) (768 704 32 ) (768 960 32 ) (768 960 0 ) 
4 68 69 (192 672 256 ) (64 672 256 ) (64 672 128 ) (192 672 128 ) 
4 69 73 (64 640 128 ) (192 640 128 ) (192 640 192 ) (64 640 192 ) 
4 69 70 (192 640 192 ) (192 640 256 ) (64 640 256 ) (64 640 192 ) 
4 70 73 (64 610 192 ) (64 640 192 ) (192 640 192 ) (192 610 192 ) 
4 70 71 (64 610 256 ) (64 610 192 ) (192 610 192 ) (192 610 256 ) 
4 71 74 (64 608 192 ) (64 610 192 ) (192 610 192 ) (192 608 192 ) 
4 71 72 (64 608 256 ) (64 608 192 ) (192 608 192 ) (192 608 256 ) 
4 72 79 (192 544 256 ) (64 544 256 ) (64 544 192 ) (192 544 192 ) 
4 72 75 (192 544 192 ) (64 544 192 ) (64 608 192 ) (192 608 192 ) 
4 73 74 (192 610 128 ) (192 610 192 ) (64 610 192 ) (64 610 128 ) 
4 74 75 (192 608 128 ) (192 608 192 ) (64 608 192 ) (64 608 128 ) 
4 75 79 (192 544 192 ) (64 544 192 ) (64 544 128 ) (192 544 128 ) 
4 75 76 (192 544 128 ) (64 544 128 ) (64 608 128 ) (192 608 128 ) 
4 76 77 (64 544 64 ) (64 608 64 ) (192 608 64 ) (192 544 64 ) 
4 79 82 (64 512 128 ) (192 512 128 ) (192 512 256 ) (64 512 256 ) 
4 80 93 (320 480 128 ) (320 288 128 ) (288 288 128 ) (288 480 128 ) 
4 80 81 (288 512 256 ) (288 512 128 ) (288 256 128 ) (288 256 256 ) 
4 81 94 (256 160 128 ) (192 160 128 ) (192 288 128 ) (256 288 128 ) 
4 81 93 (288 480 128 ) (288 288 128 ) (192 288 128 ) (192 480 128 ) 
4 81 83 (192 288 129 ) (192 288 256 ) (192 352 256 ) (192 352 129 ) 
4 81 82 (192 512 256 ) (192 512 128 ) (192 352 128 ) (192 352 256 ) 
4 81 84 (192 288 128 ) (192 160 128 ) (192 160 256 ) (192 288 256 ) 
4 82 95 (192 480 128 ) (192 352 128 ) (64 352 128 ) (64 480 128 ) 
4 82 83 (64 352 256 ) (64 352 129 ) (192 352 129 ) (192 352 256 ) 
4 82 85 (64 512 256 ) (64 512 128 ) (64 352 128 ) (64 352 256 ) 
4 83 85 (64 288 129 ) (64 288 256 ) (64 352 256 ) (64 352 129 ) 
4 83 84 (64 288 256 ) (64 288 129 ) (192 288 129 ) (192 288 256 ) 
4 84 97 (192 288 128 ) (192 160 128 ) (64 160 128 ) (64 288 128 ) 
4 84 89 (64 160 128 ) (192 160 128 ) (192 160 192 ) (64 160 192 ) 
4 84 86 (192 160 192 ) (192 160 256 ) (64 160 256 ) (64 160 192 ) 
4 84 85 (64 288 128 ) (64 160 128 ) (64 160 256 ) (64 288 256 ) 
4 85 164 (0 160 256 ) (0 256 256 ) (0 256 128 ) (0 160 128 ) 
4 85 160 (0 256 256 ) (0 512 256 ) (0 512 128 ) (0 256 128 ) 
4 85 98 (0 160 128 ) (0 480 128 ) (64 480 128 ) (64 160 128 ) 
4 86 89 (64 160 192 ) (192 160 192 ) (192 130 192 ) (64 130 192 ) 
4 86 87 (64 130 256 ) (64 130 192 ) (192 130 192 ) (192 130 256 ) 
4 87 90 (192 130 192 ) (192 128 192 ) (64 128 192 ) (64 130 192 ) 
4 87 88 (64 128 256 ) (64 128 192 ) (192 128 192 ) (192 128 256 ) 
4 88 92 (192 64 192 ) (192 64 256 ) (64 64 256 ) (64 64 192 ) 
4 88 91 (192 128 192 ) (192 64 192 ) (64 64 192 ) (64 128 192 ) 
4 89 90 (64 130 192 ) (64 130 128 ) (192 130 128 ) (192 130 192 ) 
4 90 91 (64 128 192 ) (64 128 128 ) (192 128 128 ) (192 128 192 ) 
4 91 99 (192 128 128 ) (192 64 128 ) (64 64 128 ) (64 128 128 ) 
4 91 92 (64 64 128 ) (192 64 128 ) (192 64 192 ) (64 64 192 ) 
4 92 122 (64 0 128 ) (192 0 128 ) (192 0 256 ) (64 0 256 ) 
4 93 96 (192 352 126 ) (192 352 64 ) (192 288 64 ) (192 288 126 ) 
4 93 95 (192 352 128 ) (192 480 128 ) (192 480 64 ) (192 352 64 ) 
4 93 94 (192 288 128 ) (192 288 64 ) (256 288 64 ) (256 288 128 ) 
4 94 97 (192 160 128 ) (192 288 128 ) (192 288 64 ) (192 160 64 ) 
4 95 98 (64 352 128 ) (64 480 128 ) (64 480 64 ) (64 352 64 ) 
4 95 96 (64 352 126 ) (64 352 64 ) (192 352 64 ) (192 352 126 ) 
4 96 98 (64 352 126 ) (64 352 64 ) (64 288 64 ) (64 288 126 ) 
4 96 97 (64 288 126 ) (64 288 64 ) (192 288 64 ) (192 288 126 ) 
4 97 98 (64 160 64 ) (64 160 128 ) (64 288 128 ) (64 288 64 ) 
4 98 167 (0 288 128 ) (0 480 128 ) (0 480 64 ) (0 288 64 ) 
4 99 100 (64 64 64 ) (64 128 64 ) (192 128 64 ) (192 64 64 ) 
4 101 170 (0 0 968 ) (0 0 776 ) (0 -384 776 ) (0 -384 968 ) 
4 101 104 (64 -320 776 ) (128 -320 776 ) (128 -384 776 ) (64 -384 776 ) 
4 101 103 (0 -320 776 ) (0 -128 776 ) (256 -128 776 ) (256 -320 776 ) 
4 101 102 (64 -64 776 ) (192 -64 776 ) (192 -128 776 ) (64 -128 776 ) 
4 102 120 (64 -64 768 ) (192 -64 768 ) (192 -128 768 ) (64 -128 768 ) 
4 102 103 (64 -128 768 ) (192 -128 768 ) (192 -128 776 ) (64 -128 776 ) 
4 103 171 (0 -192 768 ) (0 -256 768 ) (0 -256 776 ) (0 -192 776 ) 
4 103 121 (0 -320 768 ) (0 -288 768 ) (256 -288 768 ) (256 -320 768 ) 
4 103 120 (0 -288 768 ) (0 -128 768 ) (256 -128 768 ) (256 -288 768 ) 
4 103 104 (64 -320 768 ) (128 -320 768 ) (128 -320 776 ) (64 -320 776 ) 
4 104 125 (64 -320 768 ) (128 -320 768 ) (128 -384 768 ) (64 -384 768 ) 
4 105 108 (352 -832 894 ) (352 -832 896 ) (352 -704 896 ) (352 -704 894 ) 
4 105 107 (352 -832 896 ) (352 -832 904 ) (352 -704 904 ) (352 -704 896 ) 
4 105 106 (352 -832 894 ) (352 -704 894 ) (448 -704 894 ) (448 -832 894 ) 
4 106 128 (448 -832 768 ) (352 -832 768 ) (352 -704 768 ) (448 -704 768 ) 
4 106 109 (352 -704 768 ) (352 -832 768 ) (352 -832 894 ) (352 -704 894 ) 
4 107 108 (352 -704 896 ) (352 -832 896 ) (320 -832 896 ) (320 -704 896 ) 
4 108 112 (240 -800 894 ) (240 -832 894 ) (240 -832 896 ) (240 -800 896 ) 
4 108 110 (240 -448 896 ) (240 -448 894 ) (240 -640 894 ) (240 -640 896 ) 
4 108 109 (240 -832 894 ) (240 -448 894 ) (352 -448 894 ) (352 -832 894 ) 
4 109 129 (240 -448 768 ) (352 -448 768 ) (352 -832 768 ) (240 -832 768 ) 
4 109 112 (240 -800 816 ) (240 -832 816 ) (240 -832 894 ) (240 -800 894 ) 
4 109 110 (240 -448 894 ) (240 -448 816 ) (240 -640 816 ) (240 -640 894 ) 
4 109 114 (240 -448 816 ) (240 -448 768 ) (240 -832 768 ) (240 -832 816 ) 
4 110 113 (80 -448 896 ) (80 -448 816 ) (80 -640 816 ) (80 -640 896 ) 
4 110 114 (80 -448 816 ) (240 -448 816 ) (240 -640 816 ) (80 -640 816 ) 
4 111 114 (208 -768 816 ) (112 -768 816 ) (112 -672 816 ) (208 -672 816 ) 
4 112 113 (80 -800 816 ) (80 -832 816 ) (80 -832 896 ) (80 -800 896 ) 
4 112 114 (240 -800 816 ) (240 -832 816 ) (80 -832 816 ) (80 -800 816 ) 
4 113 114 (0 -448 816 ) (80 -448 816 ) (80 -832 816 ) (0 -832 816 ) 
4 114 129 (0 -832 768 ) (0 -448 768 ) (240 -448 768 ) (240 -832 768 ) 
4 115 123 (448 -448 768 ) (448 -320 768 ) (448 -320 640 ) (448 -448 640 ) 
4 116 117 (544 -736 384 ) (544 -736 264 ) (576 -736 264 ) (576 -736 384 ) 
4 116 119 (544 -736 384 ) (544 -448 384 ) (544 -448 256 ) (544 -736 256 ) 
4 117 119 (544 -800 384 ) (544 -736 384 ) (544 -736 264 ) (544 -800 264 ) 
4 117 118 (544 -800 384 ) (544 -800 264 ) (576 -800 264 ) (576 -800 384 ) 
4 118 119 (544 -832 384 ) (544 -800 384 ) (544 -800 256 ) (544 -832 256 ) 
4 119 130 (448 -704 384 ) (448 -448 384 ) (448 -448 256 ) (448 -704 256 ) 
4 119 131 (448 -832 256 ) (448 -832 384 ) (448 -704 384 ) (448 -704 256 ) 
4 120 172 (0 -288 768 ) (0 0 768 ) (0 0 512 ) (0 -288 512 ) 
4 120 122 (0 -288 512 ) (0 0 512 ) (448 0 512 ) (448 -288 512 ) 
4 120 121 (0 -288 512 ) (352 -288 512 ) (352 -288 768 ) (0 -288 768 ) 
4 121 172 (0 -320 512 ) (0 -320 768 ) (0 -288 768 ) (0 -288 512 ) 
4 121 127 (0 -320 640 ) (0 -320 512 ) (352 -320 512 ) (352 -320 640 ) 
4 121 123 (352 -320 768 ) (322 -320 768 ) (322 -320 640 ) (352 -320 640 ) 
4 121 125 (318 -320 768 ) (0 -320 768 ) (0 -320 640 ) (318 -320 640 ) 
4 121 122 (352 -320 512 ) (0 -320 512 ) (0 -288 512 ) (352 -288 512 ) 
4 122 174 (0 -320 128 ) (0 -320 256 ) (0 0 256 ) (0 0 128 ) 
4 122 172 (0 -320 256 ) (0 -320 512 ) (0 0 512 ) (0 0 256 ) 
4 122 126 (448 -320 128 ) (448 -320 512 ) (352 -320 512 ) (352 -320 128 ) 
4 122 127 (352 -320 512 ) (0 -320 512 ) (0 -320 128 ) (352 -320 128 ) 
4 123 129 (352 -448 768 ) (322 -448 768 ) (322 -448 640 ) (352 -448 640 ) 
4 123 127 (352 -448 640 ) (322 -448 640 ) (322 -320 640 ) (352 -320 640 ) 
4 123 124 (322 -384 640 ) (322 -448 640 ) (322 -448 768 ) (322 -384 768 ) 
4 124 129 (322 -448 768 ) (318 -448 768 ) (318 -448 640 ) (322 -448 640 ) 
4 124 127 (322 -448 640 ) (318 -448 640 ) (318 -384 640 ) (322 -384 640 ) 
4 124 125 (318 -384 640 ) (318 -448 640 ) (318 -448 768 ) (318 -384 768 ) 
4 125 172 (0 -448 640 ) (0 -448 768 ) (0 -320 768 ) (0 -320 640 ) 
4 125 129 (318 -448 768 ) (0 -448 768 ) (0 -448 640 ) (318 -448 640 ) 
4 125 127 (318 -448 640 ) (0 -448 640 ) (0 -320 640 ) (318 -320 640 ) 
4 126 134 (416.036011 -448 130 ) (352 -448 130 ) (352 -448 128 ) (416.036011 -448 128 ) 
4 126 133 (448 -448 128 ) (448 -448 130 ) (416.036011 -448 130 ) (416.036011 -448 128 ) 
4 126 130 (448 -448 130 ) (448 -448 512 ) (352 -448 512 ) (352 -448 130 ) 
4 126 127 (352 -320 128 ) (352 -448 128 ) (352 -448 512 ) (352 -320 512 ) 
4 127 174 (0 -448 128 ) (0 -448 256 ) (0 -320 256 ) (0 -320 128 ) 
4 127 172 (0 -448 256 ) (0 -448 640 ) (0 -320 640 ) (0 -320 256 ) 
4 127 152 (0 -448 624 ) (0 -448 128 ) (112 -448 128 ) (112 -448 624 ) 
4 127 148 (113 -448 624 ) (112 -448 624 ) (112 -448 592 ) (113 -448 592 ) 
4 127 147 (143 -448 592 ) (143 -448 624 ) (113 -448 624 ) (113 -448 592 ) 
4 127 151 (112 -448 128 ) (143 -448 128 ) (143 -448 592 ) (112 -448 592 ) 
4 127 145 (144 -448 592 ) (144 -448 593 ) (143 -448 593 ) (143 -448 592 ) 
4 127 146 (143 -448 128 ) (144 -448 128 ) (144 -448 592 ) (143 -448 592 ) 
4 127 144 (144 -448 593 ) (144 -448 624 ) (143 -448 624 ) (143 -448 593 ) 
4 127 143 (144 -448 128 ) (176 -448 128 ) (176 -448 624 ) (144 -448 624 ) 
4 127 142 (176 -448 128 ) (208 -448 128 ) (208 -448 592 ) (176 -448 592 ) 
4 127 141 (177 -448 623 ) (176 -448 623 ) (176 -448 592 ) (177 -448 592 ) 
4 127 140 (177 -448 593 ) (177 -448 592 ) (207 -448 592 ) (207 -448 593 ) 
4 127 139 (207 -448 623 ) (177 -448 623 ) (177 -448 593 ) (207 -448 593 ) 
4 127 138 (208 -448 592 ) (208 -448 623 ) (207 -448 623 ) (207 -448 592 ) 
4 127 137 (208 -448 623 ) (208 -448 624 ) (176 -448 624 ) (176 -448 623 ) 
4 127 134 (288.036011 -448 128 ) (352 -448 128 ) (352 -448 130 ) (288.036011 -448 130 ) 
4 127 136 (208 -448 128 ) (288.036011 -448 128 ) (288.036011 -448 130 ) (208 -448 130 ) 
4 127 132 (352 -448 130 ) (352 -448 624 ) (208 -448 624 ) (208 -448 130 ) 
4 127 129 (352 -448 640 ) (0 -448 640 ) (0 -448 624 ) (352 -448 624 ) 
4 128 131 (448 -704 624 ) (448 -832 624 ) (352 -832 624 ) (352 -704 624 ) 
4 128 129 (352 -704 624 ) (352 -832 624 ) (352 -832 768 ) (352 -704 768 ) 
4 129 152 (0 -448 624 ) (112 -448 624 ) (112 -832 624 ) (0 -832 624 ) 
4 129 148 (112 -448 624 ) (113 -448 624 ) (113 -828 624 ) (112 -828 624 ) 
4 129 147 (113 -448 624 ) (143 -448 624 ) (143 -828 624 ) (113 -828 624 ) 
4 129 144 (143 -448 624 ) (144 -448 624 ) (144 -828 624 ) (143 -829 624 ) 
4 129 143 (144 -448 624 ) (176 -448 624 ) (176 -832 624 ) (144 -832 624 ) 
4 129 137 (176 -448 624 ) (208 -448 624 ) (208 -828 624 ) (176 -828 624 ) 
4 129 132 (208 -448 624 ) (352 -448 624 ) (352 -832 624 ) (208 -832 624 ) 
4 130 134 (352 -448 130 ) (416.036011 -448 130 ) (416.036011 -671.976013 130 ) (352 -671.976013 130 ) 
4 130 133 (416.036011 -448 130 ) (448 -448 130 ) (448 -704 130 ) (416.036011 -704 130 ) 
4 130 131 (352 -704 512 ) (352 -704 130 ) (448 -704 130 ) (448 -704 512 ) 
4 130 132 (352 -448 130 ) (352 -704 130 ) (352 -704 512 ) (352 -448 512 ) 
4 131 135 (416.036011 -832 130 ) (352 -832 130 ) (352 -799.976013 130 ) (416.036011 -799.976013 130 ) 
4 131 133 (448 -704 130 ) (448 -832 130 ) (416.036011 -832 130 ) (416.036011 -704 130 ) 
4 131 132 (352 -704 130 ) (352 -832 130 ) (352 -832 624 ) (352 -704 624 ) 
4 132 142 (208 -832 130 ) (208 -832 592 ) (208 -448 592 ) (208 -448 130 ) 
4 132 138 (208 -828 623 ) (208 -448 623 ) (208 -448 592 ) (208 -828 592 ) 
4 132 137 (208 -828 624 ) (208 -448 624 ) (208 -448 623 ) (208 -829 623 ) 
4 132 134 (288.036011 -448 130 ) (352 -448 130 ) (352 -671.976013 130 ) (288.036011 -671.976013 130 ) 
4 132 135 (352 -799.976013 130 ) (352 -832 130 ) (288.036011 -832 130 ) (288.036011 -799.976013 130 ) 
4 132 136 (208 -832 130 ) (208 -448 130 ) (288.036011 -448 130 ) (288.036011 -832 130 ) 
4 133 134 (416.036011 -448 128 ) (416.036011 -671.976013 128 ) (416.036011 -671.976013 130 ) (416.036011 -448 130 ) 
4 133 135 (416.036011 -799.976013 128 ) (416.036011 -832 128 ) (416.036011 -832 130 ) (416.036011 -799.976013 130 ) 
4 134 136 (288.036011 -448 128 ) (288.036011 -671.976013 128 ) (288.036011 -671.976013 130 ) (288.036011 -448 130 ) 
4 135 136 (288.036011 -799.976013 128 ) (288.036011 -832 128 ) (288.036011 -832 130 ) (288.036011 -799.976013 130 ) 
4 136 142 (208 -832 128 ) (208 -832 130 ) (208 -448 130 ) (208 -448 128 ) 
4 137 143 (176 -828 624 ) (176 -448 624 ) (176 -448 623 ) (176 -828 623 ) 
4 137 141 (176 -828 623 ) (176 -448 623 ) (177 -448 623 ) (177 -829 623 ) 
4 137 139 (177 -448 623 ) (207 -448 623 ) (207 -829 623 ) (177 -829 623 ) 
4 137 138 (207 -448 623 ) (208 -448 623 ) (208 -828 623 ) (207 -829 623 ) 
4 138 142 (207 -448 592 ) (208 -448 592 ) (208 -828 592 ) (207 -828 592 ) 
4 138 140 (207 -448 592 ) (207 -828 592 ) (207 -829 593 ) (207 -448 593 ) 
4 138 139 (207 -829 593 ) (207 -829 623 ) (207 -448 623 ) (207 -448 593 ) 
4 139 141 (177 -829 623 ) (177 -448 623 ) (177 -448 593 ) (177 -829 593 ) 
4 139 140 (177 -829 593 ) (177 -448 593 ) (207 -448 593 ) (207 -829 593 ) 
4 140 142 (177 -448 592 ) (207 -448 592 ) (207 -828 592 ) (177 -828 592 ) 
4 140 141 (177 -448 592 ) (177 -828 592 ) (177 -829 593 ) (177 -448 593 ) 
4 141 143 (176 -828 623 ) (176 -448 623 ) (176 -448 592 ) (176 -828 592 ) 
4 141 142 (176 -828 592 ) (176 -448 592 ) (177 -448 592 ) (177 -828 592 ) 
4 142 143 (176 -832 128 ) (176 -832 592 ) (176 -448 592 ) (176 -448 128 ) 
4 143 145 (144 -829 593 ) (144 -448 593 ) (144 -448 592 ) (144 -828 592 ) 
4 143 146 (144 -832 128 ) (144 -832 592 ) (144 -448 592 ) (144 -448 128 ) 
4 143 144 (144 -828 624 ) (144 -448 624 ) (144 -448 593 ) (144 -828 593 ) 
5 144 147 (143 -828 624 ) (143 -448 624 ) (143 -448 593 ) (143 -829 593 ) (143 -829 623 ) 
4 144 145 (143 -829 593 ) (143 -448 593 ) (144 -448 593 ) (144 -828 593 ) 
4 145 147 (143 -829 593 ) (143 -448 593 ) (143 -448 592 ) (143 -828 592 ) 
4 145 146 (143 -828 592 ) (143 -448 592 ) (144 -448 592 ) (144 -828 592 ) 
4 146 151 (143 -448 128 ) (143 -832 128 ) (143 -832 592 ) (143 -448 592 ) 
4 147 150 (143 -829 593 ) (143 -832 596 ) (113 -832 596 ) (113 -829 593 ) 
4 147 149 (113 -832 620 ) (143 -832 620 ) (143 -829 623 ) (113 -829 623 ) 
6 147 148 (113 -448 592 ) (113 -828 592 ) (113 -829 593 ) (113 -829 623 ) (113 -828 624 ) (113 -448 624 ) 
4 147 151 (113 -448 592 ) (143 -448 592 ) (143 -828 592 ) (113 -828 592 ) 
4 148 152 (112 -828 624 ) (112 -448 624 ) (112 -448 592 ) (112 -828 592 ) 
4 148 151 (112 -828 592 ) (112 -448 592 ) (113 -448 592 ) (113 -828 592 ) 
4 151 152 (112 -832 128 ) (112 -832 592 ) (112 -448 592 ) (112 -448 128 ) 
4 152 182 (0 -832 224 ) (0 -832 256 ) (0 -800 256 ) (0 -800 224 ) 
4 152 180 (0 -800 256 ) (0 -776 256 ) (0 -776 128 ) (0 -800 128 ) 
4 152 177 (0 -776 256 ) (0 -632 256 ) (0 -632 244 ) (0 -776 244 ) 
4 152 179 (0 -632 244 ) (0 -632 128 ) (0 -776 128 ) (0 -776 244 ) 
4 152 175 (0 -632 256 ) (0 -608 256 ) (0 -608 128 ) (0 -632 128 ) 
4 152 173 (0 -832 320 ) (0 -832 352 ) (0 -704 352 ) (0 -704 320 ) 
4 153 165 (-96 1024 448 ) (-128 1024 448 ) (-128 1024 128 ) (-96 1024 128 ) 
4 153 161 (-8 1024 448 ) (-96 1024 448 ) (-96 1024 128 ) (-8 1024 128 ) 
4 154 162 (-32 416 448 ) (-8 416 448 ) (-8 352 448 ) (-32 352 448 ) 
4 154 158 (-8 416 448 ) (0 416 448 ) (0 352 448 ) (-8 352 448 ) 
4 155 161 (-8 992 384 ) (-8 992 320 ) (-8 928 320 ) (-8 928 384 ) 
4 155 156 (-8 928 384 ) (-8 928 320 ) (0 928 320 ) (0 928 384 ) 
4 156 161 (-8 800 448 ) (-8 928 448 ) (-8 928 256 ) (-8 800 256 ) 
4 156 159 (-8 800 256 ) (-8 864 256 ) (0 864 256 ) (0 800 256 ) 
4 156 157 (-8 800 384 ) (-8 800 256 ) (0 800 256 ) (0 800 384 ) 
4 157 161 (-8 800 384 ) (-8 800 256 ) (-8 736 256 ) (-8 736 384 ) 
4 157 159 (-8 736 256 ) (-8 800 256 ) (0 800 256 ) (0 736 256 ) 
4 158 163 (-8 256 320 ) (-8 256 256 ) (0 256 256 ) (0 256 320 ) 
4 158 162 (-8 256 256 ) (-8 256 448 ) (-8 512 448 ) (-8 512 256 ) 
4 158 160 (0 256 256 ) (-8 256 256 ) (-8 512 256 ) (0 512 256 ) 
4 159 161 (-8 736 192 ) (-8 736 256 ) (-8 864 256 ) (-8 864 192 ) 
4 160 167 (0 480 128 ) (0 288 128 ) (-8 288 128 ) (-8 480 128 ) 
4 160 164 (-8 256 256 ) (-8 256 128 ) (0 256 128 ) (0 256 256 ) 
4 160 162 (-8 512 128 ) (-8 256 128 ) (-8 256 256 ) (-8 512 256 ) 
4 161 165 (-96 1024 128 ) (-96 680 128 ) (-96 680 448 ) (-96 1024 448 ) 
4 162 167 (-64 480 128 ) (-8 480 128 ) (-8 288 128 ) (-64 288 128 ) 
4 162 164 (-32 256 128 ) (-8 256 128 ) (-8 256 256 ) (-32 256 256 ) 
4 162 163 (-8 256 256 ) (-8 256 320 ) (-32 256 320 ) (-32 256 256 ) 
4 163 164 (-32 161 256 ) (-32 256 256 ) (0 256 256 ) (0 161 256 ) 
4 168 169 (-1024 368 128 ) (-1024 624 128 ) (-1024 624 0 ) (-1024 368 0 ) 
4 170 185 (-64 -192 776 ) (-64 -384 776 ) (-64 -384 968 ) (-64 -192 968 ) 
4 170 184 (-64 0 782 ) (-64 0 776 ) (-64 -64 776 ) (-64 -64 782 ) 
4 170 183 (-64 0 968 ) (-64 0 782 ) (-64 -192 782 ) (-64 -192 968 ) 
4 170 171 (-64 -256 776 ) (-64 -192 776 ) (0 -192 776 ) (0 -256 776 ) 
4 171 172 (-64 -256 768 ) (-64 -192 768 ) (0 -192 768 ) (0 -256 768 ) 
4 172 192 (-64 -96 256 ) (-64 -160 256 ) (-64 -160 512 ) (-64 -96 512 ) 
4 172 188 (-64 0 766 ) (-64 0 576 ) (-64 -448 576 ) (-64 -448 766 ) 
4 172 187 (-64 0 768 ) (-64 0 766 ) (-64 -448 766 ) (-64 -448 768 ) 
4 172 174 (-64 -448 256 ) (-64 0 256 ) (0 0 256 ) (0 -448 256 ) 
4 175 177 (0 -632 244 ) (0 -632 256 ) (-2 -632 256 ) (-2 -632 244 ) 
4 175 179 (-2 -632 128 ) (0 -632 128 ) (0 -632 244 ) (-2 -632 244 ) 
4 176 193 (-64 -608 128 ) (-64 -632 128 ) (-64 -632 256 ) (-64 -608 256 ) 
4 176 178 (-30 -632 244 ) (-30 -632 256 ) (-64 -632 256 ) (-64 -632 244 ) 
4 176 179 (-64 -632 128 ) (-30 -632 128 ) (-30 -632 244 ) (-64 -632 244 ) 
4 177 180 (0 -776 244 ) (0 -776 256 ) (-2 -776 256 ) (-2 -776 244 ) 
4 177 179 (0 -776 244 ) (-2 -776 244 ) (-2 -632 244 ) (0 -632 244 ) 
4 178 193 (-64 -776 244 ) (-64 -776 256 ) (-64 -632 256 ) (-64 -632 244 ) 
4 178 181 (-30 -776 256 ) (-64 -776 256 ) (-64 -776 244 ) (-30 -776 244 ) 
4 178 179 (-30 -776 244 ) (-64 -776 244 ) (-64 -632 244 ) (-30 -632 244 ) 
4 179 193 (-64 -632 128 ) (-64 -776 128 ) (-64 -776 244 ) (-64 -632 244 ) 
4 179 180 (-2 -776 128 ) (0 -776 128 ) (0 -776 244 ) (-2 -776 244 ) 
4 179 181 (-64 -776 128 ) (-30 -776 128 ) (-30 -776 244 ) (-64 -776 244 ) 
4 181 193 (-64 -776 128 ) (-64 -800 128 ) (-64 -800 256 ) (-64 -776 256 ) 
4 183 185 (-192 -192 968 ) (-192 -192 782 ) (-64 -192 782 ) (-64 -192 968 ) 
4 183 184 (-192 -64 782 ) (-192 0 782 ) (-64 0 782 ) (-64 -64 782 ) 
4 186 187 (-192 -192 768 ) (-192 -64 768 ) (-64 -64 768 ) (-64 -192 768 ) 
4 187 190 (-192 -160 766 ) (-192 -96 766 ) (-160 -96 766 ) (-160 -160 766 ) 
4 187 189 (-192 -96 766 ) (-192 0 766 ) (-160 0 766 ) (-160 -96 766 ) 
4 187 191 (-192 -448 766 ) (-192 -160 766 ) (-160 -160 766 ) (-160 -448 766 ) 
4 187 188 (-160 0 766 ) (-64 0 766 ) (-64 -448 766 ) (-160 -448 766 ) 
4 188 190 (-160 -160 584 ) (-160 -160 766 ) (-160 -96 766 ) (-160 -96 584 ) 
4 188 189 (-160 0 576 ) (-160 -96 576 ) (-160 -96 766 ) (-160 0 766 ) 
4 188 191 (-160 -160 576 ) (-160 -448 576 ) (-160 -448 766 ) (-160 -160 766 ) 
4 189 190 (-160 -96 584 ) (-160 -96 766 ) (-192 -96 766 ) (-192 -96 584 ) 
4 190 191 (-160 -160 584 ) (-160 -160 766 ) (-192 -160 766 ) (-192 -160 584 ) 
4 193 194 (-210 -632 128 ) (-210 -776 128 ) (-210 -776 244 ) (-210 -632 244 ) 
4 194 195 (-224 -632 244 ) (-224 -632 128 ) (-224 -776 128 ) (-224 -776 244 ) 
4 195 230 (-240 -752 128 ) (-240 -800 128 ) (-240 -800 186 ) (-240 -752 186 ) 
4 195 219 (-240 -800 186 ) (-240 -800 256 ) (-240 -752 256 ) (-240 -752 186 ) 
4 195 196 (-240 -608 256 ) (-240 -608 128 ) (-240 -656 128 ) (-240 -656 256 ) 
4 195 199 (-240 -656 128 ) (-240 -752 128 ) (-240 -752 256 ) (-240 -656 256 ) 
4 196 197 (-420 -616 60 ) (-395 -656 60 ) (-395 -656 640 ) (-420 -616 640 ) 
5 196 198 (-240 -656 60 ) (-395 -656 60 ) (-440 -584 60 ) (-440 -432 60 ) (-240 -432 60 ) 
4 196 200 (-440 -432 640 ) (-440 -432 60 ) (-440 -584 60 ) (-440 -584 640 ) 
4 196 199 (-395 -656 60 ) (-240 -656 60 ) (-240 -656 640 ) (-395 -656 640 ) 
4 197 199 (-408 -656 60 ) (-395 -656 60 ) (-395 -656 640 ) (-408 -656 640 ) 
3 197 198 (-395 -656 60 ) (-408 -656 60 ) (-420 -616 60 ) 
4 198 199 (-440 -656 60 ) (-440 -656 -128 ) (-240 -656 -128 ) (-240 -656 60 ) 
4 198 200 (-440 -432 60 ) (-440 -432 -128 ) (-440 -656 -128 ) (-440 -656 60 ) 
4 199 233 (-240 -752 -128 ) (-240 -752 60 ) (-440 -752 60 ) (-440 -752 -128 ) 
4 199 230 (-240 -752 60 ) (-240 -752 186 ) (-408.001038 -752 186 ) (-408.001038 -752 60 ) 
4 199 219 (-240 -752 186 ) (-240 -752 640 ) (-408.001038 -752 640 ) (-408.001038 -752 186 ) 
4 199 200 (-440 -656 -128 ) (-440 -752 -128 ) (-440 -752 640 ) (-440 -656 640 ) 
4 200 233 (-648 -752 60 ) (-648 -752 -128 ) (-440 -752 -128 ) (-440 -752 60 ) 
4 200 232 (-648 -752 186 ) (-648 -752 60 ) (-440 -752 60 ) (-440 -752 186 ) 
4 200 221 (-440 -752 640 ) (-648 -752 640 ) (-648 -752 186 ) (-440 -752 186 ) 
4 200 218 (-648 -432 74 ) (-648 -432 -128 ) (-648 -752 -128 ) (-648 -752 74 ) 
4 200 215 (-648 -432 78 ) (-648 -432 74 ) (-648 -504 74 ) (-648 -504 78 ) 
4 200 217 (-648 -504 74 ) (-648 -752 74 ) (-648 -752 78 ) (-648 -504 78 ) 
4 200 212 (-648 -500 78 ) (-648 -504 78 ) (-648 -504 186 ) (-648 -500 186 ) 
4 200 214 (-648 -504 78 ) (-648 -752 78 ) (-648 -752 186 ) (-648 -504 186 ) 
4 200 209 (-648 -432 186 ) (-648 -432 78 ) (-648 -500 78 ) (-648 -500 186 ) 
4 200 204 (-648 -432 282 ) (-648 -432 186 ) (-648 -504 186 ) (-648 -504 282 ) 
4 200 207 (-648 -504 186 ) (-648 -752 186 ) (-648 -752 282 ) (-648 -504 282 ) 
4 200 202 (-648 -432 314 ) (-648 -432 282 ) (-648 -472 282 ) (-648 -472 314 ) 
4 200 201 (-648 -432 640 ) (-648 -432 314 ) (-648 -592 314 ) (-648 -592 640 ) 
4 200 203 (-648 -592 282 ) (-648 -752 282 ) (-648 -752 640 ) (-648 -592 640 ) 
4 201 202 (-840 -472 314 ) (-840 -432 314 ) (-648 -432 314 ) (-648 -472 314 ) 
4 201 203 (-840 -592 640 ) (-840 -592 314 ) (-648 -592 314 ) (-648 -592 640 ) 
4 201 208 (-840 -432 640 ) (-840 -432 314 ) (-840 -592 314 ) (-840 -592 640 ) 
4 202 205 (-780 -432 282 ) (-708 -432 282 ) (-708 -472 282 ) (-780 -472 282 ) 
4 202 204 (-708 -432 282 ) (-648 -432 282 ) (-648 -472 282 ) (-708 -472 282 ) 
4 202 206 (-840 -472 282 ) (-840 -432 282 ) (-780 -432 282 ) (-780 -472 282 ) 
4 202 208 (-840 -432 314 ) (-840 -432 282 ) (-840 -472 282 ) (-840 -472 314 ) 
4 203 222 (-648 -752 640 ) (-840 -752 640 ) (-840 -752 282 ) (-648 -752 282 ) 
4 203 207 (-840 -752 282 ) (-840 -592 282 ) (-648 -592 282 ) (-648 -752 282 ) 
4 203 208 (-840 -592 282 ) (-840 -752 282 ) (-840 -752 640 ) (-840 -592 640 ) 
4 204 212 (-648 -500 186 ) (-648 -504 186 ) (-708 -504 186 ) (-708 -500 186 ) 
4 204 209 (-708 -432 186 ) (-648 -432 186 ) (-648 -500 186 ) (-708 -500 186 ) 
4 204 205 (-708 -504 190 ) (-708 -504 282 ) (-708 -432 282 ) (-708 -432 190 ) 
4 204 207 (-648 -504 282 ) (-708 -504 282 ) (-708 -504 186 ) (-648 -504 186 ) 
4 205 207 (-708 -504 282 ) (-780 -504 282 ) (-780 -504 190 ) (-708 -504 190 ) 
4 205 206 (-780 -504 190 ) (-780 -504 282 ) (-780 -432 282 ) (-780 -432 190 ) 
4 206 213 (-780 -500 186 ) (-780 -504 186 ) (-840 -504 186 ) (-840 -500 186 ) 
4 206 211 (-840 -432 186 ) (-780 -432 186 ) (-780 -500 186 ) (-840 -500 186 ) 
4 206 207 (-780 -504 282 ) (-840 -504 282 ) (-840 -504 186 ) (-780 -504 186 ) 
4 206 208 (-840 -432 282 ) (-840 -432 186 ) (-840 -504 186 ) (-840 -504 282 ) 
4 207 226 (-840 -752 190 ) (-840 -752 186 ) (-648 -752 186 ) (-648 -752 190 ) 
4 207 222 (-840 -752 282 ) (-840 -752 190 ) (-648 -752 190 ) (-648 -752 282 ) 
4 207 214 (-648 -504 186 ) (-648 -752 186 ) (-840 -752 186 ) (-840 -504 186 ) 
4 207 208 (-840 -504 186 ) (-840 -752 186 ) (-840 -752 282 ) (-840 -504 282 ) 
4 208 241 (-1024 -752 186 ) (-1024 -752 640 ) (-1024 -432 640 ) (-1024 -432 186 ) 
4 208 229 (-840 -752 640 ) (-1024 -752 640 ) (-1024 -752 186 ) (-840 -752 186 ) 
4 208 213 (-840 -500 186 ) (-840 -504 186 ) (-1024 -504 186 ) (-1024 -500 186 ) 
4 208 214 (-840 -504 186 ) (-840 -752 186 ) (-1024 -752 186 ) (-1024 -504 186 ) 
4 208 211 (-1024 -432 186 ) (-840 -432 186 ) (-840 -500 186 ) (-1024 -500 186 ) 
4 209 215 (-708 -432 78 ) (-648 -432 78 ) (-648 -500 78 ) (-708 -500 78 ) 
4 209 212 (-708 -500 78 ) (-648 -500 78 ) (-648 -500 186 ) (-708 -500 186 ) 
4 211 241 (-1024 -500 186 ) (-1024 -432 186 ) (-1024 -432 78 ) (-1024 -500 78 ) 
4 211 216 (-1024 -432 78 ) (-780 -432 78 ) (-780 -500 78 ) (-1024 -500 78 ) 
4 211 213 (-1024 -500 78 ) (-780 -500 78 ) (-780 -500 186 ) (-1024 -500 186 ) 
4 212 215 (-648 -500 78 ) (-648 -504 78 ) (-708 -504 78 ) (-708 -500 78 ) 
4 212 214 (-708 -504 78 ) (-648 -504 78 ) (-648 -504 186 ) (-708 -504 186 ) 
4 213 241 (-1024 -504 186 ) (-1024 -500 186 ) (-1024 -500 78 ) (-1024 -504 78 ) 
4 213 216 (-780 -504 78 ) (-1024 -504 78 ) (-1024 -500 78 ) (-780 -500 78 ) 
4 213 214 (-1024 -504 78 ) (-780 -504 78 ) (-780 -504 186 ) (-1024 -504 186 ) 
4 214 241 (-1024 -752 78 ) (-1024 -752 186 ) (-1024 -504 186 ) (-1024 -504 78 ) 
4 214 234 (-1024 -752 186 ) (-1024 -752 78 ) (-708 -752 78 ) (-708 -752 186 ) 
4 214 232 (-708 -752 78 ) (-648 -752 78 ) (-648 -752 186 ) (-708 -752 186 ) 
4 214 217 (-648 -504 78 ) (-648 -752 78 ) (-1024 -752 78 ) (-1024 -504 78 ) 
4 215 218 (-708 -432 74 ) (-648 -432 74 ) (-648 -504 74 ) (-708 -504 74 ) 
4 215 217 (-708 -504 74 ) (-648 -504 74 ) (-648 -504 78 ) (-708 -504 78 ) 
4 216 241 (-1024 -504 78 ) (-1024 -432 78 ) (-1024 -432 74 ) (-1024 -504 74 ) 
4 216 218 (-1024 -432 74 ) (-780 -432 74 ) (-780 -504 74 ) (-1024 -504 74 ) 
4 216 217 (-1024 -504 74 ) (-780 -504 74 ) (-780 -504 78 ) (-1024 -504 78 ) 
4 217 241 (-1024 -752 74 ) (-1024 -752 78 ) (-1024 -504 78 ) (-1024 -504 74 ) 
4 217 238 (-1024 -752 78 ) (-1024 -752 74 ) (-708 -752 74 ) (-708 -752 78 ) 
4 217 232 (-708 -752 74 ) (-648 -752 74 ) (-648 -752 78 ) (-708 -752 78 ) 
4 217 218 (-648 -504 74 ) (-648 -752 74 ) (-1024 -752 74 ) (-1024 -504 74 ) 
4 218 241 (-1024 -752 -128 ) (-1024 -752 74 ) (-1024 -432 74 ) (-1024 -432 -128 ) 
4 218 240 (-1024 -752 74 ) (-1024 -752 -128 ) (-708 -752 -128 ) (-708 -752 74 ) 
4 218 233 (-708 -752 -128 ) (-648 -752 -128 ) (-648 -752 60 ) (-708 -752 60 ) 
4 218 232 (-648 -752 60 ) (-648 -752 74 ) (-708 -752 74 ) (-708 -752 60 ) 
5 219 230 (-240 -976 186 ) (-440 -976 186 ) (-440 -858.656372 186 ) (-408.001038 -752 186 ) (-240 -752 186 ) 
4 219 220 (-420.003265 -792.001404 186 ) (-440 -858.652344 186 ) (-440 -858.652344 640 ) (-420.003265 -792.001404 640 ) 
4 219 221 (-440 -858.656372 186 ) (-440 -976 186 ) (-440 -976 640 ) (-440 -858.656372 640 ) 
3 220 231 (-440 -858.656372 186 ) (-440 -823.995972 186 ) (-420.001282 -791.998291 186 ) 
4 220 221 (-440 -823.995972 186 ) (-440 -858.656372 186 ) (-440 -858.656372 640 ) (-440 -823.995972 640 ) 
4 221 232 (-440 -976 186 ) (-648 -976 186 ) (-648 -752 186 ) (-440 -752 186 ) 
4 221 227 (-648 -904 186 ) (-648 -976 186 ) (-648 -976 190 ) (-648 -904 190 ) 
4 221 226 (-648 -752 190 ) (-648 -752 186 ) (-648 -904 186 ) (-648 -904 190 ) 
4 221 224 (-648 -976 282 ) (-648 -976 314 ) (-648 -936 314 ) (-648 -936 282 ) 
4 221 223 (-648 -976 314 ) (-648 -976 640 ) (-648 -816 640 ) (-648 -816 314 ) 
4 221 225 (-648 -816 190 ) (-648 -976 190 ) (-648 -976 282 ) (-648 -816 282 ) 
4 221 222 (-648 -752 640 ) (-648 -752 190 ) (-648 -816 190 ) (-648 -816 640 ) 
4 222 226 (-840 -816 190 ) (-840 -752 190 ) (-648 -752 190 ) (-648 -816 190 ) 
4 222 223 (-840 -816 640 ) (-840 -816 314 ) (-648 -816 314 ) (-648 -816 640 ) 
4 222 225 (-840 -816 282 ) (-840 -816 190 ) (-648 -816 190 ) (-648 -816 282 ) 
4 222 229 (-840 -752 640 ) (-840 -752 190 ) (-840 -816 190 ) (-840 -816 640 ) 
4 223 224 (-840 -976 314 ) (-840 -936 314 ) (-648 -936 314 ) (-648 -976 314 ) 
4 223 229 (-840 -976 314 ) (-840 -976 640 ) (-840 -816 640 ) (-840 -816 314 ) 
4 224 229 (-840 -976 282 ) (-840 -976 314 ) (-840 -936 314 ) (-840 -936 282 ) 
4 224 225 (-840 -976 282 ) (-840 -936 282 ) (-648 -936 282 ) (-648 -976 282 ) 
4 225 227 (-708 -904 190 ) (-648 -904 190 ) (-648 -976 190 ) (-708 -976 190 ) 
4 225 228 (-840 -976 190 ) (-840 -904 190 ) (-780 -904 190 ) (-780 -976 190 ) 
4 225 226 (-840 -904 190 ) (-840 -816 190 ) (-648 -816 190 ) (-648 -904 190 ) 
4 225 229 (-840 -816 190 ) (-840 -976 190 ) (-840 -976 282 ) (-840 -816 282 ) 
4 226 234 (-840 -904 186 ) (-840 -752 186 ) (-708 -752 186 ) (-708 -904 186 ) 
4 226 232 (-708 -752 186 ) (-648 -752 186 ) (-648 -904 186 ) (-708 -904 186 ) 
4 226 227 (-648 -904 186 ) (-648 -904 190 ) (-708 -904 190 ) (-708 -904 186 ) 
4 226 228 (-780 -904 190 ) (-840 -904 190 ) (-840 -904 186 ) (-780 -904 186 ) 
4 226 229 (-840 -752 190 ) (-840 -752 186 ) (-840 -904 186 ) (-840 -904 190 ) 
4 227 232 (-648 -976 186 ) (-708 -976 186 ) (-708 -904 186 ) (-648 -904 186 ) 
4 228 237 (-780 -976 186 ) (-840 -976 186 ) (-840 -908 186 ) (-780 -908 186 ) 
4 228 235 (-840 -908 186 ) (-840 -904 186 ) (-780 -904 186 ) (-780 -908 186 ) 
4 228 229 (-840 -904 186 ) (-840 -976 186 ) (-840 -976 190 ) (-840 -904 190 ) 
4 229 241 (-1024 -976 186 ) (-1024 -976 640 ) (-1024 -752 640 ) (-1024 -752 186 ) 
4 229 237 (-840 -976 186 ) (-1024 -976 186 ) (-1024 -908 186 ) (-840 -908 186 ) 
4 229 235 (-1024 -908 186 ) (-1024 -904 186 ) (-840 -904 186 ) (-840 -908 186 ) 
4 229 234 (-1024 -904 186 ) (-1024 -752 186 ) (-840 -752 186 ) (-840 -904 186 ) 
5 230 233 (-240 -976 60 ) (-440 -976 60 ) (-440 -858.656372 60 ) (-408.001038 -752 60 ) (-240 -752 60 ) 
4 230 231 (-420.003265 -792.001404 60 ) (-440 -858.652344 60 ) (-440 -858.652344 186 ) (-420.003601 -792.001953 186 ) 
4 230 232 (-440 -858.656372 60 ) (-440 -976 60 ) (-440 -976 186 ) (-440 -858.656372 186 ) 
3 231 233 (-440 -858.656372 60 ) (-440 -823.995972 60 ) (-420.001282 -791.998291 60 ) 
4 231 232 (-440 -823.995972 60 ) (-440 -858.656372 60 ) (-440 -858.656372 186 ) (-440 -823.995972 186 ) 
4 232 240 (-708 -976 60 ) (-708 -976 74 ) (-708 -752 74 ) (-708 -752 60 ) 
4 232 238 (-708 -904 78 ) (-708 -752 78 ) (-708 -752 74 ) (-708 -904 74 ) 
4 232 234 (-708 -904 186 ) (-708 -752 186 ) (-708 -752 78 ) (-708 -904 78 ) 
4 232 233 (-440 -976 60 ) (-708 -976 60 ) (-708 -752 60 ) (-440 -752 60 ) 
4 233 240 (-708 -976 -128 ) (-708 -976 60 ) (-708 -752 60 ) (-708 -752 -128 ) 
4 234 241 (-1024 -904 186 ) (-1024 -752 186 ) (-1024 -752 78 ) (-1024 -904 78 ) 
4 234 238 (-1024 -752 78 ) (-708 -752 78 ) (-708 -904 78 ) (-1024 -904 78 ) 
4 234 235 (-1024 -904 78 ) (-780 -904 78 ) (-780 -904 186 ) (-1024 -904 186 ) 
4 235 241 (-1024 -908 186 ) (-1024 -904 186 ) (-1024 -904 78 ) (-1024 -908 78 ) 
4 235 239 (-780 -908 78 ) (-1024 -908 78 ) (-1024 -904 78 ) (-780 -904 78 ) 
4 235 237 (-1024 -908 78 ) (-780 -908 78 ) (-780 -908 186 ) (-1024 -908 186 ) 
4 237 241 (-1024 -976 78 ) (-1024 -976 186 ) (-1024 -908 186 ) (-1024 -908 78 ) 
4 237 239 (-780 -976 78 ) (-1024 -976 78 ) (-1024 -908 78 ) (-780 -908 78 ) 
4 238 241 (-1024 -904 78 ) (-1024 -752 78 ) (-1024 -752 74 ) (-1024 -904 74 ) 
4 238 240 (-1024 -752 74 ) (-708 -752 74 ) (-708 -904 74 ) (-1024 -904 74 ) 
4 238 239 (-1024 -904 74 ) (-780 -904 74 ) (-780 -904 78 ) (-1024 -904 78 ) 
4 239 241 (-1024 -976 74 ) (-1024 -976 78 ) (-1024 -904 78 ) (-1024 -904 74 ) 
4 239 240 (-780 -976 74 ) (-1024 -976 74 ) (-1024 -904 74 ) (-780 -904 74 ) 
4 240 241 (-1024 -976 -128 ) (-1024 -976 74 ) (-1024 -752 74 ) (-1024 -752 -128 ) 
